# init timestamp: 1745091192440.000
1535.000 # 1500
1535.000 # 1500
1535.000 # 1500
1535.000 # 1500
1535.000 # 1500
1535.000 # 1500
1535.000 # 1500
1535.000 # 1500
1535.000 # 1500
1535.000 # 1500
1535.000 # 1500
1535.000 # 1500
1535.000 # 1500
1535.000 # 1500
1535.000 # 1500
1535.000 # 1500
1535.000 # 1500
1535.000 # 1500
1535.000 # 1500
1535.000 # 1500
1535.000 # 1500
1535.000 # 1500
1535.000 # 1500
1535.000 # 1500
1535.000 # 1500
1535.000 # 1500
1535.000 # 1500
1535.000 # 1500
1535.000 # 1500
1535.000 # 1500
1535.000 # 1500
1535.000 # 1500
1535.000 # 1500
1535.000 # 1500
1535.000 # 1500
1535.000 # 1500
1535.000 # 1500
1535.000 # 1500
1535.000 # 1500
1535.000 # 1500
1535.000 # 1500
1535.000 # 1500
1535.000 # 1500
1535.000 # 1500
1535.000 # 1500
1535.000 # 1500
1535.000 # 1500
1535.000 # 1500
1535.000 # 1500
1535.000 # 1500
1535.000 # 1500
1535.000 # 1500
1535.000 # 1500
1535.000 # 1500
1535.000 # 1500
1535.000 # 1500
1535.000 # 1500
1535.000 # 1500
1535.000 # 1500
1535.000 # 1500
1535.000 # 1500
1535.000 # 1500
1535.000 # 1500
1535.000 # 1500
1535.000 # 1500
1535.000 # 1500
1535.000 # 1500
1535.000 # 1500
1535.000 # 1500
1535.000 # 1500
1535.000 # 1500
1535.000 # 1500
1535.000 # 1500
1535.000 # 1500
1535.000 # 1500
1535.000 # 1500
1535.000 # 1500
1535.000 # 1500
1535.000 # 1500
1535.000 # 1500
1535.000 # 1500
1535.000 # 1500
1535.000 # 1500
3035.000 # 1500
3035.000 # 1500
3035.000 # 1500
3035.000 # 1500
3035.000 # 1500
3035.000 # 1500
3035.000 # 1500
3035.000 # 1500
3035.000 # 1500
3035.000 # 1500
3035.000 # 1500
3035.000 # 1500
3035.000 # 1500
3035.000 # 1500
3035.000 # 1500
3035.000 # 1500
3035.000 # 1500
3035.000 # 1500
3035.000 # 1500
3035.000 # 1500
3035.000 # 1500
3035.000 # 1500
3035.000 # 1500
3035.000 # 1500
3035.000 # 1500
3035.000 # 1500
3035.000 # 1500
3035.000 # 1500
3035.000 # 1500
3035.000 # 1500
3035.000 # 1500
3035.000 # 1500
3035.000 # 1500
3035.000 # 1500
3035.000 # 1500
3035.000 # 1500
3035.000 # 1500
3035.000 # 1500
3035.000 # 1500
3035.000 # 1500
3035.000 # 1500
3035.000 # 1500
3035.000 # 1500
3035.000 # 1500
3035.000 # 1500
3035.000 # 1500
3035.000 # 1500
3035.000 # 1500
3035.000 # 1500
3035.000 # 1500
3035.000 # 1500
3035.000 # 1500
3035.000 # 1500
3035.000 # 1500
3035.000 # 1500
3035.000 # 1500
3035.000 # 1500
3035.000 # 1500
3035.000 # 1500
3035.000 # 1500
3035.000 # 1500
3035.000 # 1500
3035.000 # 1500
3035.000 # 1500
3035.000 # 1500
3035.000 # 1500
3035.000 # 1500
3035.000 # 1500
3035.000 # 1500
3035.000 # 1500
3035.000 # 1500
3035.000 # 1500
3035.000 # 1500
3035.000 # 1500
3035.000 # 1500
3035.000 # 1500
3035.000 # 1500
3035.000 # 1500
3035.000 # 1500
3035.000 # 1500
3035.000 # 1500
3035.000 # 1500
3035.000 # 1500
4535.000 # 1500
4535.000 # 1500
4535.000 # 1500
4535.000 # 1500
4535.000 # 1500
4535.000 # 1500
4535.000 # 1500
4535.000 # 1500
4535.000 # 1500
4535.000 # 1500
4535.000 # 1500
4535.000 # 1500
4535.000 # 1500
4535.000 # 1500
4535.000 # 1500
4535.000 # 1500
4535.000 # 1500
4535.000 # 1500
4535.000 # 1500
4535.000 # 1500
4535.000 # 1500
4535.000 # 1500
4535.000 # 1500
4535.000 # 1500
4535.000 # 1500
4535.000 # 1500
4535.000 # 1500
4535.000 # 1500
4535.000 # 1500
4535.000 # 1500
4535.000 # 1500
4535.000 # 1500
4535.000 # 1500
4535.000 # 1500
4535.000 # 1500
4535.000 # 1500
4535.000 # 1500
4535.000 # 1500
4535.000 # 1500
4535.000 # 1500
4535.000 # 1500
4535.000 # 1500
4535.000 # 1500
4535.000 # 1500
4535.000 # 1500
4535.000 # 1500
4535.000 # 1500
4535.000 # 1500
4535.000 # 1500
4535.000 # 1500
4535.000 # 1500
4535.000 # 1500
4535.000 # 1500
4535.000 # 1500
4535.000 # 1500
4535.000 # 1500
4535.000 # 1500
4535.000 # 1500
4535.000 # 1500
4535.000 # 1500
4535.000 # 1500
4535.000 # 1500
4535.000 # 1500
4535.000 # 1500
4535.000 # 1500
4535.000 # 1500
4535.000 # 1500
4535.000 # 1500
4535.000 # 1500
4535.000 # 1500
4535.000 # 1500
4535.000 # 1500
4535.000 # 1500
4535.000 # 1500
4535.000 # 1500
4535.000 # 1500
4535.000 # 1500
4535.000 # 1500
4535.000 # 1500
4535.000 # 1500
4535.000 # 1500
4535.000 # 1500
4535.000 # 1500
6035.000 # 1500
6035.000 # 1500
6035.000 # 1500
6035.000 # 1500
6035.000 # 1500
6035.000 # 1500
6035.000 # 1500
6035.000 # 1500
6035.000 # 1500
6035.000 # 1500
6035.000 # 1500
6035.000 # 1500
6035.000 # 1500
6035.000 # 1500
6035.000 # 1500
6035.000 # 1500
6035.000 # 1500
6035.000 # 1500
6035.000 # 1500
6035.000 # 1500
6035.000 # 1500
6035.000 # 1500
6035.000 # 1500
6035.000 # 1500
6035.000 # 1500
6035.000 # 1500
6035.000 # 1500
6035.000 # 1500
6035.000 # 1500
6035.000 # 1500
6035.000 # 1500
6035.000 # 1500
6035.000 # 1500
6035.000 # 1500
6035.000 # 1500
6035.000 # 1500
6035.000 # 1500
6035.000 # 1500
6035.000 # 1500
6035.000 # 1500
6035.000 # 1500
6035.000 # 1500
6035.000 # 1500
6035.000 # 1500
6035.000 # 1500
6035.000 # 1500
6035.000 # 1500
6035.000 # 1500
6035.000 # 1500
6035.000 # 1500
6035.000 # 1500
6035.000 # 1500
6035.000 # 1500
6035.000 # 1500
6035.000 # 1500
6035.000 # 1500
6035.000 # 1500
6035.000 # 1500
6035.000 # 1500
6035.000 # 1500
6035.000 # 1500
6035.000 # 1500
6035.000 # 1500
6035.000 # 1500
6035.000 # 1500
6035.000 # 1500
6035.000 # 1500
6035.000 # 1500
6035.000 # 1500
6035.000 # 1500
6035.000 # 1500
6035.000 # 1500
6035.000 # 1500
6035.000 # 1500
6035.000 # 1500
6035.000 # 1500
6035.000 # 1500
6035.000 # 1500
6035.000 # 1500
6035.000 # 1500
6035.000 # 1500
6035.000 # 1500
6035.000 # 1500
7535.000 # 1500
7535.000 # 1500
7535.000 # 1500
7535.000 # 1500
7535.000 # 1500
7535.000 # 1500
7535.000 # 1500
7535.000 # 1500
7535.000 # 1500
7535.000 # 1500
7535.000 # 1500
7535.000 # 1500
7535.000 # 1500
7535.000 # 1500
7535.000 # 1500
7535.000 # 1500
7535.000 # 1500
7535.000 # 1500
7535.000 # 1500
7535.000 # 1500
7535.000 # 1500
7535.000 # 1500
7535.000 # 1500
7535.000 # 1500
7535.000 # 1500
7535.000 # 1500
7535.000 # 1500
7535.000 # 1500
7535.000 # 1500
7535.000 # 1500
7535.000 # 1500
7535.000 # 1500
7535.000 # 1500
7535.000 # 1500
7535.000 # 1500
7535.000 # 1500
7535.000 # 1500
7535.000 # 1500
7535.000 # 1500
7535.000 # 1500
7535.000 # 1500
7535.000 # 1500
7535.000 # 1500
7535.000 # 1500
7535.000 # 1500
7535.000 # 1500
7535.000 # 1500
7535.000 # 1500
7535.000 # 1500
7535.000 # 1500
7535.000 # 1500
7535.000 # 1500
7535.000 # 1500
7535.000 # 1500
7535.000 # 1500
7535.000 # 1500
7535.000 # 1500
7535.000 # 1500
7535.000 # 1500
7535.000 # 1500
7535.000 # 1500
7535.000 # 1500
7535.000 # 1500
7535.000 # 1500
7535.000 # 1500
7535.000 # 1500
7535.000 # 1500
7535.000 # 1500
7535.000 # 1500
7535.000 # 1500
7535.000 # 1500
7535.000 # 1500
7535.000 # 1500
7535.000 # 1500
7535.000 # 1500
7535.000 # 1500
7535.000 # 1500
7535.000 # 1500
7535.000 # 1500
7535.000 # 1500
7535.000 # 1500
7535.000 # 1500
7535.000 # 1500
7545.061 + 96 1
7545.219 + 96 1
8548.584 + 96 1
9035.000 # 1500
9035.000 # 1500
9035.000 # 1500
9035.000 # 1500
9035.000 # 1500
9035.000 # 1500
9035.000 # 1500
9035.000 # 1500
9035.000 # 1500
9035.000 # 1500
9035.000 # 1500
9035.000 # 1500
9035.000 # 1500
9035.000 # 1500
9035.000 # 1500
9035.000 # 1500
9035.000 # 1500
9035.000 # 1500
9035.000 # 1500
9035.000 # 1500
9035.000 # 1500
9035.000 # 1500
9035.000 # 1500
9035.000 # 1500
9035.000 # 1500
9035.000 # 1500
9035.000 # 1500
9035.000 # 1500
9035.000 # 1500
9035.000 # 1500
9035.000 # 1500
9035.000 # 1500
9035.000 # 1500
9035.000 # 1500
9035.000 # 1500
9035.000 # 1500
9035.000 # 1500
9035.000 # 1500
9035.000 # 1500
9035.000 # 1500
9035.000 # 1500
9035.000 # 1500
9035.000 # 1500
9035.000 # 1500
9035.000 # 1500
9035.000 # 1500
9035.000 # 1500
9035.000 # 1500
9035.000 # 1500
9035.000 # 1500
9035.000 # 1500
9035.000 # 1500
9035.000 # 1500
9035.000 # 1500
9035.000 # 1500
9035.000 # 1500
9035.000 # 1500
9035.000 # 1500
9035.000 # 1500
9035.000 # 1500
9035.000 # 1500
9035.000 # 1500
9035.000 # 1500
9035.000 # 1500
9035.000 # 1500
9035.000 # 1500
9035.000 # 1500
9035.000 # 1500
9035.000 # 1500
9035.000 # 1500
9035.000 # 1500
9035.000 # 1500
9035.000 # 1500
9035.000 # 1500
9035.000 # 1500
9035.000 # 1500
9035.000 # 1500
9035.000 # 1500
9035.000 # 1500
9035.000 # 1500
9035.000 # 1500
9035.000 # 1500
9035.000 # 1500
9037.480 - 96 1492.419 1
9037.811 - 96 1492.592 1
9037.850 - 96 489.266 1
9042.932 + 96 1
10535.000 # 1500
10535.000 # 1500
10535.000 # 1500
10535.000 # 1500
10535.000 # 1500
10535.000 # 1500
10535.000 # 1500
10535.000 # 1500
10535.000 # 1500
10535.000 # 1500
10535.000 # 1500
10535.000 # 1500
10535.000 # 1500
10535.000 # 1500
10535.000 # 1500
10535.000 # 1500
10535.000 # 1500
10535.000 # 1500
10535.000 # 1500
10535.000 # 1500
10535.000 # 1500
10535.000 # 1500
10535.000 # 1500
10535.000 # 1500
10535.000 # 1500
10535.000 # 1500
10535.000 # 1500
10535.000 # 1500
10535.000 # 1500
10535.000 # 1500
10535.000 # 1500
10535.000 # 1500
10535.000 # 1500
10535.000 # 1500
10535.000 # 1500
10535.000 # 1500
10535.000 # 1500
10535.000 # 1500
10535.000 # 1500
10535.000 # 1500
10535.000 # 1500
10535.000 # 1500
10535.000 # 1500
10535.000 # 1500
10535.000 # 1500
10535.000 # 1500
10535.000 # 1500
10535.000 # 1500
10535.000 # 1500
10535.000 # 1500
10535.000 # 1500
10535.000 # 1500
10535.000 # 1500
10535.000 # 1500
10535.000 # 1500
10535.000 # 1500
10535.000 # 1500
10535.000 # 1500
10535.000 # 1500
10535.000 # 1500
10535.000 # 1500
10535.000 # 1500
10535.000 # 1500
10535.000 # 1500
10535.000 # 1500
10535.000 # 1500
10535.000 # 1500
10535.000 # 1500
10535.000 # 1500
10535.000 # 1500
10535.000 # 1500
10535.000 # 1500
10535.000 # 1500
10535.000 # 1500
10535.000 # 1500
10535.000 # 1500
10535.000 # 1500
10535.000 # 1500
10535.000 # 1500
10535.000 # 1500
10535.000 # 1500
10535.000 # 1500
10535.000 # 1500
10538.119 - 96 1495.187 1
10545.271 + 88 1
10545.408 + 88 1
10545.450 + 88 1
10545.484 + 88 1
10545.516 + 88 1
10545.579 + 88 1
10545.672 + 88 1
10545.744 + 88 1
10545.782 + 88 1
10545.816 + 88 1
10546.144 + 116 1
12035.000 # 1500
12035.000 # 1500
12035.000 # 1500
12035.000 # 1500
12035.000 # 1500
12035.000 # 1500
12035.000 # 1500
12035.000 # 1500
12035.000 # 1500
12035.000 # 1500
12035.000 # 1500
12035.000 # 1500
12035.000 # 1500
12035.000 # 1500
12035.000 # 1500
12035.000 # 1500
12035.000 # 1500
12035.000 # 1500
12035.000 # 1500
12035.000 # 1500
12035.000 # 1500
12035.000 # 1500
12035.000 # 1500
12035.000 # 1500
12035.000 # 1500
12035.000 # 1500
12035.000 # 1500
12035.000 # 1500
12035.000 # 1500
12035.000 # 1500
12035.000 # 1500
12035.000 # 1500
12035.000 # 1500
12035.000 # 1500
12035.000 # 1500
12035.000 # 1500
12035.000 # 1500
12035.000 # 1500
12035.000 # 1500
12035.000 # 1500
12035.000 # 1500
12035.000 # 1500
12035.000 # 1500
12035.000 # 1500
12035.000 # 1500
12035.000 # 1500
12035.000 # 1500
12035.000 # 1500
12035.000 # 1500
12035.000 # 1500
12035.000 # 1500
12035.000 # 1500
12035.000 # 1500
12035.000 # 1500
12035.000 # 1500
12035.000 # 1500
12035.000 # 1500
12035.000 # 1500
12035.000 # 1500
12035.000 # 1500
12035.000 # 1500
12035.000 # 1500
12035.000 # 1500
12035.000 # 1500
12035.000 # 1500
12035.000 # 1500
12035.000 # 1500
12035.000 # 1500
12035.000 # 1500
12035.000 # 1500
12035.000 # 1500
12035.000 # 1500
12035.000 # 1500
12035.000 # 1500
12035.000 # 1500
12035.000 # 1500
12035.000 # 1500
12035.000 # 1500
12035.000 # 1500
12035.000 # 1500
12035.000 # 1500
12035.000 # 1500
12035.000 # 1500
12037.373 - 88 1492.102 1
12037.654 - 88 1492.246 1
12037.693 - 88 1492.243 1
12037.711 - 88 1492.227 1
12037.727 - 88 1492.211 1
12037.742 - 88 1492.163 1
12037.757 - 88 1492.085 1
12037.792 - 88 1492.048 1
12037.811 - 88 1492.029 1
12037.826 - 88 1492.010 1
12037.843 - 116 1491.699 1
13535.000 # 1500
13535.000 # 1500
13535.000 # 1500
13535.000 # 1500
13535.000 # 1500
13535.000 # 1500
13535.000 # 1500
13535.000 # 1500
13535.000 # 1500
13535.000 # 1500
13535.000 # 1500
13535.000 # 1500
13535.000 # 1500
13535.000 # 1500
13535.000 # 1500
13535.000 # 1500
13535.000 # 1500
13535.000 # 1500
13535.000 # 1500
13535.000 # 1500
13535.000 # 1500
13535.000 # 1500
13535.000 # 1500
13535.000 # 1500
13535.000 # 1500
13535.000 # 1500
13535.000 # 1500
13535.000 # 1500
13535.000 # 1500
13535.000 # 1500
13535.000 # 1500
13535.000 # 1500
13535.000 # 1500
13535.000 # 1500
13535.000 # 1500
13535.000 # 1500
13535.000 # 1500
13535.000 # 1500
13535.000 # 1500
13535.000 # 1500
13535.000 # 1500
13535.000 # 1500
13535.000 # 1500
13535.000 # 1500
13535.000 # 1500
13535.000 # 1500
13535.000 # 1500
13535.000 # 1500
13535.000 # 1500
13535.000 # 1500
13535.000 # 1500
13535.000 # 1500
13535.000 # 1500
13535.000 # 1500
13535.000 # 1500
13535.000 # 1500
13535.000 # 1500
13535.000 # 1500
13535.000 # 1500
13535.000 # 1500
13535.000 # 1500
13535.000 # 1500
13535.000 # 1500
13535.000 # 1500
13535.000 # 1500
13535.000 # 1500
13535.000 # 1500
13535.000 # 1500
13535.000 # 1500
13535.000 # 1500
13535.000 # 1500
13535.000 # 1500
13535.000 # 1500
13535.000 # 1500
13535.000 # 1500
13535.000 # 1500
13535.000 # 1500
13535.000 # 1500
13535.000 # 1500
13535.000 # 1500
13535.000 # 1500
13535.000 # 1500
13535.000 # 1500
13542.357 + 88 1
13542.447 + 88 1
13542.482 + 88 1
13542.533 + 88 1
13542.567 + 88 1
13542.600 + 88 1
13586.719 + 88 1
15035.000 # 1500
15035.000 # 1500
15035.000 # 1500
15035.000 # 1500
15035.000 # 1500
15035.000 # 1500
15035.000 # 1500
15035.000 # 1500
15035.000 # 1500
15035.000 # 1500
15035.000 # 1500
15035.000 # 1500
15035.000 # 1500
15035.000 # 1500
15035.000 # 1500
15035.000 # 1500
15035.000 # 1500
15035.000 # 1500
15035.000 # 1500
15035.000 # 1500
15035.000 # 1500
15035.000 # 1500
15035.000 # 1500
15035.000 # 1500
15035.000 # 1500
15035.000 # 1500
15035.000 # 1500
15035.000 # 1500
15035.000 # 1500
15035.000 # 1500
15035.000 # 1500
15035.000 # 1500
15035.000 # 1500
15035.000 # 1500
15035.000 # 1500
15035.000 # 1500
15035.000 # 1500
15035.000 # 1500
15035.000 # 1500
15035.000 # 1500
15035.000 # 1500
15035.000 # 1500
15035.000 # 1500
15035.000 # 1500
15035.000 # 1500
15035.000 # 1500
15035.000 # 1500
15035.000 # 1500
15035.000 # 1500
15035.000 # 1500
15035.000 # 1500
15035.000 # 1500
15035.000 # 1500
15035.000 # 1500
15035.000 # 1500
15035.000 # 1500
15035.000 # 1500
15035.000 # 1500
15035.000 # 1500
15035.000 # 1500
15035.000 # 1500
15035.000 # 1500
15035.000 # 1500
15035.000 # 1500
15035.000 # 1500
15035.000 # 1500
15035.000 # 1500
15035.000 # 1500
15035.000 # 1500
15035.000 # 1500
15035.000 # 1500
15035.000 # 1500
15035.000 # 1500
15035.000 # 1500
15035.000 # 1500
15035.000 # 1500
15035.000 # 1500
15035.000 # 1500
15035.000 # 1500
15035.000 # 1500
15035.000 # 1500
15035.000 # 1500
15035.000 # 1500
15038.813 - 88 1496.456 1
15039.168 - 88 1496.721 1
15039.202 - 88 1496.720 1
15039.225 - 88 1496.692 1
15039.244 - 88 1496.677 1
15039.260 - 88 1496.660 1
15039.279 - 88 1452.560 1
15044.392 + 88 1
15044.457 + 88 1
15044.508 + 88 1
15044.674 + 88 1
16535.000 # 1500
16535.000 # 1500
16535.000 # 1500
16535.000 # 1500
16535.000 # 1500
16535.000 # 1500
16535.000 # 1500
16535.000 # 1500
16535.000 # 1500
16535.000 # 1500
16535.000 # 1500
16535.000 # 1500
16535.000 # 1500
16535.000 # 1500
16535.000 # 1500
16535.000 # 1500
16535.000 # 1500
16535.000 # 1500
16535.000 # 1500
16535.000 # 1500
16535.000 # 1500
16535.000 # 1500
16535.000 # 1500
16535.000 # 1500
16535.000 # 1500
16535.000 # 1500
16535.000 # 1500
16535.000 # 1500
16535.000 # 1500
16535.000 # 1500
16535.000 # 1500
16535.000 # 1500
16535.000 # 1500
16535.000 # 1500
16535.000 # 1500
16535.000 # 1500
16535.000 # 1500
16535.000 # 1500
16535.000 # 1500
16535.000 # 1500
16535.000 # 1500
16535.000 # 1500
16535.000 # 1500
16535.000 # 1500
16535.000 # 1500
16535.000 # 1500
16535.000 # 1500
16535.000 # 1500
16535.000 # 1500
16535.000 # 1500
16535.000 # 1500
16535.000 # 1500
16535.000 # 1500
16535.000 # 1500
16535.000 # 1500
16535.000 # 1500
16535.000 # 1500
16535.000 # 1500
16535.000 # 1500
16535.000 # 1500
16535.000 # 1500
16535.000 # 1500
16535.000 # 1500
16535.000 # 1500
16535.000 # 1500
16535.000 # 1500
16535.000 # 1500
16535.000 # 1500
16535.000 # 1500
16535.000 # 1500
16535.000 # 1500
16535.000 # 1500
16535.000 # 1500
16535.000 # 1500
16535.000 # 1500
16535.000 # 1500
16535.000 # 1500
16535.000 # 1500
16535.000 # 1500
16535.000 # 1500
16535.000 # 1500
16535.000 # 1500
16535.000 # 1500
16537.480 - 88 1493.088 1
16537.602 - 88 1493.145 1
16537.625 - 88 1493.117 1
16537.642 - 88 1492.968 1
16542.251 + 88 1
16542.305 + 88 1
16542.324 + 88 1
16542.369 + 88 1
16542.409 + 88 1
16542.429 + 88 1
16542.446 + 88 1
16542.486 + 88 1
16542.518 + 88 1
16542.534 + 88 1
16542.567 + 88 1
16542.576 + 88 1
18035.000 # 1500
18035.000 # 1500
18035.000 # 1500
18035.000 # 1500
18035.000 # 1500
18035.000 # 1500
18035.000 # 1500
18035.000 # 1500
18035.000 # 1500
18035.000 # 1500
18035.000 # 1500
18035.000 # 1500
18035.000 # 1500
18035.000 # 1500
18035.000 # 1500
18035.000 # 1500
18035.000 # 1500
18035.000 # 1500
18035.000 # 1500
18035.000 # 1500
18035.000 # 1500
18035.000 # 1500
18035.000 # 1500
18035.000 # 1500
18035.000 # 1500
18035.000 # 1500
18035.000 # 1500
18035.000 # 1500
18035.000 # 1500
18035.000 # 1500
18035.000 # 1500
18035.000 # 1500
18035.000 # 1500
18035.000 # 1500
18035.000 # 1500
18035.000 # 1500
18035.000 # 1500
18035.000 # 1500
18035.000 # 1500
18035.000 # 1500
18035.000 # 1500
18035.000 # 1500
18035.000 # 1500
18035.000 # 1500
18035.000 # 1500
18035.000 # 1500
18035.000 # 1500
18035.000 # 1500
18035.000 # 1500
18035.000 # 1500
18035.000 # 1500
18035.000 # 1500
18035.000 # 1500
18035.000 # 1500
18035.000 # 1500
18035.000 # 1500
18035.000 # 1500
18035.000 # 1500
18035.000 # 1500
18035.000 # 1500
18035.000 # 1500
18035.000 # 1500
18035.000 # 1500
18035.000 # 1500
18035.000 # 1500
18035.000 # 1500
18035.000 # 1500
18035.000 # 1500
18035.000 # 1500
18035.000 # 1500
18035.000 # 1500
18035.000 # 1500
18035.000 # 1500
18035.000 # 1500
18035.000 # 1500
18035.000 # 1500
18035.000 # 1500
18035.000 # 1500
18035.000 # 1500
18035.000 # 1500
18035.000 # 1500
18035.000 # 1500
18035.000 # 1500
18036.620 - 88 1494.369 1
18036.920 - 88 1494.615 1
18037.013 - 88 1494.689 1
18037.028 - 88 1494.659 1
18037.040 - 88 1494.631 1
18037.048 - 88 1494.619 1
18037.056 - 88 1494.610 1
18037.064 - 88 1494.578 1
18037.074 - 88 1494.556 1
18037.082 - 88 1494.548 1
18037.102 - 88 1494.535 1
18037.111 - 88 1494.535 1
18043.080 + 88 1
18043.132 + 88 1
18043.158 + 88 1
18043.180 + 88 1
18043.210 + 88 1
18043.278 + 88 1
18043.314 + 88 1
18043.336 + 88 1
18043.368 + 88 1
18043.385 + 88 1
19535.000 # 1500
19535.000 # 1500
19535.000 # 1500
19535.000 # 1500
19535.000 # 1500
19535.000 # 1500
19535.000 # 1500
19535.000 # 1500
19535.000 # 1500
19535.000 # 1500
19535.000 # 1500
19535.000 # 1500
19535.000 # 1500
19535.000 # 1500
19535.000 # 1500
19535.000 # 1500
19535.000 # 1500
19535.000 # 1500
19535.000 # 1500
19535.000 # 1500
19535.000 # 1500
19535.000 # 1500
19535.000 # 1500
19535.000 # 1500
19535.000 # 1500
19535.000 # 1500
19535.000 # 1500
19535.000 # 1500
19535.000 # 1500
19535.000 # 1500
19535.000 # 1500
19535.000 # 1500
19535.000 # 1500
19535.000 # 1500
19535.000 # 1500
19535.000 # 1500
19535.000 # 1500
19535.000 # 1500
19535.000 # 1500
19535.000 # 1500
19535.000 # 1500
19535.000 # 1500
19535.000 # 1500
19535.000 # 1500
19535.000 # 1500
19535.000 # 1500
19535.000 # 1500
19535.000 # 1500
19535.000 # 1500
19535.000 # 1500
19535.000 # 1500
19535.000 # 1500
19535.000 # 1500
19535.000 # 1500
19535.000 # 1500
19535.000 # 1500
19535.000 # 1500
19535.000 # 1500
19535.000 # 1500
19535.000 # 1500
19535.000 # 1500
19535.000 # 1500
19535.000 # 1500
19535.000 # 1500
19535.000 # 1500
19535.000 # 1500
19535.000 # 1500
19535.000 # 1500
19535.000 # 1500
19535.000 # 1500
19535.000 # 1500
19535.000 # 1500
19535.000 # 1500
19535.000 # 1500
19535.000 # 1500
19535.000 # 1500
19535.000 # 1500
19535.000 # 1500
19535.000 # 1500
19535.000 # 1500
19535.000 # 1500
19535.000 # 1500
19535.000 # 1500
19540.448 - 88 1497.368 1
19540.702 - 88 1497.570 1
19540.740 - 88 1497.582 1
19540.762 - 88 1497.582 1
19540.779 - 88 1497.569 1
19540.795 - 88 1497.517 1
19540.811 - 88 1497.497 1
19540.825 - 88 1497.489 1
19540.840 - 88 1497.472 1
19540.857 - 88 1497.472 1
19547.512 + 88 1
19547.589 + 88 1
19547.633 + 88 1
19547.669 + 88 1
19547.744 + 88 1
19547.784 + 88 1
19547.831 + 88 1
19547.890 + 88 1
19547.924 + 88 1
19548.089 + 88 1
19548.162 + 88 1
19548.198 + 88 1
19548.306 + 88 1
19548.355 + 88 1
19548.435 + 88 1
19548.501 + 88 1
19548.537 + 88 1
19548.569 + 88 1
19548.626 + 88 1
19548.664 + 88 1
19548.679 + 88 1
21035.000 # 1500
21035.000 # 1500
21035.000 # 1500
21035.000 # 1500
21035.000 # 1500
21035.000 # 1500
21035.000 # 1500
21035.000 # 1500
21035.000 # 1500
21035.000 # 1500
21035.000 # 1500
21035.000 # 1500
21035.000 # 1500
21035.000 # 1500
21035.000 # 1500
21035.000 # 1500
21035.000 # 1500
21035.000 # 1500
21035.000 # 1500
21035.000 # 1500
21035.000 # 1500
21035.000 # 1500
21035.000 # 1500
21035.000 # 1500
21035.000 # 1500
21035.000 # 1500
21035.000 # 1500
21035.000 # 1500
21035.000 # 1500
21035.000 # 1500
21035.000 # 1500
21035.000 # 1500
21035.000 # 1500
21035.000 # 1500
21035.000 # 1500
21035.000 # 1500
21035.000 # 1500
21035.000 # 1500
21035.000 # 1500
21035.000 # 1500
21035.000 # 1500
21035.000 # 1500
21035.000 # 1500
21035.000 # 1500
21035.000 # 1500
21035.000 # 1500
21035.000 # 1500
21035.000 # 1500
21035.000 # 1500
21035.000 # 1500
21035.000 # 1500
21035.000 # 1500
21035.000 # 1500
21035.000 # 1500
21035.000 # 1500
21035.000 # 1500
21035.000 # 1500
21035.000 # 1500
21035.000 # 1500
21035.000 # 1500
21035.000 # 1500
21035.000 # 1500
21035.000 # 1500
21035.000 # 1500
21035.000 # 1500
21035.000 # 1500
21035.000 # 1500
21035.000 # 1500
21035.000 # 1500
21035.000 # 1500
21035.000 # 1500
21035.000 # 1500
21035.000 # 1500
21035.000 # 1500
21035.000 # 1500
21035.000 # 1500
21035.000 # 1500
21035.000 # 1500
21035.000 # 1500
21035.000 # 1500
21035.000 # 1500
21035.000 # 1500
21035.000 # 1500
21037.024 - 88 1489.512 1
21037.285 - 88 1489.696 1
21037.332 - 88 1489.699 1
21037.360 - 88 1489.691 1
21037.378 - 88 1489.634 1
21037.397 - 88 1489.613 1
21037.412 - 88 1489.581 1
21037.429 - 88 1489.539 1
21037.446 - 88 1489.522 1
21037.465 - 88 1489.376 1
21037.482 - 88 1489.320 1
21037.499 - 88 1489.301 1
21037.515 - 88 1489.209 1
21037.531 - 88 1489.176 1
21037.556 - 88 1489.121 1
21037.572 - 88 1489.071 1
21037.594 - 88 1489.057 1
21037.611 - 88 1489.042 1
21037.625 - 88 1488.999 1
21037.642 - 88 1488.978 1
21037.691 - 88 1489.012 1
21043.644 + 88 1
21043.717 + 88 1
21043.759 + 88 1
21043.793 + 88 1
21043.840 + 88 1
21043.915 + 88 1
21044.036 + 88 1
21044.086 + 88 1
21044.161 + 88 1
21044.193 + 88 1
21044.246 + 88 1
21044.490 + 88 1
22535.000 # 1500
22535.000 # 1500
22535.000 # 1500
22535.000 # 1500
22535.000 # 1500
22535.000 # 1500
22535.000 # 1500
22535.000 # 1500
22535.000 # 1500
22535.000 # 1500
22535.000 # 1500
22535.000 # 1500
22535.000 # 1500
22535.000 # 1500
22535.000 # 1500
22535.000 # 1500
22535.000 # 1500
22535.000 # 1500
22535.000 # 1500
22535.000 # 1500
22535.000 # 1500
22535.000 # 1500
22535.000 # 1500
22535.000 # 1500
22535.000 # 1500
22535.000 # 1500
22535.000 # 1500
22535.000 # 1500
22535.000 # 1500
22535.000 # 1500
22535.000 # 1500
22535.000 # 1500
22535.000 # 1500
22535.000 # 1500
22535.000 # 1500
22535.000 # 1500
22535.000 # 1500
22535.000 # 1500
22535.000 # 1500
22535.000 # 1500
22535.000 # 1500
22535.000 # 1500
22535.000 # 1500
22535.000 # 1500
22535.000 # 1500
22535.000 # 1500
22535.000 # 1500
22535.000 # 1500
22535.000 # 1500
22535.000 # 1500
22535.000 # 1500
22535.000 # 1500
22535.000 # 1500
22535.000 # 1500
22535.000 # 1500
22535.000 # 1500
22535.000 # 1500
22535.000 # 1500
22535.000 # 1500
22535.000 # 1500
22535.000 # 1500
22535.000 # 1500
22535.000 # 1500
22535.000 # 1500
22535.000 # 1500
22535.000 # 1500
22535.000 # 1500
22535.000 # 1500
22535.000 # 1500
22535.000 # 1500
22535.000 # 1500
22535.000 # 1500
22535.000 # 1500
22535.000 # 1500
22535.000 # 1500
22535.000 # 1500
22535.000 # 1500
22535.000 # 1500
22535.000 # 1500
22535.000 # 1500
22535.000 # 1500
22535.000 # 1500
22535.000 # 1500
22538.893 - 88 1495.249 1
22539.352 - 88 1495.635 1
22539.405 - 88 1495.646 1
22539.428 - 88 1495.635 1
22539.452 - 88 1495.612 1
22539.492 - 88 1495.577 1
22539.527 - 88 1495.491 1
22539.547 - 88 1495.461 1
22539.562 - 88 1495.401 1
22539.576 - 88 1495.383 1
22539.593 - 88 1495.347 1
22539.609 - 88 1495.119 1
22544.885 + 88 1
22545.012 + 88 1
22545.062 + 88 1
22545.081 + 88 1
22545.117 + 88 1
22545.134 + 88 1
22545.155 + 88 1
22545.234 + 88 1
22545.816 + 88 1
22546.175 + 88 1
24035.000 # 1500
24035.000 # 1500
24035.000 # 1500
24035.000 # 1500
24035.000 # 1500
24035.000 # 1500
24035.000 # 1500
24035.000 # 1500
24035.000 # 1500
24035.000 # 1500
24035.000 # 1500
24035.000 # 1500
24035.000 # 1500
24035.000 # 1500
24035.000 # 1500
24035.000 # 1500
24035.000 # 1500
24035.000 # 1500
24035.000 # 1500
24035.000 # 1500
24035.000 # 1500
24035.000 # 1500
24035.000 # 1500
24035.000 # 1500
24035.000 # 1500
24035.000 # 1500
24035.000 # 1500
24035.000 # 1500
24035.000 # 1500
24035.000 # 1500
24035.000 # 1500
24035.000 # 1500
24035.000 # 1500
24035.000 # 1500
24035.000 # 1500
24035.000 # 1500
24035.000 # 1500
24035.000 # 1500
24035.000 # 1500
24035.000 # 1500
24035.000 # 1500
24035.000 # 1500
24035.000 # 1500
24035.000 # 1500
24035.000 # 1500
24035.000 # 1500
24035.000 # 1500
24035.000 # 1500
24035.000 # 1500
24035.000 # 1500
24035.000 # 1500
24035.000 # 1500
24035.000 # 1500
24035.000 # 1500
24035.000 # 1500
24035.000 # 1500
24035.000 # 1500
24035.000 # 1500
24035.000 # 1500
24035.000 # 1500
24035.000 # 1500
24035.000 # 1500
24035.000 # 1500
24035.000 # 1500
24035.000 # 1500
24035.000 # 1500
24035.000 # 1500
24035.000 # 1500
24035.000 # 1500
24035.000 # 1500
24035.000 # 1500
24035.000 # 1500
24035.000 # 1500
24035.000 # 1500
24035.000 # 1500
24035.000 # 1500
24035.000 # 1500
24035.000 # 1500
24035.000 # 1500
24035.000 # 1500
24035.000 # 1500
24035.000 # 1500
24035.000 # 1500
24038.175 - 88 1493.290 1
24038.398 - 88 1493.386 1
24038.426 - 88 1493.364 1
24038.447 - 88 1493.366 1
24038.463 - 88 1493.346 1
24038.480 - 88 1493.346 1
24038.497 - 88 1493.342 1
24038.514 - 88 1493.280 1
24038.534 - 88 1492.718 1
24038.555 - 88 1492.380 1
24044.850 + 88 1
25535.000 # 1500
25535.000 # 1500
25535.000 # 1500
25535.000 # 1500
25535.000 # 1500
25535.000 # 1500
25535.000 # 1500
25535.000 # 1500
25535.000 # 1500
25535.000 # 1500
25535.000 # 1500
25535.000 # 1500
25535.000 # 1500
25535.000 # 1500
25535.000 # 1500
25535.000 # 1500
25535.000 # 1500
25535.000 # 1500
25535.000 # 1500
25535.000 # 1500
25535.000 # 1500
25535.000 # 1500
25535.000 # 1500
25535.000 # 1500
25535.000 # 1500
25535.000 # 1500
25535.000 # 1500
25535.000 # 1500
25535.000 # 1500
25535.000 # 1500
25535.000 # 1500
25535.000 # 1500
25535.000 # 1500
25535.000 # 1500
25535.000 # 1500
25535.000 # 1500
25535.000 # 1500
25535.000 # 1500
25535.000 # 1500
25535.000 # 1500
25535.000 # 1500
25535.000 # 1500
25535.000 # 1500
25535.000 # 1500
25535.000 # 1500
25535.000 # 1500
25535.000 # 1500
25535.000 # 1500
25535.000 # 1500
25535.000 # 1500
25535.000 # 1500
25535.000 # 1500
25535.000 # 1500
25535.000 # 1500
25535.000 # 1500
25535.000 # 1500
25535.000 # 1500
25535.000 # 1500
25535.000 # 1500
25535.000 # 1500
25535.000 # 1500
25535.000 # 1500
25535.000 # 1500
25535.000 # 1500
25535.000 # 1500
25535.000 # 1500
25535.000 # 1500
25535.000 # 1500
25535.000 # 1500
25535.000 # 1500
25535.000 # 1500
25535.000 # 1500
25535.000 # 1500
25535.000 # 1500
25535.000 # 1500
25535.000 # 1500
25535.000 # 1500
25535.000 # 1500
25535.000 # 1500
25535.000 # 1500
25535.000 # 1500
25535.000 # 1500
25535.000 # 1500
25537.475 - 88 1492.625 1
25545.467 + 88 1
25545.583 + 88 1
25545.618 + 88 1
25545.745 + 88 1
25545.805 + 88 1
25545.839 + 88 1
25545.910 + 88 1
25545.985 + 88 1
25546.045 + 88 1
25546.079 + 88 1
25546.132 + 88 1
25546.209 + 88 1
25546.252 + 88 1
25546.291 + 88 1
25546.344 + 88 1
25546.402 + 88 1
25546.513 + 88 1
25546.575 + 88 1
25546.604 + 88 1
25546.657 + 88 1
25546.693 + 88 1
25546.725 + 88 1
25546.757 + 88 1
25546.801 + 88 1
25546.833 + 88 1
25546.864 + 88 1
25546.903 + 88 1
25547.011 + 88 1
25547.034 + 88 1
25547.059 + 88 1
25547.076 + 88 1
25547.092 + 88 1
25547.124 + 88 1
25547.176 + 88 1
25547.202 + 88 1
25547.219 + 88 1
25547.241 + 88 1
25547.281 + 88 1
25547.297 + 88 1
25547.321 + 88 1
25547.339 + 88 1
25547.362 + 88 1
25547.393 + 88 1
25547.410 + 88 1
25547.443 + 88 1
25547.452 + 88 1
27035.000 # 1500
27035.000 # 1500
27035.000 # 1500
27035.000 # 1500
27035.000 # 1500
27035.000 # 1500
27035.000 # 1500
27035.000 # 1500
27035.000 # 1500
27035.000 # 1500
27035.000 # 1500
27035.000 # 1500
27035.000 # 1500
27035.000 # 1500
27035.000 # 1500
27035.000 # 1500
27035.000 # 1500
27035.000 # 1500
27035.000 # 1500
27035.000 # 1500
27035.000 # 1500
27035.000 # 1500
27035.000 # 1500
27035.000 # 1500
27035.000 # 1500
27035.000 # 1500
27035.000 # 1500
27035.000 # 1500
27035.000 # 1500
27035.000 # 1500
27035.000 # 1500
27035.000 # 1500
27035.000 # 1500
27035.000 # 1500
27035.000 # 1500
27035.000 # 1500
27035.000 # 1500
27035.000 # 1500
27035.000 # 1500
27035.000 # 1500
27035.000 # 1500
27035.000 # 1500
27035.000 # 1500
27035.000 # 1500
27035.000 # 1500
27035.000 # 1500
27035.000 # 1500
27035.000 # 1500
27035.000 # 1500
27035.000 # 1500
27035.000 # 1500
27035.000 # 1500
27035.000 # 1500
27035.000 # 1500
27035.000 # 1500
27035.000 # 1500
27035.000 # 1500
27035.000 # 1500
27035.000 # 1500
27035.000 # 1500
27035.000 # 1500
27035.000 # 1500
27035.000 # 1500
27035.000 # 1500
27035.000 # 1500
27035.000 # 1500
27035.000 # 1500
27035.000 # 1500
27035.000 # 1500
27035.000 # 1500
27035.000 # 1500
27035.000 # 1500
27035.000 # 1500
27035.000 # 1500
27035.000 # 1500
27035.000 # 1500
27035.000 # 1500
27035.000 # 1500
27035.000 # 1500
27035.000 # 1500
27035.000 # 1500
27035.000 # 1500
27035.000 # 1500
27039.841 - 88 1494.374 1
27040.228 - 88 1494.645 1
27040.258 - 88 1494.640 1
27040.283 - 88 1494.538 1
27040.299 - 88 1494.494 1
27040.317 - 88 1494.478 1
27040.333 - 88 1494.423 1
27040.350 - 88 1494.365 1
27040.366 - 88 1494.321 1
27040.381 - 88 1494.302 1
27040.397 - 88 1494.265 1
27040.412 - 88 1494.203 1
27040.428 - 88 1494.176 1
27040.443 - 88 1494.152 1
27040.462 - 88 1494.118 1
27040.477 - 88 1494.075 1
27040.492 - 88 1493.979 1
27040.508 - 88 1493.933 1
27040.523 - 88 1493.919 1
27040.539 - 88 1493.882 1
27040.556 - 88 1493.863 1
27040.570 - 88 1493.845 1
27040.585 - 88 1493.828 1
27040.600 - 88 1493.799 1
27040.617 - 88 1493.784 1
27040.636 - 88 1493.772 1
27040.656 - 88 1493.753 1
27040.673 - 88 1493.662 1
27040.688 - 88 1493.654 1
27040.706 - 88 1493.647 1
27040.721 - 88 1493.645 1
27040.735 - 88 1493.643 1
27040.752 - 88 1493.628 1
27040.768 - 88 1493.592 1
27040.783 - 88 1493.581 1
27040.799 - 88 1493.580 1
27040.815 - 88 1493.574 1
27040.834 - 88 1493.553 1
27040.849 - 88 1493.552 1
27040.864 - 88 1493.543 1
27040.912 - 88 1493.573 1
27040.933 - 88 1493.571 1
27040.993 - 88 1493.600 1
27041.004 - 88 1493.594 1
27041.013 - 88 1493.570 1
27041.020 - 88 1493.568 1
27046.696 + 88 1
27046.766 + 88 1
27046.786 + 88 1
27046.804 + 88 1
27046.820 + 88 1
27046.838 + 88 1
27046.853 + 88 1
27046.870 + 88 1
27047.009 + 88 1
27047.069 + 88 1
27047.100 + 88 1
27047.140 + 88 1
27047.175 + 88 1
27047.214 + 88 1
27047.291 + 88 1
27047.311 + 88 1
27047.337 + 88 1
27047.691 + 88 1
28535.000 # 1500
28535.000 # 1500
28535.000 # 1500
28535.000 # 1500
28535.000 # 1500
28535.000 # 1500
28535.000 # 1500
28535.000 # 1500
28535.000 # 1500
28535.000 # 1500
28535.000 # 1500
28535.000 # 1500
28535.000 # 1500
28535.000 # 1500
28535.000 # 1500
28535.000 # 1500
28535.000 # 1500
28535.000 # 1500
28535.000 # 1500
28535.000 # 1500
28535.000 # 1500
28535.000 # 1500
28535.000 # 1500
28535.000 # 1500
28535.000 # 1500
28535.000 # 1500
28535.000 # 1500
28535.000 # 1500
28535.000 # 1500
28535.000 # 1500
28535.000 # 1500
28535.000 # 1500
28535.000 # 1500
28535.000 # 1500
28535.000 # 1500
28535.000 # 1500
28535.000 # 1500
28535.000 # 1500
28535.000 # 1500
28535.000 # 1500
28535.000 # 1500
28535.000 # 1500
28535.000 # 1500
28535.000 # 1500
28535.000 # 1500
28535.000 # 1500
28535.000 # 1500
28535.000 # 1500
28535.000 # 1500
28535.000 # 1500
28535.000 # 1500
28535.000 # 1500
28535.000 # 1500
28535.000 # 1500
28535.000 # 1500
28535.000 # 1500
28535.000 # 1500
28535.000 # 1500
28535.000 # 1500
28535.000 # 1500
28535.000 # 1500
28535.000 # 1500
28535.000 # 1500
28535.000 # 1500
28535.000 # 1500
28535.000 # 1500
28535.000 # 1500
28535.000 # 1500
28535.000 # 1500
28535.000 # 1500
28535.000 # 1500
28535.000 # 1500
28535.000 # 1500
28535.000 # 1500
28535.000 # 1500
28535.000 # 1500
28535.000 # 1500
28535.000 # 1500
28535.000 # 1500
28535.000 # 1500
28535.000 # 1500
28535.000 # 1500
28535.000 # 1500
28537.371 - 88 1490.675 1
28537.477 - 88 1490.711 1
28537.501 - 88 1490.715 1
28537.523 - 88 1490.719 1
28537.543 - 88 1490.723 1
28537.559 - 88 1490.721 1
28537.574 - 88 1490.721 1
28537.590 - 88 1490.720 1
28537.611 - 88 1490.602 1
28537.637 - 88 1490.568 1
28537.654 - 88 1490.554 1
28537.670 - 88 1490.530 1
28537.687 - 88 1490.512 1
28537.707 - 88 1490.493 1
28537.728 - 88 1490.437 1
28537.744 - 88 1490.433 1
28537.765 - 88 1490.428 1
28537.786 - 88 1490.095 1
28545.517 + 88 1
28545.616 + 88 1
28545.656 + 88 1
28545.706 + 88 1
28545.741 + 88 1
28545.772 + 88 1
28545.804 + 88 1
28545.935 + 88 1
28546.108 + 88 1
28546.146 + 88 1
28546.194 + 88 1
28546.256 + 88 1
28546.290 + 88 1
28546.337 + 88 1
28546.370 + 88 1
28546.400 + 88 1
28546.480 + 88 1
28546.549 + 88 1
28546.581 + 88 1
28546.612 + 88 1
28546.664 + 88 1
28546.694 + 88 1
28546.749 + 88 1
28546.780 + 88 1
28546.809 + 88 1
28546.826 + 88 1
28546.852 + 88 1
28546.868 + 88 1
28546.900 + 88 1
28546.928 + 88 1
28546.994 + 88 1
28547.091 + 88 1
28547.109 + 88 1
28547.144 + 88 1
28547.163 + 88 1
28547.184 + 88 1
28547.211 + 88 1
28547.237 + 88 1
28547.264 + 88 1
28547.276 + 88 1
30035.000 # 1500
30035.000 # 1500
30035.000 # 1500
30035.000 # 1500
30035.000 # 1500
30035.000 # 1500
30035.000 # 1500
30035.000 # 1500
30035.000 # 1500
30035.000 # 1500
30035.000 # 1500
30035.000 # 1500
30035.000 # 1500
30035.000 # 1500
30035.000 # 1500
30035.000 # 1500
30035.000 # 1500
30035.000 # 1500
30035.000 # 1500
30035.000 # 1500
30035.000 # 1500
30035.000 # 1500
30035.000 # 1500
30035.000 # 1500
30035.000 # 1500
30035.000 # 1500
30035.000 # 1500
30035.000 # 1500
30035.000 # 1500
30035.000 # 1500
30035.000 # 1500
30035.000 # 1500
30035.000 # 1500
30035.000 # 1500
30035.000 # 1500
30035.000 # 1500
30035.000 # 1500
30035.000 # 1500
30035.000 # 1500
30035.000 # 1500
30035.000 # 1500
30035.000 # 1500
30035.000 # 1500
30035.000 # 1500
30035.000 # 1500
30035.000 # 1500
30035.000 # 1500
30035.000 # 1500
30035.000 # 1500
30035.000 # 1500
30035.000 # 1500
30035.000 # 1500
30035.000 # 1500
30035.000 # 1500
30035.000 # 1500
30035.000 # 1500
30035.000 # 1500
30035.000 # 1500
30035.000 # 1500
30035.000 # 1500
30035.000 # 1500
30035.000 # 1500
30035.000 # 1500
30035.000 # 1500
30035.000 # 1500
30035.000 # 1500
30035.000 # 1500
30035.000 # 1500
30035.000 # 1500
30035.000 # 1500
30035.000 # 1500
30035.000 # 1500
30035.000 # 1500
30035.000 # 1500
30035.000 # 1500
30035.000 # 1500
30035.000 # 1500
30035.000 # 1500
30035.000 # 1500
30035.000 # 1500
30035.000 # 1500
30035.000 # 1500
30035.000 # 1500
30038.372 - 88 1492.855 1
30038.509 - 88 1492.893 1
30038.519 - 88 1492.863 1
30038.529 - 88 1492.823 1
30038.536 - 88 1492.795 1
30038.545 - 88 1492.773 1
30038.555 - 88 1492.751 1
30038.564 - 88 1492.629 1
30038.572 - 88 1492.464 1
30038.581 - 88 1492.435 1
30038.588 - 88 1492.394 1
30038.595 - 88 1492.339 1
30038.606 - 88 1492.316 1
30038.614 - 88 1492.277 1
30038.623 - 88 1492.253 1
30038.632 - 88 1492.232 1
30038.641 - 88 1492.161 1
30038.651 - 88 1492.102 1
30038.659 - 88 1492.078 1
30038.667 - 88 1492.055 1
30038.675 - 88 1492.011 1
30038.684 - 88 1491.990 1
30038.696 - 88 1491.947 1
30038.704 - 88 1491.924 1
30038.712 - 88 1491.903 1
30038.720 - 88 1491.894 1
30038.728 - 88 1491.876 1
30038.739 - 88 1491.871 1
30038.748 - 88 1491.848 1
30038.828 - 88 1491.900 1
30038.838 - 88 1491.844 1
30038.849 - 88 1491.758 1
30038.857 - 88 1491.748 1
30038.865 - 88 1491.721 1
30038.871 - 88 1491.708 1
30038.879 - 88 1491.695 1
30038.887 - 88 1491.676 1
30038.978 - 88 1491.741 1
30038.999 - 88 1491.735 1
30039.009 - 88 1491.733 1
31535.000 # 1500
31535.000 # 1500
31535.000 # 1500
31535.000 # 1500
31535.000 # 1500
31535.000 # 1500
31535.000 # 1500
31535.000 # 1500
31535.000 # 1500
31535.000 # 1500
31535.000 # 1500
31535.000 # 1500
31535.000 # 1500
31535.000 # 1500
31535.000 # 1500
31535.000 # 1500
31535.000 # 1500
31535.000 # 1500
31535.000 # 1500
31535.000 # 1500
31535.000 # 1500
31535.000 # 1500
31535.000 # 1500
31535.000 # 1500
31535.000 # 1500
31535.000 # 1500
31535.000 # 1500
31535.000 # 1500
31535.000 # 1500
31535.000 # 1500
31535.000 # 1500
31535.000 # 1500
31535.000 # 1500
31535.000 # 1500
31535.000 # 1500
31535.000 # 1500
31535.000 # 1500
31535.000 # 1500
31535.000 # 1500
31535.000 # 1500
31535.000 # 1500
31535.000 # 1500
31535.000 # 1500
31535.000 # 1500
31535.000 # 1500
31535.000 # 1500
31535.000 # 1500
31535.000 # 1500
31535.000 # 1500
31535.000 # 1500
31535.000 # 1500
31535.000 # 1500
31535.000 # 1500
31535.000 # 1500
31535.000 # 1500
31535.000 # 1500
31535.000 # 1500
31535.000 # 1500
31535.000 # 1500
31535.000 # 1500
31535.000 # 1500
31535.000 # 1500
31535.000 # 1500
31535.000 # 1500
31535.000 # 1500
31535.000 # 1500
31535.000 # 1500
31535.000 # 1500
31535.000 # 1500
31535.000 # 1500
31535.000 # 1500
31535.000 # 1500
31535.000 # 1500
31535.000 # 1500
31535.000 # 1500
31535.000 # 1500
31535.000 # 1500
31535.000 # 1500
31535.000 # 1500
31535.000 # 1500
31535.000 # 1500
31535.000 # 1500
31535.000 # 1500
31545.141 + 88 1
31545.191 + 88 1
31545.312 + 88 1
31545.338 + 88 1
33035.000 # 1500
33035.000 # 1500
33035.000 # 1500
33035.000 # 1500
33035.000 # 1500
33035.000 # 1500
33035.000 # 1500
33035.000 # 1500
33035.000 # 1500
33035.000 # 1500
33035.000 # 1500
33035.000 # 1500
33035.000 # 1500
33035.000 # 1500
33035.000 # 1500
33035.000 # 1500
33035.000 # 1500
33035.000 # 1500
33035.000 # 1500
33035.000 # 1500
33035.000 # 1500
33035.000 # 1500
33035.000 # 1500
33035.000 # 1500
33035.000 # 1500
33035.000 # 1500
33035.000 # 1500
33035.000 # 1500
33035.000 # 1500
33035.000 # 1500
33035.000 # 1500
33035.000 # 1500
33035.000 # 1500
33035.000 # 1500
33035.000 # 1500
33035.000 # 1500
33035.000 # 1500
33035.000 # 1500
33035.000 # 1500
33035.000 # 1500
33035.000 # 1500
33035.000 # 1500
33035.000 # 1500
33035.000 # 1500
33035.000 # 1500
33035.000 # 1500
33035.000 # 1500
33035.000 # 1500
33035.000 # 1500
33035.000 # 1500
33035.000 # 1500
33035.000 # 1500
33035.000 # 1500
33035.000 # 1500
33035.000 # 1500
33035.000 # 1500
33035.000 # 1500
33035.000 # 1500
33035.000 # 1500
33035.000 # 1500
33035.000 # 1500
33035.000 # 1500
33035.000 # 1500
33035.000 # 1500
33035.000 # 1500
33035.000 # 1500
33035.000 # 1500
33035.000 # 1500
33035.000 # 1500
33035.000 # 1500
33035.000 # 1500
33035.000 # 1500
33035.000 # 1500
33035.000 # 1500
33035.000 # 1500
33035.000 # 1500
33035.000 # 1500
33035.000 # 1500
33035.000 # 1500
33035.000 # 1500
33035.000 # 1500
33035.000 # 1500
33035.000 # 1500
33039.560 - 88 1494.419 1
33045.650 - 88 1500.459 1
33045.685 - 88 1500.373 1
33045.698 - 88 1500.360 1
34535.000 # 1500
34535.000 # 1500
34535.000 # 1500
34535.000 # 1500
34535.000 # 1500
34535.000 # 1500
34535.000 # 1500
34535.000 # 1500
34535.000 # 1500
34535.000 # 1500
34535.000 # 1500
34535.000 # 1500
34535.000 # 1500
34535.000 # 1500
34535.000 # 1500
34535.000 # 1500
34535.000 # 1500
34535.000 # 1500
34535.000 # 1500
34535.000 # 1500
34535.000 # 1500
34535.000 # 1500
34535.000 # 1500
34535.000 # 1500
34535.000 # 1500
34535.000 # 1500
34535.000 # 1500
34535.000 # 1500
34535.000 # 1500
34535.000 # 1500
34535.000 # 1500
34535.000 # 1500
34535.000 # 1500
34535.000 # 1500
34535.000 # 1500
34535.000 # 1500
34535.000 # 1500
34535.000 # 1500
34535.000 # 1500
34535.000 # 1500
34535.000 # 1500
34535.000 # 1500
34535.000 # 1500
34535.000 # 1500
34535.000 # 1500
34535.000 # 1500
34535.000 # 1500
34535.000 # 1500
34535.000 # 1500
34535.000 # 1500
34535.000 # 1500
34535.000 # 1500
34535.000 # 1500
34535.000 # 1500
34535.000 # 1500
34535.000 # 1500
34535.000 # 1500
34535.000 # 1500
34535.000 # 1500
34535.000 # 1500
34535.000 # 1500
34535.000 # 1500
34535.000 # 1500
34535.000 # 1500
34535.000 # 1500
34535.000 # 1500
34535.000 # 1500
34535.000 # 1500
34535.000 # 1500
34535.000 # 1500
34535.000 # 1500
34535.000 # 1500
34535.000 # 1500
34535.000 # 1500
34535.000 # 1500
34535.000 # 1500
34535.000 # 1500
34535.000 # 1500
34535.000 # 1500
34535.000 # 1500
34535.000 # 1500
34535.000 # 1500
34535.000 # 1500
34545.590 + 88 1
34545.699 + 88 1
34545.743 + 88 1
34545.781 + 88 1
34545.818 + 88 1
34545.855 + 88 1
34545.920 + 88 1
34546.103 + 88 1
34546.149 + 88 1
34546.221 + 88 1
34546.351 + 88 1
34546.391 + 88 1
34546.446 + 88 1
34546.484 + 88 1
34546.536 + 88 1
34546.601 + 88 1
34546.640 + 88 1
34546.692 + 88 1
34546.730 + 88 1
34546.780 + 88 1
34546.816 + 88 1
34546.848 + 88 1
34546.901 + 88 1
34547.035 + 88 1
34547.111 + 88 1
34547.174 + 88 1
34547.212 + 88 1
34547.231 + 88 1
34547.266 + 88 1
34547.294 + 88 1
34547.314 + 88 1
34547.378 + 88 1
34547.401 + 88 1
34547.427 + 88 1
34547.446 + 88 1
34547.482 + 88 1
34547.509 + 88 1
34547.528 + 88 1
34547.562 + 88 1
34547.591 + 88 1
34547.610 + 88 1
34547.631 + 88 1
34547.655 + 88 1
34547.678 + 88 1
34547.709 + 88 1
34547.728 + 88 1
34547.747 + 88 1
34547.783 + 88 1
34547.803 + 88 1
34547.826 + 88 1
34547.854 + 88 1
34547.883 + 88 1
34547.902 + 88 1
34547.933 + 88 1
34548.001 + 88 1
34548.034 + 88 1
34548.062 + 88 1
34548.082 + 88 1
34548.115 + 88 1
34548.141 + 88 1
34548.171 + 88 1
34548.202 + 88 1
34548.222 + 88 1
34548.253 + 88 1
34548.319 + 88 1
34548.360 + 88 1
34548.379 + 88 1
34548.407 + 88 1
34548.427 + 88 1
34548.450 + 88 1
34548.477 + 88 1
34548.498 + 88 1
34548.527 + 88 1
34548.547 + 88 1
34548.573 + 88 1
34548.592 + 88 1
34548.619 + 88 1
34548.640 + 88 1
34548.668 + 88 1
34548.687 + 88 1
34548.713 + 88 1
34548.733 + 88 1
34548.742 + 88 1
36035.000 # 1500
36035.000 # 1500
36035.000 # 1500
36035.000 # 1500
36035.000 # 1500
36035.000 # 1500
36035.000 # 1500
36035.000 # 1500
36035.000 # 1500
36035.000 # 1500
36035.000 # 1500
36035.000 # 1500
36035.000 # 1500
36035.000 # 1500
36035.000 # 1500
36035.000 # 1500
36035.000 # 1500
36035.000 # 1500
36035.000 # 1500
36035.000 # 1500
36035.000 # 1500
36035.000 # 1500
36035.000 # 1500
36035.000 # 1500
36035.000 # 1500
36035.000 # 1500
36035.000 # 1500
36035.000 # 1500
36035.000 # 1500
36035.000 # 1500
36035.000 # 1500
36035.000 # 1500
36035.000 # 1500
36035.000 # 1500
36035.000 # 1500
36035.000 # 1500
36035.000 # 1500
36035.000 # 1500
36035.000 # 1500
36035.000 # 1500
36035.000 # 1500
36035.000 # 1500
36035.000 # 1500
36035.000 # 1500
36035.000 # 1500
36035.000 # 1500
36035.000 # 1500
36035.000 # 1500
36035.000 # 1500
36035.000 # 1500
36035.000 # 1500
36035.000 # 1500
36035.000 # 1500
36035.000 # 1500
36035.000 # 1500
36035.000 # 1500
36035.000 # 1500
36035.000 # 1500
36035.000 # 1500
36035.000 # 1500
36035.000 # 1500
36035.000 # 1500
36035.000 # 1500
36035.000 # 1500
36035.000 # 1500
36035.000 # 1500
36035.000 # 1500
36035.000 # 1500
36035.000 # 1500
36035.000 # 1500
36035.000 # 1500
36035.000 # 1500
36035.000 # 1500
36035.000 # 1500
36035.000 # 1500
36035.000 # 1500
36035.000 # 1500
36035.000 # 1500
36035.000 # 1500
36035.000 # 1500
36035.000 # 1500
36035.000 # 1500
36035.000 # 1500
36039.403 - 88 1493.813 1
36039.788 - 88 1494.089 1
36039.880 - 88 1494.137 1
36039.914 - 88 1494.133 1
36039.937 - 88 1494.119 1
36040.023 - 88 1494.168 1
36040.046 - 88 1494.126 1
36040.079 - 88 1493.976 1
36040.114 - 88 1493.965 1
36040.132 - 88 1493.911 1
36040.151 - 88 1493.800 1
36040.168 - 88 1493.777 1
36040.186 - 88 1493.740 1
36040.203 - 88 1493.719 1
36040.220 - 88 1493.684 1
36040.242 - 88 1493.641 1
36040.259 - 88 1493.619 1
36040.296 - 88 1493.604 1
36040.329 - 88 1493.599 1
36040.348 - 88 1493.568 1
36040.367 - 88 1493.551 1
36040.384 - 88 1493.536 1
36040.401 - 88 1493.500 1
36040.432 - 88 1493.397 1
36040.492 - 88 1493.381 1
36040.513 - 88 1493.339 1
36040.530 - 88 1493.318 1
36040.549 - 88 1493.318 1
36040.564 - 88 1493.298 1
36040.579 - 88 1493.285 1
36040.593 - 88 1493.279 1
36040.606 - 88 1493.228 1
36040.619 - 88 1493.218 1
36040.633 - 88 1493.206 1
36040.648 - 88 1493.202 1
36040.661 - 88 1493.179 1
36040.674 - 88 1493.165 1
36040.702 - 88 1493.174 1
36040.719 - 88 1493.157 1
36040.733 - 88 1493.142 1
36040.746 - 88 1493.136 1
36040.759 - 88 1493.128 1
36040.771 - 88 1493.116 1
36040.784 - 88 1493.106 1
36040.796 - 88 1493.087 1
36040.811 - 88 1493.083 1
36040.826 - 88 1493.079 1
36040.841 - 88 1493.058 1
36040.854 - 88 1493.051 1
36040.868 - 88 1493.042 1
36040.881 - 88 1493.027 1
36040.902 - 88 1493.019 1
36040.916 - 88 1493.014 1
36040.930 - 88 1492.997 1
36041.155 - 88 1493.154 1
36041.176 - 88 1493.142 1
36041.189 - 88 1493.127 1
36041.198 - 88 1493.116 1
36041.208 - 88 1493.093 1
36041.217 - 88 1493.076 1
36041.226 - 88 1493.055 1
36041.234 - 88 1493.032 1
36041.241 - 88 1493.019 1
36041.251 - 88 1492.998 1
36041.259 - 88 1492.940 1
36041.274 - 88 1492.914 1
36041.289 - 88 1492.910 1
36041.297 - 88 1492.890 1
36041.304 - 88 1492.877 1
36041.313 - 88 1492.863 1
36041.321 - 88 1492.844 1
36041.329 - 88 1492.831 1
36041.336 - 88 1492.809 1
36041.344 - 88 1492.797 1
36041.351 - 88 1492.778 1
36041.359 - 88 1492.767 1
36041.366 - 88 1492.747 1
36041.374 - 88 1492.734 1
36041.382 - 88 1492.714 1
36041.389 - 88 1492.702 1
36041.395 - 88 1492.682 1
36041.408 - 88 1492.675 1
36041.418 - 88 1492.676 1
36046.012 + 88 1
36046.101 + 88 1
36046.166 + 88 1
36046.230 + 88 1
36046.279 + 88 1
36046.327 + 88 1
36046.371 + 88 1
36046.414 + 88 1
36046.439 + 88 1
36046.494 + 88 1
36046.523 + 88 1
36046.554 + 88 1
36046.596 + 88 1
36046.623 + 88 1
36046.649 + 88 1
36046.690 + 88 1
36046.733 + 88 1
36046.760 + 88 1
36046.791 + 88 1
36046.838 + 88 1
36046.882 + 88 1
36046.910 + 88 1
36047.011 + 88 1
36047.066 + 88 1
36047.093 + 88 1
36047.135 + 88 1
36047.162 + 88 1
36047.212 + 88 1
36047.265 + 88 1
36047.290 + 88 1
36047.331 + 88 1
36047.428 + 88 1
36047.489 + 88 1
36047.532 + 88 1
36047.557 + 88 1
36047.596 + 88 1
37535.000 # 1500
37535.000 # 1500
37535.000 # 1500
37535.000 # 1500
37535.000 # 1500
37535.000 # 1500
37535.000 # 1500
37535.000 # 1500
37535.000 # 1500
37535.000 # 1500
37535.000 # 1500
37535.000 # 1500
37535.000 # 1500
37535.000 # 1500
37535.000 # 1500
37535.000 # 1500
37535.000 # 1500
37535.000 # 1500
37535.000 # 1500
37535.000 # 1500
37535.000 # 1500
37535.000 # 1500
37535.000 # 1500
37535.000 # 1500
37535.000 # 1500
37535.000 # 1500
37535.000 # 1500
37535.000 # 1500
37535.000 # 1500
37535.000 # 1500
37535.000 # 1500
37535.000 # 1500
37535.000 # 1500
37535.000 # 1500
37535.000 # 1500
37535.000 # 1500
37535.000 # 1500
37535.000 # 1500
37535.000 # 1500
37535.000 # 1500
37535.000 # 1500
37535.000 # 1500
37535.000 # 1500
37535.000 # 1500
37535.000 # 1500
37535.000 # 1500
37535.000 # 1500
37535.000 # 1500
37535.000 # 1500
37535.000 # 1500
37535.000 # 1500
37535.000 # 1500
37535.000 # 1500
37535.000 # 1500
37535.000 # 1500
37535.000 # 1500
37535.000 # 1500
37535.000 # 1500
37535.000 # 1500
37535.000 # 1500
37535.000 # 1500
37535.000 # 1500
37535.000 # 1500
37535.000 # 1500
37535.000 # 1500
37535.000 # 1500
37535.000 # 1500
37535.000 # 1500
37535.000 # 1500
37535.000 # 1500
37535.000 # 1500
37535.000 # 1500
37535.000 # 1500
37535.000 # 1500
37535.000 # 1500
37535.000 # 1500
37535.000 # 1500
37535.000 # 1500
37535.000 # 1500
37535.000 # 1500
37535.000 # 1500
37535.000 # 1500
37535.000 # 1500
37537.242 - 88 1491.230 1
37537.369 - 88 1491.268 1
37537.405 - 88 1491.239 1
37537.420 - 88 1491.190 1
37537.437 - 88 1491.158 1
37537.448 - 88 1491.121 1
37537.460 - 88 1491.089 1
37537.470 - 88 1491.056 1
37537.481 - 88 1491.042 1
37537.492 - 88 1490.998 1
37537.504 - 88 1490.981 1
37537.517 - 88 1490.963 1
37537.527 - 88 1490.931 1
37537.537 - 88 1490.914 1
37537.549 - 88 1490.900 1
37537.559 - 88 1490.869 1
37537.568 - 88 1490.835 1
37537.578 - 88 1490.818 1
37537.588 - 88 1490.797 1
37537.599 - 88 1490.761 1
37537.608 - 88 1490.726 1
37537.629 - 88 1490.719 1
37537.672 - 88 1490.661 1
37537.683 - 88 1490.617 1
37537.705 - 88 1490.612 1
37537.717 - 88 1490.582 1
37537.725 - 88 1490.563 1
37537.732 - 88 1490.520 1
37537.739 - 88 1490.474 1
37537.746 - 88 1490.456 1
37537.753 - 88 1490.422 1
37537.760 - 88 1490.332 1
37537.767 - 88 1490.278 1
37537.775 - 88 1490.243 1
37537.783 - 88 1490.226 1
37537.791 - 88 1490.195 1
37542.322 + 88 1
37542.455 + 88 1
37542.509 + 88 1
37542.603 + 88 1
37542.631 + 88 1
37542.672 + 88 1
37542.698 + 88 1
37542.758 + 88 1
37542.789 + 88 1
37542.820 + 88 1
37542.846 + 88 1
37542.999 + 88 1
37543.035 + 88 1
37543.077 + 88 1
37543.120 + 88 1
37543.167 + 88 1
37543.210 + 88 1
37543.228 + 88 1
37543.268 + 88 1
37543.305 + 88 1
37543.340 + 88 1
37543.424 + 88 1
37543.473 + 88 1
37543.498 + 88 1
37543.526 + 88 1
37543.560 + 88 1
37543.618 + 88 1
37543.694 + 88 1
37543.715 + 88 1
37543.743 + 88 1
37543.762 + 88 1
37543.789 + 88 1
37543.809 + 88 1
37543.856 + 88 1
37543.904 + 88 1
37543.928 + 88 1
37544.035 + 88 1
37544.069 + 88 1
37544.087 + 88 1
37544.115 + 88 1
37544.132 + 88 1
37544.156 + 88 1
37544.176 + 88 1
37544.184 + 88 1
39035.000 # 1500
39035.000 # 1500
39035.000 # 1500
39035.000 # 1500
39035.000 # 1500
39035.000 # 1500
39035.000 # 1500
39035.000 # 1500
39035.000 # 1500
39035.000 # 1500
39035.000 # 1500
39035.000 # 1500
39035.000 # 1500
39035.000 # 1500
39035.000 # 1500
39035.000 # 1500
39035.000 # 1500
39035.000 # 1500
39035.000 # 1500
39035.000 # 1500
39035.000 # 1500
39035.000 # 1500
39035.000 # 1500
39035.000 # 1500
39035.000 # 1500
39035.000 # 1500
39035.000 # 1500
39035.000 # 1500
39035.000 # 1500
39035.000 # 1500
39035.000 # 1500
39035.000 # 1500
39035.000 # 1500
39035.000 # 1500
39035.000 # 1500
39035.000 # 1500
39035.000 # 1500
39035.000 # 1500
39035.000 # 1500
39035.000 # 1500
39035.000 # 1500
39035.000 # 1500
39035.000 # 1500
39035.000 # 1500
39035.000 # 1500
39035.000 # 1500
39035.000 # 1500
39035.000 # 1500
39035.000 # 1500
39035.000 # 1500
39035.000 # 1500
39035.000 # 1500
39035.000 # 1500
39035.000 # 1500
39035.000 # 1500
39035.000 # 1500
39035.000 # 1500
39035.000 # 1500
39035.000 # 1500
39035.000 # 1500
39035.000 # 1500
39035.000 # 1500
39035.000 # 1500
39035.000 # 1500
39035.000 # 1500
39035.000 # 1500
39035.000 # 1500
39035.000 # 1500
39035.000 # 1500
39035.000 # 1500
39035.000 # 1500
39035.000 # 1500
39035.000 # 1500
39035.000 # 1500
39035.000 # 1500
39035.000 # 1500
39035.000 # 1500
39035.000 # 1500
39035.000 # 1500
39035.000 # 1500
39035.000 # 1500
39035.000 # 1500
39035.000 # 1500
39040.437 - 88 1498.115 1
39040.740 - 88 1498.285 1
39040.793 - 88 1498.284 1
39040.818 - 88 1498.215 1
39040.852 - 88 1498.221 1
39040.873 - 88 1498.201 1
39040.893 - 88 1498.195 1
39040.913 - 88 1498.155 1
39040.938 - 88 1498.149 1
39041.029 - 88 1498.209 1
39041.052 - 88 1498.206 1
39041.070 - 88 1498.071 1
39041.120 - 88 1498.085 1
39041.159 - 88 1498.082 1
39041.182 - 88 1498.062 1
39041.200 - 88 1498.033 1
39041.222 - 88 1498.012 1
39041.240 - 88 1498.012 1
39041.257 - 88 1497.989 1
39041.275 - 88 1497.970 1
39041.298 - 88 1497.958 1
39041.317 - 88 1497.893 1
39041.337 - 88 1497.864 1
39041.357 - 88 1497.859 1
39041.377 - 88 1497.851 1
39041.395 - 88 1497.835 1
39041.415 - 88 1497.797 1
39041.433 - 88 1497.739 1
39041.457 - 88 1497.742 1
39041.476 - 88 1497.733 1
39041.495 - 88 1497.733 1
39041.512 - 88 1497.723 1
39041.531 - 88 1497.722 1
39041.549 - 88 1497.693 1
39041.566 - 88 1497.662 1
39041.583 - 88 1497.655 1
39041.600 - 88 1497.565 1
39041.619 - 88 1497.550 1
39041.636 - 88 1497.549 1
39041.657 - 88 1497.542 1
39041.666 - 88 1497.534 1
39041.676 - 88 1497.520 1
39041.685 - 88 1497.509 1
39041.695 - 88 1497.511 1
39048.066 + 88 1
39048.119 + 88 1
39048.141 + 88 1
39048.160 + 88 1
39048.179 + 88 1
39048.198 + 88 1
39048.216 + 88 1
39048.241 + 88 1
39048.282 + 88 1
39048.305 + 88 1
39048.335 + 88 1
39048.394 + 88 1
39048.409 + 88 1
39048.428 + 88 1
39048.446 + 88 1
39048.473 + 88 1
39048.494 + 88 1
39048.518 + 88 1
39048.537 + 88 1
39048.561 + 88 1
39048.692 + 88 1
39048.709 + 88 1
39048.747 + 88 1
39048.764 + 88 1
39048.797 + 88 1
39048.814 + 88 1
39048.846 + 88 1
39048.863 + 88 1
39048.881 + 88 1
39048.904 + 88 1
39049.015 + 88 1
39049.036 + 88 1
39049.053 + 88 1
39049.069 + 88 1
39049.085 + 88 1
39049.101 + 88 1
39049.118 + 88 1
39049.142 + 88 1
39049.164 + 88 1
39049.193 + 88 1
39049.211 + 88 1
39049.224 + 88 1
39049.248 + 88 1
39049.266 + 88 1
39049.282 + 88 1
39049.325 + 88 1
39049.342 + 88 1
39049.377 + 88 1
39049.395 + 88 1
39049.433 + 88 1
39049.462 + 88 1
39049.498 + 88 1
39049.530 + 88 1
39049.558 + 88 1
39049.617 + 88 1
39049.633 + 88 1
39049.648 + 88 1
39049.672 + 88 1
39049.702 + 88 1
39049.718 + 88 1
39049.739 + 88 1
39049.762 + 88 1
39049.782 + 88 1
39049.811 + 88 1
39049.828 + 88 1
39049.844 + 88 1
39049.872 + 88 1
39049.889 + 88 1
39049.918 + 88 1
39049.935 + 88 1
39050.033 + 88 1
39050.059 + 88 1
39050.085 + 88 1
39050.103 + 88 1
39050.118 + 88 1
39050.143 + 88 1
39050.162 + 88 1
39050.179 + 88 1
39050.187 + 88 1
40535.000 # 1500
40535.000 # 1500
40535.000 # 1500
40535.000 # 1500
40535.000 # 1500
40535.000 # 1500
40535.000 # 1500
40535.000 # 1500
40535.000 # 1500
40535.000 # 1500
40535.000 # 1500
40535.000 # 1500
40535.000 # 1500
40535.000 # 1500
40535.000 # 1500
40535.000 # 1500
40535.000 # 1500
40535.000 # 1500
40535.000 # 1500
40535.000 # 1500
40535.000 # 1500
40535.000 # 1500
40535.000 # 1500
40535.000 # 1500
40535.000 # 1500
40535.000 # 1500
40535.000 # 1500
40535.000 # 1500
40535.000 # 1500
40535.000 # 1500
40535.000 # 1500
40535.000 # 1500
40535.000 # 1500
40535.000 # 1500
40535.000 # 1500
40535.000 # 1500
40535.000 # 1500
40535.000 # 1500
40535.000 # 1500
40535.000 # 1500
40535.000 # 1500
40535.000 # 1500
40535.000 # 1500
40535.000 # 1500
40535.000 # 1500
40535.000 # 1500
40535.000 # 1500
40535.000 # 1500
40535.000 # 1500
40535.000 # 1500
40535.000 # 1500
40535.000 # 1500
40535.000 # 1500
40535.000 # 1500
40535.000 # 1500
40535.000 # 1500
40535.000 # 1500
40535.000 # 1500
40535.000 # 1500
40535.000 # 1500
40535.000 # 1500
40535.000 # 1500
40535.000 # 1500
40535.000 # 1500
40535.000 # 1500
40535.000 # 1500
40535.000 # 1500
40535.000 # 1500
40535.000 # 1500
40535.000 # 1500
40535.000 # 1500
40535.000 # 1500
40535.000 # 1500
40535.000 # 1500
40535.000 # 1500
40535.000 # 1500
40535.000 # 1500
40535.000 # 1500
40535.000 # 1500
40535.000 # 1500
40535.000 # 1500
40535.000 # 1500
40535.000 # 1500
40538.918 - 88 1490.852 1
40539.251 - 88 1491.132 1
40539.294 - 88 1491.153 1
40539.331 - 88 1491.171 1
40539.353 - 88 1491.174 1
40539.378 - 88 1491.180 1
40539.398 - 88 1491.182 1
40539.427 - 88 1491.186 1
40539.457 - 88 1491.175 1
40539.477 - 88 1491.172 1
40539.495 - 88 1491.160 1
40539.513 - 88 1491.119 1
40539.535 - 88 1491.126 1
40539.555 - 88 1491.127 1
40539.584 - 88 1491.138 1
40539.603 - 88 1491.130 1
40539.621 - 88 1491.127 1
40539.802 - 88 1491.284 1
40539.826 - 88 1491.289 1
40539.842 - 88 1491.281 1
40539.861 - 88 1491.169 1
40539.877 - 88 1491.168 1
40539.892 - 88 1491.145 1
40539.908 - 88 1491.144 1
40539.922 - 88 1491.125 1
40539.936 - 88 1491.122 1
40540.047 - 88 1491.201 1
40540.072 - 88 1491.209 1
40540.088 - 88 1491.207 1
40540.103 - 88 1491.199 1
40540.119 - 88 1491.104 1
40540.134 - 88 1491.098 1
40540.148 - 88 1491.095 1
40540.163 - 88 1491.094 1
40540.178 - 88 1491.093 1
40540.193 - 88 1491.092 1
40540.208 - 88 1491.090 1
40540.222 - 88 1491.080 1
40540.240 - 88 1491.076 1
40540.255 - 88 1491.062 1
40540.270 - 88 1491.059 1
40540.288 - 88 1491.064 1
40540.305 - 88 1491.057 1
40540.319 - 88 1491.053 1
40540.333 - 88 1491.051 1
40540.350 - 88 1491.025 1
40540.366 - 88 1491.024 1
40540.382 - 88 1491.005 1
40540.398 - 88 1491.003 1
40540.413 - 88 1490.980 1
40540.451 - 88 1490.989 1
40540.464 - 88 1490.966 1
40540.490 - 88 1490.960 1
40540.528 - 88 1490.970 1
40540.544 - 88 1490.927 1
40540.559 - 88 1490.926 1
40540.576 - 88 1490.928 1
40540.592 - 88 1490.920 1
40540.609 - 88 1490.907 1
40540.626 - 88 1490.908 1
40540.641 - 88 1490.902 1
40540.659 - 88 1490.897 1
40540.677 - 88 1490.895 1
40540.694 - 88 1490.883 1
40540.713 - 88 1490.885 1
40540.727 - 88 1490.883 1
40540.742 - 88 1490.870 1
40540.757 - 88 1490.868 1
40540.773 - 88 1490.855 1
40540.789 - 88 1490.854 1
40540.804 - 88 1490.771 1
40540.818 - 88 1490.759 1
40540.833 - 88 1490.748 1
40540.847 - 88 1490.744 1
40540.862 - 88 1490.744 1
40540.876 - 88 1490.733 1
40540.891 - 88 1490.729 1
40540.909 - 88 1490.730 1
40540.923 - 88 1490.736 1
40544.175 + 88 1
40544.222 + 88 1
40544.237 + 88 1
40544.261 + 88 1
40544.277 + 88 1
40544.292 + 88 1
40544.306 + 88 1
40544.333 + 88 1
40544.350 + 88 1
40544.424 + 88 1
40544.441 + 88 1
40544.480 + 88 1
40544.505 + 88 1
40544.523 + 88 1
40544.557 + 88 1
40544.593 + 88 1
40544.606 + 88 1
40544.630 + 88 1
40544.646 + 88 1
40544.670 + 88 1
40544.685 + 88 1
40544.710 + 88 1
40544.726 + 88 1
40544.749 + 88 1
40544.764 + 88 1
40544.778 + 88 1
40544.802 + 88 1
40544.816 + 88 1
40544.839 + 88 1
40544.854 + 88 1
40544.876 + 88 1
40544.891 + 88 1
40544.921 + 88 1
40544.934 + 88 1
40545.008 + 88 1
40545.045 + 88 1
40545.060 + 88 1
40545.085 + 88 1
40545.101 + 88 1
40545.126 + 88 1
40545.142 + 88 1
40545.195 + 88 1
40545.211 + 88 1
40545.235 + 88 1
40545.248 + 88 1
40545.270 + 88 1
40545.289 + 88 1
40545.304 + 88 1
40545.318 + 88 1
40545.332 + 88 1
40545.345 + 88 1
40545.359 + 88 1
40545.374 + 88 1
40545.388 + 88 1
40545.402 + 88 1
40545.413 + 88 1
40545.435 + 88 1
40545.460 + 88 1
40545.473 + 88 1
40545.503 + 88 1
40545.518 + 88 1
40545.542 + 88 1
40545.557 + 88 1
40545.570 + 88 1
40545.617 + 88 1
40545.667 + 88 1
40545.686 + 88 1
40545.701 + 88 1
40545.726 + 88 1
40545.743 + 88 1
40545.767 + 88 1
40545.782 + 88 1
40546.077 + 88 1
40546.116 + 88 1
40546.144 + 88 1
40546.238 + 88 1
42035.000 # 1500
42035.000 # 1500
42035.000 # 1500
42035.000 # 1500
42035.000 # 1500
42035.000 # 1500
42035.000 # 1500
42035.000 # 1500
42035.000 # 1500
42035.000 # 1500
42035.000 # 1500
42035.000 # 1500
42035.000 # 1500
42035.000 # 1500
42035.000 # 1500
42035.000 # 1500
42035.000 # 1500
42035.000 # 1500
42035.000 # 1500
42035.000 # 1500
42035.000 # 1500
42035.000 # 1500
42035.000 # 1500
42035.000 # 1500
42035.000 # 1500
42035.000 # 1500
42035.000 # 1500
42035.000 # 1500
42035.000 # 1500
42035.000 # 1500
42035.000 # 1500
42035.000 # 1500
42035.000 # 1500
42035.000 # 1500
42035.000 # 1500
42035.000 # 1500
42035.000 # 1500
42035.000 # 1500
42035.000 # 1500
42035.000 # 1500
42035.000 # 1500
42035.000 # 1500
42035.000 # 1500
42035.000 # 1500
42035.000 # 1500
42035.000 # 1500
42035.000 # 1500
42035.000 # 1500
42035.000 # 1500
42035.000 # 1500
42035.000 # 1500
42035.000 # 1500
42035.000 # 1500
42035.000 # 1500
42035.000 # 1500
42035.000 # 1500
42035.000 # 1500
42035.000 # 1500
42035.000 # 1500
42035.000 # 1500
42035.000 # 1500
42035.000 # 1500
42035.000 # 1500
42035.000 # 1500
42035.000 # 1500
42035.000 # 1500
42035.000 # 1500
42035.000 # 1500
42035.000 # 1500
42035.000 # 1500
42035.000 # 1500
42035.000 # 1500
42035.000 # 1500
42035.000 # 1500
42035.000 # 1500
42035.000 # 1500
42035.000 # 1500
42035.000 # 1500
42035.000 # 1500
42035.000 # 1500
42035.000 # 1500
42035.000 # 1500
42035.000 # 1500
42039.132 - 88 1494.957 1
42039.405 - 88 1495.183 1
42039.465 - 88 1495.228 1
42039.489 - 88 1495.228 1
42039.511 - 88 1495.234 1
42039.539 - 88 1495.247 1
42039.556 - 88 1495.250 1
42039.571 - 88 1495.238 1
42039.585 - 88 1495.235 1
42039.600 - 88 1495.176 1
42039.615 - 88 1495.174 1
42039.630 - 88 1495.150 1
42039.644 - 88 1495.139 1
42039.660 - 88 1495.137 1
42039.676 - 88 1495.119 1
42039.691 - 88 1495.098 1
42039.709 - 88 1495.103 1
42039.726 - 88 1495.096 1
42039.741 - 88 1495.095 1
42039.756 - 88 1495.086 1
42039.771 - 88 1495.086 1
42039.786 - 88 1495.076 1
42039.803 - 88 1495.077 1
42039.817 - 88 1495.068 1
42039.831 - 88 1495.067 1
42039.847 - 88 1495.069 1
42039.861 - 88 1495.059 1
42039.875 - 88 1495.059 1
42039.891 - 88 1495.052 1
42039.909 - 88 1495.055 1
42039.925 - 88 1495.049 1
42039.940 - 88 1495.049 1
42040.031 - 88 1495.110 1
42040.051 - 88 1495.117 1
42040.066 - 88 1495.058 1
42040.080 - 88 1495.035 1
42040.095 - 88 1495.035 1
42040.109 - 88 1495.024 1
42040.123 - 88 1495.022 1
42040.138 - 88 1495.012 1
42040.152 - 88 1495.010 1
42040.166 - 88 1494.971 1
42040.180 - 88 1494.969 1
42040.195 - 88 1494.960 1
42040.210 - 88 1494.962 1
42040.224 - 88 1494.954 1
42040.241 - 88 1494.952 1
42040.259 - 88 1494.955 1
42040.274 - 88 1494.956 1
42040.290 - 88 1494.958 1
42040.308 - 88 1494.963 1
42040.325 - 88 1494.966 1
42040.340 - 88 1494.966 1
42040.356 - 88 1494.968 1
42040.371 - 88 1494.969 1
42040.388 - 88 1494.975 1
42040.404 - 88 1494.969 1
42040.420 - 88 1494.960 1
42040.435 - 88 1494.962 1
42040.449 - 88 1494.946 1
42040.465 - 88 1494.947 1
42040.481 - 88 1494.939 1
42040.498 - 88 1494.941 1
42040.512 - 88 1494.942 1
42040.526 - 88 1494.909 1
42040.540 - 88 1494.873 1
42040.556 - 88 1494.870 1
42040.571 - 88 1494.870 1
42040.585 - 88 1494.859 1
42040.599 - 88 1494.856 1
42040.612 - 88 1494.845 1
42040.626 - 88 1494.844 1
42040.646 - 88 1494.569 1
42040.691 - 88 1494.575 1
42040.710 - 88 1494.566 1
42040.725 - 88 1494.487 1
42045.567 + 88 1
42045.621 + 88 1
42045.686 + 88 1
42045.724 + 88 1
42045.802 + 88 1
42045.889 + 88 1
42045.910 + 88 1
42046.026 + 88 1
42046.070 + 88 1
42046.108 + 88 1
42046.147 + 88 1
42046.205 + 88 1
43535.000 # 1500
43535.000 # 1500
43535.000 # 1500
43535.000 # 1500
43535.000 # 1500
43535.000 # 1500
43535.000 # 1500
43535.000 # 1500
43535.000 # 1500
43535.000 # 1500
43535.000 # 1500
43535.000 # 1500
43535.000 # 1500
43535.000 # 1500
43535.000 # 1500
43535.000 # 1500
43535.000 # 1500
43535.000 # 1500
43535.000 # 1500
43535.000 # 1500
43535.000 # 1500
43535.000 # 1500
43535.000 # 1500
43535.000 # 1500
43535.000 # 1500
43535.000 # 1500
43535.000 # 1500
43535.000 # 1500
43535.000 # 1500
43535.000 # 1500
43535.000 # 1500
43535.000 # 1500
43535.000 # 1500
43535.000 # 1500
43535.000 # 1500
43535.000 # 1500
43535.000 # 1500
43535.000 # 1500
43535.000 # 1500
43535.000 # 1500
43535.000 # 1500
43535.000 # 1500
43535.000 # 1500
43535.000 # 1500
43535.000 # 1500
43535.000 # 1500
43535.000 # 1500
43535.000 # 1500
43535.000 # 1500
43535.000 # 1500
43535.000 # 1500
43535.000 # 1500
43535.000 # 1500
43535.000 # 1500
43535.000 # 1500
43535.000 # 1500
43535.000 # 1500
43535.000 # 1500
43535.000 # 1500
43535.000 # 1500
43535.000 # 1500
43535.000 # 1500
43535.000 # 1500
43535.000 # 1500
43535.000 # 1500
43535.000 # 1500
43535.000 # 1500
43535.000 # 1500
43535.000 # 1500
43535.000 # 1500
43535.000 # 1500
43535.000 # 1500
43535.000 # 1500
43535.000 # 1500
43535.000 # 1500
43535.000 # 1500
43535.000 # 1500
43535.000 # 1500
43535.000 # 1500
43535.000 # 1500
43535.000 # 1500
43535.000 # 1500
43535.000 # 1500
43541.501 - 88 1495.934 1
43542.840 - 88 1497.219 1
43542.863 - 88 1497.177 1
43542.880 - 88 1497.156 1
43542.889 - 88 1497.087 1
43542.897 - 88 1497.008 1
43542.911 - 88 1497.001 1
43542.919 - 88 1496.893 1
43542.930 - 88 1496.860 1
43542.939 - 88 1496.831 1
43542.979 - 88 1496.832 1
43542.989 - 88 1496.784 1
43547.676 + 88 1
43547.738 + 88 1
43547.816 + 88 1
43547.844 + 88 1
43547.874 + 88 1
43547.904 + 88 1
43547.930 + 88 1
43548.000 + 88 1
43548.051 + 88 1
43548.081 + 88 1
43548.115 + 88 1
43548.165 + 88 1
43548.209 + 88 1
43548.243 + 88 1
43548.266 + 88 1
43548.310 + 88 1
43591.435 + 88 1
45035.000 # 1500
45035.000 # 1500
45035.000 # 1500
45035.000 # 1500
45035.000 # 1500
45035.000 # 1500
45035.000 # 1500
45035.000 # 1500
45035.000 # 1500
45035.000 # 1500
45035.000 # 1500
45035.000 # 1500
45035.000 # 1500
45035.000 # 1500
45035.000 # 1500
45035.000 # 1500
45035.000 # 1500
45035.000 # 1500
45035.000 # 1500
45035.000 # 1500
45035.000 # 1500
45035.000 # 1500
45035.000 # 1500
45035.000 # 1500
45035.000 # 1500
45035.000 # 1500
45035.000 # 1500
45035.000 # 1500
45035.000 # 1500
45035.000 # 1500
45035.000 # 1500
45035.000 # 1500
45035.000 # 1500
45035.000 # 1500
45035.000 # 1500
45035.000 # 1500
45035.000 # 1500
45035.000 # 1500
45035.000 # 1500
45035.000 # 1500
45035.000 # 1500
45035.000 # 1500
45035.000 # 1500
45035.000 # 1500
45035.000 # 1500
45035.000 # 1500
45035.000 # 1500
45035.000 # 1500
45035.000 # 1500
45035.000 # 1500
45035.000 # 1500
45035.000 # 1500
45035.000 # 1500
45035.000 # 1500
45035.000 # 1500
45035.000 # 1500
45035.000 # 1500
45035.000 # 1500
45035.000 # 1500
45035.000 # 1500
45035.000 # 1500
45035.000 # 1500
45035.000 # 1500
45035.000 # 1500
45035.000 # 1500
45035.000 # 1500
45035.000 # 1500
45035.000 # 1500
45035.000 # 1500
45035.000 # 1500
45035.000 # 1500
45035.000 # 1500
45035.000 # 1500
45035.000 # 1500
45035.000 # 1500
45035.000 # 1500
45035.000 # 1500
45035.000 # 1500
45035.000 # 1500
45035.000 # 1500
45035.000 # 1500
45035.000 # 1500
45035.000 # 1500
45041.803 - 88 1494.127 1
45042.164 - 88 1494.426 1
45042.204 - 88 1494.388 1
45042.253 - 88 1494.409 1
45042.277 - 88 1494.403 1
45042.296 - 88 1494.392 1
45042.326 - 88 1494.396 1
45042.344 - 88 1494.344 1
45042.361 - 88 1494.310 1
45042.377 - 88 1494.296 1
45042.393 - 88 1494.278 1
45042.411 - 88 1494.246 1
45042.427 - 88 1494.218 1
45042.440 - 88 1494.197 1
45042.454 - 88 1494.188 1
45042.469 - 88 1494.159 1
45042.485 - 88 1451.050 1
45048.792 + 88 1
45048.872 + 88 1
45049.002 + 88 1
45049.044 + 88 1
45049.086 + 88 1
45049.120 + 88 1
45049.166 + 88 1
45049.202 + 88 1
45049.232 + 88 1
45049.271 + 88 1
45049.309 + 88 1
45049.337 + 88 1
45049.361 + 88 1
45049.381 + 88 1
45049.466 + 88 1
45049.508 + 88 1
45049.531 + 88 1
45049.550 + 88 1
45049.593 + 88 1
45049.626 + 88 1
46535.000 # 1500
46535.000 # 1500
46535.000 # 1500
46535.000 # 1500
46535.000 # 1500
46535.000 # 1500
46535.000 # 1500
46535.000 # 1500
46535.000 # 1500
46535.000 # 1500
46535.000 # 1500
46535.000 # 1500
46535.000 # 1500
46535.000 # 1500
46535.000 # 1500
46535.000 # 1500
46535.000 # 1500
46535.000 # 1500
46535.000 # 1500
46535.000 # 1500
46535.000 # 1500
46535.000 # 1500
46535.000 # 1500
46535.000 # 1500
46535.000 # 1500
46535.000 # 1500
46535.000 # 1500
46535.000 # 1500
46535.000 # 1500
46535.000 # 1500
46535.000 # 1500
46535.000 # 1500
46535.000 # 1500
46535.000 # 1500
46535.000 # 1500
46535.000 # 1500
46535.000 # 1500
46535.000 # 1500
46535.000 # 1500
46535.000 # 1500
46535.000 # 1500
46535.000 # 1500
46535.000 # 1500
46535.000 # 1500
46535.000 # 1500
46535.000 # 1500
46535.000 # 1500
46535.000 # 1500
46535.000 # 1500
46535.000 # 1500
46535.000 # 1500
46535.000 # 1500
46535.000 # 1500
46535.000 # 1500
46535.000 # 1500
46535.000 # 1500
46535.000 # 1500
46535.000 # 1500
46535.000 # 1500
46535.000 # 1500
46535.000 # 1500
46535.000 # 1500
46535.000 # 1500
46535.000 # 1500
46535.000 # 1500
46535.000 # 1500
46535.000 # 1500
46535.000 # 1500
46535.000 # 1500
46535.000 # 1500
46535.000 # 1500
46535.000 # 1500
46535.000 # 1500
46535.000 # 1500
46535.000 # 1500
46535.000 # 1500
46535.000 # 1500
46535.000 # 1500
46535.000 # 1500
46535.000 # 1500
46535.000 # 1500
46535.000 # 1500
46535.000 # 1500
46538.735 - 88 1489.943 1
46539.094 - 88 1490.222 1
46539.133 - 88 1490.131 1
46539.155 - 88 1490.111 1
46539.173 - 88 1490.087 1
46539.188 - 88 1490.068 1
46539.204 - 88 1490.038 1
46539.219 - 88 1490.017 1
46539.235 - 88 1490.003 1
46539.250 - 88 1489.979 1
46539.267 - 88 1489.958 1
46539.283 - 88 1489.946 1
46539.299 - 88 1489.938 1
46539.314 - 88 1489.933 1
46539.328 - 88 1489.862 1
46539.346 - 88 1489.838 1
46539.382 - 88 1489.851 1
46539.404 - 88 1489.854 1
46539.419 - 88 1489.826 1
46539.457 - 88 1489.831 1
46545.656 + 88 1
46545.734 + 88 1
46545.809 + 88 1
46545.850 + 88 1
46545.893 + 88 1
46546.013 + 88 1
46546.107 + 88 1
46546.128 + 88 1
46546.176 + 88 1
46546.195 + 88 1
46546.229 + 88 1
46546.321 + 88 1
46546.383 + 88 1
48035.000 # 1500
48035.000 # 1500
48035.000 # 1500
48035.000 # 1500
48035.000 # 1500
48035.000 # 1500
48035.000 # 1500
48035.000 # 1500
48035.000 # 1500
48035.000 # 1500
48035.000 # 1500
48035.000 # 1500
48035.000 # 1500
48035.000 # 1500
48035.000 # 1500
48035.000 # 1500
48035.000 # 1500
48035.000 # 1500
48035.000 # 1500
48035.000 # 1500
48035.000 # 1500
48035.000 # 1500
48035.000 # 1500
48035.000 # 1500
48035.000 # 1500
48035.000 # 1500
48035.000 # 1500
48035.000 # 1500
48035.000 # 1500
48035.000 # 1500
48035.000 # 1500
48035.000 # 1500
48035.000 # 1500
48035.000 # 1500
48035.000 # 1500
48035.000 # 1500
48035.000 # 1500
48035.000 # 1500
48035.000 # 1500
48035.000 # 1500
48035.000 # 1500
48035.000 # 1500
48035.000 # 1500
48035.000 # 1500
48035.000 # 1500
48035.000 # 1500
48035.000 # 1500
48035.000 # 1500
48035.000 # 1500
48035.000 # 1500
48035.000 # 1500
48035.000 # 1500
48035.000 # 1500
48035.000 # 1500
48035.000 # 1500
48035.000 # 1500
48035.000 # 1500
48035.000 # 1500
48035.000 # 1500
48035.000 # 1500
48035.000 # 1500
48035.000 # 1500
48035.000 # 1500
48035.000 # 1500
48035.000 # 1500
48035.000 # 1500
48035.000 # 1500
48035.000 # 1500
48035.000 # 1500
48035.000 # 1500
48035.000 # 1500
48035.000 # 1500
48035.000 # 1500
48035.000 # 1500
48035.000 # 1500
48035.000 # 1500
48035.000 # 1500
48035.000 # 1500
48035.000 # 1500
48035.000 # 1500
48035.000 # 1500
48035.000 # 1500
48035.000 # 1500
48038.805 - 88 1493.149 1
48039.296 - 88 1493.562 1
48039.340 - 88 1493.531 1
48039.389 - 88 1493.539 1
48039.412 - 88 1493.519 1
48039.427 - 88 1493.414 1
48039.444 - 88 1493.337 1
48039.461 - 88 1493.333 1
48039.659 - 88 1493.483 1
48039.680 - 88 1493.485 1
48039.694 - 88 1493.465 1
48039.737 - 88 1493.416 1
48040.058 - 88 1493.675 1
49535.000 # 1500
49535.000 # 1500
49535.000 # 1500
49535.000 # 1500
49535.000 # 1500
49535.000 # 1500
49535.000 # 1500
49535.000 # 1500
49535.000 # 1500
49535.000 # 1500
49535.000 # 1500
49535.000 # 1500
49535.000 # 1500
49535.000 # 1500
49535.000 # 1500
49535.000 # 1500
49535.000 # 1500
49535.000 # 1500
49535.000 # 1500
49535.000 # 1500
49535.000 # 1500
49535.000 # 1500
49535.000 # 1500
49535.000 # 1500
49535.000 # 1500
49535.000 # 1500
49535.000 # 1500
49535.000 # 1500
49535.000 # 1500
49535.000 # 1500
49535.000 # 1500
49535.000 # 1500
49535.000 # 1500
49535.000 # 1500
49535.000 # 1500
49535.000 # 1500
49535.000 # 1500
49535.000 # 1500
49535.000 # 1500
49535.000 # 1500
49535.000 # 1500
49535.000 # 1500
49535.000 # 1500
49535.000 # 1500
49535.000 # 1500
49535.000 # 1500
49535.000 # 1500
49535.000 # 1500
49535.000 # 1500
49535.000 # 1500
49535.000 # 1500
49535.000 # 1500
49535.000 # 1500
49535.000 # 1500
49535.000 # 1500
49535.000 # 1500
49535.000 # 1500
49535.000 # 1500
49535.000 # 1500
49535.000 # 1500
49535.000 # 1500
49535.000 # 1500
49535.000 # 1500
49535.000 # 1500
49535.000 # 1500
49535.000 # 1500
49535.000 # 1500
49535.000 # 1500
49535.000 # 1500
49535.000 # 1500
49535.000 # 1500
49535.000 # 1500
49535.000 # 1500
49535.000 # 1500
49535.000 # 1500
49535.000 # 1500
49535.000 # 1500
49535.000 # 1500
49535.000 # 1500
49535.000 # 1500
49535.000 # 1500
49535.000 # 1500
49535.000 # 1500
49545.412 + 88 1
49545.540 + 88 1
51035.000 # 1500
51035.000 # 1500
51035.000 # 1500
51035.000 # 1500
51035.000 # 1500
51035.000 # 1500
51035.000 # 1500
51035.000 # 1500
51035.000 # 1500
51035.000 # 1500
51035.000 # 1500
51035.000 # 1500
51035.000 # 1500
51035.000 # 1500
51035.000 # 1500
51035.000 # 1500
51035.000 # 1500
51035.000 # 1500
51035.000 # 1500
51035.000 # 1500
51035.000 # 1500
51035.000 # 1500
51035.000 # 1500
51035.000 # 1500
51035.000 # 1500
51035.000 # 1500
51035.000 # 1500
51035.000 # 1500
51035.000 # 1500
51035.000 # 1500
51035.000 # 1500
51035.000 # 1500
51035.000 # 1500
51035.000 # 1500
51035.000 # 1500
51035.000 # 1500
51035.000 # 1500
51035.000 # 1500
51035.000 # 1500
51035.000 # 1500
51035.000 # 1500
51035.000 # 1500
51035.000 # 1500
51035.000 # 1500
51035.000 # 1500
51035.000 # 1500
51035.000 # 1500
51035.000 # 1500
51035.000 # 1500
51035.000 # 1500
51035.000 # 1500
51035.000 # 1500
51035.000 # 1500
51035.000 # 1500
51035.000 # 1500
51035.000 # 1500
51035.000 # 1500
51035.000 # 1500
51035.000 # 1500
51035.000 # 1500
51035.000 # 1500
51035.000 # 1500
51035.000 # 1500
51035.000 # 1500
51035.000 # 1500
51035.000 # 1500
51035.000 # 1500
51035.000 # 1500
51035.000 # 1500
51035.000 # 1500
51035.000 # 1500
51035.000 # 1500
51035.000 # 1500
51035.000 # 1500
51035.000 # 1500
51035.000 # 1500
51035.000 # 1500
51035.000 # 1500
51035.000 # 1500
51035.000 # 1500
51035.000 # 1500
51035.000 # 1500
51035.000 # 1500
51038.407 - 88 1492.995 1
51038.835 - 88 1493.295 1
52535.000 # 1500
52535.000 # 1500
52535.000 # 1500
52535.000 # 1500
52535.000 # 1500
52535.000 # 1500
52535.000 # 1500
52535.000 # 1500
52535.000 # 1500
52535.000 # 1500
52535.000 # 1500
52535.000 # 1500
52535.000 # 1500
52535.000 # 1500
52535.000 # 1500
52535.000 # 1500
52535.000 # 1500
52535.000 # 1500
52535.000 # 1500
52535.000 # 1500
52535.000 # 1500
52535.000 # 1500
52535.000 # 1500
52535.000 # 1500
52535.000 # 1500
52535.000 # 1500
52535.000 # 1500
52535.000 # 1500
52535.000 # 1500
52535.000 # 1500
52535.000 # 1500
52535.000 # 1500
52535.000 # 1500
52535.000 # 1500
52535.000 # 1500
52535.000 # 1500
52535.000 # 1500
52535.000 # 1500
52535.000 # 1500
52535.000 # 1500
52535.000 # 1500
52535.000 # 1500
52535.000 # 1500
52535.000 # 1500
52535.000 # 1500
52535.000 # 1500
52535.000 # 1500
52535.000 # 1500
52535.000 # 1500
52535.000 # 1500
52535.000 # 1500
52535.000 # 1500
52535.000 # 1500
52535.000 # 1500
52535.000 # 1500
52535.000 # 1500
52535.000 # 1500
52535.000 # 1500
52535.000 # 1500
52535.000 # 1500
52535.000 # 1500
52535.000 # 1500
52535.000 # 1500
52535.000 # 1500
52535.000 # 1500
52535.000 # 1500
52535.000 # 1500
52535.000 # 1500
52535.000 # 1500
52535.000 # 1500
52535.000 # 1500
52535.000 # 1500
52535.000 # 1500
52535.000 # 1500
52535.000 # 1500
52535.000 # 1500
52535.000 # 1500
52535.000 # 1500
52535.000 # 1500
52535.000 # 1500
52535.000 # 1500
52535.000 # 1500
52535.000 # 1500
52545.374 + 88 1
52545.454 + 88 1
52545.570 + 88 1
52545.616 + 88 1
52545.686 + 88 1
52545.745 + 88 1
52545.819 + 88 1
52545.879 + 88 1
52545.918 + 88 1
52546.162 + 88 1
52546.268 + 88 1
52546.306 + 88 1
52546.357 + 88 1
52546.406 + 88 1
52590.163 + 88 1
54035.000 # 1500
54035.000 # 1500
54035.000 # 1500
54035.000 # 1500
54035.000 # 1500
54035.000 # 1500
54035.000 # 1500
54035.000 # 1500
54035.000 # 1500
54035.000 # 1500
54035.000 # 1500
54035.000 # 1500
54035.000 # 1500
54035.000 # 1500
54035.000 # 1500
54035.000 # 1500
54035.000 # 1500
54035.000 # 1500
54035.000 # 1500
54035.000 # 1500
54035.000 # 1500
54035.000 # 1500
54035.000 # 1500
54035.000 # 1500
54035.000 # 1500
54035.000 # 1500
54035.000 # 1500
54035.000 # 1500
54035.000 # 1500
54035.000 # 1500
54035.000 # 1500
54035.000 # 1500
54035.000 # 1500
54035.000 # 1500
54035.000 # 1500
54035.000 # 1500
54035.000 # 1500
54035.000 # 1500
54035.000 # 1500
54035.000 # 1500
54035.000 # 1500
54035.000 # 1500
54035.000 # 1500
54035.000 # 1500
54035.000 # 1500
54035.000 # 1500
54035.000 # 1500
54035.000 # 1500
54035.000 # 1500
54035.000 # 1500
54035.000 # 1500
54035.000 # 1500
54035.000 # 1500
54035.000 # 1500
54035.000 # 1500
54035.000 # 1500
54035.000 # 1500
54035.000 # 1500
54035.000 # 1500
54035.000 # 1500
54035.000 # 1500
54035.000 # 1500
54035.000 # 1500
54035.000 # 1500
54035.000 # 1500
54035.000 # 1500
54035.000 # 1500
54035.000 # 1500
54035.000 # 1500
54035.000 # 1500
54035.000 # 1500
54035.000 # 1500
54035.000 # 1500
54035.000 # 1500
54035.000 # 1500
54035.000 # 1500
54035.000 # 1500
54035.000 # 1500
54035.000 # 1500
54035.000 # 1500
54035.000 # 1500
54035.000 # 1500
54035.000 # 1500
54039.145 - 88 1493.771 1
54039.479 - 88 1494.025 1
54039.522 - 88 1493.952 1
54039.547 - 88 1493.931 1
54039.566 - 88 1493.880 1
54039.588 - 88 1493.843 1
54039.606 - 88 1493.787 1
54039.625 - 88 1493.746 1
54039.663 - 88 1493.745 1
54039.684 - 88 1493.522 1
54039.704 - 88 1493.436 1
54039.727 - 88 1493.421 1
54039.740 - 88 1493.383 1
54039.757 - 88 1493.351 1
54039.772 - 88 1449.609 1
54045.034 + 88 1
54045.122 + 88 1
54045.394 + 88 1
54046.586 + 88 1
54046.638 + 88 1
54046.730 + 88 1
54046.823 + 88 1
54046.854 + 88 1
54046.897 + 88 1
54046.938 + 88 1
54047.016 + 88 1
54047.056 + 88 1
54047.098 + 88 1
54047.128 + 88 1
54047.152 + 88 1
54047.229 + 88 1
54047.271 + 88 1
54047.298 + 88 1
54047.374 + 88 1
54047.427 + 88 1
54047.460 + 88 1
54047.615 + 88 1
55535.000 # 1500
55535.000 # 1500
55535.000 # 1500
55535.000 # 1500
55535.000 # 1500
55535.000 # 1500
55535.000 # 1500
55535.000 # 1500
55535.000 # 1500
55535.000 # 1500
55535.000 # 1500
55535.000 # 1500
55535.000 # 1500
55535.000 # 1500
55535.000 # 1500
55535.000 # 1500
55535.000 # 1500
55535.000 # 1500
55535.000 # 1500
55535.000 # 1500
55535.000 # 1500
55535.000 # 1500
55535.000 # 1500
55535.000 # 1500
55535.000 # 1500
55535.000 # 1500
55535.000 # 1500
55535.000 # 1500
55535.000 # 1500
55535.000 # 1500
55535.000 # 1500
55535.000 # 1500
55535.000 # 1500
55535.000 # 1500
55535.000 # 1500
55535.000 # 1500
55535.000 # 1500
55535.000 # 1500
55535.000 # 1500
55535.000 # 1500
55535.000 # 1500
55535.000 # 1500
55535.000 # 1500
55535.000 # 1500
55535.000 # 1500
55535.000 # 1500
55535.000 # 1500
55535.000 # 1500
55535.000 # 1500
55535.000 # 1500
55535.000 # 1500
55535.000 # 1500
55535.000 # 1500
55535.000 # 1500
55535.000 # 1500
55535.000 # 1500
55535.000 # 1500
55535.000 # 1500
55535.000 # 1500
55535.000 # 1500
55535.000 # 1500
55535.000 # 1500
55535.000 # 1500
55535.000 # 1500
55535.000 # 1500
55535.000 # 1500
55535.000 # 1500
55535.000 # 1500
55535.000 # 1500
55535.000 # 1500
55535.000 # 1500
55535.000 # 1500
55535.000 # 1500
55535.000 # 1500
55535.000 # 1500
55535.000 # 1500
55535.000 # 1500
55535.000 # 1500
55535.000 # 1500
55535.000 # 1500
55535.000 # 1500
55535.000 # 1500
55535.000 # 1500
55538.695 - 88 1493.661 1
55539.072 - 88 1493.950 1
55539.133 - 88 1493.739 1
55539.171 - 88 1492.585 1
55539.245 - 88 1492.607 1
55539.267 - 88 1492.537 1
55539.285 - 88 1492.462 1
55539.301 - 88 1492.447 1
55539.315 - 88 1492.418 1
55539.331 - 88 1492.393 1
55539.348 - 88 1492.332 1
55539.369 - 88 1492.313 1
55539.388 - 88 1492.290 1
55539.403 - 88 1492.275 1
55539.418 - 88 1492.266 1
55539.434 - 88 1492.205 1
55539.449 - 88 1492.178 1
55539.463 - 88 1492.165 1
55539.477 - 88 1492.103 1
55539.497 - 88 1492.070 1
55539.512 - 88 1492.052 1
55539.530 - 88 1491.915 1
55544.478 + 88 1
55544.538 + 88 1
55544.686 + 88 1
55544.716 + 88 1
55544.748 + 88 1
55544.780 + 88 1
55544.819 + 88 1
55544.886 + 88 1
55544.988 + 88 1
55545.027 + 88 1
55545.071 + 88 1
55545.097 + 88 1
55545.121 + 88 1
55545.162 + 88 1
55545.202 + 88 1
55545.264 + 88 1
55545.701 + 88 1
55545.743 + 88 1
55545.764 + 88 1
55545.815 + 88 1
55545.837 + 88 1
55545.895 + 88 1
55545.935 + 88 1
55546.066 + 88 1
57035.000 # 1500
57035.000 # 1500
57035.000 # 1500
57035.000 # 1500
57035.000 # 1500
57035.000 # 1500
57035.000 # 1500
57035.000 # 1500
57035.000 # 1500
57035.000 # 1500
57035.000 # 1500
57035.000 # 1500
57035.000 # 1500
57035.000 # 1500
57035.000 # 1500
57035.000 # 1500
57035.000 # 1500
57035.000 # 1500
57035.000 # 1500
57035.000 # 1500
57035.000 # 1500
57035.000 # 1500
57035.000 # 1500
57035.000 # 1500
57035.000 # 1500
57035.000 # 1500
57035.000 # 1500
57035.000 # 1500
57035.000 # 1500
57035.000 # 1500
57035.000 # 1500
57035.000 # 1500
57035.000 # 1500
57035.000 # 1500
57035.000 # 1500
57035.000 # 1500
57035.000 # 1500
57035.000 # 1500
57035.000 # 1500
57035.000 # 1500
57035.000 # 1500
57035.000 # 1500
57035.000 # 1500
57035.000 # 1500
57035.000 # 1500
57035.000 # 1500
57035.000 # 1500
57035.000 # 1500
57035.000 # 1500
57035.000 # 1500
57035.000 # 1500
57035.000 # 1500
57035.000 # 1500
57035.000 # 1500
57035.000 # 1500
57035.000 # 1500
57035.000 # 1500
57035.000 # 1500
57035.000 # 1500
57035.000 # 1500
57035.000 # 1500
57035.000 # 1500
57035.000 # 1500
57035.000 # 1500
57035.000 # 1500
57035.000 # 1500
57035.000 # 1500
57035.000 # 1500
57035.000 # 1500
57035.000 # 1500
57035.000 # 1500
57035.000 # 1500
57035.000 # 1500
57035.000 # 1500
57035.000 # 1500
57035.000 # 1500
57035.000 # 1500
57035.000 # 1500
57035.000 # 1500
57035.000 # 1500
57035.000 # 1500
57035.000 # 1500
57035.000 # 1500
57040.645 - 88 1496.167 1
57040.857 - 88 1496.319 1
57040.901 - 88 1496.215 1
57040.940 - 88 1496.224 1
57041.069 - 88 1496.321 1
57041.088 - 88 1496.308 1
57041.103 - 88 1496.284 1
57041.121 - 88 1496.235 1
57041.137 - 88 1496.149 1
57041.156 - 88 1496.129 1
57041.171 - 88 1496.100 1
57041.191 - 88 1496.094 1
57041.205 - 88 1496.084 1
57041.220 - 88 1496.058 1
57041.234 - 88 1496.032 1
57041.256 - 88 1495.992 1
57041.272 - 88 1495.571 1
57041.304 - 88 1495.561 1
57041.322 - 88 1495.558 1
57041.337 - 88 1495.522 1
57041.355 - 88 1495.518 1
57041.370 - 88 1495.475 1
57041.387 - 88 1495.452 1
57041.407 - 88 1495.341 1
57047.124 + 88 1
57047.218 + 88 1
57047.348 + 88 1
57047.458 + 88 1
57047.541 + 88 1
57047.600 + 88 1
57047.675 + 88 1
57047.723 + 88 1
57047.835 + 88 1
57047.867 + 88 1
57047.900 + 88 1
57048.168 + 88 1
57048.245 + 88 1
57048.316 + 88 1
57048.410 + 88 1
57048.582 + 88 1
57048.660 + 88 1
57048.727 + 88 1
57048.807 + 88 1
57048.896 + 88 1
57049.052 + 88 1
57049.127 + 88 1
57049.150 + 88 1
58535.000 # 1500
58535.000 # 1500
58535.000 # 1500
58535.000 # 1500
58535.000 # 1500
58535.000 # 1500
58535.000 # 1500
58535.000 # 1500
58535.000 # 1500
58535.000 # 1500
58535.000 # 1500
58535.000 # 1500
58535.000 # 1500
58535.000 # 1500
58535.000 # 1500
58535.000 # 1500
58535.000 # 1500
58535.000 # 1500
58535.000 # 1500
58535.000 # 1500
58535.000 # 1500
58535.000 # 1500
58535.000 # 1500
58535.000 # 1500
58535.000 # 1500
58535.000 # 1500
58535.000 # 1500
58535.000 # 1500
58535.000 # 1500
58535.000 # 1500
58535.000 # 1500
58535.000 # 1500
58535.000 # 1500
58535.000 # 1500
58535.000 # 1500
58535.000 # 1500
58535.000 # 1500
58535.000 # 1500
58535.000 # 1500
58535.000 # 1500
58535.000 # 1500
58535.000 # 1500
58535.000 # 1500
58535.000 # 1500
58535.000 # 1500
58535.000 # 1500
58535.000 # 1500
58535.000 # 1500
58535.000 # 1500
58535.000 # 1500
58535.000 # 1500
58535.000 # 1500
58535.000 # 1500
58535.000 # 1500
58535.000 # 1500
58535.000 # 1500
58535.000 # 1500
58535.000 # 1500
58535.000 # 1500
58535.000 # 1500
58535.000 # 1500
58535.000 # 1500
58535.000 # 1500
58535.000 # 1500
58535.000 # 1500
58535.000 # 1500
58535.000 # 1500
58535.000 # 1500
58535.000 # 1500
58535.000 # 1500
58535.000 # 1500
58535.000 # 1500
58535.000 # 1500
58535.000 # 1500
58535.000 # 1500
58535.000 # 1500
58535.000 # 1500
58535.000 # 1500
58535.000 # 1500
58535.000 # 1500
58535.000 # 1500
58535.000 # 1500
58535.000 # 1500
58538.362 - 88 1491.238 1
58538.667 - 88 1491.449 1
58538.713 - 88 1491.365 1
58538.738 - 88 1491.280 1
58538.755 - 88 1491.214 1
58538.777 - 88 1491.177 1
58538.799 - 88 1491.124 1
58538.816 - 88 1491.093 1
58538.831 - 88 1490.996 1
58538.850 - 88 1490.983 1
58538.869 - 88 1490.969 1
58538.884 - 88 1490.716 1
58538.903 - 88 1490.658 1
58538.919 - 88 1490.603 1
58538.934 - 88 1490.524 1
58539.023 - 88 1490.441 1
58539.039 - 88 1490.379 1
58539.048 - 88 1490.321 1
58539.058 - 88 1490.251 1
58539.067 - 88 1490.171 1
58539.078 - 88 1490.026 1
58539.087 - 88 1489.960 1
58539.103 - 88 1489.953 1
58545.145 + 88 1
58545.204 + 88 1
58545.285 + 88 1
58545.320 + 88 1
58545.353 + 88 1
58545.421 + 88 1
58545.440 + 88 1
58545.505 + 88 1
58545.596 + 88 1
58545.626 + 88 1
58545.664 + 88 1
58545.682 + 88 1
58545.712 + 88 1
58545.786 + 88 1
58545.820 + 88 1
58586.578 + 88 1
60035.000 # 1500
60035.000 # 1500
60035.000 # 1500
60035.000 # 1500
60035.000 # 1500
60035.000 # 1500
60035.000 # 1500
60035.000 # 1500
60035.000 # 1500
60035.000 # 1500
60035.000 # 1500
60035.000 # 1500
60035.000 # 1500
60035.000 # 1500
60035.000 # 1500
60035.000 # 1500
60035.000 # 1500
60035.000 # 1500
60035.000 # 1500
60035.000 # 1500
60035.000 # 1500
60035.000 # 1500
60035.000 # 1500
60035.000 # 1500
60035.000 # 1500
60035.000 # 1500
60035.000 # 1500
60035.000 # 1500
60035.000 # 1500
60035.000 # 1500
60035.000 # 1500
60035.000 # 1500
60035.000 # 1500
60035.000 # 1500
60035.000 # 1500
60035.000 # 1500
60035.000 # 1500
60035.000 # 1500
60035.000 # 1500
60035.000 # 1500
60035.000 # 1500
60035.000 # 1500
60035.000 # 1500
60035.000 # 1500
60035.000 # 1500
60035.000 # 1500
60035.000 # 1500
60035.000 # 1500
60035.000 # 1500
60035.000 # 1500
60035.000 # 1500
60035.000 # 1500
60035.000 # 1500
60035.000 # 1500
60035.000 # 1500
60035.000 # 1500
60035.000 # 1500
60035.000 # 1500
60035.000 # 1500
60035.000 # 1500
60035.000 # 1500
60035.000 # 1500
60035.000 # 1500
60035.000 # 1500
60035.000 # 1500
60035.000 # 1500
60035.000 # 1500
60035.000 # 1500
60035.000 # 1500
60035.000 # 1500
60035.000 # 1500
60035.000 # 1500
60035.000 # 1500
60035.000 # 1500
60035.000 # 1500
60035.000 # 1500
60035.000 # 1500
60035.000 # 1500
60035.000 # 1500
60035.000 # 1500
60035.000 # 1500
60035.000 # 1500
60035.000 # 1500
60039.499 - 88 1494.354 1
60039.771 - 88 1494.567 1
60039.814 - 88 1494.529 1
60039.842 - 88 1494.522 1
60039.859 - 88 1494.506 1
60039.875 - 88 1494.454 1
60039.900 - 88 1494.460 1
60039.918 - 88 1494.413 1
60039.937 - 88 1494.341 1
60040.047 - 88 1494.421 1
60040.070 - 88 1494.406 1
60040.085 - 88 1494.403 1
60040.102 - 88 1494.390 1
60040.119 - 88 1494.333 1
60040.137 - 88 1494.317 1
60040.160 - 88 1453.582 1
60045.791 + 88 1
60045.850 + 88 1
60045.936 + 88 1
60046.036 + 88 1
60046.062 + 88 1
60046.086 + 88 1
60046.139 + 88 1
60046.158 + 88 1
60046.189 + 88 1
60046.210 + 88 1
60046.367 + 88 1
60046.773 + 88 1
61535.000 # 1500
61535.000 # 1500
61535.000 # 1500
61535.000 # 1500
61535.000 # 1500
61535.000 # 1500
61535.000 # 1500
61535.000 # 1500
61535.000 # 1500
61535.000 # 1500
61535.000 # 1500
61535.000 # 1500
61535.000 # 1500
61535.000 # 1500
61535.000 # 1500
61535.000 # 1500
61535.000 # 1500
61535.000 # 1500
61535.000 # 1500
61535.000 # 1500
61535.000 # 1500
61535.000 # 1500
61535.000 # 1500
61535.000 # 1500
61535.000 # 1500
61535.000 # 1500
61535.000 # 1500
61535.000 # 1500
61535.000 # 1500
61535.000 # 1500
61535.000 # 1500
61535.000 # 1500
61535.000 # 1500
61535.000 # 1500
61535.000 # 1500
61535.000 # 1500
61535.000 # 1500
61535.000 # 1500
61535.000 # 1500
61535.000 # 1500
61535.000 # 1500
61535.000 # 1500
61535.000 # 1500
61535.000 # 1500
61535.000 # 1500
61535.000 # 1500
61535.000 # 1500
61535.000 # 1500
61535.000 # 1500
61535.000 # 1500
61535.000 # 1500
61535.000 # 1500
61535.000 # 1500
61535.000 # 1500
61535.000 # 1500
61535.000 # 1500
61535.000 # 1500
61535.000 # 1500
61535.000 # 1500
61535.000 # 1500
61535.000 # 1500
61535.000 # 1500
61535.000 # 1500
61535.000 # 1500
61535.000 # 1500
61535.000 # 1500
61535.000 # 1500
61535.000 # 1500
61535.000 # 1500
61535.000 # 1500
61535.000 # 1500
61535.000 # 1500
61535.000 # 1500
61535.000 # 1500
61535.000 # 1500
61535.000 # 1500
61535.000 # 1500
61535.000 # 1500
61535.000 # 1500
61535.000 # 1500
61535.000 # 1500
61535.000 # 1500
61535.000 # 1500
61538.398 - 88 1492.607 1
61538.723 - 88 1492.873 1
61538.765 - 88 1492.829 1
61538.788 - 88 1492.752 1
61538.805 - 88 1492.743 1
61538.821 - 88 1492.735 1
61538.837 - 88 1492.698 1
61538.853 - 88 1492.695 1
61538.868 - 88 1492.679 1
61538.884 - 88 1492.674 1
61538.907 - 88 1492.540 1
61538.933 - 88 1492.160 1
61545.780 + 88 1
61545.847 + 88 1
61545.904 + 88 1
61546.121 + 88 1
61546.192 + 88 1
61546.262 + 88 1
61546.332 + 88 1
61546.534 + 88 1
61546.593 + 88 1
61546.652 + 88 1
61546.708 + 88 1
61546.771 + 88 1
61546.809 + 88 1
61546.848 + 88 1
61547.023 + 88 1
61547.051 + 88 1
61547.125 + 88 1
61547.162 + 88 1
61547.179 + 88 1
61547.209 + 88 1
61547.242 + 88 1
61547.282 + 88 1
61588.074 + 88 1
63035.000 # 1500
63035.000 # 1500
63035.000 # 1500
63035.000 # 1500
63035.000 # 1500
63035.000 # 1500
63035.000 # 1500
63035.000 # 1500
63035.000 # 1500
63035.000 # 1500
63035.000 # 1500
63035.000 # 1500
63035.000 # 1500
63035.000 # 1500
63035.000 # 1500
63035.000 # 1500
63035.000 # 1500
63035.000 # 1500
63035.000 # 1500
63035.000 # 1500
63035.000 # 1500
63035.000 # 1500
63035.000 # 1500
63035.000 # 1500
63035.000 # 1500
63035.000 # 1500
63035.000 # 1500
63035.000 # 1500
63035.000 # 1500
63035.000 # 1500
63035.000 # 1500
63035.000 # 1500
63035.000 # 1500
63035.000 # 1500
63035.000 # 1500
63035.000 # 1500
63035.000 # 1500
63035.000 # 1500
63035.000 # 1500
63035.000 # 1500
63035.000 # 1500
63035.000 # 1500
63035.000 # 1500
63035.000 # 1500
63035.000 # 1500
63035.000 # 1500
63035.000 # 1500
63035.000 # 1500
63035.000 # 1500
63035.000 # 1500
63035.000 # 1500
63035.000 # 1500
63035.000 # 1500
63035.000 # 1500
63035.000 # 1500
63035.000 # 1500
63035.000 # 1500
63035.000 # 1500
63035.000 # 1500
63035.000 # 1500
63035.000 # 1500
63035.000 # 1500
63035.000 # 1500
63035.000 # 1500
63035.000 # 1500
63035.000 # 1500
63035.000 # 1500
63035.000 # 1500
63035.000 # 1500
63035.000 # 1500
63035.000 # 1500
63035.000 # 1500
63035.000 # 1500
63035.000 # 1500
63035.000 # 1500
63035.000 # 1500
63035.000 # 1500
63035.000 # 1500
63035.000 # 1500
63035.000 # 1500
63035.000 # 1500
63035.000 # 1500
63035.000 # 1500
63038.611 - 88 1492.831 1
63038.885 - 88 1493.038 1
63038.926 - 88 1493.022 1
63039.016 - 88 1492.895 1
63039.043 - 88 1492.851 1
63039.059 - 88 1492.797 1
63039.075 - 88 1492.743 1
63039.091 - 88 1492.557 1
63039.111 - 88 1492.518 1
63039.129 - 88 1492.477 1
63039.146 - 88 1492.438 1
63039.162 - 88 1492.391 1
63039.176 - 88 1492.367 1
63039.191 - 88 1492.343 1
63039.206 - 88 1492.183 1
63039.222 - 88 1492.171 1
63039.238 - 88 1492.113 1
63039.258 - 88 1492.096 1
63039.273 - 88 1492.094 1
63039.288 - 88 1492.079 1
63039.305 - 88 1492.063 1
63039.324 - 88 1492.042 1
63039.339 - 88 1451.265 1
63045.722 + 88 1
63046.020 + 88 1
63046.094 + 88 1
63046.114 + 88 1
63046.139 + 88 1
63046.213 + 88 1
63046.233 + 88 1
63046.270 + 88 1
63046.313 + 88 1
63046.383 + 88 1
63046.414 + 88 1
63046.485 + 88 1
63046.555 + 88 1
63046.587 + 88 1
63046.623 + 88 1
63046.696 + 88 1
63046.742 + 88 1
63046.789 + 88 1
63046.821 + 88 1
63046.872 + 88 1
63046.979 + 88 1
63047.005 + 88 1
63047.027 + 88 1
63047.073 + 88 1
63047.133 + 88 1
63047.188 + 88 1
63047.209 + 88 1
63047.297 + 88 1
64535.000 # 1500
64535.000 # 1500
64535.000 # 1500
64535.000 # 1500
64535.000 # 1500
64535.000 # 1500
64535.000 # 1500
64535.000 # 1500
64535.000 # 1500
64535.000 # 1500
64535.000 # 1500
64535.000 # 1500
64535.000 # 1500
64535.000 # 1500
64535.000 # 1500
64535.000 # 1500
64535.000 # 1500
64535.000 # 1500
64535.000 # 1500
64535.000 # 1500
64535.000 # 1500
64535.000 # 1500
64535.000 # 1500
64535.000 # 1500
64535.000 # 1500
64535.000 # 1500
64535.000 # 1500
64535.000 # 1500
64535.000 # 1500
64535.000 # 1500
64535.000 # 1500
64535.000 # 1500
64535.000 # 1500
64535.000 # 1500
64535.000 # 1500
64535.000 # 1500
64535.000 # 1500
64535.000 # 1500
64535.000 # 1500
64535.000 # 1500
64535.000 # 1500
64535.000 # 1500
64535.000 # 1500
64535.000 # 1500
64535.000 # 1500
64535.000 # 1500
64535.000 # 1500
64535.000 # 1500
64535.000 # 1500
64535.000 # 1500
64535.000 # 1500
64535.000 # 1500
64535.000 # 1500
64535.000 # 1500
64535.000 # 1500
64535.000 # 1500
64535.000 # 1500
64535.000 # 1500
64535.000 # 1500
64535.000 # 1500
64535.000 # 1500
64535.000 # 1500
64535.000 # 1500
64535.000 # 1500
64535.000 # 1500
64535.000 # 1500
64535.000 # 1500
64535.000 # 1500
64535.000 # 1500
64535.000 # 1500
64535.000 # 1500
64535.000 # 1500
64535.000 # 1500
64535.000 # 1500
64535.000 # 1500
64535.000 # 1500
64535.000 # 1500
64535.000 # 1500
64535.000 # 1500
64535.000 # 1500
64535.000 # 1500
64535.000 # 1500
64535.000 # 1500
64537.126 - 88 1491.404 1
64537.286 - 88 1491.266 1
64537.332 - 88 1491.238 1
64537.362 - 88 1491.248 1
64537.378 - 88 1491.239 1
64537.393 - 88 1491.180 1
64537.408 - 88 1491.175 1
64537.430 - 88 1491.160 1
64537.445 - 88 1491.132 1
64537.460 - 88 1491.077 1
64537.473 - 88 1491.059 1
64537.489 - 88 1491.004 1
64537.503 - 88 1490.948 1
64537.519 - 88 1490.932 1
64537.535 - 88 1490.912 1
64537.568 - 88 1490.872 1
64537.582 - 88 1490.840 1
64537.602 - 88 1490.813 1
64537.616 - 88 1490.795 1
64537.633 - 88 1490.761 1
64537.648 - 88 1490.669 1
64537.663 - 88 1490.658 1
64537.681 - 88 1490.654 1
64537.710 - 88 1490.637 1
64537.726 - 88 1490.593 1
64537.743 - 88 1490.555 1
64537.760 - 88 1490.551 1
64537.833 - 88 1490.536 1
64545.158 + 88 1
64545.208 + 88 1
64545.299 + 88 1
64545.353 + 88 1
64545.409 + 88 1
64545.440 + 88 1
64545.485 + 88 1
64545.514 + 88 1
64545.546 + 88 1
64545.566 + 88 1
64545.617 + 88 1
64545.633 + 88 1
64545.663 + 88 1
64545.692 + 88 1
64545.730 + 88 1
64545.758 + 88 1
64587.669 + 88 1
66035.000 # 1500
66035.000 # 1500
66035.000 # 1500
66035.000 # 1500
66035.000 # 1500
66035.000 # 1500
66035.000 # 1500
66035.000 # 1500
66035.000 # 1500
66035.000 # 1500
66035.000 # 1500
66035.000 # 1500
66035.000 # 1500
66035.000 # 1500
66035.000 # 1500
66035.000 # 1500
66035.000 # 1500
66035.000 # 1500
66035.000 # 1500
66035.000 # 1500
66035.000 # 1500
66035.000 # 1500
66035.000 # 1500
66035.000 # 1500
66035.000 # 1500
66035.000 # 1500
66035.000 # 1500
66035.000 # 1500
66035.000 # 1500
66035.000 # 1500
66035.000 # 1500
66035.000 # 1500
66035.000 # 1500
66035.000 # 1500
66035.000 # 1500
66035.000 # 1500
66035.000 # 1500
66035.000 # 1500
66035.000 # 1500
66035.000 # 1500
66035.000 # 1500
66035.000 # 1500
66035.000 # 1500
66035.000 # 1500
66035.000 # 1500
66035.000 # 1500
66035.000 # 1500
66035.000 # 1500
66035.000 # 1500
66035.000 # 1500
66035.000 # 1500
66035.000 # 1500
66035.000 # 1500
66035.000 # 1500
66035.000 # 1500
66035.000 # 1500
66035.000 # 1500
66035.000 # 1500
66035.000 # 1500
66035.000 # 1500
66035.000 # 1500
66035.000 # 1500
66035.000 # 1500
66035.000 # 1500
66035.000 # 1500
66035.000 # 1500
66035.000 # 1500
66035.000 # 1500
66035.000 # 1500
66035.000 # 1500
66035.000 # 1500
66035.000 # 1500
66035.000 # 1500
66035.000 # 1500
66035.000 # 1500
66035.000 # 1500
66035.000 # 1500
66035.000 # 1500
66035.000 # 1500
66035.000 # 1500
66035.000 # 1500
66035.000 # 1500
66035.000 # 1500
66039.077 - 88 1493.919 1
66039.350 - 88 1494.142 1
66039.383 - 88 1494.084 1
66039.421 - 88 1494.068 1
66039.441 - 88 1494.032 1
66039.458 - 88 1494.018 1
66039.475 - 88 1493.990 1
66039.491 - 88 1493.977 1
66039.509 - 88 1493.963 1
66039.524 - 88 1493.958 1
66039.539 - 88 1493.922 1
66039.553 - 88 1493.920 1
66039.571 - 88 1493.908 1
66039.594 - 88 1493.902 1
66039.609 - 88 1493.879 1
66039.624 - 88 1493.866 1
66039.640 - 88 1451.971 1
66048.333 + 88 1
