# mahimahi mm-link (Downlink) [custom-traces/1mbps.trace] > /home/saivivek/pantheon/results/network-profile-1/bbr_mm_acklink_run1.log
# command line: 'mm-link' 'custom-traces/1mbps.trace' 'custom-traces/1mbps.trace' '--uplink-log=/home/saivivek/pantheon/results/network-profile-1/bbr_mm_datalink_run1.log' '--downlink-log=/home/saivivek/pantheon/results/network-profile-1/bbr_mm_acklink_run1.log' '--uplink-queue=droptail' '--downlink-queue=droptail' '--uplink-queue-args=packets=500' '--downlink-queue-args=packets=500' 'python' '/home/saivivek/pantheon/src/experiments/tunnel_manager.py'
# queue: droptail [packets=500]
# init timestamp: 1745091192440
# base timestamp: 35
# mahimahi config: [delay 5 ms] 
35 + 80
35 + 52
35 + 80
740 + 80
740 + 80
1535 # 1504
1535 - 80 1500
1535 - 52 1500
1535 - 80 1500
1535 - 80 795
1535 - 80 795
1535 # 1504
1535 # 1504
1535 # 1504
1535 # 1504
1535 # 1504
1535 # 1504
1535 # 1504
1535 # 1504
1535 # 1504
1535 # 1504
1535 # 1504
1535 # 1504
1535 # 1504
1535 # 1504
1535 # 1504
1535 # 1504
1535 # 1504
1535 # 1504
1535 # 1504
1535 # 1504
1535 # 1504
1535 # 1504
1535 # 1504
1535 # 1504
1535 # 1504
1535 # 1504
1535 # 1504
1535 # 1504
1535 # 1504
1535 # 1504
1535 # 1504
1535 # 1504
1535 # 1504
1535 # 1504
1535 # 1504
1535 # 1504
1535 # 1504
1535 # 1504
1535 # 1504
1535 # 1504
1535 # 1504
1535 # 1504
1535 # 1504
1535 # 1504
1535 # 1504
1535 # 1504
1535 # 1504
1535 # 1504
1535 # 1504
1535 # 1504
1535 # 1504
1535 # 1504
1535 # 1504
1535 # 1504
1535 # 1504
1535 # 1504
1535 # 1504
1535 # 1504
1535 # 1504
1535 # 1504
1535 # 1504
1535 # 1504
1535 # 1504
1535 # 1504
1535 # 1504
1535 # 1504
1535 # 1504
1535 # 1504
1535 # 1504
1535 # 1504
1535 # 1504
1535 # 1504
1535 # 1504
1535 # 1504
1535 # 1504
1535 # 1504
1535 # 1504
1535 # 1504
1535 # 1504
1535 # 1504
1535 # 1504
1535 # 1504
1547 + 40
1549 + 40
3035 # 1504
3035 - 40 1488
3035 - 40 1486
3035 # 1504
3035 # 1504
3035 # 1504
3035 # 1504
3035 # 1504
3035 # 1504
3035 # 1504
3035 # 1504
3035 # 1504
3035 # 1504
3035 # 1504
3035 # 1504
3035 # 1504
3035 # 1504
3035 # 1504
3035 # 1504
3035 # 1504
3035 # 1504
3035 # 1504
3035 # 1504
3035 # 1504
3035 # 1504
3035 # 1504
3035 # 1504
3035 # 1504
3035 # 1504
3035 # 1504
3035 # 1504
3035 # 1504
3035 # 1504
3035 # 1504
3035 # 1504
3035 # 1504
3035 # 1504
3035 # 1504
3035 # 1504
3035 # 1504
3035 # 1504
3035 # 1504
3035 # 1504
3035 # 1504
3035 # 1504
3035 # 1504
3035 # 1504
3035 # 1504
3035 # 1504
3035 # 1504
3035 # 1504
3035 # 1504
3035 # 1504
3035 # 1504
3035 # 1504
3035 # 1504
3035 # 1504
3035 # 1504
3035 # 1504
3035 # 1504
3035 # 1504
3035 # 1504
3035 # 1504
3035 # 1504
3035 # 1504
3035 # 1504
3035 # 1504
3035 # 1504
3035 # 1504
3035 # 1504
3035 # 1504
3035 # 1504
3035 # 1504
3035 # 1504
3035 # 1504
3035 # 1504
3035 # 1504
3035 # 1504
3035 # 1504
3035 # 1504
3035 # 1504
3035 # 1504
3035 # 1504
3035 # 1504
3035 # 1504
3047 + 40
4002 + 52
4535 # 1504
4535 - 40 1488
4535 - 52 533
4535 # 1504
4535 # 1504
4535 # 1504
4535 # 1504
4535 # 1504
4535 # 1504
4535 # 1504
4535 # 1504
4535 # 1504
4535 # 1504
4535 # 1504
4535 # 1504
4535 # 1504
4535 # 1504
4535 # 1504
4535 # 1504
4535 # 1504
4535 # 1504
4535 # 1504
4535 # 1504
4535 # 1504
4535 # 1504
4535 # 1504
4535 # 1504
4535 # 1504
4535 # 1504
4535 # 1504
4535 # 1504
4535 # 1504
4535 # 1504
4535 # 1504
4535 # 1504
4535 # 1504
4535 # 1504
4535 # 1504
4535 # 1504
4535 # 1504
4535 # 1504
4535 # 1504
4535 # 1504
4535 # 1504
4535 # 1504
4535 # 1504
4535 # 1504
4535 # 1504
4535 # 1504
4535 # 1504
4535 # 1504
4535 # 1504
4535 # 1504
4535 # 1504
4535 # 1504
4535 # 1504
4535 # 1504
4535 # 1504
4535 # 1504
4535 # 1504
4535 # 1504
4535 # 1504
4535 # 1504
4535 # 1504
4535 # 1504
4535 # 1504
4535 # 1504
4535 # 1504
4535 # 1504
4535 # 1504
4535 # 1504
4535 # 1504
4535 # 1504
4535 # 1504
4535 # 1504
4535 # 1504
4535 # 1504
4535 # 1504
4535 # 1504
4535 # 1504
4535 # 1504
4535 # 1504
4535 # 1504
4535 # 1504
4535 # 1504
6035 # 1504
6035 # 1504
6035 # 1504
6035 # 1504
6035 # 1504
6035 # 1504
6035 # 1504
6035 # 1504
6035 # 1504
6035 # 1504
6035 # 1504
6035 # 1504
6035 # 1504
6035 # 1504
6035 # 1504
6035 # 1504
6035 # 1504
6035 # 1504
6035 # 1504
6035 # 1504
6035 # 1504
6035 # 1504
6035 # 1504
6035 # 1504
6035 # 1504
6035 # 1504
6035 # 1504
6035 # 1504
6035 # 1504
6035 # 1504
6035 # 1504
6035 # 1504
6035 # 1504
6035 # 1504
6035 # 1504
6035 # 1504
6035 # 1504
6035 # 1504
6035 # 1504
6035 # 1504
6035 # 1504
6035 # 1504
6035 # 1504
6035 # 1504
6035 # 1504
6035 # 1504
6035 # 1504
6035 # 1504
6035 # 1504
6035 # 1504
6035 # 1504
6035 # 1504
6035 # 1504
6035 # 1504
6035 # 1504
6035 # 1504
6035 # 1504
6035 # 1504
6035 # 1504
6035 # 1504
6035 # 1504
6035 # 1504
6035 # 1504
6035 # 1504
6035 # 1504
6035 # 1504
6035 # 1504
6035 # 1504
6035 # 1504
6035 # 1504
6035 # 1504
6035 # 1504
6035 # 1504
6035 # 1504
6035 # 1504
6035 # 1504
6035 # 1504
6035 # 1504
6035 # 1504
6035 # 1504
6035 # 1504
6035 # 1504
6035 # 1504
7535 # 1504
7535 # 1504
7535 # 1504
7535 # 1504
7535 # 1504
7535 # 1504
7535 # 1504
7535 # 1504
7535 # 1504
7535 # 1504
7535 # 1504
7535 # 1504
7535 # 1504
7535 # 1504
7535 # 1504
7535 # 1504
7535 # 1504
7535 # 1504
7535 # 1504
7535 # 1504
7535 # 1504
7535 # 1504
7535 # 1504
7535 # 1504
7535 # 1504
7535 # 1504
7535 # 1504
7535 # 1504
7535 # 1504
7535 # 1504
7535 # 1504
7535 # 1504
7535 # 1504
7535 # 1504
7535 # 1504
7535 # 1504
7535 # 1504
7535 # 1504
7535 # 1504
7535 # 1504
7535 # 1504
7535 # 1504
7535 # 1504
7535 # 1504
7535 # 1504
7535 # 1504
7535 # 1504
7535 # 1504
7535 # 1504
7535 # 1504
7535 # 1504
7535 # 1504
7535 # 1504
7535 # 1504
7535 # 1504
7535 # 1504
7535 # 1504
7535 # 1504
7535 # 1504
7535 # 1504
7535 # 1504
7535 # 1504
7535 # 1504
7535 # 1504
7535 # 1504
7535 # 1504
7535 # 1504
7535 # 1504
7535 # 1504
7535 # 1504
7535 # 1504
7535 # 1504
7535 # 1504
7535 # 1504
7535 # 1504
7535 # 1504
7535 # 1504
7535 # 1504
7535 # 1504
7535 # 1504
7535 # 1504
7535 # 1504
7535 # 1504
7551 + 100
7551 + 100
8555 + 100
9035 # 1504
9035 - 100 1484
9035 - 100 1484
9035 - 100 480
9035 # 1504
9035 # 1504
9035 # 1504
9035 # 1504
9035 # 1504
9035 # 1504
9035 # 1504
9035 # 1504
9035 # 1504
9035 # 1504
9035 # 1504
9035 # 1504
9035 # 1504
9035 # 1504
9035 # 1504
9035 # 1504
9035 # 1504
9035 # 1504
9035 # 1504
9035 # 1504
9035 # 1504
9035 # 1504
9035 # 1504
9035 # 1504
9035 # 1504
9035 # 1504
9035 # 1504
9035 # 1504
9035 # 1504
9035 # 1504
9035 # 1504
9035 # 1504
9035 # 1504
9035 # 1504
9035 # 1504
9035 # 1504
9035 # 1504
9035 # 1504
9035 # 1504
9035 # 1504
9035 # 1504
9035 # 1504
9035 # 1504
9035 # 1504
9035 # 1504
9035 # 1504
9035 # 1504
9035 # 1504
9035 # 1504
9035 # 1504
9035 # 1504
9035 # 1504
9035 # 1504
9035 # 1504
9035 # 1504
9035 # 1504
9035 # 1504
9035 # 1504
9035 # 1504
9035 # 1504
9035 # 1504
9035 # 1504
9035 # 1504
9035 # 1504
9035 # 1504
9035 # 1504
9035 # 1504
9035 # 1504
9035 # 1504
9035 # 1504
9035 # 1504
9035 # 1504
9035 # 1504
9035 # 1504
9035 # 1504
9035 # 1504
9035 # 1504
9035 # 1504
9035 # 1504
9035 # 1504
9035 # 1504
9035 # 1504
9049 + 100
10535 # 1504
10535 - 100 1486
10535 # 1504
10535 # 1504
10535 # 1504
10535 # 1504
10535 # 1504
10535 # 1504
10535 # 1504
10535 # 1504
10535 # 1504
10535 # 1504
10535 # 1504
10535 # 1504
10535 # 1504
10535 # 1504
10535 # 1504
10535 # 1504
10535 # 1504
10535 # 1504
10535 # 1504
10535 # 1504
10535 # 1504
10535 # 1504
10535 # 1504
10535 # 1504
10535 # 1504
10535 # 1504
10535 # 1504
10535 # 1504
10535 # 1504
10535 # 1504
10535 # 1504
10535 # 1504
10535 # 1504
10535 # 1504
10535 # 1504
10535 # 1504
10535 # 1504
10535 # 1504
10535 # 1504
10535 # 1504
10535 # 1504
10535 # 1504
10535 # 1504
10535 # 1504
10535 # 1504
10535 # 1504
10535 # 1504
10535 # 1504
10535 # 1504
10535 # 1504
10535 # 1504
10535 # 1504
10535 # 1504
10535 # 1504
10535 # 1504
10535 # 1504
10535 # 1504
10535 # 1504
10535 # 1504
10535 # 1504
10535 # 1504
10535 # 1504
10535 # 1504
10535 # 1504
10535 # 1504
10535 # 1504
10535 # 1504
10535 # 1504
10535 # 1504
10535 # 1504
10535 # 1504
10535 # 1504
10535 # 1504
10535 # 1504
10535 # 1504
10535 # 1504
10535 # 1504
10535 # 1504
10535 # 1504
10535 # 1504
10535 # 1504
10535 # 1504
10551 + 92
10551 + 92
10551 + 92
10551 + 92
10551 + 92
10551 + 92
10551 + 92
10551 + 92
10551 + 92
10551 + 92
10551 + 120
12035 # 1504
12035 - 92 1484
12035 - 92 1484
12035 - 92 1484
12035 - 92 1484
12035 - 92 1484
12035 - 92 1484
12035 - 92 1484
12035 - 92 1484
12035 - 92 1484
12035 - 92 1484
12035 - 120 1484
12035 # 1504
12035 # 1504
12035 # 1504
12035 # 1504
12035 # 1504
12035 # 1504
12035 # 1504
12035 # 1504
12035 # 1504
12035 # 1504
12035 # 1504
12035 # 1504
12035 # 1504
12035 # 1504
12035 # 1504
12035 # 1504
12035 # 1504
12035 # 1504
12035 # 1504
12035 # 1504
12035 # 1504
12035 # 1504
12035 # 1504
12035 # 1504
12035 # 1504
12035 # 1504
12035 # 1504
12035 # 1504
12035 # 1504
12035 # 1504
12035 # 1504
12035 # 1504
12035 # 1504
12035 # 1504
12035 # 1504
12035 # 1504
12035 # 1504
12035 # 1504
12035 # 1504
12035 # 1504
12035 # 1504
12035 # 1504
12035 # 1504
12035 # 1504
12035 # 1504
12035 # 1504
12035 # 1504
12035 # 1504
12035 # 1504
12035 # 1504
12035 # 1504
12035 # 1504
12035 # 1504
12035 # 1504
12035 # 1504
12035 # 1504
12035 # 1504
12035 # 1504
12035 # 1504
12035 # 1504
12035 # 1504
12035 # 1504
12035 # 1504
12035 # 1504
12035 # 1504
12035 # 1504
12035 # 1504
12035 # 1504
12035 # 1504
12035 # 1504
12035 # 1504
12035 # 1504
12035 # 1504
12035 # 1504
12035 # 1504
12035 # 1504
12035 # 1504
12035 # 1504
12035 # 1504
12035 # 1504
12035 # 1504
12035 # 1504
12581 + 52
13535 # 1504
13535 - 52 954
13535 # 1504
13535 # 1504
13535 # 1504
13535 # 1504
13535 # 1504
13535 # 1504
13535 # 1504
13535 # 1504
13535 # 1504
13535 # 1504
13535 # 1504
13535 # 1504
13535 # 1504
13535 # 1504
13535 # 1504
13535 # 1504
13535 # 1504
13535 # 1504
13535 # 1504
13535 # 1504
13535 # 1504
13535 # 1504
13535 # 1504
13535 # 1504
13535 # 1504
13535 # 1504
13535 # 1504
13535 # 1504
13535 # 1504
13535 # 1504
13535 # 1504
13535 # 1504
13535 # 1504
13535 # 1504
13535 # 1504
13535 # 1504
13535 # 1504
13535 # 1504
13535 # 1504
13535 # 1504
13535 # 1504
13535 # 1504
13535 # 1504
13535 # 1504
13535 # 1504
13535 # 1504
13535 # 1504
13535 # 1504
13535 # 1504
13535 # 1504
13535 # 1504
13535 # 1504
13535 # 1504
13535 # 1504
13535 # 1504
13535 # 1504
13535 # 1504
13535 # 1504
13535 # 1504
13535 # 1504
13535 # 1504
13535 # 1504
13535 # 1504
13535 # 1504
13535 # 1504
13535 # 1504
13535 # 1504
13535 # 1504
13535 # 1504
13535 # 1504
13535 # 1504
13535 # 1504
13535 # 1504
13535 # 1504
13535 # 1504
13535 # 1504
13535 # 1504
13535 # 1504
13535 # 1504
13535 # 1504
13535 # 1504
13535 # 1504
13549 + 92
13549 + 92
13549 + 92
13549 + 92
13549 + 92
13549 + 92
13593 + 92
15035 # 1504
15035 - 92 1486
15035 - 92 1486
15035 - 92 1486
15035 - 92 1486
15035 - 92 1486
15035 - 92 1486
15035 - 92 1442
15035 # 1504
15035 # 1504
15035 # 1504
15035 # 1504
15035 # 1504
15035 # 1504
15035 # 1504
15035 # 1504
15035 # 1504
15035 # 1504
15035 # 1504
15035 # 1504
15035 # 1504
15035 # 1504
15035 # 1504
15035 # 1504
15035 # 1504
15035 # 1504
15035 # 1504
15035 # 1504
15035 # 1504
15035 # 1504
15035 # 1504
15035 # 1504
15035 # 1504
15035 # 1504
15035 # 1504
15035 # 1504
15035 # 1504
15035 # 1504
15035 # 1504
15035 # 1504
15035 # 1504
15035 # 1504
15035 # 1504
15035 # 1504
15035 # 1504
15035 # 1504
15035 # 1504
15035 # 1504
15035 # 1504
15035 # 1504
15035 # 1504
15035 # 1504
15035 # 1504
15035 # 1504
15035 # 1504
15035 # 1504
15035 # 1504
15035 # 1504
15035 # 1504
15035 # 1504
15035 # 1504
15035 # 1504
15035 # 1504
15035 # 1504
15035 # 1504
15035 # 1504
15035 # 1504
15035 # 1504
15035 # 1504
15035 # 1504
15035 # 1504
15035 # 1504
15035 # 1504
15035 # 1504
15035 # 1504
15035 # 1504
15035 # 1504
15035 # 1504
15035 # 1504
15035 # 1504
15035 # 1504
15035 # 1504
15035 # 1504
15035 # 1504
15035 # 1504
15035 # 1504
15035 # 1504
15035 # 1504
15035 # 1504
15035 # 1504
15051 + 92
15051 + 92
15051 + 92
15051 + 92
16535 # 1504
16535 - 92 1484
16535 - 92 1484
16535 - 92 1484
16535 - 92 1484
16535 # 1504
16535 # 1504
16535 # 1504
16535 # 1504
16535 # 1504
16535 # 1504
16535 # 1504
16535 # 1504
16535 # 1504
16535 # 1504
16535 # 1504
16535 # 1504
16535 # 1504
16535 # 1504
16535 # 1504
16535 # 1504
16535 # 1504
16535 # 1504
16535 # 1504
16535 # 1504
16535 # 1504
16535 # 1504
16535 # 1504
16535 # 1504
16535 # 1504
16535 # 1504
16535 # 1504
16535 # 1504
16535 # 1504
16535 # 1504
16535 # 1504
16535 # 1504
16535 # 1504
16535 # 1504
16535 # 1504
16535 # 1504
16535 # 1504
16535 # 1504
16535 # 1504
16535 # 1504
16535 # 1504
16535 # 1504
16535 # 1504
16535 # 1504
16535 # 1504
16535 # 1504
16535 # 1504
16535 # 1504
16535 # 1504
16535 # 1504
16535 # 1504
16535 # 1504
16535 # 1504
16535 # 1504
16535 # 1504
16535 # 1504
16535 # 1504
16535 # 1504
16535 # 1504
16535 # 1504
16535 # 1504
16535 # 1504
16535 # 1504
16535 # 1504
16535 # 1504
16535 # 1504
16535 # 1504
16535 # 1504
16535 # 1504
16535 # 1504
16535 # 1504
16535 # 1504
16535 # 1504
16535 # 1504
16535 # 1504
16535 # 1504
16535 # 1504
16535 # 1504
16535 # 1504
16535 # 1504
16535 # 1504
16535 # 1504
16549 + 92
16549 + 92
16549 + 92
16549 + 92
16549 + 92
16549 + 92
16549 + 92
16549 + 92
16549 + 92
16549 + 92
16549 + 92
16549 + 92
18035 # 1504
18035 - 92 1486
18035 - 92 1486
18035 - 92 1486
18035 - 92 1486
18035 - 92 1486
18035 - 92 1486
18035 - 92 1486
18035 - 92 1486
18035 - 92 1486
18035 - 92 1486
18035 - 92 1486
18035 - 92 1486
18035 # 1504
18035 # 1504
18035 # 1504
18035 # 1504
18035 # 1504
18035 # 1504
18035 # 1504
18035 # 1504
18035 # 1504
18035 # 1504
18035 # 1504
18035 # 1504
18035 # 1504
18035 # 1504
18035 # 1504
18035 # 1504
18035 # 1504
18035 # 1504
18035 # 1504
18035 # 1504
18035 # 1504
18035 # 1504
18035 # 1504
18035 # 1504
18035 # 1504
18035 # 1504
18035 # 1504
18035 # 1504
18035 # 1504
18035 # 1504
18035 # 1504
18035 # 1504
18035 # 1504
18035 # 1504
18035 # 1504
18035 # 1504
18035 # 1504
18035 # 1504
18035 # 1504
18035 # 1504
18035 # 1504
18035 # 1504
18035 # 1504
18035 # 1504
18035 # 1504
18035 # 1504
18035 # 1504
18035 # 1504
18035 # 1504
18035 # 1504
18035 # 1504
18035 # 1504
18035 # 1504
18035 # 1504
18035 # 1504
18035 # 1504
18035 # 1504
18035 # 1504
18035 # 1504
18035 # 1504
18035 # 1504
18035 # 1504
18035 # 1504
18035 # 1504
18035 # 1504
18035 # 1504
18035 # 1504
18035 # 1504
18035 # 1504
18035 # 1504
18035 # 1504
18035 # 1504
18035 # 1504
18035 # 1504
18035 # 1504
18035 # 1504
18035 # 1504
18035 # 1504
18035 # 1504
18035 # 1504
18035 # 1504
18035 # 1504
18049 + 92
18049 + 92
18049 + 92
18049 + 92
18049 + 92
18049 + 92
18049 + 92
18049 + 92
18049 + 92
18049 + 92
19535 # 1504
19535 - 92 1486
19535 - 92 1486
19535 - 92 1486
19535 - 92 1486
19535 - 92 1486
19535 - 92 1486
19535 - 92 1486
19535 - 92 1486
19535 - 92 1486
19535 - 92 1486
19535 # 1504
19535 # 1504
19535 # 1504
19535 # 1504
19535 # 1504
19535 # 1504
19535 # 1504
19535 # 1504
19535 # 1504
19535 # 1504
19535 # 1504
19535 # 1504
19535 # 1504
19535 # 1504
19535 # 1504
19535 # 1504
19535 # 1504
19535 # 1504
19535 # 1504
19535 # 1504
19535 # 1504
19535 # 1504
19535 # 1504
19535 # 1504
19535 # 1504
19535 # 1504
19535 # 1504
19535 # 1504
19535 # 1504
19535 # 1504
19535 # 1504
19535 # 1504
19535 # 1504
19535 # 1504
19535 # 1504
19535 # 1504
19535 # 1504
19535 # 1504
19535 # 1504
19535 # 1504
19535 # 1504
19535 # 1504
19535 # 1504
19535 # 1504
19535 # 1504
19535 # 1504
19535 # 1504
19535 # 1504
19535 # 1504
19535 # 1504
19535 # 1504
19535 # 1504
19535 # 1504
19535 # 1504
19535 # 1504
19535 # 1504
19535 # 1504
19535 # 1504
19535 # 1504
19535 # 1504
19535 # 1504
19535 # 1504
19535 # 1504
19535 # 1504
19535 # 1504
19535 # 1504
19535 # 1504
19535 # 1504
19535 # 1504
19535 # 1504
19535 # 1504
19535 # 1504
19535 # 1504
19535 # 1504
19535 # 1504
19535 # 1504
19535 # 1504
19535 # 1504
19535 # 1504
19535 # 1504
19535 # 1504
19535 # 1504
19553 + 92
19554 + 92
19554 + 92
19554 + 92
19554 + 92
19554 + 92
19554 + 92
19554 + 92
19554 + 92
19554 + 92
19554 + 92
19554 + 92
19554 + 92
19554 + 92
19554 + 92
19554 + 92
19554 + 92
19554 + 92
19554 + 92
19554 + 92
19554 + 92
21035 # 1504
21035 - 92 1482
21035 - 92 1481
21035 - 92 1481
21035 - 92 1481
21035 - 92 1481
21035 - 92 1481
21035 - 92 1481
21035 - 92 1481
21035 - 92 1481
21035 - 92 1481
21035 - 92 1481
21035 - 92 1481
21035 - 92 1481
21035 - 92 1481
21035 - 92 1481
21035 - 92 1481
21035 # 1504
21035 - 92 1481
21035 - 92 1481
21035 - 92 1481
21035 - 92 1481
21035 - 92 1481
21035 # 1504
21035 # 1504
21035 # 1504
21035 # 1504
21035 # 1504
21035 # 1504
21035 # 1504
21035 # 1504
21035 # 1504
21035 # 1504
21035 # 1504
21035 # 1504
21035 # 1504
21035 # 1504
21035 # 1504
21035 # 1504
21035 # 1504
21035 # 1504
21035 # 1504
21035 # 1504
21035 # 1504
21035 # 1504
21035 # 1504
21035 # 1504
21035 # 1504
21035 # 1504
21035 # 1504
21035 # 1504
21035 # 1504
21035 # 1504
21035 # 1504
21035 # 1504
21035 # 1504
21035 # 1504
21035 # 1504
21035 # 1504
21035 # 1504
21035 # 1504
21035 # 1504
21035 # 1504
21035 # 1504
21035 # 1504
21035 # 1504
21035 # 1504
21035 # 1504
21035 # 1504
21035 # 1504
21035 # 1504
21035 # 1504
21035 # 1504
21035 # 1504
21035 # 1504
21035 # 1504
21035 # 1504
21035 # 1504
21035 # 1504
21035 # 1504
21035 # 1504
21035 # 1504
21035 # 1504
21035 # 1504
21035 # 1504
21035 # 1504
21035 # 1504
21035 # 1504
21035 # 1504
21035 # 1504
21035 # 1504
21035 # 1504
21035 # 1504
21035 # 1504
21035 # 1504
21035 # 1504
21035 # 1504
21035 # 1504
21035 # 1504
21035 # 1504
21035 # 1504
21035 # 1504
21035 # 1504
21035 # 1504
21049 + 92
21049 + 92
21049 + 92
21049 + 92
21049 + 92
21049 + 92
21049 + 92
21049 + 92
21049 + 92
21049 + 92
21049 + 92
21049 + 92
22535 # 1504
22535 - 92 1486
22535 - 92 1486
22535 - 92 1486
22535 - 92 1486
22535 - 92 1486
22535 - 92 1486
22535 - 92 1486
22535 - 92 1486
22535 - 92 1486
22535 - 92 1486
22535 - 92 1486
22535 - 92 1486
22535 # 1504
22535 # 1504
22535 # 1504
22535 # 1504
22535 # 1504
22535 # 1504
22535 # 1504
22535 # 1504
22535 # 1504
22535 # 1504
22535 # 1504
22535 # 1504
22535 # 1504
22535 # 1504
22535 # 1504
22535 # 1504
22535 # 1504
22535 # 1504
22535 # 1504
22535 # 1504
22535 # 1504
22535 # 1504
22535 # 1504
22535 # 1504
22535 # 1504
22535 # 1504
22535 # 1504
22535 # 1504
22535 # 1504
22535 # 1504
22535 # 1504
22535 # 1504
22535 # 1504
22535 # 1504
22535 # 1504
22535 # 1504
22535 # 1504
22535 # 1504
22535 # 1504
22535 # 1504
22535 # 1504
22535 # 1504
22535 # 1504
22535 # 1504
22535 # 1504
22535 # 1504
22535 # 1504
22535 # 1504
22535 # 1504
22535 # 1504
22535 # 1504
22535 # 1504
22535 # 1504
22535 # 1504
22535 # 1504
22535 # 1504
22535 # 1504
22535 # 1504
22535 # 1504
22535 # 1504
22535 # 1504
22535 # 1504
22535 # 1504
22535 # 1504
22535 # 1504
22535 # 1504
22535 # 1504
22535 # 1504
22535 # 1504
22535 # 1504
22535 # 1504
22535 # 1504
22535 # 1504
22535 # 1504
22535 # 1504
22535 # 1504
22535 # 1504
22535 # 1504
22535 # 1504
22535 # 1504
22535 # 1504
22535 # 1504
22551 + 92
22551 + 92
22551 + 92
22551 + 92
22551 + 92
22551 + 92
22551 + 92
22551 + 92
22551 + 92
22551 + 92
24035 # 1504
24035 - 92 1484
24035 - 92 1484
24035 - 92 1484
24035 - 92 1484
24035 - 92 1484
24035 - 92 1484
24035 - 92 1484
24035 - 92 1484
24035 - 92 1484
24035 - 92 1484
24035 # 1504
24035 # 1504
24035 # 1504
24035 # 1504
24035 # 1504
24035 # 1504
24035 # 1504
24035 # 1504
24035 # 1504
24035 # 1504
24035 # 1504
24035 # 1504
24035 # 1504
24035 # 1504
24035 # 1504
24035 # 1504
24035 # 1504
24035 # 1504
24035 # 1504
24035 # 1504
24035 # 1504
24035 # 1504
24035 # 1504
24035 # 1504
24035 # 1504
24035 # 1504
24035 # 1504
24035 # 1504
24035 # 1504
24035 # 1504
24035 # 1504
24035 # 1504
24035 # 1504
24035 # 1504
24035 # 1504
24035 # 1504
24035 # 1504
24035 # 1504
24035 # 1504
24035 # 1504
24035 # 1504
24035 # 1504
24035 # 1504
24035 # 1504
24035 # 1504
24035 # 1504
24035 # 1504
24035 # 1504
24035 # 1504
24035 # 1504
24035 # 1504
24035 # 1504
24035 # 1504
24035 # 1504
24035 # 1504
24035 # 1504
24035 # 1504
24035 # 1504
24035 # 1504
24035 # 1504
24035 # 1504
24035 # 1504
24035 # 1504
24035 # 1504
24035 # 1504
24035 # 1504
24035 # 1504
24035 # 1504
24035 # 1504
24035 # 1504
24035 # 1504
24035 # 1504
24035 # 1504
24035 # 1504
24035 # 1504
24035 # 1504
24035 # 1504
24035 # 1504
24035 # 1504
24035 # 1504
24035 # 1504
24035 # 1504
24050 + 92
25535 # 1504
25535 - 92 1485
25535 # 1504
25535 # 1504
25535 # 1504
25535 # 1504
25535 # 1504
25535 # 1504
25535 # 1504
25535 # 1504
25535 # 1504
25535 # 1504
25535 # 1504
25535 # 1504
25535 # 1504
25535 # 1504
25535 # 1504
25535 # 1504
25535 # 1504
25535 # 1504
25535 # 1504
25535 # 1504
25535 # 1504
25535 # 1504
25535 # 1504
25535 # 1504
25535 # 1504
25535 # 1504
25535 # 1504
25535 # 1504
25535 # 1504
25535 # 1504
25535 # 1504
25535 # 1504
25535 # 1504
25535 # 1504
25535 # 1504
25535 # 1504
25535 # 1504
25535 # 1504
25535 # 1504
25535 # 1504
25535 # 1504
25535 # 1504
25535 # 1504
25535 # 1504
25535 # 1504
25535 # 1504
25535 # 1504
25535 # 1504
25535 # 1504
25535 # 1504
25535 # 1504
25535 # 1504
25535 # 1504
25535 # 1504
25535 # 1504
25535 # 1504
25535 # 1504
25535 # 1504
25535 # 1504
25535 # 1504
25535 # 1504
25535 # 1504
25535 # 1504
25535 # 1504
25535 # 1504
25535 # 1504
25535 # 1504
25535 # 1504
25535 # 1504
25535 # 1504
25535 # 1504
25535 # 1504
25535 # 1504
25535 # 1504
25535 # 1504
25535 # 1504
25535 # 1504
25535 # 1504
25535 # 1504
25535 # 1504
25535 # 1504
25535 # 1504
25551 + 92
25551 + 92
25551 + 92
25551 + 92
25551 + 92
25551 + 92
25551 + 92
25551 + 92
25551 + 92
25551 + 92
25551 + 92
25551 + 92
25551 + 92
25551 + 92
25551 + 92
25551 + 92
25552 + 92
25552 + 92
25552 + 92
25552 + 92
25552 + 92
25552 + 92
25552 + 92
25552 + 92
25552 + 92
25552 + 92
25552 + 92
25552 + 92
25552 + 92
25552 + 92
25552 + 92
25552 + 92
25552 + 92
25552 + 92
25552 + 92
25552 + 92
25552 + 92
25552 + 92
25552 + 92
25552 + 92
25552 + 92
25552 + 92
25552 + 92
25552 + 92
25552 + 92
25552 + 92
27035 # 1504
27035 - 92 1484
27035 - 92 1484
27035 - 92 1484
27035 - 92 1484
27035 - 92 1484
27035 - 92 1484
27035 - 92 1484
27035 - 92 1484
27035 - 92 1484
27035 - 92 1484
27035 - 92 1484
27035 - 92 1484
27035 - 92 1484
27035 - 92 1484
27035 - 92 1484
27035 - 92 1484
27035 # 1504
27035 - 92 1483
27035 - 92 1483
27035 - 92 1483
27035 - 92 1483
27035 - 92 1483
27035 - 92 1483
27035 - 92 1483
27035 - 92 1483
27035 - 92 1483
27035 - 92 1483
27035 - 92 1483
27035 - 92 1483
27035 - 92 1483
27035 - 92 1483
27035 - 92 1483
27035 - 92 1483
27035 # 1504
27035 - 92 1483
27035 - 92 1483
27035 - 92 1483
27035 - 92 1483
27035 - 92 1483
27035 - 92 1483
27035 - 92 1483
27035 - 92 1483
27035 - 92 1483
27035 - 92 1483
27035 - 92 1483
27035 - 92 1483
27035 - 92 1483
27035 - 92 1483
27035 # 1504
27035 # 1504
27035 # 1504
27035 # 1504
27035 # 1504
27035 # 1504
27035 # 1504
27035 # 1504
27035 # 1504
27035 # 1504
27035 # 1504
27035 # 1504
27035 # 1504
27035 # 1504
27035 # 1504
27035 # 1504
27035 # 1504
27035 # 1504
27035 # 1504
27035 # 1504
27035 # 1504
27035 # 1504
27035 # 1504
27035 # 1504
27035 # 1504
27035 # 1504
27035 # 1504
27035 # 1504
27035 # 1504
27035 # 1504
27035 # 1504
27035 # 1504
27035 # 1504
27035 # 1504
27035 # 1504
27035 # 1504
27035 # 1504
27035 # 1504
27035 # 1504
27035 # 1504
27035 # 1504
27035 # 1504
27035 # 1504
27035 # 1504
27035 # 1504
27035 # 1504
27035 # 1504
27035 # 1504
27035 # 1504
27035 # 1504
27035 # 1504
27035 # 1504
27035 # 1504
27035 # 1504
27035 # 1504
27035 # 1504
27035 # 1504
27035 # 1504
27035 # 1504
27035 # 1504
27035 # 1504
27035 # 1504
27035 # 1504
27035 # 1504
27035 # 1504
27035 # 1504
27035 # 1504
27035 # 1504
27035 # 1504
27035 # 1504
27035 # 1504
27035 # 1504
27035 # 1504
27035 # 1504
27035 # 1504
27035 # 1504
27035 # 1504
27035 # 1504
27035 # 1504
27035 # 1504
27052 + 92
27052 + 92
27052 + 92
27052 + 92
27052 + 92
27052 + 92
27052 + 92
27052 + 92
27052 + 92
27052 + 92
27052 + 92
27052 + 92
27052 + 92
27052 + 92
27052 + 92
27052 + 92
27052 + 92
27052 + 92
28535 # 1504
28535 - 92 1483
28535 - 92 1483
28535 - 92 1483
28535 - 92 1483
28535 - 92 1483
28535 - 92 1483
28535 - 92 1483
28535 - 92 1483
28535 - 92 1483
28535 - 92 1483
28535 - 92 1483
28535 - 92 1483
28535 - 92 1483
28535 - 92 1483
28535 - 92 1483
28535 - 92 1483
28535 # 1504
28535 - 92 1483
28535 - 92 1483
28535 # 1504
28535 # 1504
28535 # 1504
28535 # 1504
28535 # 1504
28535 # 1504
28535 # 1504
28535 # 1504
28535 # 1504
28535 # 1504
28535 # 1504
28535 # 1504
28535 # 1504
28535 # 1504
28535 # 1504
28535 # 1504
28535 # 1504
28535 # 1504
28535 # 1504
28535 # 1504
28535 # 1504
28535 # 1504
28535 # 1504
28535 # 1504
28535 # 1504
28535 # 1504
28535 # 1504
28535 # 1504
28535 # 1504
28535 # 1504
28535 # 1504
28535 # 1504
28535 # 1504
28535 # 1504
28535 # 1504
28535 # 1504
28535 # 1504
28535 # 1504
28535 # 1504
28535 # 1504
28535 # 1504
28535 # 1504
28535 # 1504
28535 # 1504
28535 # 1504
28535 # 1504
28535 # 1504
28535 # 1504
28535 # 1504
28535 # 1504
28535 # 1504
28535 # 1504
28535 # 1504
28535 # 1504
28535 # 1504
28535 # 1504
28535 # 1504
28535 # 1504
28535 # 1504
28535 # 1504
28535 # 1504
28535 # 1504
28535 # 1504
28535 # 1504
28535 # 1504
28535 # 1504
28535 # 1504
28535 # 1504
28535 # 1504
28535 # 1504
28535 # 1504
28535 # 1504
28535 # 1504
28535 # 1504
28535 # 1504
28535 # 1504
28535 # 1504
28535 # 1504
28535 # 1504
28535 # 1504
28535 # 1504
28551 + 92
28551 + 92
28551 + 92
28551 + 92
28551 + 92
28551 + 92
28551 + 92
28551 + 92
28551 + 92
28551 + 92
28551 + 92
28551 + 92
28551 + 92
28551 + 92
28551 + 92
28551 + 92
28551 + 92
28551 + 92
28551 + 92
28551 + 92
28551 + 92
28551 + 92
28551 + 92
28551 + 92
28551 + 92
28551 + 92
28551 + 92
28551 + 92
28551 + 92
28551 + 92
28552 + 92
28552 + 92
28552 + 92
28552 + 92
28552 + 92
28552 + 92
28552 + 92
28552 + 92
28552 + 92
28552 + 92
29986 + 52
30035 # 1504
30035 - 92 1484
30035 - 92 1484
30035 - 92 1484
30035 - 92 1484
30035 - 92 1484
30035 - 92 1484
30035 - 92 1484
30035 - 92 1484
30035 - 92 1484
30035 - 92 1484
30035 - 92 1484
30035 - 92 1484
30035 - 92 1484
30035 - 92 1484
30035 - 92 1484
30035 - 92 1484
30035 # 1504
30035 - 92 1484
30035 - 92 1484
30035 - 92 1484
30035 - 92 1484
30035 - 92 1484
30035 - 92 1484
30035 - 92 1484
30035 - 92 1484
30035 - 92 1484
30035 - 92 1484
30035 - 92 1484
30035 - 92 1484
30035 - 92 1484
30035 - 92 1484
30035 - 92 1483
30035 - 92 1483
30035 # 1504
30035 - 92 1483
30035 - 92 1483
30035 - 92 1483
30035 - 92 1483
30035 - 92 1483
30035 - 92 1483
30035 - 92 1483
30035 - 92 1483
30035 - 52 49
30035 # 1504
30035 # 1504
30035 # 1504
30035 # 1504
30035 # 1504
30035 # 1504
30035 # 1504
30035 # 1504
30035 # 1504
30035 # 1504
30035 # 1504
30035 # 1504
30035 # 1504
30035 # 1504
30035 # 1504
30035 # 1504
30035 # 1504
30035 # 1504
30035 # 1504
30035 # 1504
30035 # 1504
30035 # 1504
30035 # 1504
30035 # 1504
30035 # 1504
30035 # 1504
30035 # 1504
30035 # 1504
30035 # 1504
30035 # 1504
30035 # 1504
30035 # 1504
30035 # 1504
30035 # 1504
30035 # 1504
30035 # 1504
30035 # 1504
30035 # 1504
30035 # 1504
30035 # 1504
30035 # 1504
30035 # 1504
30035 # 1504
30035 # 1504
30035 # 1504
30035 # 1504
30035 # 1504
30035 # 1504
30035 # 1504
30035 # 1504
30035 # 1504
30035 # 1504
30035 # 1504
30035 # 1504
30035 # 1504
30035 # 1504
30035 # 1504
30035 # 1504
30035 # 1504
30035 # 1504
30035 # 1504
30035 # 1504
30035 # 1504
30035 # 1504
30035 # 1504
30035 # 1504
30035 # 1504
30035 # 1504
30035 # 1504
30035 # 1504
30035 # 1504
30035 # 1504
30035 # 1504
30035 # 1504
30035 # 1504
30035 # 1504
30035 # 1504
30035 # 1504
30035 # 1504
30035 # 1504
31535 # 1504
31535 # 1504
31535 # 1504
31535 # 1504
31535 # 1504
31535 # 1504
31535 # 1504
31535 # 1504
31535 # 1504
31535 # 1504
31535 # 1504
31535 # 1504
31535 # 1504
31535 # 1504
31535 # 1504
31535 # 1504
31535 # 1504
31535 # 1504
31535 # 1504
31535 # 1504
31535 # 1504
31535 # 1504
31535 # 1504
31535 # 1504
31535 # 1504
31535 # 1504
31535 # 1504
31535 # 1504
31535 # 1504
31535 # 1504
31535 # 1504
31535 # 1504
31535 # 1504
31535 # 1504
31535 # 1504
31535 # 1504
31535 # 1504
31535 # 1504
31535 # 1504
31535 # 1504
31535 # 1504
31535 # 1504
31535 # 1504
31535 # 1504
31535 # 1504
31535 # 1504
31535 # 1504
31535 # 1504
31535 # 1504
31535 # 1504
31535 # 1504
31535 # 1504
31535 # 1504
31535 # 1504
31535 # 1504
31535 # 1504
31535 # 1504
31535 # 1504
31535 # 1504
31535 # 1504
31535 # 1504
31535 # 1504
31535 # 1504
31535 # 1504
31535 # 1504
31535 # 1504
31535 # 1504
31535 # 1504
31535 # 1504
31535 # 1504
31535 # 1504
31535 # 1504
31535 # 1504
31535 # 1504
31535 # 1504
31535 # 1504
31535 # 1504
31535 # 1504
31535 # 1504
31535 # 1504
31535 # 1504
31535 # 1504
31535 # 1504
31551 + 92
31551 + 92
31551 + 92
31551 + 92
33035 # 1504
33035 - 92 1484
33035 - 92 1484
33035 - 92 1484
33035 - 92 1484
33035 # 1504
33035 # 1504
33035 # 1504
33035 # 1504
33035 # 1504
33035 # 1504
33035 # 1504
33035 # 1504
33035 # 1504
33035 # 1504
33035 # 1504
33035 # 1504
33035 # 1504
33035 # 1504
33035 # 1504
33035 # 1504
33035 # 1504
33035 # 1504
33035 # 1504
33035 # 1504
33035 # 1504
33035 # 1504
33035 # 1504
33035 # 1504
33035 # 1504
33035 # 1504
33035 # 1504
33035 # 1504
33035 # 1504
33035 # 1504
33035 # 1504
33035 # 1504
33035 # 1504
33035 # 1504
33035 # 1504
33035 # 1504
33035 # 1504
33035 # 1504
33035 # 1504
33035 # 1504
33035 # 1504
33035 # 1504
33035 # 1504
33035 # 1504
33035 # 1504
33035 # 1504
33035 # 1504
33035 # 1504
33035 # 1504
33035 # 1504
33035 # 1504
33035 # 1504
33035 # 1504
33035 # 1504
33035 # 1504
33035 # 1504
33035 # 1504
33035 # 1504
33035 # 1504
33035 # 1504
33035 # 1504
33035 # 1504
33035 # 1504
33035 # 1504
33035 # 1504
33035 # 1504
33035 # 1504
33035 # 1504
33035 # 1504
33035 # 1504
33035 # 1504
33035 # 1504
33035 # 1504
33035 # 1504
33035 # 1504
33035 # 1504
33035 # 1504
33035 # 1504
33035 # 1504
33035 # 1504
33035 # 1504
33035 # 1504
34535 # 1504
34535 # 1504
34535 # 1504
34535 # 1504
34535 # 1504
34535 # 1504
34535 # 1504
34535 # 1504
34535 # 1504
34535 # 1504
34535 # 1504
34535 # 1504
34535 # 1504
34535 # 1504
34535 # 1504
34535 # 1504
34535 # 1504
34535 # 1504
34535 # 1504
34535 # 1504
34535 # 1504
34535 # 1504
34535 # 1504
34535 # 1504
34535 # 1504
34535 # 1504
34535 # 1504
34535 # 1504
34535 # 1504
34535 # 1504
34535 # 1504
34535 # 1504
34535 # 1504
34535 # 1504
34535 # 1504
34535 # 1504
34535 # 1504
34535 # 1504
34535 # 1504
34535 # 1504
34535 # 1504
34535 # 1504
34535 # 1504
34535 # 1504
34535 # 1504
34535 # 1504
34535 # 1504
34535 # 1504
34535 # 1504
34535 # 1504
34535 # 1504
34535 # 1504
34535 # 1504
34535 # 1504
34535 # 1504
34535 # 1504
34535 # 1504
34535 # 1504
34535 # 1504
34535 # 1504
34535 # 1504
34535 # 1504
34535 # 1504
34535 # 1504
34535 # 1504
34535 # 1504
34535 # 1504
34535 # 1504
34535 # 1504
34535 # 1504
34535 # 1504
34535 # 1504
34535 # 1504
34535 # 1504
34535 # 1504
34535 # 1504
34535 # 1504
34535 # 1504
34535 # 1504
34535 # 1504
34535 # 1504
34535 # 1504
34535 # 1504
34552 + 92
34552 + 92
34552 + 92
34552 + 92
34552 + 92
34552 + 92
34552 + 92
34552 + 92
34552 + 92
34552 + 92
34552 + 92
34552 + 92
34552 + 92
34552 + 92
34552 + 92
34552 + 92
34552 + 92
34552 + 92
34552 + 92
34552 + 92
34552 + 92
34552 + 92
34552 + 92
34552 + 92
34552 + 92
34552 + 92
34552 + 92
34552 + 92
34552 + 92
34552 + 92
34552 + 92
34552 + 92
34552 + 92
34552 + 92
34552 + 92
34552 + 92
34552 + 92
34552 + 92
34552 + 92
34552 + 92
34552 + 92
34552 + 92
34552 + 92
34552 + 92
34552 + 92
34552 + 92
34552 + 92
34552 + 92
34552 + 92
34552 + 92
34553 + 92
34553 + 92
34553 + 92
34553 + 92
34554 + 92
34554 + 92
34554 + 92
34554 + 92
34554 + 92
34554 + 92
34554 + 92
34554 + 92
34554 + 92
34554 + 92
34554 + 92
34554 + 92
34554 + 92
34554 + 92
34554 + 92
34554 + 92
34554 + 92
34554 + 92
34554 + 92
34554 + 92
34554 + 92
34554 + 92
34554 + 92
34554 + 92
34554 + 92
34554 + 92
34554 + 92
34554 + 92
34554 + 92
36035 # 1504
36035 - 92 1483
36035 - 92 1483
36035 - 92 1483
36035 - 92 1483
36035 - 92 1483
36035 - 92 1483
36035 - 92 1483
36035 - 92 1483
36035 - 92 1483
36035 - 92 1483
36035 - 92 1483
36035 - 92 1483
36035 - 92 1483
36035 - 92 1483
36035 - 92 1483
36035 - 92 1483
36035 # 1504
36035 - 92 1483
36035 - 92 1483
36035 - 92 1483
36035 - 92 1483
36035 - 92 1483
36035 - 92 1483
36035 - 92 1483
36035 - 92 1483
36035 - 92 1483
36035 - 92 1483
36035 - 92 1483
36035 - 92 1483
36035 - 92 1483
36035 - 92 1483
36035 - 92 1483
36035 - 92 1483
36035 # 1504
36035 - 92 1483
36035 - 92 1483
36035 - 92 1483
36035 - 92 1483
36035 - 92 1483
36035 - 92 1483
36035 - 92 1483
36035 - 92 1483
36035 - 92 1483
36035 - 92 1483
36035 - 92 1483
36035 - 92 1483
36035 - 92 1483
36035 - 92 1483
36035 - 92 1483
36035 - 92 1483
36035 - 92 1483
36035 # 1504
36035 - 92 1483
36035 - 92 1482
36035 - 92 1482
36035 - 92 1482
36035 - 92 1482
36035 - 92 1481
36035 - 92 1481
36035 - 92 1481
36035 - 92 1481
36035 - 92 1481
36035 - 92 1481
36035 - 92 1481
36035 - 92 1481
36035 - 92 1481
36035 - 92 1481
36035 - 92 1481
36035 # 1504
36035 - 92 1481
36035 - 92 1481
36035 - 92 1481
36035 - 92 1481
36035 - 92 1481
36035 - 92 1481
36035 - 92 1481
36035 - 92 1481
36035 - 92 1481
36035 - 92 1481
36035 - 92 1481
36035 - 92 1481
36035 - 92 1481
36035 - 92 1481
36035 - 92 1481
36035 - 92 1481
36035 # 1504
36035 - 92 1481
36035 - 92 1481
36035 # 1504
36035 # 1504
36035 # 1504
36035 # 1504
36035 # 1504
36035 # 1504
36035 # 1504
36035 # 1504
36035 # 1504
36035 # 1504
36035 # 1504
36035 # 1504
36035 # 1504
36035 # 1504
36035 # 1504
36035 # 1504
36035 # 1504
36035 # 1504
36035 # 1504
36035 # 1504
36035 # 1504
36035 # 1504
36035 # 1504
36035 # 1504
36035 # 1504
36035 # 1504
36035 # 1504
36035 # 1504
36035 # 1504
36035 # 1504
36035 # 1504
36035 # 1504
36035 # 1504
36035 # 1504
36035 # 1504
36035 # 1504
36035 # 1504
36035 # 1504
36035 # 1504
36035 # 1504
36035 # 1504
36035 # 1504
36035 # 1504
36035 # 1504
36035 # 1504
36035 # 1504
36035 # 1504
36035 # 1504
36035 # 1504
36035 # 1504
36035 # 1504
36035 # 1504
36035 # 1504
36035 # 1504
36035 # 1504
36035 # 1504
36035 # 1504
36035 # 1504
36035 # 1504
36035 # 1504
36035 # 1504
36035 # 1504
36035 # 1504
36035 # 1504
36035 # 1504
36035 # 1504
36035 # 1504
36035 # 1504
36035 # 1504
36035 # 1504
36035 # 1504
36035 # 1504
36035 # 1504
36035 # 1504
36035 # 1504
36035 # 1504
36035 # 1504
36052 + 92
36052 + 92
36052 + 92
36052 + 92
36052 + 92
36052 + 92
36052 + 92
36052 + 92
36052 + 92
36052 + 92
36052 + 92
36052 + 92
36052 + 92
36052 + 92
36052 + 92
36052 + 92
36052 + 92
36052 + 92
36052 + 92
36052 + 92
36052 + 92
36052 + 92
36052 + 92
36052 + 92
36052 + 92
36052 + 92
36052 + 92
36052 + 92
36052 + 92
36052 + 92
36052 + 92
36052 + 92
36052 + 92
36052 + 92
36052 + 92
36052 + 92
37535 # 1504
37535 - 92 1483
37535 - 92 1483
37535 - 92 1483
37535 - 92 1483
37535 - 92 1483
37535 - 92 1483
37535 - 92 1483
37535 - 92 1483
37535 - 92 1483
37535 - 92 1483
37535 - 92 1483
37535 - 92 1483
37535 - 92 1483
37535 - 92 1483
37535 - 92 1483
37535 - 92 1483
37535 # 1504
37535 - 92 1483
37535 - 92 1483
37535 - 92 1483
37535 - 92 1483
37535 - 92 1483
37535 - 92 1483
37535 - 92 1483
37535 - 92 1483
37535 - 92 1483
37535 - 92 1483
37535 - 92 1483
37535 - 92 1483
37535 - 92 1483
37535 - 92 1483
37535 - 92 1483
37535 - 92 1483
37535 # 1504
37535 - 92 1483
37535 - 92 1483
37535 - 92 1483
37535 - 92 1483
37535 # 1504
37535 # 1504
37535 # 1504
37535 # 1504
37535 # 1504
37535 # 1504
37535 # 1504
37535 # 1504
37535 # 1504
37535 # 1504
37535 # 1504
37535 # 1504
37535 # 1504
37535 # 1504
37535 # 1504
37535 # 1504
37535 # 1504
37535 # 1504
37535 # 1504
37535 # 1504
37535 # 1504
37535 # 1504
37535 # 1504
37535 # 1504
37535 # 1504
37535 # 1504
37535 # 1504
37535 # 1504
37535 # 1504
37535 # 1504
37535 # 1504
37535 # 1504
37535 # 1504
37535 # 1504
37535 # 1504
37535 # 1504
37535 # 1504
37535 # 1504
37535 # 1504
37535 # 1504
37535 # 1504
37535 # 1504
37535 # 1504
37535 # 1504
37535 # 1504
37535 # 1504
37535 # 1504
37535 # 1504
37535 # 1504
37535 # 1504
37535 # 1504
37535 # 1504
37535 # 1504
37535 # 1504
37535 # 1504
37535 # 1504
37535 # 1504
37535 # 1504
37535 # 1504
37535 # 1504
37535 # 1504
37535 # 1504
37535 # 1504
37535 # 1504
37535 # 1504
37535 # 1504
37535 # 1504
37535 # 1504
37535 # 1504
37535 # 1504
37535 # 1504
37535 # 1504
37535 # 1504
37535 # 1504
37535 # 1504
37535 # 1504
37535 # 1504
37535 # 1504
37535 # 1504
37535 # 1504
37547 + 92
37548 + 92
37548 + 92
37548 + 92
37548 + 92
37548 + 92
37548 + 92
37548 + 92
37548 + 92
37548 + 92
37548 + 92
37548 + 92
37548 + 92
37548 + 92
37548 + 92
37548 + 92
37548 + 92
37548 + 92
37548 + 92
37548 + 92
37548 + 92
37548 + 92
37548 + 92
37548 + 92
37550 + 92
37550 + 92
37550 + 92
37550 + 92
37550 + 92
37550 + 92
37550 + 92
37550 + 92
37550 + 92
37550 + 92
37550 + 92
37550 + 92
37550 + 92
37550 + 92
37550 + 92
37550 + 92
37550 + 92
37550 + 92
37550 + 92
37550 + 92
39035 # 1504
39035 - 92 1488
39035 - 92 1487
39035 - 92 1487
39035 - 92 1487
39035 - 92 1487
39035 - 92 1487
39035 - 92 1487
39035 - 92 1487
39035 - 92 1487
39035 - 92 1487
39035 - 92 1487
39035 - 92 1487
39035 - 92 1487
39035 - 92 1487
39035 - 92 1487
39035 - 92 1487
39035 # 1504
39035 - 92 1487
39035 - 92 1487
39035 - 92 1487
39035 - 92 1487
39035 - 92 1487
39035 - 92 1487
39035 - 92 1487
39035 - 92 1487
39035 - 92 1485
39035 - 92 1485
39035 - 92 1485
39035 - 92 1485
39035 - 92 1485
39035 - 92 1485
39035 - 92 1485
39035 - 92 1485
39035 # 1504
39035 - 92 1485
39035 - 92 1485
39035 - 92 1485
39035 - 92 1485
39035 - 92 1485
39035 - 92 1485
39035 - 92 1485
39035 - 92 1485
39035 - 92 1485
39035 - 92 1485
39035 - 92 1485
39035 - 92 1485
39035 # 1504
39035 # 1504
39035 # 1504
39035 # 1504
39035 # 1504
39035 # 1504
39035 # 1504
39035 # 1504
39035 # 1504
39035 # 1504
39035 # 1504
39035 # 1504
39035 # 1504
39035 # 1504
39035 # 1504
39035 # 1504
39035 # 1504
39035 # 1504
39035 # 1504
39035 # 1504
39035 # 1504
39035 # 1504
39035 # 1504
39035 # 1504
39035 # 1504
39035 # 1504
39035 # 1504
39035 # 1504
39035 # 1504
39035 # 1504
39035 # 1504
39035 # 1504
39035 # 1504
39035 # 1504
39035 # 1504
39035 # 1504
39035 # 1504
39035 # 1504
39035 # 1504
39035 # 1504
39035 # 1504
39035 # 1504
39035 # 1504
39035 # 1504
39035 # 1504
39035 # 1504
39035 # 1504
39035 # 1504
39035 # 1504
39035 # 1504
39035 # 1504
39035 # 1504
39035 # 1504
39035 # 1504
39035 # 1504
39035 # 1504
39035 # 1504
39035 # 1504
39035 # 1504
39035 # 1504
39035 # 1504
39035 # 1504
39035 # 1504
39035 # 1504
39035 # 1504
39035 # 1504
39035 # 1504
39035 # 1504
39035 # 1504
39035 # 1504
39035 # 1504
39035 # 1504
39035 # 1504
39035 # 1504
39035 # 1504
39035 # 1504
39035 # 1504
39035 # 1504
39035 # 1504
39035 # 1504
39054 + 92
39054 + 92
39054 + 92
39054 + 92
39054 + 92
39054 + 92
39054 + 92
39054 + 92
39054 + 92
39054 + 92
39054 + 92
39054 + 92
39054 + 92
39054 + 92
39054 + 92
39054 + 92
39054 + 92
39054 + 92
39054 + 92
39054 + 92
39054 + 92
39054 + 92
39054 + 92
39054 + 92
39054 + 92
39054 + 92
39054 + 92
39054 + 92
39054 + 92
39054 + 92
39054 + 92
39054 + 92
39054 + 92
39054 + 92
39054 + 92
39054 + 92
39054 + 92
39054 + 92
39054 + 92
39054 + 92
39054 + 92
39054 + 92
39054 + 92
39054 + 92
39054 + 92
39054 + 92
39054 + 92
39054 + 92
39054 + 92
39054 + 92
39054 + 92
39054 + 92
39054 + 92
39054 + 92
39054 + 92
39054 + 92
39054 + 92
39054 + 92
39054 + 92
39054 + 92
39054 + 92
39054 + 92
39054 + 92
39054 + 92
39054 + 92
39054 + 92
39054 + 92
39054 + 92
39054 + 92
39054 + 92
39055 + 92
39055 + 92
39055 + 92
39055 + 92
39055 + 92
39055 + 92
39055 + 92
39055 + 92
39055 + 92
40535 # 1504
40535 - 92 1481
40535 - 92 1481
40535 - 92 1481
40535 - 92 1481
40535 - 92 1481
40535 - 92 1481
40535 - 92 1481
40535 - 92 1481
40535 - 92 1481
40535 - 92 1481
40535 - 92 1481
40535 - 92 1481
40535 - 92 1481
40535 - 92 1481
40535 - 92 1481
40535 - 92 1481
40535 # 1504
40535 - 92 1481
40535 - 92 1481
40535 - 92 1481
40535 - 92 1481
40535 - 92 1481
40535 - 92 1481
40535 - 92 1481
40535 - 92 1481
40535 - 92 1481
40535 - 92 1481
40535 - 92 1481
40535 - 92 1481
40535 - 92 1481
40535 - 92 1481
40535 - 92 1481
40535 - 92 1481
40535 # 1504
40535 - 92 1481
40535 - 92 1481
40535 - 92 1481
40535 - 92 1481
40535 - 92 1481
40535 - 92 1481
40535 - 92 1481
40535 - 92 1481
40535 - 92 1481
40535 - 92 1481
40535 - 92 1481
40535 - 92 1481
40535 - 92 1481
40535 - 92 1481
40535 - 92 1481
40535 - 92 1481
40535 - 92 1481
40535 # 1504
40535 - 92 1481
40535 - 92 1481
40535 - 92 1481
40535 - 92 1481
40535 - 92 1481
40535 - 92 1481
40535 - 92 1481
40535 - 92 1481
40535 - 92 1481
40535 - 92 1481
40535 - 92 1481
40535 - 92 1481
40535 - 92 1481
40535 - 92 1481
40535 - 92 1481
40535 - 92 1481
40535 # 1504
40535 - 92 1481
40535 - 92 1481
40535 - 92 1481
40535 - 92 1481
40535 - 92 1481
40535 - 92 1480
40535 - 92 1480
40535 - 92 1480
40535 - 92 1480
40535 - 92 1480
40535 - 92 1480
40535 - 92 1480
40535 - 92 1480
40535 - 92 1480
40535 # 1504
40535 # 1504
40535 # 1504
40535 # 1504
40535 # 1504
40535 # 1504
40535 # 1504
40535 # 1504
40535 # 1504
40535 # 1504
40535 # 1504
40535 # 1504
40535 # 1504
40535 # 1504
40535 # 1504
40535 # 1504
40535 # 1504
40535 # 1504
40535 # 1504
40535 # 1504
40535 # 1504
40535 # 1504
40535 # 1504
40535 # 1504
40535 # 1504
40535 # 1504
40535 # 1504
40535 # 1504
40535 # 1504
40535 # 1504
40535 # 1504
40535 # 1504
40535 # 1504
40535 # 1504
40535 # 1504
40535 # 1504
40535 # 1504
40535 # 1504
40535 # 1504
40535 # 1504
40535 # 1504
40535 # 1504
40535 # 1504
40535 # 1504
40535 # 1504
40535 # 1504
40535 # 1504
40535 # 1504
40535 # 1504
40535 # 1504
40535 # 1504
40535 # 1504
40535 # 1504
40535 # 1504
40535 # 1504
40535 # 1504
40535 # 1504
40535 # 1504
40535 # 1504
40535 # 1504
40535 # 1504
40535 # 1504
40535 # 1504
40535 # 1504
40535 # 1504
40535 # 1504
40535 # 1504
40535 # 1504
40535 # 1504
40535 # 1504
40535 # 1504
40535 # 1504
40535 # 1504
40535 # 1504
40535 # 1504
40535 # 1504
40535 # 1504
40535 # 1504
40549 + 92
40549 + 92
40549 + 92
40549 + 92
40549 + 92
40549 + 92
40549 + 92
40549 + 92
40549 + 92
40549 + 92
40549 + 92
40549 + 92
40549 + 92
40550 + 92
40550 + 92
40550 + 92
40550 + 92
40550 + 92
40550 + 92
40550 + 92
40550 + 92
40550 + 92
40550 + 92
40550 + 92
40550 + 92
40550 + 92
40550 + 92
40550 + 92
40550 + 92
40550 + 92
40550 + 92
40550 + 92
40550 + 92
40550 + 92
40550 + 92
40550 + 92
40550 + 92
40550 + 92
40550 + 92
40550 + 92
40550 + 92
40550 + 92
40550 + 92
40550 + 92
40550 + 92
40550 + 92
40550 + 92
40550 + 92
40550 + 92
40550 + 92
40550 + 92
40550 + 92
40550 + 92
40550 + 92
40550 + 92
40550 + 92
40550 + 92
40550 + 92
40550 + 92
40550 + 92
40550 + 92
40550 + 92
40551 + 92
40551 + 92
40551 + 92
40551 + 92
40551 + 92
40551 + 92
40551 + 92
40551 + 92
40551 + 92
40551 + 92
40551 + 92
40551 + 92
40551 + 92
40551 + 92
42035 # 1504
42035 - 92 1486
42035 - 92 1486
42035 - 92 1486
42035 - 92 1486
42035 - 92 1486
42035 - 92 1486
42035 - 92 1486
42035 - 92 1486
42035 - 92 1486
42035 - 92 1486
42035 - 92 1486
42035 - 92 1486
42035 - 92 1486
42035 - 92 1485
42035 - 92 1485
42035 - 92 1485
42035 # 1504
42035 - 92 1485
42035 - 92 1485
42035 - 92 1485
42035 - 92 1485
42035 - 92 1485
42035 - 92 1485
42035 - 92 1485
42035 - 92 1485
42035 - 92 1485
42035 - 92 1485
42035 - 92 1485
42035 - 92 1485
42035 - 92 1485
42035 - 92 1485
42035 - 92 1485
42035 - 92 1485
42035 # 1504
42035 - 92 1485
42035 - 92 1485
42035 - 92 1485
42035 - 92 1485
42035 - 92 1485
42035 - 92 1485
42035 - 92 1485
42035 - 92 1485
42035 - 92 1485
42035 - 92 1485
42035 - 92 1485
42035 - 92 1485
42035 - 92 1485
42035 - 92 1485
42035 - 92 1485
42035 - 92 1485
42035 - 92 1485
42035 # 1504
42035 - 92 1485
42035 - 92 1485
42035 - 92 1485
42035 - 92 1485
42035 - 92 1485
42035 - 92 1485
42035 - 92 1485
42035 - 92 1485
42035 - 92 1485
42035 - 92 1485
42035 - 92 1485
42035 - 92 1485
42035 - 92 1485
42035 - 92 1484
42035 - 92 1484
42035 - 92 1484
42035 # 1504
42035 - 92 1484
42035 - 92 1484
42035 - 92 1484
42035 - 92 1484
42035 - 92 1484
42035 - 92 1484
42035 - 92 1484
42035 - 92 1484
42035 - 92 1484
42035 - 92 1484
42035 - 92 1484
42035 # 1504
42035 # 1504
42035 # 1504
42035 # 1504
42035 # 1504
42035 # 1504
42035 # 1504
42035 # 1504
42035 # 1504
42035 # 1504
42035 # 1504
42035 # 1504
42035 # 1504
42035 # 1504
42035 # 1504
42035 # 1504
42035 # 1504
42035 # 1504
42035 # 1504
42035 # 1504
42035 # 1504
42035 # 1504
42035 # 1504
42035 # 1504
42035 # 1504
42035 # 1504
42035 # 1504
42035 # 1504
42035 # 1504
42035 # 1504
42035 # 1504
42035 # 1504
42035 # 1504
42035 # 1504
42035 # 1504
42035 # 1504
42035 # 1504
42035 # 1504
42035 # 1504
42035 # 1504
42035 # 1504
42035 # 1504
42035 # 1504
42035 # 1504
42035 # 1504
42035 # 1504
42035 # 1504
42035 # 1504
42035 # 1504
42035 # 1504
42035 # 1504
42035 # 1504
42035 # 1504
42035 # 1504
42035 # 1504
42035 # 1504
42035 # 1504
42035 # 1504
42035 # 1504
42035 # 1504
42035 # 1504
42035 # 1504
42035 # 1504
42035 # 1504
42035 # 1504
42035 # 1504
42035 # 1504
42035 # 1504
42035 # 1504
42035 # 1504
42035 # 1504
42035 # 1504
42035 # 1504
42035 # 1504
42035 # 1504
42035 # 1504
42035 # 1504
42035 # 1504
42051 + 92
42051 + 92
42051 + 92
42051 + 92
42051 + 92
42051 + 92
42051 + 92
42051 + 92
42051 + 92
42051 + 92
42051 + 92
42051 + 92
43535 # 1504
43535 - 92 1484
43535 - 92 1484
43535 - 92 1484
43535 - 92 1484
43535 - 92 1484
43535 - 92 1484
43535 - 92 1484
43535 - 92 1484
43535 - 92 1484
43535 - 92 1484
43535 - 92 1484
43535 - 92 1484
43535 # 1504
43535 # 1504
43535 # 1504
43535 # 1504
43535 # 1504
43535 # 1504
43535 # 1504
43535 # 1504
43535 # 1504
43535 # 1504
43535 # 1504
43535 # 1504
43535 # 1504
43535 # 1504
43535 # 1504
43535 # 1504
43535 # 1504
43535 # 1504
43535 # 1504
43535 # 1504
43535 # 1504
43535 # 1504
43535 # 1504
43535 # 1504
43535 # 1504
43535 # 1504
43535 # 1504
43535 # 1504
43535 # 1504
43535 # 1504
43535 # 1504
43535 # 1504
43535 # 1504
43535 # 1504
43535 # 1504
43535 # 1504
43535 # 1504
43535 # 1504
43535 # 1504
43535 # 1504
43535 # 1504
43535 # 1504
43535 # 1504
43535 # 1504
43535 # 1504
43535 # 1504
43535 # 1504
43535 # 1504
43535 # 1504
43535 # 1504
43535 # 1504
43535 # 1504
43535 # 1504
43535 # 1504
43535 # 1504
43535 # 1504
43535 # 1504
43535 # 1504
43535 # 1504
43535 # 1504
43535 # 1504
43535 # 1504
43535 # 1504
43535 # 1504
43535 # 1504
43535 # 1504
43535 # 1504
43535 # 1504
43535 # 1504
43535 # 1504
43535 # 1504
43535 # 1504
43535 # 1504
43535 # 1504
43535 # 1504
43535 # 1504
43535 # 1504
43535 # 1504
43535 # 1504
43535 # 1504
43535 # 1504
43535 # 1504
43553 + 92
43553 + 92
43553 + 92
43553 + 92
43553 + 92
43553 + 92
43553 + 92
43553 + 92
43553 + 92
43553 + 92
43553 + 92
43553 + 92
43553 + 92
43553 + 92
43553 + 92
43553 + 92
43597 + 92
45035 # 1504
45035 - 92 1482
45035 - 92 1482
45035 - 92 1482
45035 - 92 1482
45035 - 92 1482
45035 - 92 1482
45035 - 92 1482
45035 - 92 1482
45035 - 92 1482
45035 - 92 1482
45035 - 92 1482
45035 - 92 1482
45035 - 92 1482
45035 - 92 1482
45035 - 92 1482
45035 - 92 1482
45035 # 1504
45035 - 92 1438
45035 # 1504
45035 # 1504
45035 # 1504
45035 # 1504
45035 # 1504
45035 # 1504
45035 # 1504
45035 # 1504
45035 # 1504
45035 # 1504
45035 # 1504
45035 # 1504
45035 # 1504
45035 # 1504
45035 # 1504
45035 # 1504
45035 # 1504
45035 # 1504
45035 # 1504
45035 # 1504
45035 # 1504
45035 # 1504
45035 # 1504
45035 # 1504
45035 # 1504
45035 # 1504
45035 # 1504
45035 # 1504
45035 # 1504
45035 # 1504
45035 # 1504
45035 # 1504
45035 # 1504
45035 # 1504
45035 # 1504
45035 # 1504
45035 # 1504
45035 # 1504
45035 # 1504
45035 # 1504
45035 # 1504
45035 # 1504
45035 # 1504
45035 # 1504
45035 # 1504
45035 # 1504
45035 # 1504
45035 # 1504
45035 # 1504
45035 # 1504
45035 # 1504
45035 # 1504
45035 # 1504
45035 # 1504
45035 # 1504
45035 # 1504
45035 # 1504
45035 # 1504
45035 # 1504
45035 # 1504
45035 # 1504
45035 # 1504
45035 # 1504
45035 # 1504
45035 # 1504
45035 # 1504
45035 # 1504
45035 # 1504
45035 # 1504
45035 # 1504
45035 # 1504
45035 # 1504
45035 # 1504
45035 # 1504
45035 # 1504
45035 # 1504
45035 # 1504
45035 # 1504
45035 # 1504
45035 # 1504
45035 # 1504
45054 + 92
45054 + 92
45054 + 92
45054 + 92
45054 + 92
45054 + 92
45054 + 92
45054 + 92
45054 + 92
45054 + 92
45054 + 92
45054 + 92
45054 + 92
45054 + 92
45055 + 92
45055 + 92
45055 + 92
45055 + 92
45055 + 92
45055 + 92
46535 # 1504
46535 - 92 1481
46535 - 92 1481
46535 - 92 1481
46535 - 92 1481
46535 - 92 1481
46535 - 92 1481
46535 - 92 1481
46535 - 92 1481
46535 - 92 1481
46535 - 92 1481
46535 - 92 1481
46535 - 92 1481
46535 - 92 1481
46535 - 92 1481
46535 - 92 1480
46535 - 92 1480
46535 # 1504
46535 - 92 1480
46535 - 92 1480
46535 - 92 1480
46535 - 92 1480
46535 # 1504
46535 # 1504
46535 # 1504
46535 # 1504
46535 # 1504
46535 # 1504
46535 # 1504
46535 # 1504
46535 # 1504
46535 # 1504
46535 # 1504
46535 # 1504
46535 # 1504
46535 # 1504
46535 # 1504
46535 # 1504
46535 # 1504
46535 # 1504
46535 # 1504
46535 # 1504
46535 # 1504
46535 # 1504
46535 # 1504
46535 # 1504
46535 # 1504
46535 # 1504
46535 # 1504
46535 # 1504
46535 # 1504
46535 # 1504
46535 # 1504
46535 # 1504
46535 # 1504
46535 # 1504
46535 # 1504
46535 # 1504
46535 # 1504
46535 # 1504
46535 # 1504
46535 # 1504
46535 # 1504
46535 # 1504
46535 # 1504
46535 # 1504
46535 # 1504
46535 # 1504
46535 # 1504
46535 # 1504
46535 # 1504
46535 # 1504
46535 # 1504
46535 # 1504
46535 # 1504
46535 # 1504
46535 # 1504
46535 # 1504
46535 # 1504
46535 # 1504
46535 # 1504
46535 # 1504
46535 # 1504
46535 # 1504
46535 # 1504
46535 # 1504
46535 # 1504
46535 # 1504
46535 # 1504
46535 # 1504
46535 # 1504
46535 # 1504
46535 # 1504
46535 # 1504
46535 # 1504
46535 # 1504
46535 # 1504
46535 # 1504
46535 # 1504
46535 # 1504
46535 # 1504
46535 # 1504
46535 # 1504
46551 + 92
46551 + 92
46551 + 92
46551 + 92
46551 + 92
46551 + 92
46551 + 92
46551 + 92
46551 + 92
46551 + 92
46551 + 92
46551 + 92
46551 + 92
48035 # 1504
48035 - 92 1484
48035 - 92 1484
48035 - 92 1484
48035 - 92 1484
48035 - 92 1484
48035 - 92 1484
48035 - 92 1484
48035 - 92 1484
48035 - 92 1484
48035 - 92 1484
48035 - 92 1484
48035 - 92 1484
48035 - 92 1484
48035 # 1504
48035 # 1504
48035 # 1504
48035 # 1504
48035 # 1504
48035 # 1504
48035 # 1504
48035 # 1504
48035 # 1504
48035 # 1504
48035 # 1504
48035 # 1504
48035 # 1504
48035 # 1504
48035 # 1504
48035 # 1504
48035 # 1504
48035 # 1504
48035 # 1504
48035 # 1504
48035 # 1504
48035 # 1504
48035 # 1504
48035 # 1504
48035 # 1504
48035 # 1504
48035 # 1504
48035 # 1504
48035 # 1504
48035 # 1504
48035 # 1504
48035 # 1504
48035 # 1504
48035 # 1504
48035 # 1504
48035 # 1504
48035 # 1504
48035 # 1504
48035 # 1504
48035 # 1504
48035 # 1504
48035 # 1504
48035 # 1504
48035 # 1504
48035 # 1504
48035 # 1504
48035 # 1504
48035 # 1504
48035 # 1504
48035 # 1504
48035 # 1504
48035 # 1504
48035 # 1504
48035 # 1504
48035 # 1504
48035 # 1504
48035 # 1504
48035 # 1504
48035 # 1504
48035 # 1504
48035 # 1504
48035 # 1504
48035 # 1504
48035 # 1504
48035 # 1504
48035 # 1504
48035 # 1504
48035 # 1504
48035 # 1504
48035 # 1504
48035 # 1504
48035 # 1504
48035 # 1504
48035 # 1504
48035 # 1504
48035 # 1504
48035 # 1504
48035 # 1504
48035 # 1504
48035 # 1504
48035 # 1504
48035 # 1504
49535 # 1504
49535 # 1504
49535 # 1504
49535 # 1504
49535 # 1504
49535 # 1504
49535 # 1504
49535 # 1504
49535 # 1504
49535 # 1504
49535 # 1504
49535 # 1504
49535 # 1504
49535 # 1504
49535 # 1504
49535 # 1504
49535 # 1504
49535 # 1504
49535 # 1504
49535 # 1504
49535 # 1504
49535 # 1504
49535 # 1504
49535 # 1504
49535 # 1504
49535 # 1504
49535 # 1504
49535 # 1504
49535 # 1504
49535 # 1504
49535 # 1504
49535 # 1504
49535 # 1504
49535 # 1504
49535 # 1504
49535 # 1504
49535 # 1504
49535 # 1504
49535 # 1504
49535 # 1504
49535 # 1504
49535 # 1504
49535 # 1504
49535 # 1504
49535 # 1504
49535 # 1504
49535 # 1504
49535 # 1504
49535 # 1504
49535 # 1504
49535 # 1504
49535 # 1504
49535 # 1504
49535 # 1504
49535 # 1504
49535 # 1504
49535 # 1504
49535 # 1504
49535 # 1504
49535 # 1504
49535 # 1504
49535 # 1504
49535 # 1504
49535 # 1504
49535 # 1504
49535 # 1504
49535 # 1504
49535 # 1504
49535 # 1504
49535 # 1504
49535 # 1504
49535 # 1504
49535 # 1504
49535 # 1504
49535 # 1504
49535 # 1504
49535 # 1504
49535 # 1504
49535 # 1504
49535 # 1504
49535 # 1504
49535 # 1504
49535 # 1504
49550 + 92
49551 + 92
51035 # 1504
51035 - 92 1485
51035 - 92 1484
51035 # 1504
51035 # 1504
51035 # 1504
51035 # 1504
51035 # 1504
51035 # 1504
51035 # 1504
51035 # 1504
51035 # 1504
51035 # 1504
51035 # 1504
51035 # 1504
51035 # 1504
51035 # 1504
51035 # 1504
51035 # 1504
51035 # 1504
51035 # 1504
51035 # 1504
51035 # 1504
51035 # 1504
51035 # 1504
51035 # 1504
51035 # 1504
51035 # 1504
51035 # 1504
51035 # 1504
51035 # 1504
51035 # 1504
51035 # 1504
51035 # 1504
51035 # 1504
51035 # 1504
51035 # 1504
51035 # 1504
51035 # 1504
51035 # 1504
51035 # 1504
51035 # 1504
51035 # 1504
51035 # 1504
51035 # 1504
51035 # 1504
51035 # 1504
51035 # 1504
51035 # 1504
51035 # 1504
51035 # 1504
51035 # 1504
51035 # 1504
51035 # 1504
51035 # 1504
51035 # 1504
51035 # 1504
51035 # 1504
51035 # 1504
51035 # 1504
51035 # 1504
51035 # 1504
51035 # 1504
51035 # 1504
51035 # 1504
51035 # 1504
51035 # 1504
51035 # 1504
51035 # 1504
51035 # 1504
51035 # 1504
51035 # 1504
51035 # 1504
51035 # 1504
51035 # 1504
51035 # 1504
51035 # 1504
51035 # 1504
51035 # 1504
51035 # 1504
51035 # 1504
51035 # 1504
51035 # 1504
51035 # 1504
51035 # 1504
52535 # 1504
52535 # 1504
52535 # 1504
52535 # 1504
52535 # 1504
52535 # 1504
52535 # 1504
52535 # 1504
52535 # 1504
52535 # 1504
52535 # 1504
52535 # 1504
52535 # 1504
52535 # 1504
52535 # 1504
52535 # 1504
52535 # 1504
52535 # 1504
52535 # 1504
52535 # 1504
52535 # 1504
52535 # 1504
52535 # 1504
52535 # 1504
52535 # 1504
52535 # 1504
52535 # 1504
52535 # 1504
52535 # 1504
52535 # 1504
52535 # 1504
52535 # 1504
52535 # 1504
52535 # 1504
52535 # 1504
52535 # 1504
52535 # 1504
52535 # 1504
52535 # 1504
52535 # 1504
52535 # 1504
52535 # 1504
52535 # 1504
52535 # 1504
52535 # 1504
52535 # 1504
52535 # 1504
52535 # 1504
52535 # 1504
52535 # 1504
52535 # 1504
52535 # 1504
52535 # 1504
52535 # 1504
52535 # 1504
52535 # 1504
52535 # 1504
52535 # 1504
52535 # 1504
52535 # 1504
52535 # 1504
52535 # 1504
52535 # 1504
52535 # 1504
52535 # 1504
52535 # 1504
52535 # 1504
52535 # 1504
52535 # 1504
52535 # 1504
52535 # 1504
52535 # 1504
52535 # 1504
52535 # 1504
52535 # 1504
52535 # 1504
52535 # 1504
52535 # 1504
52535 # 1504
52535 # 1504
52535 # 1504
52535 # 1504
52535 # 1504
52551 + 92
52551 + 92
52551 + 92
52551 + 92
52551 + 92
52551 + 92
52551 + 92
52551 + 92
52551 + 92
52551 + 92
52551 + 92
52551 + 92
52551 + 92
52551 + 92
52595 + 92
54035 # 1504
54035 - 92 1484
54035 - 92 1484
54035 - 92 1484
54035 - 92 1484
54035 - 92 1484
54035 - 92 1484
54035 - 92 1484
54035 - 92 1484
54035 - 92 1484
54035 - 92 1484
54035 - 92 1484
54035 - 92 1484
54035 - 92 1484
54035 - 92 1484
54035 - 92 1440
54035 # 1504
54035 # 1504
54035 # 1504
54035 # 1504
54035 # 1504
54035 # 1504
54035 # 1504
54035 # 1504
54035 # 1504
54035 # 1504
54035 # 1504
54035 # 1504
54035 # 1504
54035 # 1504
54035 # 1504
54035 # 1504
54035 # 1504
54035 # 1504
54035 # 1504
54035 # 1504
54035 # 1504
54035 # 1504
54035 # 1504
54035 # 1504
54035 # 1504
54035 # 1504
54035 # 1504
54035 # 1504
54035 # 1504
54035 # 1504
54035 # 1504
54035 # 1504
54035 # 1504
54035 # 1504
54035 # 1504
54035 # 1504
54035 # 1504
54035 # 1504
54035 # 1504
54035 # 1504
54035 # 1504
54035 # 1504
54035 # 1504
54035 # 1504
54035 # 1504
54035 # 1504
54035 # 1504
54035 # 1504
54035 # 1504
54035 # 1504
54035 # 1504
54035 # 1504
54035 # 1504
54035 # 1504
54035 # 1504
54035 # 1504
54035 # 1504
54035 # 1504
54035 # 1504
54035 # 1504
54035 # 1504
54035 # 1504
54035 # 1504
54035 # 1504
54035 # 1504
54035 # 1504
54035 # 1504
54035 # 1504
54035 # 1504
54035 # 1504
54035 # 1504
54035 # 1504
54035 # 1504
54035 # 1504
54035 # 1504
54035 # 1504
54035 # 1504
54035 # 1504
54035 # 1504
54035 # 1504
54035 # 1504
54035 # 1504
54051 + 92
54051 + 92
54051 + 92
54051 + 92
54051 + 92
54051 + 92
54051 + 92
54051 + 92
54051 + 92
54052 + 92
54052 + 92
54052 + 92
54052 + 92
54052 + 92
54052 + 92
54052 + 92
54052 + 92
54052 + 92
54052 + 92
54052 + 92
54052 + 92
54052 + 92
55535 # 1504
55535 - 92 1484
55535 - 92 1484
55535 - 92 1484
55535 - 92 1484
55535 - 92 1484
55535 - 92 1484
55535 - 92 1484
55535 - 92 1484
55535 - 92 1484
55535 - 92 1483
55535 - 92 1483
55535 - 92 1483
55535 - 92 1483
55535 - 92 1483
55535 - 92 1483
55535 - 92 1483
55535 # 1504
55535 - 92 1483
55535 - 92 1483
55535 - 92 1483
55535 - 92 1483
55535 - 92 1483
55535 - 92 1483
55535 # 1504
55535 # 1504
55535 # 1504
55535 # 1504
55535 # 1504
55535 # 1504
55535 # 1504
55535 # 1504
55535 # 1504
55535 # 1504
55535 # 1504
55535 # 1504
55535 # 1504
55535 # 1504
55535 # 1504
55535 # 1504
55535 # 1504
55535 # 1504
55535 # 1504
55535 # 1504
55535 # 1504
55535 # 1504
55535 # 1504
55535 # 1504
55535 # 1504
55535 # 1504
55535 # 1504
55535 # 1504
55535 # 1504
55535 # 1504
55535 # 1504
55535 # 1504
55535 # 1504
55535 # 1504
55535 # 1504
55535 # 1504
55535 # 1504
55535 # 1504
55535 # 1504
55535 # 1504
55535 # 1504
55535 # 1504
55535 # 1504
55535 # 1504
55535 # 1504
55535 # 1504
55535 # 1504
55535 # 1504
55535 # 1504
55535 # 1504
55535 # 1504
55535 # 1504
55535 # 1504
55535 # 1504
55535 # 1504
55535 # 1504
55535 # 1504
55535 # 1504
55535 # 1504
55535 # 1504
55535 # 1504
55535 # 1504
55535 # 1504
55535 # 1504
55535 # 1504
55535 # 1504
55535 # 1504
55535 # 1504
55535 # 1504
55535 # 1504
55535 # 1504
55535 # 1504
55535 # 1504
55535 # 1504
55535 # 1504
55535 # 1504
55535 # 1504
55535 # 1504
55535 # 1504
55535 # 1504
55535 # 1504
55550 + 92
55550 + 92
55550 + 92
55550 + 92
55550 + 92
55550 + 92
55550 + 92
55550 + 92
55550 + 92
55550 + 92
55550 + 92
55550 + 92
55550 + 92
55550 + 92
55550 + 92
55550 + 92
55550 + 92
55550 + 92
55550 + 92
55550 + 92
55550 + 92
55550 + 92
55550 + 92
55551 + 92
57035 # 1504
57035 - 92 1485
57035 - 92 1485
57035 - 92 1485
57035 - 92 1485
57035 - 92 1485
57035 - 92 1485
57035 - 92 1485
57035 - 92 1485
57035 - 92 1485
57035 - 92 1485
57035 - 92 1485
57035 - 92 1485
57035 - 92 1485
57035 - 92 1485
57035 - 92 1485
57035 - 92 1485
57035 # 1504
57035 - 92 1485
57035 - 92 1485
57035 - 92 1485
57035 - 92 1485
57035 - 92 1485
57035 - 92 1485
57035 - 92 1485
57035 - 92 1484
57035 # 1504
57035 # 1504
57035 # 1504
57035 # 1504
57035 # 1504
57035 # 1504
57035 # 1504
57035 # 1504
57035 # 1504
57035 # 1504
57035 # 1504
57035 # 1504
57035 # 1504
57035 # 1504
57035 # 1504
57035 # 1504
57035 # 1504
57035 # 1504
57035 # 1504
57035 # 1504
57035 # 1504
57035 # 1504
57035 # 1504
57035 # 1504
57035 # 1504
57035 # 1504
57035 # 1504
57035 # 1504
57035 # 1504
57035 # 1504
57035 # 1504
57035 # 1504
57035 # 1504
57035 # 1504
57035 # 1504
57035 # 1504
57035 # 1504
57035 # 1504
57035 # 1504
57035 # 1504
57035 # 1504
57035 # 1504
57035 # 1504
57035 # 1504
57035 # 1504
57035 # 1504
57035 # 1504
57035 # 1504
57035 # 1504
57035 # 1504
57035 # 1504
57035 # 1504
57035 # 1504
57035 # 1504
57035 # 1504
57035 # 1504
57035 # 1504
57035 # 1504
57035 # 1504
57035 # 1504
57035 # 1504
57035 # 1504
57035 # 1504
57035 # 1504
57035 # 1504
57035 # 1504
57035 # 1504
57035 # 1504
57035 # 1504
57035 # 1504
57035 # 1504
57035 # 1504
57035 # 1504
57035 # 1504
57035 # 1504
57035 # 1504
57035 # 1504
57035 # 1504
57035 # 1504
57035 # 1504
57035 # 1504
57053 + 92
57053 + 92
57053 + 92
57053 + 92
57053 + 92
57053 + 92
57053 + 92
57053 + 92
57053 + 92
57053 + 92
57053 + 92
57053 + 92
57053 + 92
57053 + 92
57053 + 92
57053 + 92
57053 + 92
57053 + 92
57053 + 92
57054 + 92
57054 + 92
57054 + 92
57054 + 92
58535 # 1504
58535 - 92 1482
58535 - 92 1482
58535 - 92 1482
58535 - 92 1482
58535 - 92 1482
58535 - 92 1482
58535 - 92 1482
58535 - 92 1482
58535 - 92 1482
58535 - 92 1482
58535 - 92 1482
58535 - 92 1482
58535 - 92 1482
58535 - 92 1482
58535 - 92 1482
58535 - 92 1482
58535 # 1504
58535 - 92 1482
58535 - 92 1482
58535 - 92 1482
58535 - 92 1481
58535 - 92 1481
58535 - 92 1481
58535 - 92 1481
58535 # 1504
58535 # 1504
58535 # 1504
58535 # 1504
58535 # 1504
58535 # 1504
58535 # 1504
58535 # 1504
58535 # 1504
58535 # 1504
58535 # 1504
58535 # 1504
58535 # 1504
58535 # 1504
58535 # 1504
58535 # 1504
58535 # 1504
58535 # 1504
58535 # 1504
58535 # 1504
58535 # 1504
58535 # 1504
58535 # 1504
58535 # 1504
58535 # 1504
58535 # 1504
58535 # 1504
58535 # 1504
58535 # 1504
58535 # 1504
58535 # 1504
58535 # 1504
58535 # 1504
58535 # 1504
58535 # 1504
58535 # 1504
58535 # 1504
58535 # 1504
58535 # 1504
58535 # 1504
58535 # 1504
58535 # 1504
58535 # 1504
58535 # 1504
58535 # 1504
58535 # 1504
58535 # 1504
58535 # 1504
58535 # 1504
58535 # 1504
58535 # 1504
58535 # 1504
58535 # 1504
58535 # 1504
58535 # 1504
58535 # 1504
58535 # 1504
58535 # 1504
58535 # 1504
58535 # 1504
58535 # 1504
58535 # 1504
58535 # 1504
58535 # 1504
58535 # 1504
58535 # 1504
58535 # 1504
58535 # 1504
58535 # 1504
58535 # 1504
58535 # 1504
58535 # 1504
58535 # 1504
58535 # 1504
58535 # 1504
58535 # 1504
58535 # 1504
58535 # 1504
58535 # 1504
58535 # 1504
58535 # 1504
58551 + 92
58551 + 92
58551 + 92
58551 + 92
58551 + 92
58551 + 92
58551 + 92
58551 + 92
58551 + 92
58551 + 92
58551 + 92
58551 + 92
58551 + 92
58551 + 92
58551 + 92
58593 + 92
60035 # 1504
60035 - 92 1484
60035 - 92 1484
60035 - 92 1484
60035 - 92 1484
60035 - 92 1484
60035 - 92 1484
60035 - 92 1484
60035 - 92 1484
60035 - 92 1484
60035 - 92 1484
60035 - 92 1484
60035 - 92 1484
60035 - 92 1484
60035 - 92 1484
60035 - 92 1484
60035 - 92 1442
60035 # 1504
60035 # 1504
60035 # 1504
60035 # 1504
60035 # 1504
60035 # 1504
60035 # 1504
60035 # 1504
60035 # 1504
60035 # 1504
60035 # 1504
60035 # 1504
60035 # 1504
60035 # 1504
60035 # 1504
60035 # 1504
60035 # 1504
60035 # 1504
60035 # 1504
60035 # 1504
60035 # 1504
60035 # 1504
60035 # 1504
60035 # 1504
60035 # 1504
60035 # 1504
60035 # 1504
60035 # 1504
60035 # 1504
60035 # 1504
60035 # 1504
60035 # 1504
60035 # 1504
60035 # 1504
60035 # 1504
60035 # 1504
60035 # 1504
60035 # 1504
60035 # 1504
60035 # 1504
60035 # 1504
60035 # 1504
60035 # 1504
60035 # 1504
60035 # 1504
60035 # 1504
60035 # 1504
60035 # 1504
60035 # 1504
60035 # 1504
60035 # 1504
60035 # 1504
60035 # 1504
60035 # 1504
60035 # 1504
60035 # 1504
60035 # 1504
60035 # 1504
60035 # 1504
60035 # 1504
60035 # 1504
60035 # 1504
60035 # 1504
60035 # 1504
60035 # 1504
60035 # 1504
60035 # 1504
60035 # 1504
60035 # 1504
60035 # 1504
60035 # 1504
60035 # 1504
60035 # 1504
60035 # 1504
60035 # 1504
60035 # 1504
60035 # 1504
60035 # 1504
60035 # 1504
60035 # 1504
60035 # 1504
60035 # 1504
60051 + 92
60051 + 92
60051 + 92
60051 + 92
60051 + 92
60051 + 92
60051 + 92
60051 + 92
60052 + 92
60052 + 92
60052 + 92
60052 + 92
61535 # 1504
61535 - 92 1484
61535 - 92 1484
61535 - 92 1484
61535 - 92 1484
61535 - 92 1484
61535 - 92 1484
61535 - 92 1484
61535 - 92 1484
61535 - 92 1483
61535 - 92 1483
61535 - 92 1483
61535 - 92 1483
61535 # 1504
61535 # 1504
61535 # 1504
61535 # 1504
61535 # 1504
61535 # 1504
61535 # 1504
61535 # 1504
61535 # 1504
61535 # 1504
61535 # 1504
61535 # 1504
61535 # 1504
61535 # 1504
61535 # 1504
61535 # 1504
61535 # 1504
61535 # 1504
61535 # 1504
61535 # 1504
61535 # 1504
61535 # 1504
61535 # 1504
61535 # 1504
61535 # 1504
61535 # 1504
61535 # 1504
61535 # 1504
61535 # 1504
61535 # 1504
61535 # 1504
61535 # 1504
61535 # 1504
61535 # 1504
61535 # 1504
61535 # 1504
61535 # 1504
61535 # 1504
61535 # 1504
61535 # 1504
61535 # 1504
61535 # 1504
61535 # 1504
61535 # 1504
61535 # 1504
61535 # 1504
61535 # 1504
61535 # 1504
61535 # 1504
61535 # 1504
61535 # 1504
61535 # 1504
61535 # 1504
61535 # 1504
61535 # 1504
61535 # 1504
61535 # 1504
61535 # 1504
61535 # 1504
61535 # 1504
61535 # 1504
61535 # 1504
61535 # 1504
61535 # 1504
61535 # 1504
61535 # 1504
61535 # 1504
61535 # 1504
61535 # 1504
61535 # 1504
61535 # 1504
61535 # 1504
61535 # 1504
61535 # 1504
61535 # 1504
61535 # 1504
61535 # 1504
61535 # 1504
61535 # 1504
61535 # 1504
61535 # 1504
61535 # 1504
61551 + 92
61551 + 92
61551 + 92
61552 + 92
61552 + 92
61552 + 92
61552 + 92
61552 + 92
61552 + 92
61552 + 92
61552 + 92
61552 + 92
61552 + 92
61552 + 92
61552 + 92
61552 + 92
61552 + 92
61552 + 92
61552 + 92
61552 + 92
61552 + 92
61552 + 92
61593 + 92
63035 # 1504
63035 - 92 1484
63035 - 92 1484
63035 - 92 1484
63035 - 92 1483
63035 - 92 1483
63035 - 92 1483
63035 - 92 1483
63035 - 92 1483
63035 - 92 1483
63035 - 92 1483
63035 - 92 1483
63035 - 92 1483
63035 - 92 1483
63035 - 92 1483
63035 - 92 1483
63035 - 92 1483
63035 # 1504
63035 - 92 1483
63035 - 92 1483
63035 - 92 1483
63035 - 92 1483
63035 - 92 1483
63035 - 92 1483
63035 - 92 1442
63035 # 1504
63035 # 1504
63035 # 1504
63035 # 1504
63035 # 1504
63035 # 1504
63035 # 1504
63035 # 1504
63035 # 1504
63035 # 1504
63035 # 1504
63035 # 1504
63035 # 1504
63035 # 1504
63035 # 1504
63035 # 1504
63035 # 1504
63035 # 1504
63035 # 1504
63035 # 1504
63035 # 1504
63035 # 1504
63035 # 1504
63035 # 1504
63035 # 1504
63035 # 1504
63035 # 1504
63035 # 1504
63035 # 1504
63035 # 1504
63035 # 1504
63035 # 1504
63035 # 1504
63035 # 1504
63035 # 1504
63035 # 1504
63035 # 1504
63035 # 1504
63035 # 1504
63035 # 1504
63035 # 1504
63035 # 1504
63035 # 1504
63035 # 1504
63035 # 1504
63035 # 1504
63035 # 1504
63035 # 1504
63035 # 1504
63035 # 1504
63035 # 1504
63035 # 1504
63035 # 1504
63035 # 1504
63035 # 1504
63035 # 1504
63035 # 1504
63035 # 1504
63035 # 1504
63035 # 1504
63035 # 1504
63035 # 1504
63035 # 1504
63035 # 1504
63035 # 1504
63035 # 1504
63035 # 1504
63035 # 1504
63035 # 1504
63035 # 1504
63035 # 1504
63035 # 1504
63035 # 1504
63035 # 1504
63035 # 1504
63035 # 1504
63035 # 1504
63035 # 1504
63035 # 1504
63035 # 1504
63035 # 1504
63051 + 92
63051 + 92
63051 + 92
63051 + 92
63051 + 92
63051 + 92
63051 + 92
63051 + 92
63051 + 92
63051 + 92
63051 + 92
63051 + 92
63051 + 92
63051 + 92
63051 + 92
63051 + 92
63051 + 92
63051 + 92
63051 + 92
63051 + 92
63052 + 92
63052 + 92
63052 + 92
63052 + 92
63052 + 92
63052 + 92
63052 + 92
63052 + 92
64535 # 1504
64535 - 92 1484
64535 - 92 1484
64535 - 92 1484
64535 - 92 1484
64535 - 92 1484
64535 - 92 1484
64535 - 92 1484
64535 - 92 1484
64535 - 92 1484
64535 - 92 1484
64535 - 92 1484
64535 - 92 1484
64535 - 92 1484
64535 - 92 1484
64535 - 92 1484
64535 - 92 1484
64535 # 1504
64535 - 92 1484
64535 - 92 1484
64535 - 92 1484
64535 - 92 1484
64535 - 92 1483
64535 - 92 1483
64535 - 92 1483
64535 - 92 1483
64535 - 92 1483
64535 - 92 1483
64535 - 92 1483
64535 - 92 1483
64535 # 1504
64535 # 1504
64535 # 1504
64535 # 1504
64535 # 1504
64535 # 1504
64535 # 1504
64535 # 1504
64535 # 1504
64535 # 1504
64535 # 1504
64535 # 1504
64535 # 1504
64535 # 1504
64535 # 1504
64535 # 1504
64535 # 1504
64535 # 1504
64535 # 1504
64535 # 1504
64535 # 1504
64535 # 1504
64535 # 1504
64535 # 1504
64535 # 1504
64535 # 1504
64535 # 1504
64535 # 1504
64535 # 1504
64535 # 1504
64535 # 1504
64535 # 1504
64535 # 1504
64535 # 1504
64535 # 1504
64535 # 1504
64535 # 1504
64535 # 1504
64535 # 1504
64535 # 1504
64535 # 1504
64535 # 1504
64535 # 1504
64535 # 1504
64535 # 1504
64535 # 1504
64535 # 1504
64535 # 1504
64535 # 1504
64535 # 1504
64535 # 1504
64535 # 1504
64535 # 1504
64535 # 1504
64535 # 1504
64535 # 1504
64535 # 1504
64535 # 1504
64535 # 1504
64535 # 1504
64535 # 1504
64535 # 1504
64535 # 1504
64535 # 1504
64535 # 1504
64535 # 1504
64535 # 1504
64535 # 1504
64535 # 1504
64535 # 1504
64535 # 1504
64535 # 1504
64535 # 1504
64535 # 1504
64535 # 1504
64535 # 1504
64535 # 1504
64535 # 1504
64535 # 1504
64535 # 1504
64535 # 1504
64552 + 92
64552 + 92
64552 + 92
64552 + 92
64552 + 92
64552 + 92
64552 + 92
64552 + 92
64552 + 92
64552 + 92
64552 + 92
64552 + 92
64552 + 92
64552 + 92
64552 + 92
64552 + 92
64594 + 92
66035 # 1504
66035 - 92 1483
66035 - 92 1483
66035 - 92 1483
66035 - 92 1483
66035 - 92 1483
66035 - 92 1483
66035 - 92 1483
66035 - 92 1483
66035 - 92 1483
66035 - 92 1483
66035 - 92 1483
66035 - 92 1483
66035 - 92 1483
66035 - 92 1483
66035 - 92 1483
66035 - 92 1483
66035 # 1504
66035 - 92 1441
66035 # 1504
66035 # 1504
66035 # 1504
66035 # 1504
66035 # 1504
66035 # 1504
66035 # 1504
66035 # 1504
66035 # 1504
66035 # 1504
66035 # 1504
66035 # 1504
66035 # 1504
66035 # 1504
66035 # 1504
66035 # 1504
66035 # 1504
66035 # 1504
66035 # 1504
66035 # 1504
66035 # 1504
66035 # 1504
66035 # 1504
66035 # 1504
66035 # 1504
66035 # 1504
66035 # 1504
66035 # 1504
66035 # 1504
66035 # 1504
66035 # 1504
66035 # 1504
66035 # 1504
66035 # 1504
66035 # 1504
66035 # 1504
66035 # 1504
66035 # 1504
66035 # 1504
66035 # 1504
66035 # 1504
66035 # 1504
66035 # 1504
66035 # 1504
66035 # 1504
66035 # 1504
66035 # 1504
66035 # 1504
66035 # 1504
66035 # 1504
66035 # 1504
66035 # 1504
66035 # 1504
66035 # 1504
66035 # 1504
66035 # 1504
66035 # 1504
66035 # 1504
66035 # 1504
66035 # 1504
66035 # 1504
66035 # 1504
66035 # 1504
66035 # 1504
66035 # 1504
66035 # 1504
66035 # 1504
66035 # 1504
66035 # 1504
66035 # 1504
66035 # 1504
66035 # 1504
66035 # 1504
66035 # 1504
66035 # 1504
66035 # 1504
66035 # 1504
66035 # 1504
66035 # 1504
66035 # 1504
66035 # 1504
66070 + 92
