# mahimahi mm-link (Downlink) [custom-traces/1mbps.trace] > /home/saivivek/pantheon/results/network-profile-1/cubic_mm_acklink_run1.log
# command line: 'mm-link' 'custom-traces/1mbps.trace' 'custom-traces/1mbps.trace' '--uplink-log=/home/saivivek/pantheon/results/network-profile-1/cubic_mm_datalink_run1.log' '--downlink-log=/home/saivivek/pantheon/results/network-profile-1/cubic_mm_acklink_run1.log' '--uplink-queue=droptail' '--downlink-queue=droptail' '--uplink-queue-args=packets=500' '--downlink-queue-args=packets=500' 'python' '/home/saivivek/pantheon/src/experiments/tunnel_manager.py'
# queue: droptail [packets=500]
# init timestamp: 1745091059488
# base timestamp: 36
# mahimahi config: [delay 5 ms] 
37 + 80
37 + 52
37 + 80
218 + 80
1018 + 80
1536 # 1504
1536 - 80 1499
1536 - 52 1499
1536 - 80 1499
1536 - 80 1318
1536 - 80 518
1536 # 1504
1536 # 1504
1536 # 1504
1536 # 1504
1536 # 1504
1536 # 1504
1536 # 1504
1536 # 1504
1536 # 1504
1536 # 1504
1536 # 1504
1536 # 1504
1536 # 1504
1536 # 1504
1536 # 1504
1536 # 1504
1536 # 1504
1536 # 1504
1536 # 1504
1536 # 1504
1536 # 1504
1536 # 1504
1536 # 1504
1536 # 1504
1536 # 1504
1536 # 1504
1536 # 1504
1536 # 1504
1536 # 1504
1536 # 1504
1536 # 1504
1536 # 1504
1536 # 1504
1536 # 1504
1536 # 1504
1536 # 1504
1536 # 1504
1536 # 1504
1536 # 1504
1536 # 1504
1536 # 1504
1536 # 1504
1536 # 1504
1536 # 1504
1536 # 1504
1536 # 1504
1536 # 1504
1536 # 1504
1536 # 1504
1536 # 1504
1536 # 1504
1536 # 1504
1536 # 1504
1536 # 1504
1536 # 1504
1536 # 1504
1536 # 1504
1536 # 1504
1536 # 1504
1536 # 1504
1536 # 1504
1536 # 1504
1536 # 1504
1536 # 1504
1536 # 1504
1536 # 1504
1536 # 1504
1536 # 1504
1536 # 1504
1536 # 1504
1536 # 1504
1536 # 1504
1536 # 1504
1536 # 1504
1536 # 1504
1536 # 1504
1536 # 1504
1536 # 1504
1536 # 1504
1536 # 1504
1536 # 1504
1536 # 1504
1551 + 40
1552 + 40
3036 # 1504
3036 - 40 1485
3036 - 40 1484
3036 # 1504
3036 # 1504
3036 # 1504
3036 # 1504
3036 # 1504
3036 # 1504
3036 # 1504
3036 # 1504
3036 # 1504
3036 # 1504
3036 # 1504
3036 # 1504
3036 # 1504
3036 # 1504
3036 # 1504
3036 # 1504
3036 # 1504
3036 # 1504
3036 # 1504
3036 # 1504
3036 # 1504
3036 # 1504
3036 # 1504
3036 # 1504
3036 # 1504
3036 # 1504
3036 # 1504
3036 # 1504
3036 # 1504
3036 # 1504
3036 # 1504
3036 # 1504
3036 # 1504
3036 # 1504
3036 # 1504
3036 # 1504
3036 # 1504
3036 # 1504
3036 # 1504
3036 # 1504
3036 # 1504
3036 # 1504
3036 # 1504
3036 # 1504
3036 # 1504
3036 # 1504
3036 # 1504
3036 # 1504
3036 # 1504
3036 # 1504
3036 # 1504
3036 # 1504
3036 # 1504
3036 # 1504
3036 # 1504
3036 # 1504
3036 # 1504
3036 # 1504
3036 # 1504
3036 # 1504
3036 # 1504
3036 # 1504
3036 # 1504
3036 # 1504
3036 # 1504
3036 # 1504
3036 # 1504
3036 # 1504
3036 # 1504
3036 # 1504
3036 # 1504
3036 # 1504
3036 # 1504
3036 # 1504
3036 # 1504
3036 # 1504
3036 # 1504
3036 # 1504
3036 # 1504
3036 # 1504
3036 # 1504
3036 # 1504
3051 + 40
4221 + 52
4536 # 1504
4536 - 40 1485
4536 - 52 315
4536 # 1504
4536 # 1504
4536 # 1504
4536 # 1504
4536 # 1504
4536 # 1504
4536 # 1504
4536 # 1504
4536 # 1504
4536 # 1504
4536 # 1504
4536 # 1504
4536 # 1504
4536 # 1504
4536 # 1504
4536 # 1504
4536 # 1504
4536 # 1504
4536 # 1504
4536 # 1504
4536 # 1504
4536 # 1504
4536 # 1504
4536 # 1504
4536 # 1504
4536 # 1504
4536 # 1504
4536 # 1504
4536 # 1504
4536 # 1504
4536 # 1504
4536 # 1504
4536 # 1504
4536 # 1504
4536 # 1504
4536 # 1504
4536 # 1504
4536 # 1504
4536 # 1504
4536 # 1504
4536 # 1504
4536 # 1504
4536 # 1504
4536 # 1504
4536 # 1504
4536 # 1504
4536 # 1504
4536 # 1504
4536 # 1504
4536 # 1504
4536 # 1504
4536 # 1504
4536 # 1504
4536 # 1504
4536 # 1504
4536 # 1504
4536 # 1504
4536 # 1504
4536 # 1504
4536 # 1504
4536 # 1504
4536 # 1504
4536 # 1504
4536 # 1504
4536 # 1504
4536 # 1504
4536 # 1504
4536 # 1504
4536 # 1504
4536 # 1504
4536 # 1504
4536 # 1504
4536 # 1504
4536 # 1504
4536 # 1504
4536 # 1504
4536 # 1504
4536 # 1504
4536 # 1504
4536 # 1504
4536 # 1504
4536 # 1504
6036 # 1504
6036 # 1504
6036 # 1504
6036 # 1504
6036 # 1504
6036 # 1504
6036 # 1504
6036 # 1504
6036 # 1504
6036 # 1504
6036 # 1504
6036 # 1504
6036 # 1504
6036 # 1504
6036 # 1504
6036 # 1504
6036 # 1504
6036 # 1504
6036 # 1504
6036 # 1504
6036 # 1504
6036 # 1504
6036 # 1504
6036 # 1504
6036 # 1504
6036 # 1504
6036 # 1504
6036 # 1504
6036 # 1504
6036 # 1504
6036 # 1504
6036 # 1504
6036 # 1504
6036 # 1504
6036 # 1504
6036 # 1504
6036 # 1504
6036 # 1504
6036 # 1504
6036 # 1504
6036 # 1504
6036 # 1504
6036 # 1504
6036 # 1504
6036 # 1504
6036 # 1504
6036 # 1504
6036 # 1504
6036 # 1504
6036 # 1504
6036 # 1504
6036 # 1504
6036 # 1504
6036 # 1504
6036 # 1504
6036 # 1504
6036 # 1504
6036 # 1504
6036 # 1504
6036 # 1504
6036 # 1504
6036 # 1504
6036 # 1504
6036 # 1504
6036 # 1504
6036 # 1504
6036 # 1504
6036 # 1504
6036 # 1504
6036 # 1504
6036 # 1504
6036 # 1504
6036 # 1504
6036 # 1504
6036 # 1504
6036 # 1504
6036 # 1504
6036 # 1504
6036 # 1504
6036 # 1504
6036 # 1504
6036 # 1504
6036 # 1504
7536 # 1504
7536 # 1504
7536 # 1504
7536 # 1504
7536 # 1504
7536 # 1504
7536 # 1504
7536 # 1504
7536 # 1504
7536 # 1504
7536 # 1504
7536 # 1504
7536 # 1504
7536 # 1504
7536 # 1504
7536 # 1504
7536 # 1504
7536 # 1504
7536 # 1504
7536 # 1504
7536 # 1504
7536 # 1504
7536 # 1504
7536 # 1504
7536 # 1504
7536 # 1504
7536 # 1504
7536 # 1504
7536 # 1504
7536 # 1504
7536 # 1504
7536 # 1504
7536 # 1504
7536 # 1504
7536 # 1504
7536 # 1504
7536 # 1504
7536 # 1504
7536 # 1504
7536 # 1504
7536 # 1504
7536 # 1504
7536 # 1504
7536 # 1504
7536 # 1504
7536 # 1504
7536 # 1504
7536 # 1504
7536 # 1504
7536 # 1504
7536 # 1504
7536 # 1504
7536 # 1504
7536 # 1504
7536 # 1504
7536 # 1504
7536 # 1504
7536 # 1504
7536 # 1504
7536 # 1504
7536 # 1504
7536 # 1504
7536 # 1504
7536 # 1504
7536 # 1504
7536 # 1504
7536 # 1504
7536 # 1504
7536 # 1504
7536 # 1504
7536 # 1504
7536 # 1504
7536 # 1504
7536 # 1504
7536 # 1504
7536 # 1504
7536 # 1504
7536 # 1504
7536 # 1504
7536 # 1504
7536 # 1504
7536 # 1504
7536 # 1504
7553 + 100
7553 + 100
8581 + 100
9036 # 1504
9036 - 100 1483
9036 - 100 1483
9036 - 100 455
9036 # 1504
9036 # 1504
9036 # 1504
9036 # 1504
9036 # 1504
9036 # 1504
9036 # 1504
9036 # 1504
9036 # 1504
9036 # 1504
9036 # 1504
9036 # 1504
9036 # 1504
9036 # 1504
9036 # 1504
9036 # 1504
9036 # 1504
9036 # 1504
9036 # 1504
9036 # 1504
9036 # 1504
9036 # 1504
9036 # 1504
9036 # 1504
9036 # 1504
9036 # 1504
9036 # 1504
9036 # 1504
9036 # 1504
9036 # 1504
9036 # 1504
9036 # 1504
9036 # 1504
9036 # 1504
9036 # 1504
9036 # 1504
9036 # 1504
9036 # 1504
9036 # 1504
9036 # 1504
9036 # 1504
9036 # 1504
9036 # 1504
9036 # 1504
9036 # 1504
9036 # 1504
9036 # 1504
9036 # 1504
9036 # 1504
9036 # 1504
9036 # 1504
9036 # 1504
9036 # 1504
9036 # 1504
9036 # 1504
9036 # 1504
9036 # 1504
9036 # 1504
9036 # 1504
9036 # 1504
9036 # 1504
9036 # 1504
9036 # 1504
9036 # 1504
9036 # 1504
9036 # 1504
9036 # 1504
9036 # 1504
9036 # 1504
9036 # 1504
9036 # 1504
9036 # 1504
9036 # 1504
9036 # 1504
9036 # 1504
9036 # 1504
9036 # 1504
9036 # 1504
9036 # 1504
9036 # 1504
9036 # 1504
9036 # 1504
9053 + 100
10536 # 1504
10536 - 100 1483
10536 # 1504
10536 # 1504
10536 # 1504
10536 # 1504
10536 # 1504
10536 # 1504
10536 # 1504
10536 # 1504
10536 # 1504
10536 # 1504
10536 # 1504
10536 # 1504
10536 # 1504
10536 # 1504
10536 # 1504
10536 # 1504
10536 # 1504
10536 # 1504
10536 # 1504
10536 # 1504
10536 # 1504
10536 # 1504
10536 # 1504
10536 # 1504
10536 # 1504
10536 # 1504
10536 # 1504
10536 # 1504
10536 # 1504
10536 # 1504
10536 # 1504
10536 # 1504
10536 # 1504
10536 # 1504
10536 # 1504
10536 # 1504
10536 # 1504
10536 # 1504
10536 # 1504
10536 # 1504
10536 # 1504
10536 # 1504
10536 # 1504
10536 # 1504
10536 # 1504
10536 # 1504
10536 # 1504
10536 # 1504
10536 # 1504
10536 # 1504
10536 # 1504
10536 # 1504
10536 # 1504
10536 # 1504
10536 # 1504
10536 # 1504
10536 # 1504
10536 # 1504
10536 # 1504
10536 # 1504
10536 # 1504
10536 # 1504
10536 # 1504
10536 # 1504
10536 # 1504
10536 # 1504
10536 # 1504
10536 # 1504
10536 # 1504
10536 # 1504
10536 # 1504
10536 # 1504
10536 # 1504
10536 # 1504
10536 # 1504
10536 # 1504
10536 # 1504
10536 # 1504
10536 # 1504
10536 # 1504
10536 # 1504
10536 # 1504
10554 + 92
10554 + 92
10554 + 92
10554 + 92
10554 + 92
10554 + 92
10554 + 92
10554 + 92
10554 + 92
10554 + 92
10554 + 120
12036 # 1504
12036 - 92 1482
12036 - 92 1482
12036 - 92 1482
12036 - 92 1482
12036 - 92 1482
12036 - 92 1482
12036 - 92 1482
12036 - 92 1482
12036 - 92 1482
12036 - 92 1482
12036 - 120 1482
12036 # 1504
12036 # 1504
12036 # 1504
12036 # 1504
12036 # 1504
12036 # 1504
12036 # 1504
12036 # 1504
12036 # 1504
12036 # 1504
12036 # 1504
12036 # 1504
12036 # 1504
12036 # 1504
12036 # 1504
12036 # 1504
12036 # 1504
12036 # 1504
12036 # 1504
12036 # 1504
12036 # 1504
12036 # 1504
12036 # 1504
12036 # 1504
12036 # 1504
12036 # 1504
12036 # 1504
12036 # 1504
12036 # 1504
12036 # 1504
12036 # 1504
12036 # 1504
12036 # 1504
12036 # 1504
12036 # 1504
12036 # 1504
12036 # 1504
12036 # 1504
12036 # 1504
12036 # 1504
12036 # 1504
12036 # 1504
12036 # 1504
12036 # 1504
12036 # 1504
12036 # 1504
12036 # 1504
12036 # 1504
12036 # 1504
12036 # 1504
12036 # 1504
12036 # 1504
12036 # 1504
12036 # 1504
12036 # 1504
12036 # 1504
12036 # 1504
12036 # 1504
12036 # 1504
12036 # 1504
12036 # 1504
12036 # 1504
12036 # 1504
12036 # 1504
12036 # 1504
12036 # 1504
12036 # 1504
12036 # 1504
12036 # 1504
12036 # 1504
12036 # 1504
12036 # 1504
12036 # 1504
12036 # 1504
12036 # 1504
12036 # 1504
12036 # 1504
12036 # 1504
12036 # 1504
12036 # 1504
12036 # 1504
12036 # 1504
12923 + 52
13536 # 1504
13536 - 52 613
13536 # 1504
13536 # 1504
13536 # 1504
13536 # 1504
13536 # 1504
13536 # 1504
13536 # 1504
13536 # 1504
13536 # 1504
13536 # 1504
13536 # 1504
13536 # 1504
13536 # 1504
13536 # 1504
13536 # 1504
13536 # 1504
13536 # 1504
13536 # 1504
13536 # 1504
13536 # 1504
13536 # 1504
13536 # 1504
13536 # 1504
13536 # 1504
13536 # 1504
13536 # 1504
13536 # 1504
13536 # 1504
13536 # 1504
13536 # 1504
13536 # 1504
13536 # 1504
13536 # 1504
13536 # 1504
13536 # 1504
13536 # 1504
13536 # 1504
13536 # 1504
13536 # 1504
13536 # 1504
13536 # 1504
13536 # 1504
13536 # 1504
13536 # 1504
13536 # 1504
13536 # 1504
13536 # 1504
13536 # 1504
13536 # 1504
13536 # 1504
13536 # 1504
13536 # 1504
13536 # 1504
13536 # 1504
13536 # 1504
13536 # 1504
13536 # 1504
13536 # 1504
13536 # 1504
13536 # 1504
13536 # 1504
13536 # 1504
13536 # 1504
13536 # 1504
13536 # 1504
13536 # 1504
13536 # 1504
13536 # 1504
13536 # 1504
13536 # 1504
13536 # 1504
13536 # 1504
13536 # 1504
13536 # 1504
13536 # 1504
13536 # 1504
13536 # 1504
13536 # 1504
13536 # 1504
13536 # 1504
13536 # 1504
13536 # 1504
13551 + 92
13551 + 92
13551 + 92
13551 + 92
13551 + 92
13551 + 92
13551 + 92
13551 + 92
15036 # 1504
15036 - 92 1485
15036 - 92 1485
15036 - 92 1485
15036 - 92 1485
15036 - 92 1485
15036 - 92 1485
15036 - 92 1485
15036 - 92 1485
15036 # 1504
15036 # 1504
15036 # 1504
15036 # 1504
15036 # 1504
15036 # 1504
15036 # 1504
15036 # 1504
15036 # 1504
15036 # 1504
15036 # 1504
15036 # 1504
15036 # 1504
15036 # 1504
15036 # 1504
15036 # 1504
15036 # 1504
15036 # 1504
15036 # 1504
15036 # 1504
15036 # 1504
15036 # 1504
15036 # 1504
15036 # 1504
15036 # 1504
15036 # 1504
15036 # 1504
15036 # 1504
15036 # 1504
15036 # 1504
15036 # 1504
15036 # 1504
15036 # 1504
15036 # 1504
15036 # 1504
15036 # 1504
15036 # 1504
15036 # 1504
15036 # 1504
15036 # 1504
15036 # 1504
15036 # 1504
15036 # 1504
15036 # 1504
15036 # 1504
15036 # 1504
15036 # 1504
15036 # 1504
15036 # 1504
15036 # 1504
15036 # 1504
15036 # 1504
15036 # 1504
15036 # 1504
15036 # 1504
15036 # 1504
15036 # 1504
15036 # 1504
15036 # 1504
15036 # 1504
15036 # 1504
15036 # 1504
15036 # 1504
15036 # 1504
15036 # 1504
15036 # 1504
15036 # 1504
15036 # 1504
15036 # 1504
15036 # 1504
15036 # 1504
15036 # 1504
15036 # 1504
15036 # 1504
15036 # 1504
15036 # 1504
15036 # 1504
15036 # 1504
15036 # 1504
15036 # 1504
15036 # 1504
15036 # 1504
15052 + 92
16536 # 1504
16536 - 92 1484
16536 # 1504
16536 # 1504
16536 # 1504
16536 # 1504
16536 # 1504
16536 # 1504
16536 # 1504
16536 # 1504
16536 # 1504
16536 # 1504
16536 # 1504
16536 # 1504
16536 # 1504
16536 # 1504
16536 # 1504
16536 # 1504
16536 # 1504
16536 # 1504
16536 # 1504
16536 # 1504
16536 # 1504
16536 # 1504
16536 # 1504
16536 # 1504
16536 # 1504
16536 # 1504
16536 # 1504
16536 # 1504
16536 # 1504
16536 # 1504
16536 # 1504
16536 # 1504
16536 # 1504
16536 # 1504
16536 # 1504
16536 # 1504
16536 # 1504
16536 # 1504
16536 # 1504
16536 # 1504
16536 # 1504
16536 # 1504
16536 # 1504
16536 # 1504
16536 # 1504
16536 # 1504
16536 # 1504
16536 # 1504
16536 # 1504
16536 # 1504
16536 # 1504
16536 # 1504
16536 # 1504
16536 # 1504
16536 # 1504
16536 # 1504
16536 # 1504
16536 # 1504
16536 # 1504
16536 # 1504
16536 # 1504
16536 # 1504
16536 # 1504
16536 # 1504
16536 # 1504
16536 # 1504
16536 # 1504
16536 # 1504
16536 # 1504
16536 # 1504
16536 # 1504
16536 # 1504
16536 # 1504
16536 # 1504
16536 # 1504
16536 # 1504
16536 # 1504
16536 # 1504
16536 # 1504
16536 # 1504
16536 # 1504
16536 # 1504
16552 + 92
16552 + 92
16552 + 92
16552 + 92
16552 + 92
16552 + 92
16552 + 92
16552 + 92
16552 + 92
16552 + 92
16552 + 92
16552 + 92
16552 + 92
16552 + 92
18036 # 1504
18036 - 92 1484
18036 - 92 1484
18036 - 92 1484
18036 - 92 1484
18036 - 92 1484
18036 - 92 1484
18036 - 92 1484
18036 - 92 1484
18036 - 92 1484
18036 - 92 1484
18036 - 92 1484
18036 - 92 1484
18036 - 92 1484
18036 - 92 1484
18036 # 1504
18036 # 1504
18036 # 1504
18036 # 1504
18036 # 1504
18036 # 1504
18036 # 1504
18036 # 1504
18036 # 1504
18036 # 1504
18036 # 1504
18036 # 1504
18036 # 1504
18036 # 1504
18036 # 1504
18036 # 1504
18036 # 1504
18036 # 1504
18036 # 1504
18036 # 1504
18036 # 1504
18036 # 1504
18036 # 1504
18036 # 1504
18036 # 1504
18036 # 1504
18036 # 1504
18036 # 1504
18036 # 1504
18036 # 1504
18036 # 1504
18036 # 1504
18036 # 1504
18036 # 1504
18036 # 1504
18036 # 1504
18036 # 1504
18036 # 1504
18036 # 1504
18036 # 1504
18036 # 1504
18036 # 1504
18036 # 1504
18036 # 1504
18036 # 1504
18036 # 1504
18036 # 1504
18036 # 1504
18036 # 1504
18036 # 1504
18036 # 1504
18036 # 1504
18036 # 1504
18036 # 1504
18036 # 1504
18036 # 1504
18036 # 1504
18036 # 1504
18036 # 1504
18036 # 1504
18036 # 1504
18036 # 1504
18036 # 1504
18036 # 1504
18036 # 1504
18036 # 1504
18036 # 1504
18036 # 1504
18036 # 1504
18036 # 1504
18036 # 1504
18036 # 1504
18036 # 1504
18036 # 1504
18036 # 1504
18036 # 1504
18036 # 1504
18036 # 1504
18036 # 1504
18036 # 1504
18036 # 1504
18036 # 1504
18053 + 92
18053 + 92
19536 # 1504
19536 - 92 1483
19536 - 92 1483
19536 # 1504
19536 # 1504
19536 # 1504
19536 # 1504
19536 # 1504
19536 # 1504
19536 # 1504
19536 # 1504
19536 # 1504
19536 # 1504
19536 # 1504
19536 # 1504
19536 # 1504
19536 # 1504
19536 # 1504
19536 # 1504
19536 # 1504
19536 # 1504
19536 # 1504
19536 # 1504
19536 # 1504
19536 # 1504
19536 # 1504
19536 # 1504
19536 # 1504
19536 # 1504
19536 # 1504
19536 # 1504
19536 # 1504
19536 # 1504
19536 # 1504
19536 # 1504
19536 # 1504
19536 # 1504
19536 # 1504
19536 # 1504
19536 # 1504
19536 # 1504
19536 # 1504
19536 # 1504
19536 # 1504
19536 # 1504
19536 # 1504
19536 # 1504
19536 # 1504
19536 # 1504
19536 # 1504
19536 # 1504
19536 # 1504
19536 # 1504
19536 # 1504
19536 # 1504
19536 # 1504
19536 # 1504
19536 # 1504
19536 # 1504
19536 # 1504
19536 # 1504
19536 # 1504
19536 # 1504
19536 # 1504
19536 # 1504
19536 # 1504
19536 # 1504
19536 # 1504
19536 # 1504
19536 # 1504
19536 # 1504
19536 # 1504
19536 # 1504
19536 # 1504
19536 # 1504
19536 # 1504
19536 # 1504
19536 # 1504
19536 # 1504
19536 # 1504
19536 # 1504
19536 # 1504
19536 # 1504
19536 # 1504
19536 # 1504
19550 + 92
19550 + 92
19550 + 92
19551 + 92
19551 + 92
19551 + 92
19551 + 92
19551 + 92
19551 + 92
19551 + 92
19551 + 92
19551 + 92
19551 + 92
19551 + 92
19551 + 92
19551 + 92
19551 + 92
19551 + 92
19551 + 92
19551 + 92
19551 + 92
19551 + 92
19551 + 92
19551 + 92
19551 + 92
19551 + 92
19551 + 92
19551 + 92
21036 # 1504
21036 - 92 1486
21036 - 92 1486
21036 - 92 1486
21036 - 92 1485
21036 - 92 1485
21036 - 92 1485
21036 - 92 1485
21036 - 92 1485
21036 - 92 1485
21036 - 92 1485
21036 - 92 1485
21036 - 92 1485
21036 - 92 1485
21036 - 92 1485
21036 - 92 1485
21036 - 92 1485
21036 # 1504
21036 - 92 1485
21036 - 92 1485
21036 - 92 1485
21036 - 92 1485
21036 - 92 1485
21036 - 92 1485
21036 - 92 1485
21036 - 92 1485
21036 - 92 1485
21036 - 92 1485
21036 - 92 1485
21036 - 92 1485
21036 # 1504
21036 # 1504
21036 # 1504
21036 # 1504
21036 # 1504
21036 # 1504
21036 # 1504
21036 # 1504
21036 # 1504
21036 # 1504
21036 # 1504
21036 # 1504
21036 # 1504
21036 # 1504
21036 # 1504
21036 # 1504
21036 # 1504
21036 # 1504
21036 # 1504
21036 # 1504
21036 # 1504
21036 # 1504
21036 # 1504
21036 # 1504
21036 # 1504
21036 # 1504
21036 # 1504
21036 # 1504
21036 # 1504
21036 # 1504
21036 # 1504
21036 # 1504
21036 # 1504
21036 # 1504
21036 # 1504
21036 # 1504
21036 # 1504
21036 # 1504
21036 # 1504
21036 # 1504
21036 # 1504
21036 # 1504
21036 # 1504
21036 # 1504
21036 # 1504
21036 # 1504
21036 # 1504
21036 # 1504
21036 # 1504
21036 # 1504
21036 # 1504
21036 # 1504
21036 # 1504
21036 # 1504
21036 # 1504
21036 # 1504
21036 # 1504
21036 # 1504
21036 # 1504
21036 # 1504
21036 # 1504
21036 # 1504
21036 # 1504
21036 # 1504
21036 # 1504
21036 # 1504
21036 # 1504
21036 # 1504
21036 # 1504
21036 # 1504
21036 # 1504
21036 # 1504
21036 # 1504
21036 # 1504
21036 # 1504
21036 # 1504
21036 # 1504
21036 # 1504
21036 # 1504
21036 # 1504
21036 # 1504
21052 + 92
21052 + 92
21052 + 92
21052 + 92
21094 + 92
22536 # 1504
22536 - 92 1484
22536 - 92 1484
22536 - 92 1484
22536 - 92 1484
22536 - 92 1442
22536 # 1504
22536 # 1504
22536 # 1504
22536 # 1504
22536 # 1504
22536 # 1504
22536 # 1504
22536 # 1504
22536 # 1504
22536 # 1504
22536 # 1504
22536 # 1504
22536 # 1504
22536 # 1504
22536 # 1504
22536 # 1504
22536 # 1504
22536 # 1504
22536 # 1504
22536 # 1504
22536 # 1504
22536 # 1504
22536 # 1504
22536 # 1504
22536 # 1504
22536 # 1504
22536 # 1504
22536 # 1504
22536 # 1504
22536 # 1504
22536 # 1504
22536 # 1504
22536 # 1504
22536 # 1504
22536 # 1504
22536 # 1504
22536 # 1504
22536 # 1504
22536 # 1504
22536 # 1504
22536 # 1504
22536 # 1504
22536 # 1504
22536 # 1504
22536 # 1504
22536 # 1504
22536 # 1504
22536 # 1504
22536 # 1504
22536 # 1504
22536 # 1504
22536 # 1504
22536 # 1504
22536 # 1504
22536 # 1504
22536 # 1504
22536 # 1504
22536 # 1504
22536 # 1504
22536 # 1504
22536 # 1504
22536 # 1504
22536 # 1504
22536 # 1504
22536 # 1504
22536 # 1504
22536 # 1504
22536 # 1504
22536 # 1504
22536 # 1504
22536 # 1504
22536 # 1504
22536 # 1504
22536 # 1504
22536 # 1504
22536 # 1504
22536 # 1504
22536 # 1504
22536 # 1504
22536 # 1504
22536 # 1504
22536 # 1504
22552 + 92
22552 + 92
22552 + 92
22552 + 92
22552 + 92
22552 + 92
22552 + 92
22552 + 92
22552 + 92
22552 + 92
22552 + 92
22552 + 92
22552 + 92
22552 + 92
22552 + 92
22552 + 92
22552 + 92
22552 + 92
22552 + 92
22552 + 92
22552 + 92
22552 + 92
22552 + 92
22552 + 92
22552 + 92
22552 + 92
22552 + 92
22552 + 92
22552 + 92
22552 + 92
22552 + 92
22556 + 92
22556 + 92
22556 + 92
22556 + 92
22556 + 92
22556 + 92
22556 + 92
22556 + 92
22556 + 92
22556 + 92
22556 + 92
22556 + 92
22556 + 92
22556 + 92
22556 + 92
22556 + 92
22557 + 92
24036 # 1504
24036 - 92 1484
24036 - 92 1484
24036 - 92 1484
24036 - 92 1484
24036 - 92 1484
24036 - 92 1484
24036 - 92 1484
24036 - 92 1484
24036 - 92 1484
24036 - 92 1484
24036 - 92 1484
24036 - 92 1484
24036 - 92 1484
24036 - 92 1484
24036 - 92 1484
24036 - 92 1484
24036 # 1504
24036 - 92 1484
24036 - 92 1484
24036 - 92 1484
24036 - 92 1484
24036 - 92 1484
24036 - 92 1484
24036 - 92 1484
24036 - 92 1484
24036 - 92 1484
24036 - 92 1484
24036 - 92 1484
24036 - 92 1484
24036 - 92 1484
24036 - 92 1484
24036 - 92 1484
24036 - 92 1480
24036 # 1504
24036 - 92 1480
24036 - 92 1480
24036 - 92 1480
24036 - 92 1480
24036 - 92 1480
24036 - 92 1480
24036 - 92 1480
24036 - 92 1480
24036 - 92 1480
24036 - 92 1480
24036 - 92 1480
24036 - 92 1480
24036 - 92 1480
24036 - 92 1480
24036 - 92 1480
24036 - 92 1479
24036 # 1504
24036 # 1504
24036 # 1504
24036 # 1504
24036 # 1504
24036 # 1504
24036 # 1504
24036 # 1504
24036 # 1504
24036 # 1504
24036 # 1504
24036 # 1504
24036 # 1504
24036 # 1504
24036 # 1504
24036 # 1504
24036 # 1504
24036 # 1504
24036 # 1504
24036 # 1504
24036 # 1504
24036 # 1504
24036 # 1504
24036 # 1504
24036 # 1504
24036 # 1504
24036 # 1504
24036 # 1504
24036 # 1504
24036 # 1504
24036 # 1504
24036 # 1504
24036 # 1504
24036 # 1504
24036 # 1504
24036 # 1504
24036 # 1504
24036 # 1504
24036 # 1504
24036 # 1504
24036 # 1504
24036 # 1504
24036 # 1504
24036 # 1504
24036 # 1504
24036 # 1504
24036 # 1504
24036 # 1504
24036 # 1504
24036 # 1504
24036 # 1504
24036 # 1504
24036 # 1504
24036 # 1504
24036 # 1504
24036 # 1504
24036 # 1504
24036 # 1504
24036 # 1504
24036 # 1504
24036 # 1504
24036 # 1504
24036 # 1504
24036 # 1504
24036 # 1504
24036 # 1504
24036 # 1504
24036 # 1504
24036 # 1504
24036 # 1504
24036 # 1504
24036 # 1504
24036 # 1504
24036 # 1504
24036 # 1504
24036 # 1504
24036 # 1504
24036 # 1504
24036 # 1504
24036 # 1504
24051 + 92
24051 + 92
24051 + 92
24051 + 92
25536 # 1504
25536 - 92 1485
25536 - 92 1485
25536 - 92 1485
25536 - 92 1485
25536 # 1504
25536 # 1504
25536 # 1504
25536 # 1504
25536 # 1504
25536 # 1504
25536 # 1504
25536 # 1504
25536 # 1504
25536 # 1504
25536 # 1504
25536 # 1504
25536 # 1504
25536 # 1504
25536 # 1504
25536 # 1504
25536 # 1504
25536 # 1504
25536 # 1504
25536 # 1504
25536 # 1504
25536 # 1504
25536 # 1504
25536 # 1504
25536 # 1504
25536 # 1504
25536 # 1504
25536 # 1504
25536 # 1504
25536 # 1504
25536 # 1504
25536 # 1504
25536 # 1504
25536 # 1504
25536 # 1504
25536 # 1504
25536 # 1504
25536 # 1504
25536 # 1504
25536 # 1504
25536 # 1504
25536 # 1504
25536 # 1504
25536 # 1504
25536 # 1504
25536 # 1504
25536 # 1504
25536 # 1504
25536 # 1504
25536 # 1504
25536 # 1504
25536 # 1504
25536 # 1504
25536 # 1504
25536 # 1504
25536 # 1504
25536 # 1504
25536 # 1504
25536 # 1504
25536 # 1504
25536 # 1504
25536 # 1504
25536 # 1504
25536 # 1504
25536 # 1504
25536 # 1504
25536 # 1504
25536 # 1504
25536 # 1504
25536 # 1504
25536 # 1504
25536 # 1504
25536 # 1504
25536 # 1504
25536 # 1504
25536 # 1504
25536 # 1504
25536 # 1504
25536 # 1504
25536 # 1504
25536 # 1504
25536 # 1504
25551 + 92
25551 + 92
25551 + 92
25551 + 92
25551 + 92
25551 + 92
25551 + 92
25551 + 92
25551 + 92
25551 + 92
25551 + 92
25552 + 92
25552 + 92
25552 + 92
25552 + 92
25553 + 92
25553 + 92
25553 + 92
25553 + 92
25553 + 92
25553 + 92
25553 + 92
25553 + 92
25553 + 92
25553 + 92
25553 + 92
25553 + 92
25553 + 92
25553 + 92
25553 + 92
25553 + 92
25553 + 92
25554 + 92
25554 + 92
25554 + 92
25554 + 92
25554 + 92
25554 + 92
27036 # 1504
27036 - 92 1485
27036 - 92 1485
27036 - 92 1485
27036 - 92 1485
27036 - 92 1485
27036 - 92 1485
27036 - 92 1485
27036 - 92 1485
27036 - 92 1485
27036 - 92 1485
27036 - 92 1485
27036 - 92 1484
27036 - 92 1484
27036 - 92 1484
27036 - 92 1484
27036 - 92 1483
27036 # 1504
27036 - 92 1483
27036 - 92 1483
27036 - 92 1483
27036 - 92 1483
27036 - 92 1483
27036 - 92 1483
27036 - 92 1483
27036 - 92 1483
27036 - 92 1483
27036 - 92 1483
27036 - 92 1483
27036 - 92 1483
27036 - 92 1483
27036 - 92 1483
27036 - 92 1483
27036 - 92 1483
27036 # 1504
27036 - 92 1482
27036 - 92 1482
27036 - 92 1482
27036 - 92 1482
27036 - 92 1482
27036 - 92 1482
27036 # 1504
27036 # 1504
27036 # 1504
27036 # 1504
27036 # 1504
27036 # 1504
27036 # 1504
27036 # 1504
27036 # 1504
27036 # 1504
27036 # 1504
27036 # 1504
27036 # 1504
27036 # 1504
27036 # 1504
27036 # 1504
27036 # 1504
27036 # 1504
27036 # 1504
27036 # 1504
27036 # 1504
27036 # 1504
27036 # 1504
27036 # 1504
27036 # 1504
27036 # 1504
27036 # 1504
27036 # 1504
27036 # 1504
27036 # 1504
27036 # 1504
27036 # 1504
27036 # 1504
27036 # 1504
27036 # 1504
27036 # 1504
27036 # 1504
27036 # 1504
27036 # 1504
27036 # 1504
27036 # 1504
27036 # 1504
27036 # 1504
27036 # 1504
27036 # 1504
27036 # 1504
27036 # 1504
27036 # 1504
27036 # 1504
27036 # 1504
27036 # 1504
27036 # 1504
27036 # 1504
27036 # 1504
27036 # 1504
27036 # 1504
27036 # 1504
27036 # 1504
27036 # 1504
27036 # 1504
27036 # 1504
27036 # 1504
27036 # 1504
27036 # 1504
27036 # 1504
27036 # 1504
27036 # 1504
27036 # 1504
27036 # 1504
27036 # 1504
27036 # 1504
27036 # 1504
27036 # 1504
27036 # 1504
27036 # 1504
27036 # 1504
27036 # 1504
27036 # 1504
27036 # 1504
27036 # 1504
27052 + 92
27052 + 92
27052 + 92
27052 + 92
27052 + 92
27052 + 92
27052 + 92
27052 + 92
27052 + 92
27052 + 92
27052 + 92
27052 + 92
27052 + 92
27052 + 92
27052 + 92
27052 + 92
27052 + 92
27052 + 92
27052 + 92
27052 + 92
27054 + 92
27054 + 92
27054 + 92
27054 + 92
27054 + 92
28536 # 1504
28536 - 92 1484
28536 - 92 1484
28536 - 92 1484
28536 - 92 1484
28536 - 92 1484
28536 - 92 1484
28536 - 92 1484
28536 - 92 1484
28536 - 92 1484
28536 - 92 1484
28536 - 92 1484
28536 - 92 1484
28536 - 92 1484
28536 - 92 1484
28536 - 92 1484
28536 - 92 1484
28536 # 1504
28536 - 92 1484
28536 - 92 1484
28536 - 92 1484
28536 - 92 1484
28536 - 92 1482
28536 - 92 1482
28536 - 92 1482
28536 - 92 1482
28536 - 92 1482
28536 # 1504
28536 # 1504
28536 # 1504
28536 # 1504
28536 # 1504
28536 # 1504
28536 # 1504
28536 # 1504
28536 # 1504
28536 # 1504
28536 # 1504
28536 # 1504
28536 # 1504
28536 # 1504
28536 # 1504
28536 # 1504
28536 # 1504
28536 # 1504
28536 # 1504
28536 # 1504
28536 # 1504
28536 # 1504
28536 # 1504
28536 # 1504
28536 # 1504
28536 # 1504
28536 # 1504
28536 # 1504
28536 # 1504
28536 # 1504
28536 # 1504
28536 # 1504
28536 # 1504
28536 # 1504
28536 # 1504
28536 # 1504
28536 # 1504
28536 # 1504
28536 # 1504
28536 # 1504
28536 # 1504
28536 # 1504
28536 # 1504
28536 # 1504
28536 # 1504
28536 # 1504
28536 # 1504
28536 # 1504
28536 # 1504
28536 # 1504
28536 # 1504
28536 # 1504
28536 # 1504
28536 # 1504
28536 # 1504
28536 # 1504
28536 # 1504
28536 # 1504
28536 # 1504
28536 # 1504
28536 # 1504
28536 # 1504
28536 # 1504
28536 # 1504
28536 # 1504
28536 # 1504
28536 # 1504
28536 # 1504
28536 # 1504
28536 # 1504
28536 # 1504
28536 # 1504
28536 # 1504
28536 # 1504
28536 # 1504
28536 # 1504
28536 # 1504
28536 # 1504
28536 # 1504
28536 # 1504
28536 # 1504
28551 + 92
28551 + 92
28551 + 92
28551 + 92
28551 + 92
28551 + 92
28551 + 92
28551 + 92
28551 + 92
28551 + 92
28551 + 92
28551 + 92
28551 + 92
28551 + 92
28551 + 92
28551 + 92
28551 + 92
28551 + 92
28551 + 92
28551 + 92
28551 + 92
28551 + 92
28551 + 92
28552 + 92
28552 + 92
28552 + 92
28552 + 92
28552 + 92
28552 + 92
28552 + 92
28552 + 92
28552 + 92
28552 + 92
28552 + 92
28552 + 92
28552 + 92
28552 + 92
28552 + 92
28552 + 92
28552 + 92
28552 + 92
28552 + 92
28552 + 92
28552 + 92
28552 + 92
28552 + 92
28552 + 92
28552 + 92
28552 + 92
28552 + 92
28552 + 92
28552 + 92
28552 + 92
28552 + 92
28552 + 92
28552 + 92
29820 + 52
30036 # 1504
30036 - 92 1485
30036 - 92 1485
30036 - 92 1485
30036 - 92 1485
30036 - 92 1485
30036 - 92 1485
30036 - 92 1485
30036 - 92 1485
30036 - 92 1485
30036 - 92 1485
30036 - 92 1485
30036 - 92 1485
30036 - 92 1485
30036 - 92 1485
30036 - 92 1485
30036 - 92 1485
30036 # 1504
30036 - 92 1485
30036 - 92 1485
30036 - 92 1485
30036 - 92 1485
30036 - 92 1485
30036 - 92 1485
30036 - 92 1485
30036 - 92 1484
30036 - 92 1484
30036 - 92 1484
30036 - 92 1484
30036 - 92 1484
30036 - 92 1484
30036 - 92 1484
30036 - 92 1484
30036 - 92 1484
30036 # 1504
30036 - 92 1484
30036 - 92 1484
30036 - 92 1484
30036 - 92 1484
30036 - 92 1484
30036 - 92 1484
30036 - 92 1484
30036 - 92 1484
30036 - 92 1484
30036 - 92 1484
30036 - 92 1484
30036 - 92 1484
30036 - 92 1484
30036 - 92 1484
30036 - 92 1484
30036 - 92 1484
30036 - 92 1484
30036 # 1504
30036 - 92 1484
30036 - 92 1484
30036 - 92 1484
30036 - 92 1484
30036 - 92 1484
30036 - 92 1484
30036 - 92 1484
30036 - 52 216
30036 # 1504
30036 # 1504
30036 # 1504
30036 # 1504
30036 # 1504
30036 # 1504
30036 # 1504
30036 # 1504
30036 # 1504
30036 # 1504
30036 # 1504
30036 # 1504
30036 # 1504
30036 # 1504
30036 # 1504
30036 # 1504
30036 # 1504
30036 # 1504
30036 # 1504
30036 # 1504
30036 # 1504
30036 # 1504
30036 # 1504
30036 # 1504
30036 # 1504
30036 # 1504
30036 # 1504
30036 # 1504
30036 # 1504
30036 # 1504
30036 # 1504
30036 # 1504
30036 # 1504
30036 # 1504
30036 # 1504
30036 # 1504
30036 # 1504
30036 # 1504
30036 # 1504
30036 # 1504
30036 # 1504
30036 # 1504
30036 # 1504
30036 # 1504
30036 # 1504
30036 # 1504
30036 # 1504
30036 # 1504
30036 # 1504
30036 # 1504
30036 # 1504
30036 # 1504
30036 # 1504
30036 # 1504
30036 # 1504
30036 # 1504
30036 # 1504
30036 # 1504
30036 # 1504
30036 # 1504
30036 # 1504
30036 # 1504
30036 # 1504
30036 # 1504
30036 # 1504
30036 # 1504
30036 # 1504
30036 # 1504
30036 # 1504
30036 # 1504
30036 # 1504
30036 # 1504
30036 # 1504
30036 # 1504
30036 # 1504
30036 # 1504
30036 # 1504
30036 # 1504
30036 # 1504
30051 + 92
30051 + 92
30051 + 92
30051 + 92
30051 + 92
30051 + 92
30051 + 92
30051 + 92
30051 + 92
30051 + 92
30051 + 92
30051 + 92
30051 + 92
30051 + 92
30051 + 92
30051 + 92
30051 + 92
30051 + 92
30051 + 92
30051 + 92
30051 + 92
30051 + 92
30051 + 92
30051 + 92
30051 + 92
30051 + 92
30051 + 92
30051 + 92
30051 + 92
30051 + 92
30051 + 92
30051 + 92
30051 + 92
30051 + 92
30051 + 92
30051 + 92
30051 + 92
30051 + 92
30051 + 92
30051 + 92
30051 + 92
30051 + 92
30051 + 92
30051 + 92
30051 + 92
30051 + 92
31536 # 1504
31536 - 92 1485
31536 - 92 1485
31536 - 92 1485
31536 - 92 1485
31536 - 92 1485
31536 - 92 1485
31536 - 92 1485
31536 - 92 1485
31536 - 92 1485
31536 - 92 1485
31536 - 92 1485
31536 - 92 1485
31536 - 92 1485
31536 - 92 1485
31536 - 92 1485
31536 - 92 1485
31536 # 1504
31536 - 92 1485
31536 - 92 1485
31536 - 92 1485
31536 - 92 1485
31536 - 92 1485
31536 - 92 1485
31536 - 92 1485
31536 - 92 1485
31536 - 92 1485
31536 - 92 1485
31536 - 92 1485
31536 - 92 1485
31536 - 92 1485
31536 - 92 1485
31536 - 92 1485
31536 - 92 1485
31536 # 1504
31536 - 92 1485
31536 - 92 1485
31536 - 92 1485
31536 - 92 1485
31536 - 92 1485
31536 - 92 1485
31536 - 92 1485
31536 - 92 1485
31536 - 92 1485
31536 - 92 1485
31536 - 92 1485
31536 - 92 1485
31536 - 92 1485
31536 - 92 1485
31536 # 1504
31536 # 1504
31536 # 1504
31536 # 1504
31536 # 1504
31536 # 1504
31536 # 1504
31536 # 1504
31536 # 1504
31536 # 1504
31536 # 1504
31536 # 1504
31536 # 1504
31536 # 1504
31536 # 1504
31536 # 1504
31536 # 1504
31536 # 1504
31536 # 1504
31536 # 1504
31536 # 1504
31536 # 1504
31536 # 1504
31536 # 1504
31536 # 1504
31536 # 1504
31536 # 1504
31536 # 1504
31536 # 1504
31536 # 1504
31536 # 1504
31536 # 1504
31536 # 1504
31536 # 1504
31536 # 1504
31536 # 1504
31536 # 1504
31536 # 1504
31536 # 1504
31536 # 1504
31536 # 1504
31536 # 1504
31536 # 1504
31536 # 1504
31536 # 1504
31536 # 1504
31536 # 1504
31536 # 1504
31536 # 1504
31536 # 1504
31536 # 1504
31536 # 1504
31536 # 1504
31536 # 1504
31536 # 1504
31536 # 1504
31536 # 1504
31536 # 1504
31536 # 1504
31536 # 1504
31536 # 1504
31536 # 1504
31536 # 1504
31536 # 1504
31536 # 1504
31536 # 1504
31536 # 1504
31536 # 1504
31536 # 1504
31536 # 1504
31536 # 1504
31536 # 1504
31536 # 1504
31536 # 1504
31536 # 1504
31536 # 1504
31536 # 1504
31536 # 1504
31536 # 1504
31536 # 1504
31560 + 92
31561 + 92
31561 + 92
31561 + 92
31561 + 92
31561 + 92
31561 + 92
31561 + 92
31561 + 92
31561 + 92
31561 + 92
31561 + 92
31561 + 92
31561 + 92
31561 + 92
31561 + 92
31561 + 92
31561 + 92
31561 + 92
31561 + 92
31562 + 92
31562 + 92
31562 + 92
31562 + 92
31562 + 92
33036 # 1504
33036 - 92 1476
33036 - 92 1475
33036 - 92 1475
33036 - 92 1475
33036 - 92 1475
33036 - 92 1475
33036 - 92 1475
33036 - 92 1475
33036 - 92 1475
33036 - 92 1475
33036 - 92 1475
33036 - 92 1475
33036 - 92 1475
33036 - 92 1475
33036 - 92 1475
33036 - 92 1475
33036 # 1504
33036 - 92 1475
33036 - 92 1475
33036 - 92 1475
33036 - 92 1475
33036 - 92 1474
33036 - 92 1474
33036 - 92 1474
33036 - 92 1474
33036 - 92 1474
33036 # 1504
33036 # 1504
33036 # 1504
33036 # 1504
33036 # 1504
33036 # 1504
33036 # 1504
33036 # 1504
33036 # 1504
33036 # 1504
33036 # 1504
33036 # 1504
33036 # 1504
33036 # 1504
33036 # 1504
33036 # 1504
33036 # 1504
33036 # 1504
33036 # 1504
33036 # 1504
33036 # 1504
33036 # 1504
33036 # 1504
33036 # 1504
33036 # 1504
33036 # 1504
33036 # 1504
33036 # 1504
33036 # 1504
33036 # 1504
33036 # 1504
33036 # 1504
33036 # 1504
33036 # 1504
33036 # 1504
33036 # 1504
33036 # 1504
33036 # 1504
33036 # 1504
33036 # 1504
33036 # 1504
33036 # 1504
33036 # 1504
33036 # 1504
33036 # 1504
33036 # 1504
33036 # 1504
33036 # 1504
33036 # 1504
33036 # 1504
33036 # 1504
33036 # 1504
33036 # 1504
33036 # 1504
33036 # 1504
33036 # 1504
33036 # 1504
33036 # 1504
33036 # 1504
33036 # 1504
33036 # 1504
33036 # 1504
33036 # 1504
33036 # 1504
33036 # 1504
33036 # 1504
33036 # 1504
33036 # 1504
33036 # 1504
33036 # 1504
33036 # 1504
33036 # 1504
33036 # 1504
33036 # 1504
33036 # 1504
33036 # 1504
33036 # 1504
33036 # 1504
33036 # 1504
33036 # 1504
33036 # 1504
33051 + 92
33052 + 92
33052 + 92
33053 + 92
33053 + 92
33053 + 92
33053 + 92
33053 + 92
33053 + 92
33053 + 92
33053 + 92
33053 + 92
33053 + 92
33053 + 92
33053 + 92
33053 + 92
33053 + 92
33053 + 92
33053 + 92
33053 + 92
33053 + 92
34536 # 1504
34536 - 92 1485
34536 - 92 1484
34536 - 92 1484
34536 - 92 1483
34536 - 92 1483
34536 - 92 1483
34536 - 92 1483
34536 - 92 1483
34536 - 92 1483
34536 - 92 1483
34536 - 92 1483
34536 - 92 1483
34536 - 92 1483
34536 - 92 1483
34536 - 92 1483
34536 - 92 1483
34536 # 1504
34536 - 92 1483
34536 - 92 1483
34536 - 92 1483
34536 - 92 1483
34536 - 92 1483
34536 # 1504
34536 # 1504
34536 # 1504
34536 # 1504
34536 # 1504
34536 # 1504
34536 # 1504
34536 # 1504
34536 # 1504
34536 # 1504
34536 # 1504
34536 # 1504
34536 # 1504
34536 # 1504
34536 # 1504
34536 # 1504
34536 # 1504
34536 # 1504
34536 # 1504
34536 # 1504
34536 # 1504
34536 # 1504
34536 # 1504
34536 # 1504
34536 # 1504
34536 # 1504
34536 # 1504
34536 # 1504
34536 # 1504
34536 # 1504
34536 # 1504
34536 # 1504
34536 # 1504
34536 # 1504
34536 # 1504
34536 # 1504
34536 # 1504
34536 # 1504
34536 # 1504
34536 # 1504
34536 # 1504
34536 # 1504
34536 # 1504
34536 # 1504
34536 # 1504
34536 # 1504
34536 # 1504
34536 # 1504
34536 # 1504
34536 # 1504
34536 # 1504
34536 # 1504
34536 # 1504
34536 # 1504
34536 # 1504
34536 # 1504
34536 # 1504
34536 # 1504
34536 # 1504
34536 # 1504
34536 # 1504
34536 # 1504
34536 # 1504
34536 # 1504
34536 # 1504
34536 # 1504
34536 # 1504
34536 # 1504
34536 # 1504
34536 # 1504
34536 # 1504
34536 # 1504
34536 # 1504
34536 # 1504
34536 # 1504
34536 # 1504
34536 # 1504
34536 # 1504
34536 # 1504
34536 # 1504
34536 # 1504
34553 + 92
34553 + 92
34553 + 92
34553 + 92
34553 + 92
34553 + 92
34553 + 92
34553 + 92
34553 + 92
34553 + 92
34553 + 92
34553 + 92
34553 + 92
34553 + 92
34553 + 92
34553 + 92
34553 + 92
34553 + 92
34553 + 92
34553 + 92
34553 + 92
34553 + 92
34553 + 92
34553 + 92
34553 + 92
34553 + 92
34554 + 92
34554 + 92
34554 + 92
36036 # 1504
36036 - 92 1483
36036 - 92 1483
36036 - 92 1483
36036 - 92 1483
36036 - 92 1483
36036 - 92 1483
36036 - 92 1483
36036 - 92 1483
36036 - 92 1483
36036 - 92 1483
36036 - 92 1483
36036 - 92 1483
36036 - 92 1483
36036 - 92 1483
36036 - 92 1483
36036 - 92 1483
36036 # 1504
36036 - 92 1483
36036 - 92 1483
36036 - 92 1483
36036 - 92 1483
36036 - 92 1483
36036 - 92 1483
36036 - 92 1483
36036 - 92 1483
36036 - 92 1483
36036 - 92 1483
36036 - 92 1482
36036 - 92 1482
36036 - 92 1482
36036 # 1504
36036 # 1504
36036 # 1504
36036 # 1504
36036 # 1504
36036 # 1504
36036 # 1504
36036 # 1504
36036 # 1504
36036 # 1504
36036 # 1504
36036 # 1504
36036 # 1504
36036 # 1504
36036 # 1504
36036 # 1504
36036 # 1504
36036 # 1504
36036 # 1504
36036 # 1504
36036 # 1504
36036 # 1504
36036 # 1504
36036 # 1504
36036 # 1504
36036 # 1504
36036 # 1504
36036 # 1504
36036 # 1504
36036 # 1504
36036 # 1504
36036 # 1504
36036 # 1504
36036 # 1504
36036 # 1504
36036 # 1504
36036 # 1504
36036 # 1504
36036 # 1504
36036 # 1504
36036 # 1504
36036 # 1504
36036 # 1504
36036 # 1504
36036 # 1504
36036 # 1504
36036 # 1504
36036 # 1504
36036 # 1504
36036 # 1504
36036 # 1504
36036 # 1504
36036 # 1504
36036 # 1504
36036 # 1504
36036 # 1504
36036 # 1504
36036 # 1504
36036 # 1504
36036 # 1504
36036 # 1504
36036 # 1504
36036 # 1504
36036 # 1504
36036 # 1504
36036 # 1504
36036 # 1504
36036 # 1504
36036 # 1504
36036 # 1504
36036 # 1504
36036 # 1504
36036 # 1504
36036 # 1504
36036 # 1504
36036 # 1504
36036 # 1504
36036 # 1504
36036 # 1504
36036 # 1504
36036 # 1504
36053 + 92
36053 + 92
36053 + 92
36053 + 92
36053 + 92
36053 + 92
36053 + 92
36053 + 92
36053 + 92
36053 + 92
36053 + 92
36053 + 92
36053 + 92
36053 + 92
36053 + 92
36053 + 92
36053 + 92
36053 + 92
36053 + 92
36053 + 92
36054 + 92
36054 + 92
36054 + 92
36054 + 92
36054 + 92
36055 + 92
36055 + 92
36055 + 92
36055 + 92
36055 + 92
36055 + 92
36055 + 92
36055 + 92
36055 + 92
36055 + 92
36055 + 92
36055 + 92
36055 + 92
36055 + 92
36055 + 92
36055 + 92
36055 + 92
36055 + 92
36055 + 92
36055 + 92
36055 + 92
36055 + 92
36055 + 92
36055 + 92
36055 + 92
36055 + 92
36055 + 92
36055 + 92
36055 + 92
36055 + 92
36055 + 92
36055 + 92
36055 + 92
36055 + 92
36055 + 92
36055 + 92
36055 + 92
36055 + 92
36055 + 92
36055 + 92
37536 # 1504
37536 - 92 1483
37536 - 92 1483
37536 - 92 1483
37536 - 92 1483
37536 - 92 1483
37536 - 92 1483
37536 - 92 1483
37536 - 92 1483
37536 - 92 1483
37536 - 92 1483
37536 - 92 1483
37536 - 92 1483
37536 - 92 1483
37536 - 92 1483
37536 - 92 1483
37536 - 92 1483
37536 # 1504
37536 - 92 1483
37536 - 92 1483
37536 - 92 1483
37536 - 92 1483
37536 - 92 1482
37536 - 92 1482
37536 - 92 1482
37536 - 92 1482
37536 - 92 1482
37536 - 92 1481
37536 - 92 1481
37536 - 92 1481
37536 - 92 1481
37536 - 92 1481
37536 - 92 1481
37536 - 92 1481
37536 # 1504
37536 - 92 1481
37536 - 92 1481
37536 - 92 1481
37536 - 92 1481
37536 - 92 1481
37536 - 92 1481
37536 - 92 1481
37536 - 92 1481
37536 - 92 1481
37536 - 92 1481
37536 - 92 1481
37536 - 92 1481
37536 - 92 1481
37536 - 92 1481
37536 - 92 1481
37536 - 92 1481
37536 - 92 1481
37536 # 1504
37536 - 92 1481
37536 - 92 1481
37536 - 92 1481
37536 - 92 1481
37536 - 92 1481
37536 - 92 1481
37536 - 92 1481
37536 - 92 1481
37536 - 92 1481
37536 - 92 1481
37536 - 92 1481
37536 - 92 1481
37536 - 92 1481
37536 - 92 1481
37536 - 92 1481
37536 - 92 1481
37536 # 1504
37536 # 1504
37536 # 1504
37536 # 1504
37536 # 1504
37536 # 1504
37536 # 1504
37536 # 1504
37536 # 1504
37536 # 1504
37536 # 1504
37536 # 1504
37536 # 1504
37536 # 1504
37536 # 1504
37536 # 1504
37536 # 1504
37536 # 1504
37536 # 1504
37536 # 1504
37536 # 1504
37536 # 1504
37536 # 1504
37536 # 1504
37536 # 1504
37536 # 1504
37536 # 1504
37536 # 1504
37536 # 1504
37536 # 1504
37536 # 1504
37536 # 1504
37536 # 1504
37536 # 1504
37536 # 1504
37536 # 1504
37536 # 1504
37536 # 1504
37536 # 1504
37536 # 1504
37536 # 1504
37536 # 1504
37536 # 1504
37536 # 1504
37536 # 1504
37536 # 1504
37536 # 1504
37536 # 1504
37536 # 1504
37536 # 1504
37536 # 1504
37536 # 1504
37536 # 1504
37536 # 1504
37536 # 1504
37536 # 1504
37536 # 1504
37536 # 1504
37536 # 1504
37536 # 1504
37536 # 1504
37536 # 1504
37536 # 1504
37536 # 1504
37536 # 1504
37536 # 1504
37536 # 1504
37536 # 1504
37536 # 1504
37536 # 1504
37536 # 1504
37536 # 1504
37536 # 1504
37536 # 1504
37536 # 1504
37536 # 1504
37536 # 1504
37536 # 1504
37536 # 1504
37551 + 92
37551 + 92
37551 + 92
37551 + 92
37551 + 92
37551 + 92
37551 + 92
37551 + 92
37551 + 92
37551 + 92
37551 + 92
37551 + 92
37551 + 92
37551 + 92
37551 + 92
37551 + 92
37551 + 92
37551 + 92
37551 + 92
37551 + 92
37551 + 92
37551 + 92
37551 + 92
37551 + 92
37551 + 92
37551 + 92
37551 + 92
37551 + 92
37551 + 92
37551 + 92
37551 + 92
37551 + 92
37551 + 92
37551 + 92
37551 + 92
37551 + 92
37551 + 92
37551 + 92
37551 + 92
37551 + 92
37551 + 92
37551 + 92
37551 + 92
37551 + 92
37551 + 92
37551 + 92
37551 + 92
37551 + 92
37551 + 92
37551 + 92
37551 + 92
37551 + 92
37551 + 92
37551 + 92
37551 + 92
37551 + 92
37551 + 92
37551 + 92
37551 + 92
37551 + 92
37551 + 92
37551 + 92
37551 + 92
37551 + 92
37551 + 92
37551 + 92
37551 + 92
37551 + 92
37551 + 92
37551 + 92
37551 + 92
37551 + 92
37551 + 92
37552 + 92
37552 + 92
37552 + 92
37552 + 92
37552 + 92
37552 + 92
37552 + 92
37552 + 92
39036 # 1504
39036 - 92 1485
39036 - 92 1485
39036 - 92 1485
39036 - 92 1485
39036 - 92 1485
39036 - 92 1485
39036 - 92 1485
39036 - 92 1485
39036 - 92 1485
39036 - 92 1485
39036 - 92 1485
39036 - 92 1485
39036 - 92 1485
39036 - 92 1485
39036 - 92 1485
39036 - 92 1485
39036 # 1504
39036 - 92 1485
39036 - 92 1485
39036 - 92 1485
39036 - 92 1485
39036 - 92 1485
39036 - 92 1485
39036 - 92 1485
39036 - 92 1485
39036 - 92 1485
39036 - 92 1485
39036 - 92 1485
39036 - 92 1485
39036 - 92 1485
39036 - 92 1485
39036 - 92 1485
39036 - 92 1485
39036 # 1504
39036 - 92 1485
39036 - 92 1485
39036 - 92 1485
39036 - 92 1485
39036 - 92 1485
39036 - 92 1485
39036 - 92 1485
39036 - 92 1485
39036 - 92 1485
39036 - 92 1485
39036 - 92 1485
39036 - 92 1485
39036 - 92 1485
39036 - 92 1485
39036 - 92 1485
39036 - 92 1485
39036 - 92 1485
39036 # 1504
39036 - 92 1485
39036 - 92 1485
39036 - 92 1485
39036 - 92 1485
39036 - 92 1485
39036 - 92 1485
39036 - 92 1485
39036 - 92 1485
39036 - 92 1485
39036 - 92 1485
39036 - 92 1485
39036 - 92 1485
39036 - 92 1485
39036 - 92 1485
39036 - 92 1485
39036 - 92 1485
39036 # 1504
39036 - 92 1485
39036 - 92 1485
39036 - 92 1485
39036 - 92 1485
39036 - 92 1485
39036 - 92 1485
39036 - 92 1485
39036 - 92 1485
39036 - 92 1484
39036 - 92 1484
39036 - 92 1484
39036 - 92 1484
39036 - 92 1484
39036 - 92 1484
39036 - 92 1484
39036 - 92 1484
39036 # 1504
39036 # 1504
39036 # 1504
39036 # 1504
39036 # 1504
39036 # 1504
39036 # 1504
39036 # 1504
39036 # 1504
39036 # 1504
39036 # 1504
39036 # 1504
39036 # 1504
39036 # 1504
39036 # 1504
39036 # 1504
39036 # 1504
39036 # 1504
39036 # 1504
39036 # 1504
39036 # 1504
39036 # 1504
39036 # 1504
39036 # 1504
39036 # 1504
39036 # 1504
39036 # 1504
39036 # 1504
39036 # 1504
39036 # 1504
39036 # 1504
39036 # 1504
39036 # 1504
39036 # 1504
39036 # 1504
39036 # 1504
39036 # 1504
39036 # 1504
39036 # 1504
39036 # 1504
39036 # 1504
39036 # 1504
39036 # 1504
39036 # 1504
39036 # 1504
39036 # 1504
39036 # 1504
39036 # 1504
39036 # 1504
39036 # 1504
39036 # 1504
39036 # 1504
39036 # 1504
39036 # 1504
39036 # 1504
39036 # 1504
39036 # 1504
39036 # 1504
39036 # 1504
39036 # 1504
39036 # 1504
39036 # 1504
39036 # 1504
39036 # 1504
39036 # 1504
39036 # 1504
39036 # 1504
39036 # 1504
39036 # 1504
39036 # 1504
39036 # 1504
39036 # 1504
39036 # 1504
39036 # 1504
39036 # 1504
39036 # 1504
39036 # 1504
39036 # 1504
39053 + 92
39053 + 92
39053 + 92
39053 + 92
39053 + 92
39053 + 92
39053 + 92
39053 + 92
39053 + 92
39053 + 92
39053 + 92
39053 + 92
39053 + 92
39053 + 92
39053 + 92
39053 + 92
39053 + 92
39053 + 92
39053 + 92
39053 + 92
39053 + 92
39053 + 92
39053 + 92
39053 + 92
39053 + 92
39053 + 92
39053 + 92
39053 + 92
39053 + 92
39053 + 92
39053 + 92
39053 + 92
39053 + 92
39053 + 92
39053 + 92
39053 + 92
39053 + 92
39053 + 92
39053 + 92
39053 + 92
39053 + 92
39053 + 92
39053 + 92
39053 + 92
39053 + 92
39053 + 92
39053 + 92
39053 + 92
39053 + 92
39053 + 92
39053 + 92
39053 + 92
39053 + 92
39053 + 92
39053 + 92
39053 + 92
39053 + 92
39053 + 92
39053 + 92
39054 + 92
39054 + 92
39054 + 92
40536 # 1504
40536 - 92 1483
40536 - 92 1483
40536 - 92 1483
40536 - 92 1483
40536 - 92 1483
40536 - 92 1483
40536 - 92 1483
40536 - 92 1483
40536 - 92 1483
40536 - 92 1483
40536 - 92 1483
40536 - 92 1483
40536 - 92 1483
40536 - 92 1483
40536 - 92 1483
40536 - 92 1483
40536 # 1504
40536 - 92 1483
40536 - 92 1483
40536 - 92 1483
40536 - 92 1483
40536 - 92 1483
40536 - 92 1483
40536 - 92 1483
40536 - 92 1483
40536 - 92 1483
40536 - 92 1483
40536 - 92 1483
40536 - 92 1483
40536 - 92 1483
40536 - 92 1483
40536 - 92 1483
40536 - 92 1483
40536 # 1504
40536 - 92 1483
40536 - 92 1483
40536 - 92 1483
40536 - 92 1483
40536 - 92 1483
40536 - 92 1483
40536 - 92 1483
40536 - 92 1483
40536 - 92 1483
40536 - 92 1483
40536 - 92 1483
40536 - 92 1483
40536 - 92 1483
40536 - 92 1483
40536 - 92 1483
40536 - 92 1483
40536 - 92 1483
40536 # 1504
40536 - 92 1483
40536 - 92 1483
40536 - 92 1483
40536 - 92 1483
40536 - 92 1483
40536 - 92 1483
40536 - 92 1483
40536 - 92 1483
40536 - 92 1483
40536 - 92 1483
40536 - 92 1482
40536 - 92 1482
40536 - 92 1482
40536 # 1504
40536 # 1504
40536 # 1504
40536 # 1504
40536 # 1504
40536 # 1504
40536 # 1504
40536 # 1504
40536 # 1504
40536 # 1504
40536 # 1504
40536 # 1504
40536 # 1504
40536 # 1504
40536 # 1504
40536 # 1504
40536 # 1504
40536 # 1504
40536 # 1504
40536 # 1504
40536 # 1504
40536 # 1504
40536 # 1504
40536 # 1504
40536 # 1504
40536 # 1504
40536 # 1504
40536 # 1504
40536 # 1504
40536 # 1504
40536 # 1504
40536 # 1504
40536 # 1504
40536 # 1504
40536 # 1504
40536 # 1504
40536 # 1504
40536 # 1504
40536 # 1504
40536 # 1504
40536 # 1504
40536 # 1504
40536 # 1504
40536 # 1504
40536 # 1504
40536 # 1504
40536 # 1504
40536 # 1504
40536 # 1504
40536 # 1504
40536 # 1504
40536 # 1504
40536 # 1504
40536 # 1504
40536 # 1504
40536 # 1504
40536 # 1504
40536 # 1504
40536 # 1504
40536 # 1504
40536 # 1504
40536 # 1504
40536 # 1504
40536 # 1504
40536 # 1504
40536 # 1504
40536 # 1504
40536 # 1504
40536 # 1504
40536 # 1504
40536 # 1504
40536 # 1504
40536 # 1504
40536 # 1504
40536 # 1504
40536 # 1504
40536 # 1504
40536 # 1504
40536 # 1504
40550 + 92
40550 + 92
40550 + 92
40550 + 92
40550 + 92
40550 + 92
40550 + 92
40550 + 92
40550 + 92
40550 + 92
40550 + 92
40550 + 92
40551 + 92
40551 + 92
40551 + 92
40551 + 92
40551 + 92
40551 + 92
40551 + 92
40551 + 92
40551 + 92
40551 + 92
42036 # 1504
42036 - 92 1486
42036 - 92 1486
42036 - 92 1486
42036 - 92 1486
42036 - 92 1486
42036 - 92 1486
42036 - 92 1486
42036 - 92 1486
42036 - 92 1486
42036 - 92 1486
42036 - 92 1486
42036 - 92 1486
42036 - 92 1485
42036 - 92 1485
42036 - 92 1485
42036 - 92 1485
42036 # 1504
42036 - 92 1485
42036 - 92 1485
42036 - 92 1485
42036 - 92 1485
42036 - 92 1485
42036 - 92 1485
42036 # 1504
42036 # 1504
42036 # 1504
42036 # 1504
42036 # 1504
42036 # 1504
42036 # 1504
42036 # 1504
42036 # 1504
42036 # 1504
42036 # 1504
42036 # 1504
42036 # 1504
42036 # 1504
42036 # 1504
42036 # 1504
42036 # 1504
42036 # 1504
42036 # 1504
42036 # 1504
42036 # 1504
42036 # 1504
42036 # 1504
42036 # 1504
42036 # 1504
42036 # 1504
42036 # 1504
42036 # 1504
42036 # 1504
42036 # 1504
42036 # 1504
42036 # 1504
42036 # 1504
42036 # 1504
42036 # 1504
42036 # 1504
42036 # 1504
42036 # 1504
42036 # 1504
42036 # 1504
42036 # 1504
42036 # 1504
42036 # 1504
42036 # 1504
42036 # 1504
42036 # 1504
42036 # 1504
42036 # 1504
42036 # 1504
42036 # 1504
42036 # 1504
42036 # 1504
42036 # 1504
42036 # 1504
42036 # 1504
42036 # 1504
42036 # 1504
42036 # 1504
42036 # 1504
42036 # 1504
42036 # 1504
42036 # 1504
42036 # 1504
42036 # 1504
42036 # 1504
42036 # 1504
42036 # 1504
42036 # 1504
42036 # 1504
42036 # 1504
42036 # 1504
42036 # 1504
42036 # 1504
42036 # 1504
42036 # 1504
42036 # 1504
42036 # 1504
42036 # 1504
42036 # 1504
42036 # 1504
42036 # 1504
42052 + 92
42052 + 92
42052 + 92
42052 + 92
42052 + 92
42052 + 92
42052 + 92
42052 + 92
42052 + 92
42053 + 92
42054 + 92
42054 + 92
42054 + 92
42054 + 92
42054 + 92
42054 + 92
42054 + 92
42054 + 92
42054 + 92
42054 + 92
42054 + 92
42096 + 92
43536 # 1504
43536 - 92 1484
43536 - 92 1484
43536 - 92 1484
43536 - 92 1484
43536 - 92 1484
43536 - 92 1484
43536 - 92 1484
43536 - 92 1484
43536 - 92 1484
43536 - 92 1483
43536 - 92 1482
43536 - 92 1482
43536 - 92 1482
43536 - 92 1482
43536 - 92 1482
43536 - 92 1482
43536 # 1504
43536 - 92 1482
43536 - 92 1482
43536 - 92 1482
43536 - 92 1482
43536 - 92 1482
43536 - 92 1440
43536 # 1504
43536 # 1504
43536 # 1504
43536 # 1504
43536 # 1504
43536 # 1504
43536 # 1504
43536 # 1504
43536 # 1504
43536 # 1504
43536 # 1504
43536 # 1504
43536 # 1504
43536 # 1504
43536 # 1504
43536 # 1504
43536 # 1504
43536 # 1504
43536 # 1504
43536 # 1504
43536 # 1504
43536 # 1504
43536 # 1504
43536 # 1504
43536 # 1504
43536 # 1504
43536 # 1504
43536 # 1504
43536 # 1504
43536 # 1504
43536 # 1504
43536 # 1504
43536 # 1504
43536 # 1504
43536 # 1504
43536 # 1504
43536 # 1504
43536 # 1504
43536 # 1504
43536 # 1504
43536 # 1504
43536 # 1504
43536 # 1504
43536 # 1504
43536 # 1504
43536 # 1504
43536 # 1504
43536 # 1504
43536 # 1504
43536 # 1504
43536 # 1504
43536 # 1504
43536 # 1504
43536 # 1504
43536 # 1504
43536 # 1504
43536 # 1504
43536 # 1504
43536 # 1504
43536 # 1504
43536 # 1504
43536 # 1504
43536 # 1504
43536 # 1504
43536 # 1504
43536 # 1504
43536 # 1504
43536 # 1504
43536 # 1504
43536 # 1504
43536 # 1504
43536 # 1504
43536 # 1504
43536 # 1504
43536 # 1504
43536 # 1504
43536 # 1504
43536 # 1504
43536 # 1504
43536 # 1504
43536 # 1504
43552 + 92
43552 + 92
43552 + 92
43552 + 92
43552 + 92
43552 + 92
43552 + 92
43552 + 92
43552 + 92
43552 + 92
43552 + 92
43552 + 92
43552 + 92
43552 + 92
43552 + 92
43552 + 92
43552 + 92
43552 + 92
43552 + 92
43552 + 92
43552 + 92
43552 + 92
43553 + 92
43553 + 92
43553 + 92
45036 # 1504
45036 - 92 1484
45036 - 92 1484
45036 - 92 1484
45036 - 92 1484
45036 - 92 1484
45036 - 92 1484
45036 - 92 1484
45036 - 92 1484
45036 - 92 1484
45036 - 92 1484
45036 - 92 1484
45036 - 92 1484
45036 - 92 1484
45036 - 92 1484
45036 - 92 1484
45036 - 92 1484
45036 # 1504
45036 - 92 1484
45036 - 92 1484
45036 - 92 1484
45036 - 92 1484
45036 - 92 1484
45036 - 92 1484
45036 - 92 1483
45036 - 92 1483
45036 - 92 1483
45036 # 1504
45036 # 1504
45036 # 1504
45036 # 1504
45036 # 1504
45036 # 1504
45036 # 1504
45036 # 1504
45036 # 1504
45036 # 1504
45036 # 1504
45036 # 1504
45036 # 1504
45036 # 1504
45036 # 1504
45036 # 1504
45036 # 1504
45036 # 1504
45036 # 1504
45036 # 1504
45036 # 1504
45036 # 1504
45036 # 1504
45036 # 1504
45036 # 1504
45036 # 1504
45036 # 1504
45036 # 1504
45036 # 1504
45036 # 1504
45036 # 1504
45036 # 1504
45036 # 1504
45036 # 1504
45036 # 1504
45036 # 1504
45036 # 1504
45036 # 1504
45036 # 1504
45036 # 1504
45036 # 1504
45036 # 1504
45036 # 1504
45036 # 1504
45036 # 1504
45036 # 1504
45036 # 1504
45036 # 1504
45036 # 1504
45036 # 1504
45036 # 1504
45036 # 1504
45036 # 1504
45036 # 1504
45036 # 1504
45036 # 1504
45036 # 1504
45036 # 1504
45036 # 1504
45036 # 1504
45036 # 1504
45036 # 1504
45036 # 1504
45036 # 1504
45036 # 1504
45036 # 1504
45036 # 1504
45036 # 1504
45036 # 1504
45036 # 1504
45036 # 1504
45036 # 1504
45036 # 1504
45036 # 1504
45036 # 1504
45036 # 1504
45036 # 1504
45036 # 1504
45036 # 1504
45036 # 1504
45036 # 1504
45051 + 92
45051 + 92
45051 + 92
45051 + 92
45051 + 92
45051 + 92
45051 + 92
45051 + 92
45051 + 92
45051 + 92
45051 + 92
45051 + 92
45051 + 92
45051 + 92
45051 + 92
45051 + 92
45051 + 92
45051 + 92
45051 + 92
45051 + 92
45051 + 92
45051 + 92
45051 + 92
45051 + 92
45051 + 92
45051 + 92
45051 + 92
46536 # 1504
46536 - 92 1485
46536 - 92 1485
46536 - 92 1485
46536 - 92 1485
46536 - 92 1485
46536 - 92 1485
46536 - 92 1485
46536 - 92 1485
46536 - 92 1485
46536 - 92 1485
46536 - 92 1485
46536 - 92 1485
46536 - 92 1485
46536 - 92 1485
46536 - 92 1485
46536 - 92 1485
46536 # 1504
46536 - 92 1485
46536 - 92 1485
46536 - 92 1485
46536 - 92 1485
46536 - 92 1485
46536 - 92 1485
46536 - 92 1485
46536 - 92 1485
46536 - 92 1485
46536 - 92 1485
46536 - 92 1485
46536 # 1504
46536 # 1504
46536 # 1504
46536 # 1504
46536 # 1504
46536 # 1504
46536 # 1504
46536 # 1504
46536 # 1504
46536 # 1504
46536 # 1504
46536 # 1504
46536 # 1504
46536 # 1504
46536 # 1504
46536 # 1504
46536 # 1504
46536 # 1504
46536 # 1504
46536 # 1504
46536 # 1504
46536 # 1504
46536 # 1504
46536 # 1504
46536 # 1504
46536 # 1504
46536 # 1504
46536 # 1504
46536 # 1504
46536 # 1504
46536 # 1504
46536 # 1504
46536 # 1504
46536 # 1504
46536 # 1504
46536 # 1504
46536 # 1504
46536 # 1504
46536 # 1504
46536 # 1504
46536 # 1504
46536 # 1504
46536 # 1504
46536 # 1504
46536 # 1504
46536 # 1504
46536 # 1504
46536 # 1504
46536 # 1504
46536 # 1504
46536 # 1504
46536 # 1504
46536 # 1504
46536 # 1504
46536 # 1504
46536 # 1504
46536 # 1504
46536 # 1504
46536 # 1504
46536 # 1504
46536 # 1504
46536 # 1504
46536 # 1504
46536 # 1504
46536 # 1504
46536 # 1504
46536 # 1504
46536 # 1504
46536 # 1504
46536 # 1504
46536 # 1504
46536 # 1504
46536 # 1504
46536 # 1504
46536 # 1504
46536 # 1504
46536 # 1504
46536 # 1504
46536 # 1504
46536 # 1504
46536 # 1504
46554 + 92
46554 + 92
46554 + 92
46554 + 92
46554 + 92
46554 + 92
46554 + 92
46554 + 92
46554 + 92
46554 + 92
46554 + 92
46554 + 92
46554 + 92
46554 + 92
46554 + 92
46554 + 92
46554 + 92
46554 + 92
46554 + 92
46554 + 92
46554 + 92
46554 + 92
46554 + 92
46554 + 92
46554 + 92
46554 + 92
46554 + 92
46554 + 92
46554 + 92
46554 + 92
46554 + 92
46554 + 92
46554 + 92
46554 + 92
46554 + 92
46554 + 92
46554 + 92
46554 + 92
46554 + 92
46554 + 92
46554 + 92
46554 + 92
46554 + 92
46554 + 92
46554 + 92
46554 + 92
46554 + 92
46554 + 92
46554 + 92
46554 + 92
46554 + 92
46554 + 92
46554 + 92
46555 + 92
46555 + 92
46555 + 92
46555 + 92
46555 + 92
46555 + 92
48036 # 1504
48036 - 92 1482
48036 - 92 1482
48036 - 92 1482
48036 - 92 1482
48036 - 92 1482
48036 - 92 1482
48036 - 92 1482
48036 - 92 1482
48036 - 92 1482
48036 - 92 1482
48036 - 92 1482
48036 - 92 1482
48036 - 92 1482
48036 - 92 1482
48036 - 92 1482
48036 - 92 1482
48036 # 1504
48036 - 92 1482
48036 - 92 1482
48036 - 92 1482
48036 - 92 1482
48036 - 92 1482
48036 - 92 1482
48036 - 92 1482
48036 - 92 1482
48036 - 92 1482
48036 - 92 1482
48036 - 92 1482
48036 - 92 1482
48036 - 92 1482
48036 - 92 1482
48036 - 92 1482
48036 - 92 1482
48036 # 1504
48036 - 92 1482
48036 - 92 1482
48036 - 92 1482
48036 - 92 1482
48036 - 92 1482
48036 - 92 1482
48036 - 92 1482
48036 - 92 1482
48036 - 92 1482
48036 - 92 1482
48036 - 92 1482
48036 - 92 1482
48036 - 92 1482
48036 - 92 1482
48036 - 92 1482
48036 - 92 1482
48036 - 92 1482
48036 # 1504
48036 - 92 1482
48036 - 92 1482
48036 - 92 1482
48036 - 92 1482
48036 - 92 1481
48036 - 92 1481
48036 - 92 1481
48036 - 92 1481
48036 - 92 1481
48036 - 92 1481
48036 # 1504
48036 # 1504
48036 # 1504
48036 # 1504
48036 # 1504
48036 # 1504
48036 # 1504
48036 # 1504
48036 # 1504
48036 # 1504
48036 # 1504
48036 # 1504
48036 # 1504
48036 # 1504
48036 # 1504
48036 # 1504
48036 # 1504
48036 # 1504
48036 # 1504
48036 # 1504
48036 # 1504
48036 # 1504
48036 # 1504
48036 # 1504
48036 # 1504
48036 # 1504
48036 # 1504
48036 # 1504
48036 # 1504
48036 # 1504
48036 # 1504
48036 # 1504
48036 # 1504
48036 # 1504
48036 # 1504
48036 # 1504
48036 # 1504
48036 # 1504
48036 # 1504
48036 # 1504
48036 # 1504
48036 # 1504
48036 # 1504
48036 # 1504
48036 # 1504
48036 # 1504
48036 # 1504
48036 # 1504
48036 # 1504
48036 # 1504
48036 # 1504
48036 # 1504
48036 # 1504
48036 # 1504
48036 # 1504
48036 # 1504
48036 # 1504
48036 # 1504
48036 # 1504
48036 # 1504
48036 # 1504
48036 # 1504
48036 # 1504
48036 # 1504
48036 # 1504
48036 # 1504
48036 # 1504
48036 # 1504
48036 # 1504
48036 # 1504
48036 # 1504
48036 # 1504
48036 # 1504
48036 # 1504
48036 # 1504
48036 # 1504
48036 # 1504
48036 # 1504
48036 # 1504
48051 + 92
48051 + 92
48051 + 92
48051 + 92
48051 + 92
48051 + 92
48051 + 92
48051 + 92
48051 + 92
48051 + 92
48051 + 92
48051 + 92
48052 + 92
48052 + 92
48052 + 92
48052 + 92
48052 + 92
48052 + 92
48052 + 92
48052 + 92
48094 + 92
49536 # 1504
49536 - 92 1485
49536 - 92 1485
49536 - 92 1485
49536 - 92 1485
49536 - 92 1485
49536 - 92 1485
49536 - 92 1485
49536 - 92 1485
49536 - 92 1485
49536 - 92 1485
49536 - 92 1485
49536 - 92 1485
49536 - 92 1484
49536 - 92 1484
49536 - 92 1484
49536 - 92 1484
49536 # 1504
49536 - 92 1484
49536 - 92 1484
49536 - 92 1484
49536 - 92 1484
49536 - 92 1442
49536 # 1504
49536 # 1504
49536 # 1504
49536 # 1504
49536 # 1504
49536 # 1504
49536 # 1504
49536 # 1504
49536 # 1504
49536 # 1504
49536 # 1504
49536 # 1504
49536 # 1504
49536 # 1504
49536 # 1504
49536 # 1504
49536 # 1504
49536 # 1504
49536 # 1504
49536 # 1504
49536 # 1504
49536 # 1504
49536 # 1504
49536 # 1504
49536 # 1504
49536 # 1504
49536 # 1504
49536 # 1504
49536 # 1504
49536 # 1504
49536 # 1504
49536 # 1504
49536 # 1504
49536 # 1504
49536 # 1504
49536 # 1504
49536 # 1504
49536 # 1504
49536 # 1504
49536 # 1504
49536 # 1504
49536 # 1504
49536 # 1504
49536 # 1504
49536 # 1504
49536 # 1504
49536 # 1504
49536 # 1504
49536 # 1504
49536 # 1504
49536 # 1504
49536 # 1504
49536 # 1504
49536 # 1504
49536 # 1504
49536 # 1504
49536 # 1504
49536 # 1504
49536 # 1504
49536 # 1504
49536 # 1504
49536 # 1504
49536 # 1504
49536 # 1504
49536 # 1504
49536 # 1504
49536 # 1504
49536 # 1504
49536 # 1504
49536 # 1504
49536 # 1504
49536 # 1504
49536 # 1504
49536 # 1504
49536 # 1504
49536 # 1504
49536 # 1504
49536 # 1504
49536 # 1504
49536 # 1504
49536 # 1504
49552 + 92
49552 + 92
49552 + 92
49552 + 92
49552 + 92
49552 + 92
49552 + 92
49552 + 92
49552 + 92
49552 + 92
49553 + 92
49553 + 92
49553 + 92
49553 + 92
49553 + 92
49553 + 92
49553 + 92
51036 # 1504
51036 - 92 1484
51036 - 92 1484
51036 - 92 1484
51036 - 92 1484
51036 - 92 1484
51036 - 92 1484
51036 - 92 1484
51036 - 92 1484
51036 - 92 1484
51036 - 92 1484
51036 - 92 1483
51036 - 92 1483
51036 - 92 1483
51036 - 92 1483
51036 - 92 1483
51036 - 92 1483
51036 # 1504
51036 - 92 1483
51036 # 1504
51036 # 1504
51036 # 1504
51036 # 1504
51036 # 1504
51036 # 1504
51036 # 1504
51036 # 1504
51036 # 1504
51036 # 1504
51036 # 1504
51036 # 1504
51036 # 1504
51036 # 1504
51036 # 1504
51036 # 1504
51036 # 1504
51036 # 1504
51036 # 1504
51036 # 1504
51036 # 1504
51036 # 1504
51036 # 1504
51036 # 1504
51036 # 1504
51036 # 1504
51036 # 1504
51036 # 1504
51036 # 1504
51036 # 1504
51036 # 1504
51036 # 1504
51036 # 1504
51036 # 1504
51036 # 1504
51036 # 1504
51036 # 1504
51036 # 1504
51036 # 1504
51036 # 1504
51036 # 1504
51036 # 1504
51036 # 1504
51036 # 1504
51036 # 1504
51036 # 1504
51036 # 1504
51036 # 1504
51036 # 1504
51036 # 1504
51036 # 1504
51036 # 1504
51036 # 1504
51036 # 1504
51036 # 1504
51036 # 1504
51036 # 1504
51036 # 1504
51036 # 1504
51036 # 1504
51036 # 1504
51036 # 1504
51036 # 1504
51036 # 1504
51036 # 1504
51036 # 1504
51036 # 1504
51036 # 1504
51036 # 1504
51036 # 1504
51036 # 1504
51036 # 1504
51036 # 1504
51036 # 1504
51036 # 1504
51036 # 1504
51036 # 1504
51036 # 1504
51036 # 1504
51036 # 1504
51036 # 1504
51050 + 92
51051 + 92
51051 + 92
51052 + 92
51052 + 92
51052 + 92
51052 + 92
51052 + 92
51052 + 92
51052 + 92
51052 + 92
51052 + 92
51052 + 92
51052 + 92
51094 + 92
52536 # 1504
52536 - 92 1486
52536 - 92 1485
52536 - 92 1485
52536 - 92 1484
52536 - 92 1484
52536 - 92 1484
52536 - 92 1484
52536 - 92 1484
52536 - 92 1484
52536 - 92 1484
52536 - 92 1484
52536 - 92 1484
52536 - 92 1484
52536 - 92 1484
52536 - 92 1442
52536 # 1504
52536 # 1504
52536 # 1504
52536 # 1504
52536 # 1504
52536 # 1504
52536 # 1504
52536 # 1504
52536 # 1504
52536 # 1504
52536 # 1504
52536 # 1504
52536 # 1504
52536 # 1504
52536 # 1504
52536 # 1504
52536 # 1504
52536 # 1504
52536 # 1504
52536 # 1504
52536 # 1504
52536 # 1504
52536 # 1504
52536 # 1504
52536 # 1504
52536 # 1504
52536 # 1504
52536 # 1504
52536 # 1504
52536 # 1504
52536 # 1504
52536 # 1504
52536 # 1504
52536 # 1504
52536 # 1504
52536 # 1504
52536 # 1504
52536 # 1504
52536 # 1504
52536 # 1504
52536 # 1504
52536 # 1504
52536 # 1504
52536 # 1504
52536 # 1504
52536 # 1504
52536 # 1504
52536 # 1504
52536 # 1504
52536 # 1504
52536 # 1504
52536 # 1504
52536 # 1504
52536 # 1504
52536 # 1504
52536 # 1504
52536 # 1504
52536 # 1504
52536 # 1504
52536 # 1504
52536 # 1504
52536 # 1504
52536 # 1504
52536 # 1504
52536 # 1504
52536 # 1504
52536 # 1504
52536 # 1504
52536 # 1504
52536 # 1504
52536 # 1504
52536 # 1504
52536 # 1504
52536 # 1504
52536 # 1504
52536 # 1504
52536 # 1504
52536 # 1504
52536 # 1504
52536 # 1504
52536 # 1504
52536 # 1504
52553 + 104
52553 + 104
52553 + 104
52553 + 104
52554 + 104
54036 # 1504
54036 - 104 1483
54036 - 104 1483
54036 - 104 1483
54036 - 104 1483
54036 - 104 1482
54036 # 1504
54036 # 1504
54036 # 1504
54036 # 1504
54036 # 1504
54036 # 1504
54036 # 1504
54036 # 1504
54036 # 1504
54036 # 1504
54036 # 1504
54036 # 1504
54036 # 1504
54036 # 1504
54036 # 1504
54036 # 1504
54036 # 1504
54036 # 1504
54036 # 1504
54036 # 1504
54036 # 1504
54036 # 1504
54036 # 1504
54036 # 1504
54036 # 1504
54036 # 1504
54036 # 1504
54036 # 1504
54036 # 1504
54036 # 1504
54036 # 1504
54036 # 1504
54036 # 1504
54036 # 1504
54036 # 1504
54036 # 1504
54036 # 1504
54036 # 1504
54036 # 1504
54036 # 1504
54036 # 1504
54036 # 1504
54036 # 1504
54036 # 1504
54036 # 1504
54036 # 1504
54036 # 1504
54036 # 1504
54036 # 1504
54036 # 1504
54036 # 1504
54036 # 1504
54036 # 1504
54036 # 1504
54036 # 1504
54036 # 1504
54036 # 1504
54036 # 1504
54036 # 1504
54036 # 1504
54036 # 1504
54036 # 1504
54036 # 1504
54036 # 1504
54036 # 1504
54036 # 1504
54036 # 1504
54036 # 1504
54036 # 1504
54036 # 1504
54036 # 1504
54036 # 1504
54036 # 1504
54036 # 1504
54036 # 1504
54036 # 1504
54036 # 1504
54036 # 1504
54036 # 1504
54036 # 1504
54036 # 1504
54036 # 1504
54053 + 112
54053 + 112
55536 # 1504
55536 - 112 1483
55536 - 112 1483
55536 # 1504
55536 # 1504
55536 # 1504
55536 # 1504
55536 # 1504
55536 # 1504
55536 # 1504
55536 # 1504
55536 # 1504
55536 # 1504
55536 # 1504
55536 # 1504
55536 # 1504
55536 # 1504
55536 # 1504
55536 # 1504
55536 # 1504
55536 # 1504
55536 # 1504
55536 # 1504
55536 # 1504
55536 # 1504
55536 # 1504
55536 # 1504
55536 # 1504
55536 # 1504
55536 # 1504
55536 # 1504
55536 # 1504
55536 # 1504
55536 # 1504
55536 # 1504
55536 # 1504
55536 # 1504
55536 # 1504
55536 # 1504
55536 # 1504
55536 # 1504
55536 # 1504
55536 # 1504
55536 # 1504
55536 # 1504
55536 # 1504
55536 # 1504
55536 # 1504
55536 # 1504
55536 # 1504
55536 # 1504
55536 # 1504
55536 # 1504
55536 # 1504
55536 # 1504
55536 # 1504
55536 # 1504
55536 # 1504
55536 # 1504
55536 # 1504
55536 # 1504
55536 # 1504
55536 # 1504
55536 # 1504
55536 # 1504
55536 # 1504
55536 # 1504
55536 # 1504
55536 # 1504
55536 # 1504
55536 # 1504
55536 # 1504
55536 # 1504
55536 # 1504
55536 # 1504
55536 # 1504
55536 # 1504
55536 # 1504
55536 # 1504
55536 # 1504
55536 # 1504
55536 # 1504
55536 # 1504
55536 # 1504
55536 # 1504
55550 + 112
55550 + 120
55551 + 120
57036 # 1504
57036 - 112 1486
57036 - 120 1486
57036 - 120 1485
57036 # 1504
57036 # 1504
57036 # 1504
57036 # 1504
57036 # 1504
57036 # 1504
57036 # 1504
57036 # 1504
57036 # 1504
57036 # 1504
57036 # 1504
57036 # 1504
57036 # 1504
57036 # 1504
57036 # 1504
57036 # 1504
57036 # 1504
57036 # 1504
57036 # 1504
57036 # 1504
57036 # 1504
57036 # 1504
57036 # 1504
57036 # 1504
57036 # 1504
57036 # 1504
57036 # 1504
57036 # 1504
57036 # 1504
57036 # 1504
57036 # 1504
57036 # 1504
57036 # 1504
57036 # 1504
57036 # 1504
57036 # 1504
57036 # 1504
57036 # 1504
57036 # 1504
57036 # 1504
57036 # 1504
57036 # 1504
57036 # 1504
57036 # 1504
57036 # 1504
57036 # 1504
57036 # 1504
57036 # 1504
57036 # 1504
57036 # 1504
57036 # 1504
57036 # 1504
57036 # 1504
57036 # 1504
57036 # 1504
57036 # 1504
57036 # 1504
57036 # 1504
57036 # 1504
57036 # 1504
57036 # 1504
57036 # 1504
57036 # 1504
57036 # 1504
57036 # 1504
57036 # 1504
57036 # 1504
57036 # 1504
57036 # 1504
57036 # 1504
57036 # 1504
57036 # 1504
57036 # 1504
57036 # 1504
57036 # 1504
57036 # 1504
57036 # 1504
57036 # 1504
57036 # 1504
57036 # 1504
57036 # 1504
57036 # 1504
57054 + 120
57054 + 120
57055 + 120
58536 # 1504
58536 - 120 1482
58536 - 120 1482
58536 - 120 1481
58536 # 1504
58536 # 1504
58536 # 1504
58536 # 1504
58536 # 1504
58536 # 1504
58536 # 1504
58536 # 1504
58536 # 1504
58536 # 1504
58536 # 1504
58536 # 1504
58536 # 1504
58536 # 1504
58536 # 1504
58536 # 1504
58536 # 1504
58536 # 1504
58536 # 1504
58536 # 1504
58536 # 1504
58536 # 1504
58536 # 1504
58536 # 1504
58536 # 1504
58536 # 1504
58536 # 1504
58536 # 1504
58536 # 1504
58536 # 1504
58536 # 1504
58536 # 1504
58536 # 1504
58536 # 1504
58536 # 1504
58536 # 1504
58536 # 1504
58536 # 1504
58536 # 1504
58536 # 1504
58536 # 1504
58536 # 1504
58536 # 1504
58536 # 1504
58536 # 1504
58536 # 1504
58536 # 1504
58536 # 1504
58536 # 1504
58536 # 1504
58536 # 1504
58536 # 1504
58536 # 1504
58536 # 1504
58536 # 1504
58536 # 1504
58536 # 1504
58536 # 1504
58536 # 1504
58536 # 1504
58536 # 1504
58536 # 1504
58536 # 1504
58536 # 1504
58536 # 1504
58536 # 1504
58536 # 1504
58536 # 1504
58536 # 1504
58536 # 1504
58536 # 1504
58536 # 1504
58536 # 1504
58536 # 1504
58536 # 1504
58536 # 1504
58536 # 1504
58536 # 1504
58536 # 1504
58536 # 1504
58536 # 1504
58536 # 1504
58558 + 120
58558 + 120
58558 + 120
60036 # 1504
60036 - 120 1478
60036 - 120 1478
60036 - 120 1478
60036 # 1504
60036 # 1504
60036 # 1504
60036 # 1504
60036 # 1504
60036 # 1504
60036 # 1504
60036 # 1504
60036 # 1504
60036 # 1504
60036 # 1504
60036 # 1504
60036 # 1504
60036 # 1504
60036 # 1504
60036 # 1504
60036 # 1504
60036 # 1504
60036 # 1504
60036 # 1504
60036 # 1504
60036 # 1504
60036 # 1504
60036 # 1504
60036 # 1504
60036 # 1504
60036 # 1504
60036 # 1504
60036 # 1504
60036 # 1504
60036 # 1504
60036 # 1504
60036 # 1504
60036 # 1504
60036 # 1504
60036 # 1504
60036 # 1504
60036 # 1504
60036 # 1504
60036 # 1504
60036 # 1504
60036 # 1504
60036 # 1504
60036 # 1504
60036 # 1504
60036 # 1504
60036 # 1504
60036 # 1504
60036 # 1504
60036 # 1504
60036 # 1504
60036 # 1504
60036 # 1504
60036 # 1504
60036 # 1504
60036 # 1504
60036 # 1504
60036 # 1504
60036 # 1504
60036 # 1504
60036 # 1504
60036 # 1504
60036 # 1504
60036 # 1504
60036 # 1504
60036 # 1504
60036 # 1504
60036 # 1504
60036 # 1504
60036 # 1504
60036 # 1504
60036 # 1504
60036 # 1504
60036 # 1504
60036 # 1504
60036 # 1504
60036 # 1504
60036 # 1504
60036 # 1504
60036 # 1504
60036 # 1504
60036 # 1504
60049 + 120
60049 + 120
60049 + 120
61536 # 1504
61536 - 120 1487
61536 - 120 1487
61536 - 120 1487
61536 # 1504
61536 # 1504
61536 # 1504
61536 # 1504
61536 # 1504
61536 # 1504
61536 # 1504
61536 # 1504
61536 # 1504
61536 # 1504
61536 # 1504
61536 # 1504
61536 # 1504
61536 # 1504
61536 # 1504
61536 # 1504
61536 # 1504
61536 # 1504
61536 # 1504
61536 # 1504
61536 # 1504
61536 # 1504
61536 # 1504
61536 # 1504
61536 # 1504
61536 # 1504
61536 # 1504
61536 # 1504
61536 # 1504
61536 # 1504
61536 # 1504
61536 # 1504
61536 # 1504
61536 # 1504
61536 # 1504
61536 # 1504
61536 # 1504
61536 # 1504
61536 # 1504
61536 # 1504
61536 # 1504
61536 # 1504
61536 # 1504
61536 # 1504
61536 # 1504
61536 # 1504
61536 # 1504
61536 # 1504
61536 # 1504
61536 # 1504
61536 # 1504
61536 # 1504
61536 # 1504
61536 # 1504
61536 # 1504
61536 # 1504
61536 # 1504
61536 # 1504
61536 # 1504
61536 # 1504
61536 # 1504
61536 # 1504
61536 # 1504
61536 # 1504
61536 # 1504
61536 # 1504
61536 # 1504
61536 # 1504
61536 # 1504
61536 # 1504
61536 # 1504
61536 # 1504
61536 # 1504
61536 # 1504
61536 # 1504
61536 # 1504
61536 # 1504
61536 # 1504
61536 # 1504
61536 # 1504
61536 # 1504
61536 # 1504
61551 + 120
61551 + 120
61552 + 120
62075 + 52
63036 # 1504
63036 - 120 1485
63036 - 120 1485
63036 - 120 1484
63036 - 52 961
63036 # 1504
63036 # 1504
63036 # 1504
63036 # 1504
63036 # 1504
63036 # 1504
63036 # 1504
63036 # 1504
63036 # 1504
63036 # 1504
63036 # 1504
63036 # 1504
63036 # 1504
63036 # 1504
63036 # 1504
63036 # 1504
63036 # 1504
63036 # 1504
63036 # 1504
63036 # 1504
63036 # 1504
63036 # 1504
63036 # 1504
63036 # 1504
63036 # 1504
63036 # 1504
63036 # 1504
63036 # 1504
63036 # 1504
63036 # 1504
63036 # 1504
63036 # 1504
63036 # 1504
63036 # 1504
63036 # 1504
63036 # 1504
63036 # 1504
63036 # 1504
63036 # 1504
63036 # 1504
63036 # 1504
63036 # 1504
63036 # 1504
63036 # 1504
63036 # 1504
63036 # 1504
63036 # 1504
63036 # 1504
63036 # 1504
63036 # 1504
63036 # 1504
63036 # 1504
63036 # 1504
63036 # 1504
63036 # 1504
63036 # 1504
63036 # 1504
63036 # 1504
63036 # 1504
63036 # 1504
63036 # 1504
63036 # 1504
63036 # 1504
63036 # 1504
63036 # 1504
63036 # 1504
63036 # 1504
63036 # 1504
63036 # 1504
63036 # 1504
63036 # 1504
63036 # 1504
63036 # 1504
63036 # 1504
63036 # 1504
63036 # 1504
63036 # 1504
63036 # 1504
63036 # 1504
63036 # 1504
63036 # 1504
63036 # 1504
63051 + 120
63051 + 120
63051 + 120
63051 + 120
63051 + 120
63051 + 120
63051 + 120
63051 + 120
63051 + 120
63051 + 120
63051 + 120
63052 + 120
63052 + 120
63052 + 120
63052 + 120
63052 + 120
63052 + 120
63052 + 120
63052 + 120
63052 + 120
63052 + 120
63052 + 120
63052 + 120
63052 + 120
63052 + 120
63052 + 120
63052 + 120
63052 + 120
63052 + 120
63052 + 120
64536 # 1504
64536 - 120 1485
64536 - 120 1485
64536 - 120 1485
64536 - 120 1485
64536 - 120 1485
64536 - 120 1485
64536 - 120 1485
64536 - 120 1485
64536 - 120 1485
64536 - 120 1485
64536 - 120 1485
64536 - 120 1484
64536 # 1504
64536 - 120 1484
64536 - 120 1484
64536 - 120 1484
64536 - 120 1484
64536 - 120 1484
64536 - 120 1484
64536 - 120 1484
64536 - 120 1484
64536 - 120 1484
64536 - 120 1484
64536 - 120 1484
64536 - 120 1484
64536 - 120 1484
64536 # 1504
64536 - 120 1484
64536 - 120 1484
64536 - 120 1484
64536 - 120 1484
64536 - 120 1484
64536 # 1504
64536 # 1504
64536 # 1504
64536 # 1504
64536 # 1504
64536 # 1504
64536 # 1504
64536 # 1504
64536 # 1504
64536 # 1504
64536 # 1504
64536 # 1504
64536 # 1504
64536 # 1504
64536 # 1504
64536 # 1504
64536 # 1504
64536 # 1504
64536 # 1504
64536 # 1504
64536 # 1504
64536 # 1504
64536 # 1504
64536 # 1504
64536 # 1504
64536 # 1504
64536 # 1504
64536 # 1504
64536 # 1504
64536 # 1504
64536 # 1504
64536 # 1504
64536 # 1504
64536 # 1504
64536 # 1504
64536 # 1504
64536 # 1504
64536 # 1504
64536 # 1504
64536 # 1504
64536 # 1504
64536 # 1504
64536 # 1504
64536 # 1504
64536 # 1504
64536 # 1504
64536 # 1504
64536 # 1504
64536 # 1504
64536 # 1504
64536 # 1504
64536 # 1504
64536 # 1504
64536 # 1504
64536 # 1504
64536 # 1504
64536 # 1504
64536 # 1504
64536 # 1504
64536 # 1504
64536 # 1504
64536 # 1504
64536 # 1504
64536 # 1504
64536 # 1504
64536 # 1504
64536 # 1504
64536 # 1504
64536 # 1504
64536 # 1504
64536 # 1504
64536 # 1504
64536 # 1504
64536 # 1504
64536 # 1504
64536 # 1504
64536 # 1504
64536 # 1504
64536 # 1504
64536 # 1504
64550 + 120
64550 + 120
64550 + 120
64550 + 120
64550 + 120
64550 + 120
64550 + 120
64550 + 120
64550 + 120
64550 + 120
64550 + 120
64550 + 120
64550 + 120
64550 + 120
64551 + 120
64551 + 120
64551 + 120
64551 + 120
64551 + 120
64551 + 120
64551 + 120
64552 + 120
64552 + 120
64552 + 120
64552 + 120
64552 + 120
64552 + 120
64552 + 120
64552 + 120
64553 + 120
64553 + 120
64553 + 120
64553 + 120
64553 + 120
64553 + 120
64553 + 120
64553 + 120
64553 + 120
64553 + 120
64553 + 120
64553 + 120
64553 + 120
64553 + 120
64553 + 120
64553 + 120
64553 + 120
64553 + 120
64553 + 120
64553 + 120
64553 + 120
64553 + 120
64553 + 120
64553 + 120
64553 + 120
64553 + 120
64553 + 120
64553 + 120
64553 + 120
64553 + 120
64553 + 120
64553 + 120
64553 + 120
64553 + 120
64553 + 120
64553 + 120
64553 + 120
64553 + 120
64553 + 120
66036 # 1504
66036 - 120 1486
66036 - 120 1486
66036 - 120 1486
66036 - 120 1486
66036 - 120 1486
66036 - 120 1486
66036 - 120 1486
66036 - 120 1486
66036 - 120 1486
66036 - 120 1486
66036 - 120 1486
66036 - 120 1486
66036 # 1504
66036 - 120 1486
66036 - 120 1486
66036 - 120 1485
66036 - 120 1485
66036 - 120 1485
66036 - 120 1485
66036 - 120 1485
66036 - 120 1485
66036 - 120 1485
66036 - 120 1484
66036 - 120 1484
66036 - 120 1484
66036 - 120 1484
66036 # 1504
66036 - 120 1484
66036 - 120 1484
66036 - 120 1484
66036 - 120 1484
66036 - 120 1483
66036 - 120 1483
66036 - 120 1483
66036 - 120 1483
66036 - 120 1483
66036 - 120 1483
66036 - 120 1483
66036 - 120 1483
66036 # 1504
66036 - 120 1483
66036 - 120 1483
66036 - 120 1483
66036 - 120 1483
66036 - 120 1483
66036 - 120 1483
66036 - 120 1483
66036 - 120 1483
66036 - 120 1483
66036 - 120 1483
66036 - 120 1483
66036 - 120 1483
66036 - 120 1483
66036 # 1504
66036 - 120 1483
66036 - 120 1483
66036 - 120 1483
66036 - 120 1483
66036 - 120 1483
66036 - 120 1483
66036 - 120 1483
66036 - 120 1483
66036 - 120 1483
66036 - 120 1483
66036 - 120 1483
66036 - 120 1483
66036 # 1504
66036 - 120 1483
66036 - 120 1483
66036 - 120 1483
66036 - 120 1483
66036 - 120 1483
66036 - 120 1483
66036 # 1504
66036 # 1504
66036 # 1504
66036 # 1504
66036 # 1504
66036 # 1504
66036 # 1504
66036 # 1504
66036 # 1504
66036 # 1504
66036 # 1504
66036 # 1504
66036 # 1504
66036 # 1504
66036 # 1504
66036 # 1504
66036 # 1504
66036 # 1504
66036 # 1504
66036 # 1504
66036 # 1504
66036 # 1504
66036 # 1504
66036 # 1504
66036 # 1504
66036 # 1504
66036 # 1504
66036 # 1504
66036 # 1504
66036 # 1504
66036 # 1504
66036 # 1504
66036 # 1504
66036 # 1504
66036 # 1504
66036 # 1504
66036 # 1504
66036 # 1504
66036 # 1504
66036 # 1504
66036 # 1504
66036 # 1504
66036 # 1504
66036 # 1504
66036 # 1504
66036 # 1504
66036 # 1504
66036 # 1504
66036 # 1504
66036 # 1504
66036 # 1504
66036 # 1504
66036 # 1504
66036 # 1504
66036 # 1504
66036 # 1504
66036 # 1504
66036 # 1504
66036 # 1504
66036 # 1504
66036 # 1504
66036 # 1504
66036 # 1504
66036 # 1504
66036 # 1504
66036 # 1504
66036 # 1504
66036 # 1504
66036 # 1504
66036 # 1504
66036 # 1504
66036 # 1504
66036 # 1504
66036 # 1504
66036 # 1504
66036 # 1504
66036 # 1504
66055 + 120
66055 + 120
66055 + 120
66055 + 120
66055 + 120
66055 + 120
66055 + 120
66055 + 120
66055 + 120
66055 + 120
66055 + 120
66055 + 120
66055 + 120
66055 + 120
66055 + 120
66055 + 120
66055 + 120
66055 + 120
66055 + 120
66057 + 120
66057 + 120
66057 + 120
66057 + 120
66057 + 120
66057 + 120
66057 + 120
66057 + 120
66057 + 120
66057 + 120
66057 + 120
66057 + 120
66057 + 120
66057 + 120
66057 + 120
66057 + 120
66057 + 120
66057 + 120
66057 + 120
66057 + 120
66057 + 120
66057 + 120
66057 + 120
66057 + 120
66057 + 120
66057 + 120
66057 + 120
66057 + 120
66057 + 120
66057 + 120
66057 + 120
66057 + 120
66057 + 120
66057 + 120
66057 + 120
66057 + 120
66057 + 120
66057 + 120
66058 + 120
66058 + 120
66058 + 120
66058 + 120
66058 + 120
66058 + 120
66058 + 120
66058 + 120
66058 + 120
66058 + 120
66058 + 120
