# mahimahi mm-link (Uplink) [custom-traces/1mbps.trace] > /home/saivivek/pantheon/results/network-profile-1/scream_mm_datalink_run1.log
# command line: 'mm-link' 'custom-traces/1mbps.trace' 'custom-traces/1mbps.trace' '--uplink-log=/home/saivivek/pantheon/results/network-profile-1/scream_mm_datalink_run1.log' '--downlink-log=/home/saivivek/pantheon/results/network-profile-1/scream_mm_acklink_run1.log' '--uplink-queue=droptail' '--downlink-queue=droptail' '--uplink-queue-args=packets=500' '--downlink-queue-args=packets=500' 'python' '/home/saivivek/pantheon/src/experiments/tunnel_manager.py'
# queue: droptail [packets=500]
# init timestamp: 1745090826785
# base timestamp: 33
# mahimahi config: [delay 5 ms] 
58 + 40
954 + 80
954 + 52
956 + 80
1059 + 40
1529 + 80
1533 # 1504
1533 - 40 1475
1533 - 80 579
1533 - 52 579
1533 - 80 577
1533 - 40 474
1533 - 80 4
1533 # 1504
1533 # 1504
1533 # 1504
1533 # 1504
1533 # 1504
1533 # 1504
1533 # 1504
1533 # 1504
1533 # 1504
1533 # 1504
1533 # 1504
1533 # 1504
1533 # 1504
1533 # 1504
1533 # 1504
1533 # 1504
1533 # 1504
1533 # 1504
1533 # 1504
1533 # 1504
1533 # 1504
1533 # 1504
1533 # 1504
1533 # 1504
1533 # 1504
1533 # 1504
1533 # 1504
1533 # 1504
1533 # 1504
1533 # 1504
1533 # 1504
1533 # 1504
1533 # 1504
1533 # 1504
1533 # 1504
1533 # 1504
1533 # 1504
1533 # 1504
1533 # 1504
1533 # 1504
1533 # 1504
1533 # 1504
1533 # 1504
1533 # 1504
1533 # 1504
1533 # 1504
1533 # 1504
1533 # 1504
1533 # 1504
1533 # 1504
1533 # 1504
1533 # 1504
1533 # 1504
1533 # 1504
1533 # 1504
1533 # 1504
1533 # 1504
1533 # 1504
1533 # 1504
1533 # 1504
1533 # 1504
1533 # 1504
1533 # 1504
1533 # 1504
1533 # 1504
1533 # 1504
1533 # 1504
1533 # 1504
1533 # 1504
1533 # 1504
1533 # 1504
1533 # 1504
1533 # 1504
1533 # 1504
1533 # 1504
1533 # 1504
1533 # 1504
1533 # 1504
1533 # 1504
1533 # 1504
1533 # 1504
1533 # 1504
1913 + 80
2062 + 40
3033 # 1504
3033 - 80 1120
3033 - 40 971
3033 # 1504
3033 # 1504
3033 # 1504
3033 # 1504
3033 # 1504
3033 # 1504
3033 # 1504
3033 # 1504
3033 # 1504
3033 # 1504
3033 # 1504
3033 # 1504
3033 # 1504
3033 # 1504
3033 # 1504
3033 # 1504
3033 # 1504
3033 # 1504
3033 # 1504
3033 # 1504
3033 # 1504
3033 # 1504
3033 # 1504
3033 # 1504
3033 # 1504
3033 # 1504
3033 # 1504
3033 # 1504
3033 # 1504
3033 # 1504
3033 # 1504
3033 # 1504
3033 # 1504
3033 # 1504
3033 # 1504
3033 # 1504
3033 # 1504
3033 # 1504
3033 # 1504
3033 # 1504
3033 # 1504
3033 # 1504
3033 # 1504
3033 # 1504
3033 # 1504
3033 # 1504
3033 # 1504
3033 # 1504
3033 # 1504
3033 # 1504
3033 # 1504
3033 # 1504
3033 # 1504
3033 # 1504
3033 # 1504
3033 # 1504
3033 # 1504
3033 # 1504
3033 # 1504
3033 # 1504
3033 # 1504
3033 # 1504
3033 # 1504
3033 # 1504
3033 # 1504
3033 # 1504
3033 # 1504
3033 # 1504
3033 # 1504
3033 # 1504
3033 # 1504
3033 # 1504
3033 # 1504
3033 # 1504
3033 # 1504
3033 # 1504
3033 # 1504
3033 # 1504
3033 # 1504
3033 # 1504
3033 # 1504
3033 # 1504
4533 # 1504
4533 # 1504
4533 # 1504
4533 # 1504
4533 # 1504
4533 # 1504
4533 # 1504
4533 # 1504
4533 # 1504
4533 # 1504
4533 # 1504
4533 # 1504
4533 # 1504
4533 # 1504
4533 # 1504
4533 # 1504
4533 # 1504
4533 # 1504
4533 # 1504
4533 # 1504
4533 # 1504
4533 # 1504
4533 # 1504
4533 # 1504
4533 # 1504
4533 # 1504
4533 # 1504
4533 # 1504
4533 # 1504
4533 # 1504
4533 # 1504
4533 # 1504
4533 # 1504
4533 # 1504
4533 # 1504
4533 # 1504
4533 # 1504
4533 # 1504
4533 # 1504
4533 # 1504
4533 # 1504
4533 # 1504
4533 # 1504
4533 # 1504
4533 # 1504
4533 # 1504
4533 # 1504
4533 # 1504
4533 # 1504
4533 # 1504
4533 # 1504
4533 # 1504
4533 # 1504
4533 # 1504
4533 # 1504
4533 # 1504
4533 # 1504
4533 # 1504
4533 # 1504
4533 # 1504
4533 # 1504
4533 # 1504
4533 # 1504
4533 # 1504
4533 # 1504
4533 # 1504
4533 # 1504
4533 # 1504
4533 # 1504
4533 # 1504
4533 # 1504
4533 # 1504
4533 # 1504
4533 # 1504
4533 # 1504
4533 # 1504
4533 # 1504
4533 # 1504
4533 # 1504
4533 # 1504
4533 # 1504
4533 # 1504
4533 # 1504
4796 + 52
6033 # 1504
6033 - 52 1237
6033 # 1504
6033 # 1504
6033 # 1504
6033 # 1504
6033 # 1504
6033 # 1504
6033 # 1504
6033 # 1504
6033 # 1504
6033 # 1504
6033 # 1504
6033 # 1504
6033 # 1504
6033 # 1504
6033 # 1504
6033 # 1504
6033 # 1504
6033 # 1504
6033 # 1504
6033 # 1504
6033 # 1504
6033 # 1504
6033 # 1504
6033 # 1504
6033 # 1504
6033 # 1504
6033 # 1504
6033 # 1504
6033 # 1504
6033 # 1504
6033 # 1504
6033 # 1504
6033 # 1504
6033 # 1504
6033 # 1504
6033 # 1504
6033 # 1504
6033 # 1504
6033 # 1504
6033 # 1504
6033 # 1504
6033 # 1504
6033 # 1504
6033 # 1504
6033 # 1504
6033 # 1504
6033 # 1504
6033 # 1504
6033 # 1504
6033 # 1504
6033 # 1504
6033 # 1504
6033 # 1504
6033 # 1504
6033 # 1504
6033 # 1504
6033 # 1504
6033 # 1504
6033 # 1504
6033 # 1504
6033 # 1504
6033 # 1504
6033 # 1504
6033 # 1504
6033 # 1504
6033 # 1504
6033 # 1504
6033 # 1504
6033 # 1504
6033 # 1504
6033 # 1504
6033 # 1504
6033 # 1504
6033 # 1504
6033 # 1504
6033 # 1504
6033 # 1504
6033 # 1504
6033 # 1504
6033 # 1504
6033 # 1504
6033 # 1504
7533 # 1504
7533 # 1504
7533 # 1504
7533 # 1504
7533 # 1504
7533 # 1504
7533 # 1504
7533 # 1504
7533 # 1504
7533 # 1504
7533 # 1504
7533 # 1504
7533 # 1504
7533 # 1504
7533 # 1504
7533 # 1504
7533 # 1504
7533 # 1504
7533 # 1504
7533 # 1504
7533 # 1504
7533 # 1504
7533 # 1504
7533 # 1504
7533 # 1504
7533 # 1504
7533 # 1504
7533 # 1504
7533 # 1504
7533 # 1504
7533 # 1504
7533 # 1504
7533 # 1504
7533 # 1504
7533 # 1504
7533 # 1504
7533 # 1504
7533 # 1504
7533 # 1504
7533 # 1504
7533 # 1504
7533 # 1504
7533 # 1504
7533 # 1504
7533 # 1504
7533 # 1504
7533 # 1504
7533 # 1504
7533 # 1504
7533 # 1504
7533 # 1504
7533 # 1504
7533 # 1504
7533 # 1504
7533 # 1504
7533 # 1504
7533 # 1504
7533 # 1504
7533 # 1504
7533 # 1504
7533 # 1504
7533 # 1504
7533 # 1504
7533 # 1504
7533 # 1504
7533 # 1504
7533 # 1504
7533 # 1504
7533 # 1504
7533 # 1504
7533 # 1504
7533 # 1504
7533 # 1504
7533 # 1504
7533 # 1504
7533 # 1504
7533 # 1504
7533 # 1504
7533 # 1504
7533 # 1504
7533 # 1504
7533 # 1504
7533 # 1504
9033 # 1504
9033 # 1504
9033 # 1504
9033 # 1504
9033 # 1504
9033 # 1504
9033 # 1504
9033 # 1504
9033 # 1504
9033 # 1504
9033 # 1504
9033 # 1504
9033 # 1504
9033 # 1504
9033 # 1504
9033 # 1504
9033 # 1504
9033 # 1504
9033 # 1504
9033 # 1504
9033 # 1504
9033 # 1504
9033 # 1504
9033 # 1504
9033 # 1504
9033 # 1504
9033 # 1504
9033 # 1504
9033 # 1504
9033 # 1504
9033 # 1504
9033 # 1504
9033 # 1504
9033 # 1504
9033 # 1504
9033 # 1504
9033 # 1504
9033 # 1504
9033 # 1504
9033 # 1504
9033 # 1504
9033 # 1504
9033 # 1504
9033 # 1504
9033 # 1504
9033 # 1504
9033 # 1504
9033 # 1504
9033 # 1504
9033 # 1504
9033 # 1504
9033 # 1504
9033 # 1504
9033 # 1504
9033 # 1504
9033 # 1504
9033 # 1504
9033 # 1504
9033 # 1504
9033 # 1504
9033 # 1504
9033 # 1504
9033 # 1504
9033 # 1504
9033 # 1504
9033 # 1504
9033 # 1504
9033 # 1504
9033 # 1504
9033 # 1504
9033 # 1504
9033 # 1504
9033 # 1504
9033 # 1504
9033 # 1504
9033 # 1504
9033 # 1504
9033 # 1504
9033 # 1504
9033 # 1504
9033 # 1504
9033 # 1504
9033 # 1504
10533 # 1504
10533 # 1504
10533 # 1504
10533 # 1504
10533 # 1504
10533 # 1504
10533 # 1504
10533 # 1504
10533 # 1504
10533 # 1504
10533 # 1504
10533 # 1504
10533 # 1504
10533 # 1504
10533 # 1504
10533 # 1504
10533 # 1504
10533 # 1504
10533 # 1504
10533 # 1504
10533 # 1504
10533 # 1504
10533 # 1504
10533 # 1504
10533 # 1504
10533 # 1504
10533 # 1504
10533 # 1504
10533 # 1504
10533 # 1504
10533 # 1504
10533 # 1504
10533 # 1504
10533 # 1504
10533 # 1504
10533 # 1504
10533 # 1504
10533 # 1504
10533 # 1504
10533 # 1504
10533 # 1504
10533 # 1504
10533 # 1504
10533 # 1504
10533 # 1504
10533 # 1504
10533 # 1504
10533 # 1504
10533 # 1504
10533 # 1504
10533 # 1504
10533 # 1504
10533 # 1504
10533 # 1504
10533 # 1504
10533 # 1504
10533 # 1504
10533 # 1504
10533 # 1504
10533 # 1504
10533 # 1504
10533 # 1504
10533 # 1504
10533 # 1504
10533 # 1504
10533 # 1504
10533 # 1504
10533 # 1504
10533 # 1504
10533 # 1504
10533 # 1504
10533 # 1504
10533 # 1504
10533 # 1504
10533 # 1504
10533 # 1504
10533 # 1504
10533 # 1504
10533 # 1504
10533 # 1504
10533 # 1504
10533 # 1504
10533 # 1504
12033 # 1504
12033 # 1504
12033 # 1504
12033 # 1504
12033 # 1504
12033 # 1504
12033 # 1504
12033 # 1504
12033 # 1504
12033 # 1504
12033 # 1504
12033 # 1504
12033 # 1504
12033 # 1504
12033 # 1504
12033 # 1504
12033 # 1504
12033 # 1504
12033 # 1504
12033 # 1504
12033 # 1504
12033 # 1504
12033 # 1504
12033 # 1504
12033 # 1504
12033 # 1504
12033 # 1504
12033 # 1504
12033 # 1504
12033 # 1504
12033 # 1504
12033 # 1504
12033 # 1504
12033 # 1504
12033 # 1504
12033 # 1504
12033 # 1504
12033 # 1504
12033 # 1504
12033 # 1504
12033 # 1504
12033 # 1504
12033 # 1504
12033 # 1504
12033 # 1504
12033 # 1504
12033 # 1504
12033 # 1504
12033 # 1504
12033 # 1504
12033 # 1504
12033 # 1504
12033 # 1504
12033 # 1504
12033 # 1504
12033 # 1504
12033 # 1504
12033 # 1504
12033 # 1504
12033 # 1504
12033 # 1504
12033 # 1504
12033 # 1504
12033 # 1504
12033 # 1504
12033 # 1504
12033 # 1504
12033 # 1504
12033 # 1504
12033 # 1504
12033 # 1504
12033 # 1504
12033 # 1504
12033 # 1504
12033 # 1504
12033 # 1504
12033 # 1504
12033 # 1504
12033 # 1504
12033 # 1504
12033 # 1504
12033 # 1504
12033 # 1504
12665 + 52
13533 # 1504
13533 - 52 868
13533 # 1504
13533 # 1504
13533 # 1504
13533 # 1504
13533 # 1504
13533 # 1504
13533 # 1504
13533 # 1504
13533 # 1504
13533 # 1504
13533 # 1504
13533 # 1504
13533 # 1504
13533 # 1504
13533 # 1504
13533 # 1504
13533 # 1504
13533 # 1504
13533 # 1504
13533 # 1504
13533 # 1504
13533 # 1504
13533 # 1504
13533 # 1504
13533 # 1504
13533 # 1504
13533 # 1504
13533 # 1504
13533 # 1504
13533 # 1504
13533 # 1504
13533 # 1504
13533 # 1504
13533 # 1504
13533 # 1504
13533 # 1504
13533 # 1504
13533 # 1504
13533 # 1504
13533 # 1504
13533 # 1504
13533 # 1504
13533 # 1504
13533 # 1504
13533 # 1504
13533 # 1504
13533 # 1504
13533 # 1504
13533 # 1504
13533 # 1504
13533 # 1504
13533 # 1504
13533 # 1504
13533 # 1504
13533 # 1504
13533 # 1504
13533 # 1504
13533 # 1504
13533 # 1504
13533 # 1504
13533 # 1504
13533 # 1504
13533 # 1504
13533 # 1504
13533 # 1504
13533 # 1504
13533 # 1504
13533 # 1504
13533 # 1504
13533 # 1504
13533 # 1504
13533 # 1504
13533 # 1504
13533 # 1504
13533 # 1504
13533 # 1504
13533 # 1504
13533 # 1504
13533 # 1504
13533 # 1504
13533 # 1504
13533 # 1504
15033 # 1504
15033 # 1504
15033 # 1504
15033 # 1504
15033 # 1504
15033 # 1504
15033 # 1504
15033 # 1504
15033 # 1504
15033 # 1504
15033 # 1504
15033 # 1504
15033 # 1504
15033 # 1504
15033 # 1504
15033 # 1504
15033 # 1504
15033 # 1504
15033 # 1504
15033 # 1504
15033 # 1504
15033 # 1504
15033 # 1504
15033 # 1504
15033 # 1504
15033 # 1504
15033 # 1504
15033 # 1504
15033 # 1504
15033 # 1504
15033 # 1504
15033 # 1504
15033 # 1504
15033 # 1504
15033 # 1504
15033 # 1504
15033 # 1504
15033 # 1504
15033 # 1504
15033 # 1504
15033 # 1504
15033 # 1504
15033 # 1504
15033 # 1504
15033 # 1504
15033 # 1504
15033 # 1504
15033 # 1504
15033 # 1504
15033 # 1504
15033 # 1504
15033 # 1504
15033 # 1504
15033 # 1504
15033 # 1504
15033 # 1504
15033 # 1504
15033 # 1504
15033 # 1504
15033 # 1504
15033 # 1504
15033 # 1504
15033 # 1504
15033 # 1504
15033 # 1504
15033 # 1504
15033 # 1504
15033 # 1504
15033 # 1504
15033 # 1504
15033 # 1504
15033 # 1504
15033 # 1504
15033 # 1504
15033 # 1504
15033 # 1504
15033 # 1504
15033 # 1504
15033 # 1504
15033 # 1504
15033 # 1504
15033 # 1504
15033 # 1504
16533 # 1504
16533 # 1504
16533 # 1504
16533 # 1504
16533 # 1504
16533 # 1504
16533 # 1504
16533 # 1504
16533 # 1504
16533 # 1504
16533 # 1504
16533 # 1504
16533 # 1504
16533 # 1504
16533 # 1504
16533 # 1504
16533 # 1504
16533 # 1504
16533 # 1504
16533 # 1504
16533 # 1504
16533 # 1504
16533 # 1504
16533 # 1504
16533 # 1504
16533 # 1504
16533 # 1504
16533 # 1504
16533 # 1504
16533 # 1504
16533 # 1504
16533 # 1504
16533 # 1504
16533 # 1504
16533 # 1504
16533 # 1504
16533 # 1504
16533 # 1504
16533 # 1504
16533 # 1504
16533 # 1504
16533 # 1504
16533 # 1504
16533 # 1504
16533 # 1504
16533 # 1504
16533 # 1504
16533 # 1504
16533 # 1504
16533 # 1504
16533 # 1504
16533 # 1504
16533 # 1504
16533 # 1504
16533 # 1504
16533 # 1504
16533 # 1504
16533 # 1504
16533 # 1504
16533 # 1504
16533 # 1504
16533 # 1504
16533 # 1504
16533 # 1504
16533 # 1504
16533 # 1504
16533 # 1504
16533 # 1504
16533 # 1504
16533 # 1504
16533 # 1504
16533 # 1504
16533 # 1504
16533 # 1504
16533 # 1504
16533 # 1504
16533 # 1504
16533 # 1504
16533 # 1504
16533 # 1504
16533 # 1504
16533 # 1504
16533 # 1504
18033 # 1504
18033 # 1504
18033 # 1504
18033 # 1504
18033 # 1504
18033 # 1504
18033 # 1504
18033 # 1504
18033 # 1504
18033 # 1504
18033 # 1504
18033 # 1504
18033 # 1504
18033 # 1504
18033 # 1504
18033 # 1504
18033 # 1504
18033 # 1504
18033 # 1504
18033 # 1504
18033 # 1504
18033 # 1504
18033 # 1504
18033 # 1504
18033 # 1504
18033 # 1504
18033 # 1504
18033 # 1504
18033 # 1504
18033 # 1504
18033 # 1504
18033 # 1504
18033 # 1504
18033 # 1504
18033 # 1504
18033 # 1504
18033 # 1504
18033 # 1504
18033 # 1504
18033 # 1504
18033 # 1504
18033 # 1504
18033 # 1504
18033 # 1504
18033 # 1504
18033 # 1504
18033 # 1504
18033 # 1504
18033 # 1504
18033 # 1504
18033 # 1504
18033 # 1504
18033 # 1504
18033 # 1504
18033 # 1504
18033 # 1504
18033 # 1504
18033 # 1504
18033 # 1504
18033 # 1504
18033 # 1504
18033 # 1504
18033 # 1504
18033 # 1504
18033 # 1504
18033 # 1504
18033 # 1504
18033 # 1504
18033 # 1504
18033 # 1504
18033 # 1504
18033 # 1504
18033 # 1504
18033 # 1504
18033 # 1504
18033 # 1504
18033 # 1504
18033 # 1504
18033 # 1504
18033 # 1504
18033 # 1504
18033 # 1504
18033 # 1504
19533 # 1504
19533 # 1504
19533 # 1504
19533 # 1504
19533 # 1504
19533 # 1504
19533 # 1504
19533 # 1504
19533 # 1504
19533 # 1504
19533 # 1504
19533 # 1504
19533 # 1504
19533 # 1504
19533 # 1504
19533 # 1504
19533 # 1504
19533 # 1504
19533 # 1504
19533 # 1504
19533 # 1504
19533 # 1504
19533 # 1504
19533 # 1504
19533 # 1504
19533 # 1504
19533 # 1504
19533 # 1504
19533 # 1504
19533 # 1504
19533 # 1504
19533 # 1504
19533 # 1504
19533 # 1504
19533 # 1504
19533 # 1504
19533 # 1504
19533 # 1504
19533 # 1504
19533 # 1504
19533 # 1504
19533 # 1504
19533 # 1504
19533 # 1504
19533 # 1504
19533 # 1504
19533 # 1504
19533 # 1504
19533 # 1504
19533 # 1504
19533 # 1504
19533 # 1504
19533 # 1504
19533 # 1504
19533 # 1504
19533 # 1504
19533 # 1504
19533 # 1504
19533 # 1504
19533 # 1504
19533 # 1504
19533 # 1504
19533 # 1504
19533 # 1504
19533 # 1504
19533 # 1504
19533 # 1504
19533 # 1504
19533 # 1504
19533 # 1504
19533 # 1504
19533 # 1504
19533 # 1504
19533 # 1504
19533 # 1504
19533 # 1504
19533 # 1504
19533 # 1504
19533 # 1504
19533 # 1504
19533 # 1504
19533 # 1504
19533 # 1504
21033 # 1504
21033 # 1504
21033 # 1504
21033 # 1504
21033 # 1504
21033 # 1504
21033 # 1504
21033 # 1504
21033 # 1504
21033 # 1504
21033 # 1504
21033 # 1504
21033 # 1504
21033 # 1504
21033 # 1504
21033 # 1504
21033 # 1504
21033 # 1504
21033 # 1504
21033 # 1504
21033 # 1504
21033 # 1504
21033 # 1504
21033 # 1504
21033 # 1504
21033 # 1504
21033 # 1504
21033 # 1504
21033 # 1504
21033 # 1504
21033 # 1504
21033 # 1504
21033 # 1504
21033 # 1504
21033 # 1504
21033 # 1504
21033 # 1504
21033 # 1504
21033 # 1504
21033 # 1504
21033 # 1504
21033 # 1504
21033 # 1504
21033 # 1504
21033 # 1504
21033 # 1504
21033 # 1504
21033 # 1504
21033 # 1504
21033 # 1504
21033 # 1504
21033 # 1504
21033 # 1504
21033 # 1504
21033 # 1504
21033 # 1504
21033 # 1504
21033 # 1504
21033 # 1504
21033 # 1504
21033 # 1504
21033 # 1504
21033 # 1504
21033 # 1504
21033 # 1504
21033 # 1504
21033 # 1504
21033 # 1504
21033 # 1504
21033 # 1504
21033 # 1504
21033 # 1504
21033 # 1504
21033 # 1504
21033 # 1504
21033 # 1504
21033 # 1504
21033 # 1504
21033 # 1504
21033 # 1504
21033 # 1504
21033 # 1504
21033 # 1504
22533 # 1504
22533 # 1504
22533 # 1504
22533 # 1504
22533 # 1504
22533 # 1504
22533 # 1504
22533 # 1504
22533 # 1504
22533 # 1504
22533 # 1504
22533 # 1504
22533 # 1504
22533 # 1504
22533 # 1504
22533 # 1504
22533 # 1504
22533 # 1504
22533 # 1504
22533 # 1504
22533 # 1504
22533 # 1504
22533 # 1504
22533 # 1504
22533 # 1504
22533 # 1504
22533 # 1504
22533 # 1504
22533 # 1504
22533 # 1504
22533 # 1504
22533 # 1504
22533 # 1504
22533 # 1504
22533 # 1504
22533 # 1504
22533 # 1504
22533 # 1504
22533 # 1504
22533 # 1504
22533 # 1504
22533 # 1504
22533 # 1504
22533 # 1504
22533 # 1504
22533 # 1504
22533 # 1504
22533 # 1504
22533 # 1504
22533 # 1504
22533 # 1504
22533 # 1504
22533 # 1504
22533 # 1504
22533 # 1504
22533 # 1504
22533 # 1504
22533 # 1504
22533 # 1504
22533 # 1504
22533 # 1504
22533 # 1504
22533 # 1504
22533 # 1504
22533 # 1504
22533 # 1504
22533 # 1504
22533 # 1504
22533 # 1504
22533 # 1504
22533 # 1504
22533 # 1504
22533 # 1504
22533 # 1504
22533 # 1504
22533 # 1504
22533 # 1504
22533 # 1504
22533 # 1504
22533 # 1504
22533 # 1504
22533 # 1504
22533 # 1504
24033 # 1504
24033 # 1504
24033 # 1504
24033 # 1504
24033 # 1504
24033 # 1504
24033 # 1504
24033 # 1504
24033 # 1504
24033 # 1504
24033 # 1504
24033 # 1504
24033 # 1504
24033 # 1504
24033 # 1504
24033 # 1504
24033 # 1504
24033 # 1504
24033 # 1504
24033 # 1504
24033 # 1504
24033 # 1504
24033 # 1504
24033 # 1504
24033 # 1504
24033 # 1504
24033 # 1504
24033 # 1504
24033 # 1504
24033 # 1504
24033 # 1504
24033 # 1504
24033 # 1504
24033 # 1504
24033 # 1504
24033 # 1504
24033 # 1504
24033 # 1504
24033 # 1504
24033 # 1504
24033 # 1504
24033 # 1504
24033 # 1504
24033 # 1504
24033 # 1504
24033 # 1504
24033 # 1504
24033 # 1504
24033 # 1504
24033 # 1504
24033 # 1504
24033 # 1504
24033 # 1504
24033 # 1504
24033 # 1504
24033 # 1504
24033 # 1504
24033 # 1504
24033 # 1504
24033 # 1504
24033 # 1504
24033 # 1504
24033 # 1504
24033 # 1504
24033 # 1504
24033 # 1504
24033 # 1504
24033 # 1504
24033 # 1504
24033 # 1504
24033 # 1504
24033 # 1504
24033 # 1504
24033 # 1504
24033 # 1504
24033 # 1504
24033 # 1504
24033 # 1504
24033 # 1504
24033 # 1504
24033 # 1504
24033 # 1504
24033 # 1504
25533 # 1504
25533 # 1504
25533 # 1504
25533 # 1504
25533 # 1504
25533 # 1504
25533 # 1504
25533 # 1504
25533 # 1504
25533 # 1504
25533 # 1504
25533 # 1504
25533 # 1504
25533 # 1504
25533 # 1504
25533 # 1504
25533 # 1504
25533 # 1504
25533 # 1504
25533 # 1504
25533 # 1504
25533 # 1504
25533 # 1504
25533 # 1504
25533 # 1504
25533 # 1504
25533 # 1504
25533 # 1504
25533 # 1504
25533 # 1504
25533 # 1504
25533 # 1504
25533 # 1504
25533 # 1504
25533 # 1504
25533 # 1504
25533 # 1504
25533 # 1504
25533 # 1504
25533 # 1504
25533 # 1504
25533 # 1504
25533 # 1504
25533 # 1504
25533 # 1504
25533 # 1504
25533 # 1504
25533 # 1504
25533 # 1504
25533 # 1504
25533 # 1504
25533 # 1504
25533 # 1504
25533 # 1504
25533 # 1504
25533 # 1504
25533 # 1504
25533 # 1504
25533 # 1504
25533 # 1504
25533 # 1504
25533 # 1504
25533 # 1504
25533 # 1504
25533 # 1504
25533 # 1504
25533 # 1504
25533 # 1504
25533 # 1504
25533 # 1504
25533 # 1504
25533 # 1504
25533 # 1504
25533 # 1504
25533 # 1504
25533 # 1504
25533 # 1504
25533 # 1504
25533 # 1504
25533 # 1504
25533 # 1504
25533 # 1504
25533 # 1504
27033 # 1504
27033 # 1504
27033 # 1504
27033 # 1504
27033 # 1504
27033 # 1504
27033 # 1504
27033 # 1504
27033 # 1504
27033 # 1504
27033 # 1504
27033 # 1504
27033 # 1504
27033 # 1504
27033 # 1504
27033 # 1504
27033 # 1504
27033 # 1504
27033 # 1504
27033 # 1504
27033 # 1504
27033 # 1504
27033 # 1504
27033 # 1504
27033 # 1504
27033 # 1504
27033 # 1504
27033 # 1504
27033 # 1504
27033 # 1504
27033 # 1504
27033 # 1504
27033 # 1504
27033 # 1504
27033 # 1504
27033 # 1504
27033 # 1504
27033 # 1504
27033 # 1504
27033 # 1504
27033 # 1504
27033 # 1504
27033 # 1504
27033 # 1504
27033 # 1504
27033 # 1504
27033 # 1504
27033 # 1504
27033 # 1504
27033 # 1504
27033 # 1504
27033 # 1504
27033 # 1504
27033 # 1504
27033 # 1504
27033 # 1504
27033 # 1504
27033 # 1504
27033 # 1504
27033 # 1504
27033 # 1504
27033 # 1504
27033 # 1504
27033 # 1504
27033 # 1504
27033 # 1504
27033 # 1504
27033 # 1504
27033 # 1504
27033 # 1504
27033 # 1504
27033 # 1504
27033 # 1504
27033 # 1504
27033 # 1504
27033 # 1504
27033 # 1504
27033 # 1504
27033 # 1504
27033 # 1504
27033 # 1504
27033 # 1504
27033 # 1504
28533 # 1504
28533 # 1504
28533 # 1504
28533 # 1504
28533 # 1504
28533 # 1504
28533 # 1504
28533 # 1504
28533 # 1504
28533 # 1504
28533 # 1504
28533 # 1504
28533 # 1504
28533 # 1504
28533 # 1504
28533 # 1504
28533 # 1504
28533 # 1504
28533 # 1504
28533 # 1504
28533 # 1504
28533 # 1504
28533 # 1504
28533 # 1504
28533 # 1504
28533 # 1504
28533 # 1504
28533 # 1504
28533 # 1504
28533 # 1504
28533 # 1504
28533 # 1504
28533 # 1504
28533 # 1504
28533 # 1504
28533 # 1504
28533 # 1504
28533 # 1504
28533 # 1504
28533 # 1504
28533 # 1504
28533 # 1504
28533 # 1504
28533 # 1504
28533 # 1504
28533 # 1504
28533 # 1504
28533 # 1504
28533 # 1504
28533 # 1504
28533 # 1504
28533 # 1504
28533 # 1504
28533 # 1504
28533 # 1504
28533 # 1504
28533 # 1504
28533 # 1504
28533 # 1504
28533 # 1504
28533 # 1504
28533 # 1504
28533 # 1504
28533 # 1504
28533 # 1504
28533 # 1504
28533 # 1504
28533 # 1504
28533 # 1504
28533 # 1504
28533 # 1504
28533 # 1504
28533 # 1504
28533 # 1504
28533 # 1504
28533 # 1504
28533 # 1504
28533 # 1504
28533 # 1504
28533 # 1504
28533 # 1504
28533 # 1504
28533 # 1504
28538 + 52
30033 # 1504
30033 - 52 1495
30033 # 1504
30033 # 1504
30033 # 1504
30033 # 1504
30033 # 1504
30033 # 1504
30033 # 1504
30033 # 1504
30033 # 1504
30033 # 1504
30033 # 1504
30033 # 1504
30033 # 1504
30033 # 1504
30033 # 1504
30033 # 1504
30033 # 1504
30033 # 1504
30033 # 1504
30033 # 1504
30033 # 1504
30033 # 1504
30033 # 1504
30033 # 1504
30033 # 1504
30033 # 1504
30033 # 1504
30033 # 1504
30033 # 1504
30033 # 1504
30033 # 1504
30033 # 1504
30033 # 1504
30033 # 1504
30033 # 1504
30033 # 1504
30033 # 1504
30033 # 1504
30033 # 1504
30033 # 1504
30033 # 1504
30033 # 1504
30033 # 1504
30033 # 1504
30033 # 1504
30033 # 1504
30033 # 1504
30033 # 1504
30033 # 1504
30033 # 1504
30033 # 1504
30033 # 1504
30033 # 1504
30033 # 1504
30033 # 1504
30033 # 1504
30033 # 1504
30033 # 1504
30033 # 1504
30033 # 1504
30033 # 1504
30033 # 1504
30033 # 1504
30033 # 1504
30033 # 1504
30033 # 1504
30033 # 1504
30033 # 1504
30033 # 1504
30033 # 1504
30033 # 1504
30033 # 1504
30033 # 1504
30033 # 1504
30033 # 1504
30033 # 1504
30033 # 1504
30033 # 1504
30033 # 1504
30033 # 1504
30033 # 1504
30033 # 1504
31533 # 1504
31533 # 1504
31533 # 1504
31533 # 1504
31533 # 1504
31533 # 1504
31533 # 1504
31533 # 1504
31533 # 1504
31533 # 1504
31533 # 1504
31533 # 1504
31533 # 1504
31533 # 1504
31533 # 1504
31533 # 1504
31533 # 1504
31533 # 1504
31533 # 1504
31533 # 1504
31533 # 1504
31533 # 1504
31533 # 1504
31533 # 1504
31533 # 1504
31533 # 1504
31533 # 1504
31533 # 1504
31533 # 1504
31533 # 1504
31533 # 1504
31533 # 1504
31533 # 1504
31533 # 1504
31533 # 1504
31533 # 1504
31533 # 1504
31533 # 1504
31533 # 1504
31533 # 1504
31533 # 1504
31533 # 1504
31533 # 1504
31533 # 1504
31533 # 1504
31533 # 1504
31533 # 1504
31533 # 1504
31533 # 1504
31533 # 1504
31533 # 1504
31533 # 1504
31533 # 1504
31533 # 1504
31533 # 1504
31533 # 1504
31533 # 1504
31533 # 1504
31533 # 1504
31533 # 1504
31533 # 1504
31533 # 1504
31533 # 1504
31533 # 1504
31533 # 1504
31533 # 1504
31533 # 1504
31533 # 1504
31533 # 1504
31533 # 1504
31533 # 1504
31533 # 1504
31533 # 1504
31533 # 1504
31533 # 1504
31533 # 1504
31533 # 1504
31533 # 1504
31533 # 1504
31533 # 1504
31533 # 1504
31533 # 1504
31533 # 1504
33033 # 1504
33033 # 1504
33033 # 1504
33033 # 1504
33033 # 1504
33033 # 1504
33033 # 1504
33033 # 1504
33033 # 1504
33033 # 1504
33033 # 1504
33033 # 1504
33033 # 1504
33033 # 1504
33033 # 1504
33033 # 1504
33033 # 1504
33033 # 1504
33033 # 1504
33033 # 1504
33033 # 1504
33033 # 1504
33033 # 1504
33033 # 1504
33033 # 1504
33033 # 1504
33033 # 1504
33033 # 1504
33033 # 1504
33033 # 1504
33033 # 1504
33033 # 1504
33033 # 1504
33033 # 1504
33033 # 1504
33033 # 1504
33033 # 1504
33033 # 1504
33033 # 1504
33033 # 1504
33033 # 1504
33033 # 1504
33033 # 1504
33033 # 1504
33033 # 1504
33033 # 1504
33033 # 1504
33033 # 1504
33033 # 1504
33033 # 1504
33033 # 1504
33033 # 1504
33033 # 1504
33033 # 1504
33033 # 1504
33033 # 1504
33033 # 1504
33033 # 1504
33033 # 1504
33033 # 1504
33033 # 1504
33033 # 1504
33033 # 1504
33033 # 1504
33033 # 1504
33033 # 1504
33033 # 1504
33033 # 1504
33033 # 1504
33033 # 1504
33033 # 1504
33033 # 1504
33033 # 1504
33033 # 1504
33033 # 1504
33033 # 1504
33033 # 1504
33033 # 1504
33033 # 1504
33033 # 1504
33033 # 1504
33033 # 1504
33033 # 1504
34533 # 1504
34533 # 1504
34533 # 1504
34533 # 1504
34533 # 1504
34533 # 1504
34533 # 1504
34533 # 1504
34533 # 1504
34533 # 1504
34533 # 1504
34533 # 1504
34533 # 1504
34533 # 1504
34533 # 1504
34533 # 1504
34533 # 1504
34533 # 1504
34533 # 1504
34533 # 1504
34533 # 1504
34533 # 1504
34533 # 1504
34533 # 1504
34533 # 1504
34533 # 1504
34533 # 1504
34533 # 1504
34533 # 1504
34533 # 1504
34533 # 1504
34533 # 1504
34533 # 1504
34533 # 1504
34533 # 1504
34533 # 1504
34533 # 1504
34533 # 1504
34533 # 1504
34533 # 1504
34533 # 1504
34533 # 1504
34533 # 1504
34533 # 1504
34533 # 1504
34533 # 1504
34533 # 1504
34533 # 1504
34533 # 1504
34533 # 1504
34533 # 1504
34533 # 1504
34533 # 1504
34533 # 1504
34533 # 1504
34533 # 1504
34533 # 1504
34533 # 1504
34533 # 1504
34533 # 1504
34533 # 1504
34533 # 1504
34533 # 1504
34533 # 1504
34533 # 1504
34533 # 1504
34533 # 1504
34533 # 1504
34533 # 1504
34533 # 1504
34533 # 1504
34533 # 1504
34533 # 1504
34533 # 1504
34533 # 1504
34533 # 1504
34533 # 1504
34533 # 1504
34533 # 1504
34533 # 1504
34533 # 1504
34533 # 1504
34533 # 1504
36033 # 1504
36033 # 1504
36033 # 1504
36033 # 1504
36033 # 1504
36033 # 1504
36033 # 1504
36033 # 1504
36033 # 1504
36033 # 1504
36033 # 1504
36033 # 1504
36033 # 1504
36033 # 1504
36033 # 1504
36033 # 1504
36033 # 1504
36033 # 1504
36033 # 1504
36033 # 1504
36033 # 1504
36033 # 1504
36033 # 1504
36033 # 1504
36033 # 1504
36033 # 1504
36033 # 1504
36033 # 1504
36033 # 1504
36033 # 1504
36033 # 1504
36033 # 1504
36033 # 1504
36033 # 1504
36033 # 1504
36033 # 1504
36033 # 1504
36033 # 1504
36033 # 1504
36033 # 1504
36033 # 1504
36033 # 1504
36033 # 1504
36033 # 1504
36033 # 1504
36033 # 1504
36033 # 1504
36033 # 1504
36033 # 1504
36033 # 1504
36033 # 1504
36033 # 1504
36033 # 1504
36033 # 1504
36033 # 1504
36033 # 1504
36033 # 1504
36033 # 1504
36033 # 1504
36033 # 1504
36033 # 1504
36033 # 1504
36033 # 1504
36033 # 1504
36033 # 1504
36033 # 1504
36033 # 1504
36033 # 1504
36033 # 1504
36033 # 1504
36033 # 1504
36033 # 1504
36033 # 1504
36033 # 1504
36033 # 1504
36033 # 1504
36033 # 1504
36033 # 1504
36033 # 1504
36033 # 1504
36033 # 1504
36033 # 1504
36033 # 1504
37533 # 1504
37533 # 1504
37533 # 1504
37533 # 1504
37533 # 1504
37533 # 1504
37533 # 1504
37533 # 1504
37533 # 1504
37533 # 1504
37533 # 1504
37533 # 1504
37533 # 1504
37533 # 1504
37533 # 1504
37533 # 1504
37533 # 1504
37533 # 1504
37533 # 1504
37533 # 1504
37533 # 1504
37533 # 1504
37533 # 1504
37533 # 1504
37533 # 1504
37533 # 1504
37533 # 1504
37533 # 1504
37533 # 1504
37533 # 1504
37533 # 1504
37533 # 1504
37533 # 1504
37533 # 1504
37533 # 1504
37533 # 1504
37533 # 1504
37533 # 1504
37533 # 1504
37533 # 1504
37533 # 1504
37533 # 1504
37533 # 1504
37533 # 1504
37533 # 1504
37533 # 1504
37533 # 1504
37533 # 1504
37533 # 1504
37533 # 1504
37533 # 1504
37533 # 1504
37533 # 1504
37533 # 1504
37533 # 1504
37533 # 1504
37533 # 1504
37533 # 1504
37533 # 1504
37533 # 1504
37533 # 1504
37533 # 1504
37533 # 1504
37533 # 1504
37533 # 1504
37533 # 1504
37533 # 1504
37533 # 1504
37533 # 1504
37533 # 1504
37533 # 1504
37533 # 1504
37533 # 1504
37533 # 1504
37533 # 1504
37533 # 1504
37533 # 1504
37533 # 1504
37533 # 1504
37533 # 1504
37533 # 1504
37533 # 1504
37533 # 1504
39033 # 1504
39033 # 1504
39033 # 1504
39033 # 1504
39033 # 1504
39033 # 1504
39033 # 1504
39033 # 1504
39033 # 1504
39033 # 1504
39033 # 1504
39033 # 1504
39033 # 1504
39033 # 1504
39033 # 1504
39033 # 1504
39033 # 1504
39033 # 1504
39033 # 1504
39033 # 1504
39033 # 1504
39033 # 1504
39033 # 1504
39033 # 1504
39033 # 1504
39033 # 1504
39033 # 1504
39033 # 1504
39033 # 1504
39033 # 1504
39033 # 1504
39033 # 1504
39033 # 1504
39033 # 1504
39033 # 1504
39033 # 1504
39033 # 1504
39033 # 1504
39033 # 1504
39033 # 1504
39033 # 1504
39033 # 1504
39033 # 1504
39033 # 1504
39033 # 1504
39033 # 1504
39033 # 1504
39033 # 1504
39033 # 1504
39033 # 1504
39033 # 1504
39033 # 1504
39033 # 1504
39033 # 1504
39033 # 1504
39033 # 1504
39033 # 1504
39033 # 1504
39033 # 1504
39033 # 1504
39033 # 1504
39033 # 1504
39033 # 1504
39033 # 1504
39033 # 1504
39033 # 1504
39033 # 1504
39033 # 1504
39033 # 1504
39033 # 1504
39033 # 1504
39033 # 1504
39033 # 1504
39033 # 1504
39033 # 1504
39033 # 1504
39033 # 1504
39033 # 1504
39033 # 1504
39033 # 1504
39033 # 1504
39033 # 1504
39033 # 1504
40533 # 1504
40533 # 1504
40533 # 1504
40533 # 1504
40533 # 1504
40533 # 1504
40533 # 1504
40533 # 1504
40533 # 1504
40533 # 1504
40533 # 1504
40533 # 1504
40533 # 1504
40533 # 1504
40533 # 1504
40533 # 1504
40533 # 1504
40533 # 1504
40533 # 1504
40533 # 1504
40533 # 1504
40533 # 1504
40533 # 1504
40533 # 1504
40533 # 1504
40533 # 1504
40533 # 1504
40533 # 1504
40533 # 1504
40533 # 1504
40533 # 1504
40533 # 1504
40533 # 1504
40533 # 1504
40533 # 1504
40533 # 1504
40533 # 1504
40533 # 1504
40533 # 1504
40533 # 1504
40533 # 1504
40533 # 1504
40533 # 1504
40533 # 1504
40533 # 1504
40533 # 1504
40533 # 1504
40533 # 1504
40533 # 1504
40533 # 1504
40533 # 1504
40533 # 1504
40533 # 1504
40533 # 1504
40533 # 1504
40533 # 1504
40533 # 1504
40533 # 1504
40533 # 1504
40533 # 1504
40533 # 1504
40533 # 1504
40533 # 1504
40533 # 1504
40533 # 1504
40533 # 1504
40533 # 1504
40533 # 1504
40533 # 1504
40533 # 1504
40533 # 1504
40533 # 1504
40533 # 1504
40533 # 1504
40533 # 1504
40533 # 1504
40533 # 1504
40533 # 1504
40533 # 1504
40533 # 1504
40533 # 1504
40533 # 1504
40533 # 1504
42033 # 1504
42033 # 1504
42033 # 1504
42033 # 1504
42033 # 1504
42033 # 1504
42033 # 1504
42033 # 1504
42033 # 1504
42033 # 1504
42033 # 1504
42033 # 1504
42033 # 1504
42033 # 1504
42033 # 1504
42033 # 1504
42033 # 1504
42033 # 1504
42033 # 1504
42033 # 1504
42033 # 1504
42033 # 1504
42033 # 1504
42033 # 1504
42033 # 1504
42033 # 1504
42033 # 1504
42033 # 1504
42033 # 1504
42033 # 1504
42033 # 1504
42033 # 1504
42033 # 1504
42033 # 1504
42033 # 1504
42033 # 1504
42033 # 1504
42033 # 1504
42033 # 1504
42033 # 1504
42033 # 1504
42033 # 1504
42033 # 1504
42033 # 1504
42033 # 1504
42033 # 1504
42033 # 1504
42033 # 1504
42033 # 1504
42033 # 1504
42033 # 1504
42033 # 1504
42033 # 1504
42033 # 1504
42033 # 1504
42033 # 1504
42033 # 1504
42033 # 1504
42033 # 1504
42033 # 1504
42033 # 1504
42033 # 1504
42033 # 1504
42033 # 1504
42033 # 1504
42033 # 1504
42033 # 1504
42033 # 1504
42033 # 1504
42033 # 1504
42033 # 1504
42033 # 1504
42033 # 1504
42033 # 1504
42033 # 1504
42033 # 1504
42033 # 1504
42033 # 1504
42033 # 1504
42033 # 1504
42033 # 1504
42033 # 1504
42033 # 1504
43533 # 1504
43533 # 1504
43533 # 1504
43533 # 1504
43533 # 1504
43533 # 1504
43533 # 1504
43533 # 1504
43533 # 1504
43533 # 1504
43533 # 1504
43533 # 1504
43533 # 1504
43533 # 1504
43533 # 1504
43533 # 1504
43533 # 1504
43533 # 1504
43533 # 1504
43533 # 1504
43533 # 1504
43533 # 1504
43533 # 1504
43533 # 1504
43533 # 1504
43533 # 1504
43533 # 1504
43533 # 1504
43533 # 1504
43533 # 1504
43533 # 1504
43533 # 1504
43533 # 1504
43533 # 1504
43533 # 1504
43533 # 1504
43533 # 1504
43533 # 1504
43533 # 1504
43533 # 1504
43533 # 1504
43533 # 1504
43533 # 1504
43533 # 1504
43533 # 1504
43533 # 1504
43533 # 1504
43533 # 1504
43533 # 1504
43533 # 1504
43533 # 1504
43533 # 1504
43533 # 1504
43533 # 1504
43533 # 1504
43533 # 1504
43533 # 1504
43533 # 1504
43533 # 1504
43533 # 1504
43533 # 1504
43533 # 1504
43533 # 1504
43533 # 1504
43533 # 1504
43533 # 1504
43533 # 1504
43533 # 1504
43533 # 1504
43533 # 1504
43533 # 1504
43533 # 1504
43533 # 1504
43533 # 1504
43533 # 1504
43533 # 1504
43533 # 1504
43533 # 1504
43533 # 1504
43533 # 1504
43533 # 1504
43533 # 1504
43533 # 1504
45033 # 1504
45033 # 1504
45033 # 1504
45033 # 1504
45033 # 1504
45033 # 1504
45033 # 1504
45033 # 1504
45033 # 1504
45033 # 1504
45033 # 1504
45033 # 1504
45033 # 1504
45033 # 1504
45033 # 1504
45033 # 1504
45033 # 1504
45033 # 1504
45033 # 1504
45033 # 1504
45033 # 1504
45033 # 1504
45033 # 1504
45033 # 1504
45033 # 1504
45033 # 1504
45033 # 1504
45033 # 1504
45033 # 1504
45033 # 1504
45033 # 1504
45033 # 1504
45033 # 1504
45033 # 1504
45033 # 1504
45033 # 1504
45033 # 1504
45033 # 1504
45033 # 1504
45033 # 1504
45033 # 1504
45033 # 1504
45033 # 1504
45033 # 1504
45033 # 1504
45033 # 1504
45033 # 1504
45033 # 1504
45033 # 1504
45033 # 1504
45033 # 1504
45033 # 1504
45033 # 1504
45033 # 1504
45033 # 1504
45033 # 1504
45033 # 1504
45033 # 1504
45033 # 1504
45033 # 1504
45033 # 1504
45033 # 1504
45033 # 1504
45033 # 1504
45033 # 1504
45033 # 1504
45033 # 1504
45033 # 1504
45033 # 1504
45033 # 1504
45033 # 1504
45033 # 1504
45033 # 1504
45033 # 1504
45033 # 1504
45033 # 1504
45033 # 1504
45033 # 1504
45033 # 1504
45033 # 1504
45033 # 1504
45033 # 1504
45033 # 1504
46533 # 1504
46533 # 1504
46533 # 1504
46533 # 1504
46533 # 1504
46533 # 1504
46533 # 1504
46533 # 1504
46533 # 1504
46533 # 1504
46533 # 1504
46533 # 1504
46533 # 1504
46533 # 1504
46533 # 1504
46533 # 1504
46533 # 1504
46533 # 1504
46533 # 1504
46533 # 1504
46533 # 1504
46533 # 1504
46533 # 1504
46533 # 1504
46533 # 1504
46533 # 1504
46533 # 1504
46533 # 1504
46533 # 1504
46533 # 1504
46533 # 1504
46533 # 1504
46533 # 1504
46533 # 1504
46533 # 1504
46533 # 1504
46533 # 1504
46533 # 1504
46533 # 1504
46533 # 1504
46533 # 1504
46533 # 1504
46533 # 1504
46533 # 1504
46533 # 1504
46533 # 1504
46533 # 1504
46533 # 1504
46533 # 1504
46533 # 1504
46533 # 1504
46533 # 1504
46533 # 1504
46533 # 1504
46533 # 1504
46533 # 1504
46533 # 1504
46533 # 1504
46533 # 1504
46533 # 1504
46533 # 1504
46533 # 1504
46533 # 1504
46533 # 1504
46533 # 1504
46533 # 1504
46533 # 1504
46533 # 1504
46533 # 1504
46533 # 1504
46533 # 1504
46533 # 1504
46533 # 1504
46533 # 1504
46533 # 1504
46533 # 1504
46533 # 1504
46533 # 1504
46533 # 1504
46533 # 1504
46533 # 1504
46533 # 1504
46533 # 1504
48033 # 1504
48033 # 1504
48033 # 1504
48033 # 1504
48033 # 1504
48033 # 1504
48033 # 1504
48033 # 1504
48033 # 1504
48033 # 1504
48033 # 1504
48033 # 1504
48033 # 1504
48033 # 1504
48033 # 1504
48033 # 1504
48033 # 1504
48033 # 1504
48033 # 1504
48033 # 1504
48033 # 1504
48033 # 1504
48033 # 1504
48033 # 1504
48033 # 1504
48033 # 1504
48033 # 1504
48033 # 1504
48033 # 1504
48033 # 1504
48033 # 1504
48033 # 1504
48033 # 1504
48033 # 1504
48033 # 1504
48033 # 1504
48033 # 1504
48033 # 1504
48033 # 1504
48033 # 1504
48033 # 1504
48033 # 1504
48033 # 1504
48033 # 1504
48033 # 1504
48033 # 1504
48033 # 1504
48033 # 1504
48033 # 1504
48033 # 1504
48033 # 1504
48033 # 1504
48033 # 1504
48033 # 1504
48033 # 1504
48033 # 1504
48033 # 1504
48033 # 1504
48033 # 1504
48033 # 1504
48033 # 1504
48033 # 1504
48033 # 1504
48033 # 1504
48033 # 1504
48033 # 1504
48033 # 1504
48033 # 1504
48033 # 1504
48033 # 1504
48033 # 1504
48033 # 1504
48033 # 1504
48033 # 1504
48033 # 1504
48033 # 1504
48033 # 1504
48033 # 1504
48033 # 1504
48033 # 1504
48033 # 1504
48033 # 1504
48033 # 1504
49533 # 1504
49533 # 1504
49533 # 1504
49533 # 1504
49533 # 1504
49533 # 1504
49533 # 1504
49533 # 1504
49533 # 1504
49533 # 1504
49533 # 1504
49533 # 1504
49533 # 1504
49533 # 1504
49533 # 1504
49533 # 1504
49533 # 1504
49533 # 1504
49533 # 1504
49533 # 1504
49533 # 1504
49533 # 1504
49533 # 1504
49533 # 1504
49533 # 1504
49533 # 1504
49533 # 1504
49533 # 1504
49533 # 1504
49533 # 1504
49533 # 1504
49533 # 1504
49533 # 1504
49533 # 1504
49533 # 1504
49533 # 1504
49533 # 1504
49533 # 1504
49533 # 1504
49533 # 1504
49533 # 1504
49533 # 1504
49533 # 1504
49533 # 1504
49533 # 1504
49533 # 1504
49533 # 1504
49533 # 1504
49533 # 1504
49533 # 1504
49533 # 1504
49533 # 1504
49533 # 1504
49533 # 1504
49533 # 1504
49533 # 1504
49533 # 1504
49533 # 1504
49533 # 1504
49533 # 1504
49533 # 1504
49533 # 1504
49533 # 1504
49533 # 1504
49533 # 1504
49533 # 1504
49533 # 1504
49533 # 1504
49533 # 1504
49533 # 1504
49533 # 1504
49533 # 1504
49533 # 1504
49533 # 1504
49533 # 1504
49533 # 1504
49533 # 1504
49533 # 1504
49533 # 1504
49533 # 1504
49533 # 1504
49533 # 1504
49533 # 1504
51033 # 1504
51033 # 1504
51033 # 1504
51033 # 1504
51033 # 1504
51033 # 1504
51033 # 1504
51033 # 1504
51033 # 1504
51033 # 1504
51033 # 1504
51033 # 1504
51033 # 1504
51033 # 1504
51033 # 1504
51033 # 1504
51033 # 1504
51033 # 1504
51033 # 1504
51033 # 1504
51033 # 1504
51033 # 1504
51033 # 1504
51033 # 1504
51033 # 1504
51033 # 1504
51033 # 1504
51033 # 1504
51033 # 1504
51033 # 1504
51033 # 1504
51033 # 1504
51033 # 1504
51033 # 1504
51033 # 1504
51033 # 1504
51033 # 1504
51033 # 1504
51033 # 1504
51033 # 1504
51033 # 1504
51033 # 1504
51033 # 1504
51033 # 1504
51033 # 1504
51033 # 1504
51033 # 1504
51033 # 1504
51033 # 1504
51033 # 1504
51033 # 1504
51033 # 1504
51033 # 1504
51033 # 1504
51033 # 1504
51033 # 1504
51033 # 1504
51033 # 1504
51033 # 1504
51033 # 1504
51033 # 1504
51033 # 1504
51033 # 1504
51033 # 1504
51033 # 1504
51033 # 1504
51033 # 1504
51033 # 1504
51033 # 1504
51033 # 1504
51033 # 1504
51033 # 1504
51033 # 1504
51033 # 1504
51033 # 1504
51033 # 1504
51033 # 1504
51033 # 1504
51033 # 1504
51033 # 1504
51033 # 1504
51033 # 1504
51033 # 1504
