# mahimahi mm-link (Downlink) [custom-traces/1mbps.trace] > /home/saivivek/pantheon/results/network-profile-1/scream_mm_acklink_run1.log
# command line: 'mm-link' 'custom-traces/1mbps.trace' 'custom-traces/1mbps.trace' '--uplink-log=/home/saivivek/pantheon/results/network-profile-1/scream_mm_datalink_run1.log' '--downlink-log=/home/saivivek/pantheon/results/network-profile-1/scream_mm_acklink_run1.log' '--uplink-queue=droptail' '--downlink-queue=droptail' '--uplink-queue-args=packets=500' '--downlink-queue-args=packets=500' 'python' '/home/saivivek/pantheon/src/experiments/tunnel_manager.py'
# queue: droptail [packets=500]
# init timestamp: 1745090826785
# base timestamp: 33
# mahimahi config: [delay 5 ms] 
33 + 80
33 + 52
33 + 80
33 + 80
890 + 80
1533 # 1504
1533 - 80 1500
1533 - 52 1500
1533 - 80 1500
1533 - 80 1500
1533 - 80 643
1533 # 1504
1533 # 1504
1533 # 1504
1533 # 1504
1533 # 1504
1533 # 1504
1533 # 1504
1533 # 1504
1533 # 1504
1533 # 1504
1533 # 1504
1533 # 1504
1533 # 1504
1533 # 1504
1533 # 1504
1533 # 1504
1533 # 1504
1533 # 1504
1533 # 1504
1533 # 1504
1533 # 1504
1533 # 1504
1533 # 1504
1533 # 1504
1533 # 1504
1533 # 1504
1533 # 1504
1533 # 1504
1533 # 1504
1533 # 1504
1533 # 1504
1533 # 1504
1533 # 1504
1533 # 1504
1533 # 1504
1533 # 1504
1533 # 1504
1533 # 1504
1533 # 1504
1533 # 1504
1533 # 1504
1533 # 1504
1533 # 1504
1533 # 1504
1533 # 1504
1533 # 1504
1533 # 1504
1533 # 1504
1533 # 1504
1533 # 1504
1533 # 1504
1533 # 1504
1533 # 1504
1533 # 1504
1533 # 1504
1533 # 1504
1533 # 1504
1533 # 1504
1533 # 1504
1533 # 1504
1533 # 1504
1533 # 1504
1533 # 1504
1533 # 1504
1533 # 1504
1533 # 1504
1533 # 1504
1533 # 1504
1533 # 1504
1533 # 1504
1533 # 1504
1533 # 1504
1533 # 1504
1533 # 1504
1533 # 1504
1533 # 1504
1533 # 1504
1533 # 1504
1533 # 1504
1533 # 1504
1533 # 1504
1533 # 1504
1545 + 40
1546 + 40
3033 # 1504
3033 - 40 1488
3033 - 40 1487
3033 # 1504
3033 # 1504
3033 # 1504
3033 # 1504
3033 # 1504
3033 # 1504
3033 # 1504
3033 # 1504
3033 # 1504
3033 # 1504
3033 # 1504
3033 # 1504
3033 # 1504
3033 # 1504
3033 # 1504
3033 # 1504
3033 # 1504
3033 # 1504
3033 # 1504
3033 # 1504
3033 # 1504
3033 # 1504
3033 # 1504
3033 # 1504
3033 # 1504
3033 # 1504
3033 # 1504
3033 # 1504
3033 # 1504
3033 # 1504
3033 # 1504
3033 # 1504
3033 # 1504
3033 # 1504
3033 # 1504
3033 # 1504
3033 # 1504
3033 # 1504
3033 # 1504
3033 # 1504
3033 # 1504
3033 # 1504
3033 # 1504
3033 # 1504
3033 # 1504
3033 # 1504
3033 # 1504
3033 # 1504
3033 # 1504
3033 # 1504
3033 # 1504
3033 # 1504
3033 # 1504
3033 # 1504
3033 # 1504
3033 # 1504
3033 # 1504
3033 # 1504
3033 # 1504
3033 # 1504
3033 # 1504
3033 # 1504
3033 # 1504
3033 # 1504
3033 # 1504
3033 # 1504
3033 # 1504
3033 # 1504
3033 # 1504
3033 # 1504
3033 # 1504
3033 # 1504
3033 # 1504
3033 # 1504
3033 # 1504
3033 # 1504
3033 # 1504
3033 # 1504
3033 # 1504
3033 # 1504
3033 # 1504
3033 # 1504
3048 + 40
4027 + 52
4533 # 1504
4533 - 40 1485
4533 - 52 506
4533 # 1504
4533 # 1504
4533 # 1504
4533 # 1504
4533 # 1504
4533 # 1504
4533 # 1504
4533 # 1504
4533 # 1504
4533 # 1504
4533 # 1504
4533 # 1504
4533 # 1504
4533 # 1504
4533 # 1504
4533 # 1504
4533 # 1504
4533 # 1504
4533 # 1504
4533 # 1504
4533 # 1504
4533 # 1504
4533 # 1504
4533 # 1504
4533 # 1504
4533 # 1504
4533 # 1504
4533 # 1504
4533 # 1504
4533 # 1504
4533 # 1504
4533 # 1504
4533 # 1504
4533 # 1504
4533 # 1504
4533 # 1504
4533 # 1504
4533 # 1504
4533 # 1504
4533 # 1504
4533 # 1504
4533 # 1504
4533 # 1504
4533 # 1504
4533 # 1504
4533 # 1504
4533 # 1504
4533 # 1504
4533 # 1504
4533 # 1504
4533 # 1504
4533 # 1504
4533 # 1504
4533 # 1504
4533 # 1504
4533 # 1504
4533 # 1504
4533 # 1504
4533 # 1504
4533 # 1504
4533 # 1504
4533 # 1504
4533 # 1504
4533 # 1504
4533 # 1504
4533 # 1504
4533 # 1504
4533 # 1504
4533 # 1504
4533 # 1504
4533 # 1504
4533 # 1504
4533 # 1504
4533 # 1504
4533 # 1504
4533 # 1504
4533 # 1504
4533 # 1504
4533 # 1504
4533 # 1504
4533 # 1504
4533 # 1504
6033 # 1504
6033 # 1504
6033 # 1504
6033 # 1504
6033 # 1504
6033 # 1504
6033 # 1504
6033 # 1504
6033 # 1504
6033 # 1504
6033 # 1504
6033 # 1504
6033 # 1504
6033 # 1504
6033 # 1504
6033 # 1504
6033 # 1504
6033 # 1504
6033 # 1504
6033 # 1504
6033 # 1504
6033 # 1504
6033 # 1504
6033 # 1504
6033 # 1504
6033 # 1504
6033 # 1504
6033 # 1504
6033 # 1504
6033 # 1504
6033 # 1504
6033 # 1504
6033 # 1504
6033 # 1504
6033 # 1504
6033 # 1504
6033 # 1504
6033 # 1504
6033 # 1504
6033 # 1504
6033 # 1504
6033 # 1504
6033 # 1504
6033 # 1504
6033 # 1504
6033 # 1504
6033 # 1504
6033 # 1504
6033 # 1504
6033 # 1504
6033 # 1504
6033 # 1504
6033 # 1504
6033 # 1504
6033 # 1504
6033 # 1504
6033 # 1504
6033 # 1504
6033 # 1504
6033 # 1504
6033 # 1504
6033 # 1504
6033 # 1504
6033 # 1504
6033 # 1504
6033 # 1504
6033 # 1504
6033 # 1504
6033 # 1504
6033 # 1504
6033 # 1504
6033 # 1504
6033 # 1504
6033 # 1504
6033 # 1504
6033 # 1504
6033 # 1504
6033 # 1504
6033 # 1504
6033 # 1504
6033 # 1504
6033 # 1504
6033 # 1504
7533 # 1504
7533 # 1504
7533 # 1504
7533 # 1504
7533 # 1504
7533 # 1504
7533 # 1504
7533 # 1504
7533 # 1504
7533 # 1504
7533 # 1504
7533 # 1504
7533 # 1504
7533 # 1504
7533 # 1504
7533 # 1504
7533 # 1504
7533 # 1504
7533 # 1504
7533 # 1504
7533 # 1504
7533 # 1504
7533 # 1504
7533 # 1504
7533 # 1504
7533 # 1504
7533 # 1504
7533 # 1504
7533 # 1504
7533 # 1504
7533 # 1504
7533 # 1504
7533 # 1504
7533 # 1504
7533 # 1504
7533 # 1504
7533 # 1504
7533 # 1504
7533 # 1504
7533 # 1504
7533 # 1504
7533 # 1504
7533 # 1504
7533 # 1504
7533 # 1504
7533 # 1504
7533 # 1504
7533 # 1504
7533 # 1504
7533 # 1504
7533 # 1504
7533 # 1504
7533 # 1504
7533 # 1504
7533 # 1504
7533 # 1504
7533 # 1504
7533 # 1504
7533 # 1504
7533 # 1504
7533 # 1504
7533 # 1504
7533 # 1504
7533 # 1504
7533 # 1504
7533 # 1504
7533 # 1504
7533 # 1504
7533 # 1504
7533 # 1504
7533 # 1504
7533 # 1504
7533 # 1504
7533 # 1504
7533 # 1504
7533 # 1504
7533 # 1504
7533 # 1504
7533 # 1504
7533 # 1504
7533 # 1504
7533 # 1504
7533 # 1504
9033 # 1504
9033 # 1504
9033 # 1504
9033 # 1504
9033 # 1504
9033 # 1504
9033 # 1504
9033 # 1504
9033 # 1504
9033 # 1504
9033 # 1504
9033 # 1504
9033 # 1504
9033 # 1504
9033 # 1504
9033 # 1504
9033 # 1504
9033 # 1504
9033 # 1504
9033 # 1504
9033 # 1504
9033 # 1504
9033 # 1504
9033 # 1504
9033 # 1504
9033 # 1504
9033 # 1504
9033 # 1504
9033 # 1504
9033 # 1504
9033 # 1504
9033 # 1504
9033 # 1504
9033 # 1504
9033 # 1504
9033 # 1504
9033 # 1504
9033 # 1504
9033 # 1504
9033 # 1504
9033 # 1504
9033 # 1504
9033 # 1504
9033 # 1504
9033 # 1504
9033 # 1504
9033 # 1504
9033 # 1504
9033 # 1504
9033 # 1504
9033 # 1504
9033 # 1504
9033 # 1504
9033 # 1504
9033 # 1504
9033 # 1504
9033 # 1504
9033 # 1504
9033 # 1504
9033 # 1504
9033 # 1504
9033 # 1504
9033 # 1504
9033 # 1504
9033 # 1504
9033 # 1504
9033 # 1504
9033 # 1504
9033 # 1504
9033 # 1504
9033 # 1504
9033 # 1504
9033 # 1504
9033 # 1504
9033 # 1504
9033 # 1504
9033 # 1504
9033 # 1504
9033 # 1504
9033 # 1504
9033 # 1504
9033 # 1504
9033 # 1504
10533 # 1504
10533 # 1504
10533 # 1504
10533 # 1504
10533 # 1504
10533 # 1504
10533 # 1504
10533 # 1504
10533 # 1504
10533 # 1504
10533 # 1504
10533 # 1504
10533 # 1504
10533 # 1504
10533 # 1504
10533 # 1504
10533 # 1504
10533 # 1504
10533 # 1504
10533 # 1504
10533 # 1504
10533 # 1504
10533 # 1504
10533 # 1504
10533 # 1504
10533 # 1504
10533 # 1504
10533 # 1504
10533 # 1504
10533 # 1504
10533 # 1504
10533 # 1504
10533 # 1504
10533 # 1504
10533 # 1504
10533 # 1504
10533 # 1504
10533 # 1504
10533 # 1504
10533 # 1504
10533 # 1504
10533 # 1504
10533 # 1504
10533 # 1504
10533 # 1504
10533 # 1504
10533 # 1504
10533 # 1504
10533 # 1504
10533 # 1504
10533 # 1504
10533 # 1504
10533 # 1504
10533 # 1504
10533 # 1504
10533 # 1504
10533 # 1504
10533 # 1504
10533 # 1504
10533 # 1504
10533 # 1504
10533 # 1504
10533 # 1504
10533 # 1504
10533 # 1504
10533 # 1504
10533 # 1504
10533 # 1504
10533 # 1504
10533 # 1504
10533 # 1504
10533 # 1504
10533 # 1504
10533 # 1504
10533 # 1504
10533 # 1504
10533 # 1504
10533 # 1504
10533 # 1504
10533 # 1504
10533 # 1504
10533 # 1504
10533 # 1504
12033 # 1504
12033 # 1504
12033 # 1504
12033 # 1504
12033 # 1504
12033 # 1504
12033 # 1504
12033 # 1504
12033 # 1504
12033 # 1504
12033 # 1504
12033 # 1504
12033 # 1504
12033 # 1504
12033 # 1504
12033 # 1504
12033 # 1504
12033 # 1504
12033 # 1504
12033 # 1504
12033 # 1504
12033 # 1504
12033 # 1504
12033 # 1504
12033 # 1504
12033 # 1504
12033 # 1504
12033 # 1504
12033 # 1504
12033 # 1504
12033 # 1504
12033 # 1504
12033 # 1504
12033 # 1504
12033 # 1504
12033 # 1504
12033 # 1504
12033 # 1504
12033 # 1504
12033 # 1504
12033 # 1504
12033 # 1504
12033 # 1504
12033 # 1504
12033 # 1504
12033 # 1504
12033 # 1504
12033 # 1504
12033 # 1504
12033 # 1504
12033 # 1504
12033 # 1504
12033 # 1504
12033 # 1504
12033 # 1504
12033 # 1504
12033 # 1504
12033 # 1504
12033 # 1504
12033 # 1504
12033 # 1504
12033 # 1504
12033 # 1504
12033 # 1504
12033 # 1504
12033 # 1504
12033 # 1504
12033 # 1504
12033 # 1504
12033 # 1504
12033 # 1504
12033 # 1504
12033 # 1504
12033 # 1504
12033 # 1504
12033 # 1504
12033 # 1504
12033 # 1504
12033 # 1504
12033 # 1504
12033 # 1504
12033 # 1504
12033 # 1504
12665 + 52
13533 # 1504
13533 - 52 868
13533 # 1504
13533 # 1504
13533 # 1504
13533 # 1504
13533 # 1504
13533 # 1504
13533 # 1504
13533 # 1504
13533 # 1504
13533 # 1504
13533 # 1504
13533 # 1504
13533 # 1504
13533 # 1504
13533 # 1504
13533 # 1504
13533 # 1504
13533 # 1504
13533 # 1504
13533 # 1504
13533 # 1504
13533 # 1504
13533 # 1504
13533 # 1504
13533 # 1504
13533 # 1504
13533 # 1504
13533 # 1504
13533 # 1504
13533 # 1504
13533 # 1504
13533 # 1504
13533 # 1504
13533 # 1504
13533 # 1504
13533 # 1504
13533 # 1504
13533 # 1504
13533 # 1504
13533 # 1504
13533 # 1504
13533 # 1504
13533 # 1504
13533 # 1504
13533 # 1504
13533 # 1504
13533 # 1504
13533 # 1504
13533 # 1504
13533 # 1504
13533 # 1504
13533 # 1504
13533 # 1504
13533 # 1504
13533 # 1504
13533 # 1504
13533 # 1504
13533 # 1504
13533 # 1504
13533 # 1504
13533 # 1504
13533 # 1504
13533 # 1504
13533 # 1504
13533 # 1504
13533 # 1504
13533 # 1504
13533 # 1504
13533 # 1504
13533 # 1504
13533 # 1504
13533 # 1504
13533 # 1504
13533 # 1504
13533 # 1504
13533 # 1504
13533 # 1504
13533 # 1504
13533 # 1504
13533 # 1504
13533 # 1504
13533 # 1504
15033 # 1504
15033 # 1504
15033 # 1504
15033 # 1504
15033 # 1504
15033 # 1504
15033 # 1504
15033 # 1504
15033 # 1504
15033 # 1504
15033 # 1504
15033 # 1504
15033 # 1504
15033 # 1504
15033 # 1504
15033 # 1504
15033 # 1504
15033 # 1504
15033 # 1504
15033 # 1504
15033 # 1504
15033 # 1504
15033 # 1504
15033 # 1504
15033 # 1504
15033 # 1504
15033 # 1504
15033 # 1504
15033 # 1504
15033 # 1504
15033 # 1504
15033 # 1504
15033 # 1504
15033 # 1504
15033 # 1504
15033 # 1504
15033 # 1504
15033 # 1504
15033 # 1504
15033 # 1504
15033 # 1504
15033 # 1504
15033 # 1504
15033 # 1504
15033 # 1504
15033 # 1504
15033 # 1504
15033 # 1504
15033 # 1504
15033 # 1504
15033 # 1504
15033 # 1504
15033 # 1504
15033 # 1504
15033 # 1504
15033 # 1504
15033 # 1504
15033 # 1504
15033 # 1504
15033 # 1504
15033 # 1504
15033 # 1504
15033 # 1504
15033 # 1504
15033 # 1504
15033 # 1504
15033 # 1504
15033 # 1504
15033 # 1504
15033 # 1504
15033 # 1504
15033 # 1504
15033 # 1504
15033 # 1504
15033 # 1504
15033 # 1504
15033 # 1504
15033 # 1504
15033 # 1504
15033 # 1504
15033 # 1504
15033 # 1504
15033 # 1504
16533 # 1504
16533 # 1504
16533 # 1504
16533 # 1504
16533 # 1504
16533 # 1504
16533 # 1504
16533 # 1504
16533 # 1504
16533 # 1504
16533 # 1504
16533 # 1504
16533 # 1504
16533 # 1504
16533 # 1504
16533 # 1504
16533 # 1504
16533 # 1504
16533 # 1504
16533 # 1504
16533 # 1504
16533 # 1504
16533 # 1504
16533 # 1504
16533 # 1504
16533 # 1504
16533 # 1504
16533 # 1504
16533 # 1504
16533 # 1504
16533 # 1504
16533 # 1504
16533 # 1504
16533 # 1504
16533 # 1504
16533 # 1504
16533 # 1504
16533 # 1504
16533 # 1504
16533 # 1504
16533 # 1504
16533 # 1504
16533 # 1504
16533 # 1504
16533 # 1504
16533 # 1504
16533 # 1504
16533 # 1504
16533 # 1504
16533 # 1504
16533 # 1504
16533 # 1504
16533 # 1504
16533 # 1504
16533 # 1504
16533 # 1504
16533 # 1504
16533 # 1504
16533 # 1504
16533 # 1504
16533 # 1504
16533 # 1504
16533 # 1504
16533 # 1504
16533 # 1504
16533 # 1504
16533 # 1504
16533 # 1504
16533 # 1504
16533 # 1504
16533 # 1504
16533 # 1504
16533 # 1504
16533 # 1504
16533 # 1504
16533 # 1504
16533 # 1504
16533 # 1504
16533 # 1504
16533 # 1504
16533 # 1504
16533 # 1504
16533 # 1504
18033 # 1504
18033 # 1504
18033 # 1504
18033 # 1504
18033 # 1504
18033 # 1504
18033 # 1504
18033 # 1504
18033 # 1504
18033 # 1504
18033 # 1504
18033 # 1504
18033 # 1504
18033 # 1504
18033 # 1504
18033 # 1504
18033 # 1504
18033 # 1504
18033 # 1504
18033 # 1504
18033 # 1504
18033 # 1504
18033 # 1504
18033 # 1504
18033 # 1504
18033 # 1504
18033 # 1504
18033 # 1504
18033 # 1504
18033 # 1504
18033 # 1504
18033 # 1504
18033 # 1504
18033 # 1504
18033 # 1504
18033 # 1504
18033 # 1504
18033 # 1504
18033 # 1504
18033 # 1504
18033 # 1504
18033 # 1504
18033 # 1504
18033 # 1504
18033 # 1504
18033 # 1504
18033 # 1504
18033 # 1504
18033 # 1504
18033 # 1504
18033 # 1504
18033 # 1504
18033 # 1504
18033 # 1504
18033 # 1504
18033 # 1504
18033 # 1504
18033 # 1504
18033 # 1504
18033 # 1504
18033 # 1504
18033 # 1504
18033 # 1504
18033 # 1504
18033 # 1504
18033 # 1504
18033 # 1504
18033 # 1504
18033 # 1504
18033 # 1504
18033 # 1504
18033 # 1504
18033 # 1504
18033 # 1504
18033 # 1504
18033 # 1504
18033 # 1504
18033 # 1504
18033 # 1504
18033 # 1504
18033 # 1504
18033 # 1504
18033 # 1504
19533 # 1504
19533 # 1504
19533 # 1504
19533 # 1504
19533 # 1504
19533 # 1504
19533 # 1504
19533 # 1504
19533 # 1504
19533 # 1504
19533 # 1504
19533 # 1504
19533 # 1504
19533 # 1504
19533 # 1504
19533 # 1504
19533 # 1504
19533 # 1504
19533 # 1504
19533 # 1504
19533 # 1504
19533 # 1504
19533 # 1504
19533 # 1504
19533 # 1504
19533 # 1504
19533 # 1504
19533 # 1504
19533 # 1504
19533 # 1504
19533 # 1504
19533 # 1504
19533 # 1504
19533 # 1504
19533 # 1504
19533 # 1504
19533 # 1504
19533 # 1504
19533 # 1504
19533 # 1504
19533 # 1504
19533 # 1504
19533 # 1504
19533 # 1504
19533 # 1504
19533 # 1504
19533 # 1504
19533 # 1504
19533 # 1504
19533 # 1504
19533 # 1504
19533 # 1504
19533 # 1504
19533 # 1504
19533 # 1504
19533 # 1504
19533 # 1504
19533 # 1504
19533 # 1504
19533 # 1504
19533 # 1504
19533 # 1504
19533 # 1504
19533 # 1504
19533 # 1504
19533 # 1504
19533 # 1504
19533 # 1504
19533 # 1504
19533 # 1504
19533 # 1504
19533 # 1504
19533 # 1504
19533 # 1504
19533 # 1504
19533 # 1504
19533 # 1504
19533 # 1504
19533 # 1504
19533 # 1504
19533 # 1504
19533 # 1504
19533 # 1504
21033 # 1504
21033 # 1504
21033 # 1504
21033 # 1504
21033 # 1504
21033 # 1504
21033 # 1504
21033 # 1504
21033 # 1504
21033 # 1504
21033 # 1504
21033 # 1504
21033 # 1504
21033 # 1504
21033 # 1504
21033 # 1504
21033 # 1504
21033 # 1504
21033 # 1504
21033 # 1504
21033 # 1504
21033 # 1504
21033 # 1504
21033 # 1504
21033 # 1504
21033 # 1504
21033 # 1504
21033 # 1504
21033 # 1504
21033 # 1504
21033 # 1504
21033 # 1504
21033 # 1504
21033 # 1504
21033 # 1504
21033 # 1504
21033 # 1504
21033 # 1504
21033 # 1504
21033 # 1504
21033 # 1504
21033 # 1504
21033 # 1504
21033 # 1504
21033 # 1504
21033 # 1504
21033 # 1504
21033 # 1504
21033 # 1504
21033 # 1504
21033 # 1504
21033 # 1504
21033 # 1504
21033 # 1504
21033 # 1504
21033 # 1504
21033 # 1504
21033 # 1504
21033 # 1504
21033 # 1504
21033 # 1504
21033 # 1504
21033 # 1504
21033 # 1504
21033 # 1504
21033 # 1504
21033 # 1504
21033 # 1504
21033 # 1504
21033 # 1504
21033 # 1504
21033 # 1504
21033 # 1504
21033 # 1504
21033 # 1504
21033 # 1504
21033 # 1504
21033 # 1504
21033 # 1504
21033 # 1504
21033 # 1504
21033 # 1504
21033 # 1504
22533 # 1504
22533 # 1504
22533 # 1504
22533 # 1504
22533 # 1504
22533 # 1504
22533 # 1504
22533 # 1504
22533 # 1504
22533 # 1504
22533 # 1504
22533 # 1504
22533 # 1504
22533 # 1504
22533 # 1504
22533 # 1504
22533 # 1504
22533 # 1504
22533 # 1504
22533 # 1504
22533 # 1504
22533 # 1504
22533 # 1504
22533 # 1504
22533 # 1504
22533 # 1504
22533 # 1504
22533 # 1504
22533 # 1504
22533 # 1504
22533 # 1504
22533 # 1504
22533 # 1504
22533 # 1504
22533 # 1504
22533 # 1504
22533 # 1504
22533 # 1504
22533 # 1504
22533 # 1504
22533 # 1504
22533 # 1504
22533 # 1504
22533 # 1504
22533 # 1504
22533 # 1504
22533 # 1504
22533 # 1504
22533 # 1504
22533 # 1504
22533 # 1504
22533 # 1504
22533 # 1504
22533 # 1504
22533 # 1504
22533 # 1504
22533 # 1504
22533 # 1504
22533 # 1504
22533 # 1504
22533 # 1504
22533 # 1504
22533 # 1504
22533 # 1504
22533 # 1504
22533 # 1504
22533 # 1504
22533 # 1504
22533 # 1504
22533 # 1504
22533 # 1504
22533 # 1504
22533 # 1504
22533 # 1504
22533 # 1504
22533 # 1504
22533 # 1504
22533 # 1504
22533 # 1504
22533 # 1504
22533 # 1504
22533 # 1504
22533 # 1504
24033 # 1504
24033 # 1504
24033 # 1504
24033 # 1504
24033 # 1504
24033 # 1504
24033 # 1504
24033 # 1504
24033 # 1504
24033 # 1504
24033 # 1504
24033 # 1504
24033 # 1504
24033 # 1504
24033 # 1504
24033 # 1504
24033 # 1504
24033 # 1504
24033 # 1504
24033 # 1504
24033 # 1504
24033 # 1504
24033 # 1504
24033 # 1504
24033 # 1504
24033 # 1504
24033 # 1504
24033 # 1504
24033 # 1504
24033 # 1504
24033 # 1504
24033 # 1504
24033 # 1504
24033 # 1504
24033 # 1504
24033 # 1504
24033 # 1504
24033 # 1504
24033 # 1504
24033 # 1504
24033 # 1504
24033 # 1504
24033 # 1504
24033 # 1504
24033 # 1504
24033 # 1504
24033 # 1504
24033 # 1504
24033 # 1504
24033 # 1504
24033 # 1504
24033 # 1504
24033 # 1504
24033 # 1504
24033 # 1504
24033 # 1504
24033 # 1504
24033 # 1504
24033 # 1504
24033 # 1504
24033 # 1504
24033 # 1504
24033 # 1504
24033 # 1504
24033 # 1504
24033 # 1504
24033 # 1504
24033 # 1504
24033 # 1504
24033 # 1504
24033 # 1504
24033 # 1504
24033 # 1504
24033 # 1504
24033 # 1504
24033 # 1504
24033 # 1504
24033 # 1504
24033 # 1504
24033 # 1504
24033 # 1504
24033 # 1504
24033 # 1504
25533 # 1504
25533 # 1504
25533 # 1504
25533 # 1504
25533 # 1504
25533 # 1504
25533 # 1504
25533 # 1504
25533 # 1504
25533 # 1504
25533 # 1504
25533 # 1504
25533 # 1504
25533 # 1504
25533 # 1504
25533 # 1504
25533 # 1504
25533 # 1504
25533 # 1504
25533 # 1504
25533 # 1504
25533 # 1504
25533 # 1504
25533 # 1504
25533 # 1504
25533 # 1504
25533 # 1504
25533 # 1504
25533 # 1504
25533 # 1504
25533 # 1504
25533 # 1504
25533 # 1504
25533 # 1504
25533 # 1504
25533 # 1504
25533 # 1504
25533 # 1504
25533 # 1504
25533 # 1504
25533 # 1504
25533 # 1504
25533 # 1504
25533 # 1504
25533 # 1504
25533 # 1504
25533 # 1504
25533 # 1504
25533 # 1504
25533 # 1504
25533 # 1504
25533 # 1504
25533 # 1504
25533 # 1504
25533 # 1504
25533 # 1504
25533 # 1504
25533 # 1504
25533 # 1504
25533 # 1504
25533 # 1504
25533 # 1504
25533 # 1504
25533 # 1504
25533 # 1504
25533 # 1504
25533 # 1504
25533 # 1504
25533 # 1504
25533 # 1504
25533 # 1504
25533 # 1504
25533 # 1504
25533 # 1504
25533 # 1504
25533 # 1504
25533 # 1504
25533 # 1504
25533 # 1504
25533 # 1504
25533 # 1504
25533 # 1504
25533 # 1504
27033 # 1504
27033 # 1504
27033 # 1504
27033 # 1504
27033 # 1504
27033 # 1504
27033 # 1504
27033 # 1504
27033 # 1504
27033 # 1504
27033 # 1504
27033 # 1504
27033 # 1504
27033 # 1504
27033 # 1504
27033 # 1504
27033 # 1504
27033 # 1504
27033 # 1504
27033 # 1504
27033 # 1504
27033 # 1504
27033 # 1504
27033 # 1504
27033 # 1504
27033 # 1504
27033 # 1504
27033 # 1504
27033 # 1504
27033 # 1504
27033 # 1504
27033 # 1504
27033 # 1504
27033 # 1504
27033 # 1504
27033 # 1504
27033 # 1504
27033 # 1504
27033 # 1504
27033 # 1504
27033 # 1504
27033 # 1504
27033 # 1504
27033 # 1504
27033 # 1504
27033 # 1504
27033 # 1504
27033 # 1504
27033 # 1504
27033 # 1504
27033 # 1504
27033 # 1504
27033 # 1504
27033 # 1504
27033 # 1504
27033 # 1504
27033 # 1504
27033 # 1504
27033 # 1504
27033 # 1504
27033 # 1504
27033 # 1504
27033 # 1504
27033 # 1504
27033 # 1504
27033 # 1504
27033 # 1504
27033 # 1504
27033 # 1504
27033 # 1504
27033 # 1504
27033 # 1504
27033 # 1504
27033 # 1504
27033 # 1504
27033 # 1504
27033 # 1504
27033 # 1504
27033 # 1504
27033 # 1504
27033 # 1504
27033 # 1504
27033 # 1504
28533 # 1504
28533 # 1504
28533 # 1504
28533 # 1504
28533 # 1504
28533 # 1504
28533 # 1504
28533 # 1504
28533 # 1504
28533 # 1504
28533 # 1504
28533 # 1504
28533 # 1504
28533 # 1504
28533 # 1504
28533 # 1504
28533 # 1504
28533 # 1504
28533 # 1504
28533 # 1504
28533 # 1504
28533 # 1504
28533 # 1504
28533 # 1504
28533 # 1504
28533 # 1504
28533 # 1504
28533 # 1504
28533 # 1504
28533 # 1504
28533 # 1504
28533 # 1504
28533 # 1504
28533 # 1504
28533 # 1504
28533 # 1504
28533 # 1504
28533 # 1504
28533 # 1504
28533 # 1504
28533 # 1504
28533 # 1504
28533 # 1504
28533 # 1504
28533 # 1504
28533 # 1504
28533 # 1504
28533 # 1504
28533 # 1504
28533 # 1504
28533 # 1504
28533 # 1504
28533 # 1504
28533 # 1504
28533 # 1504
28533 # 1504
28533 # 1504
28533 # 1504
28533 # 1504
28533 # 1504
28533 # 1504
28533 # 1504
28533 # 1504
28533 # 1504
28533 # 1504
28533 # 1504
28533 # 1504
28533 # 1504
28533 # 1504
28533 # 1504
28533 # 1504
28533 # 1504
28533 # 1504
28533 # 1504
28533 # 1504
28533 # 1504
28533 # 1504
28533 # 1504
28533 # 1504
28533 # 1504
28533 # 1504
28533 # 1504
28533 # 1504
28541 + 52
30033 # 1504
30033 - 52 1492
30033 # 1504
30033 # 1504
30033 # 1504
30033 # 1504
30033 # 1504
30033 # 1504
30033 # 1504
30033 # 1504
30033 # 1504
30033 # 1504
30033 # 1504
30033 # 1504
30033 # 1504
30033 # 1504
30033 # 1504
30033 # 1504
30033 # 1504
30033 # 1504
30033 # 1504
30033 # 1504
30033 # 1504
30033 # 1504
30033 # 1504
30033 # 1504
30033 # 1504
30033 # 1504
30033 # 1504
30033 # 1504
30033 # 1504
30033 # 1504
30033 # 1504
30033 # 1504
30033 # 1504
30033 # 1504
30033 # 1504
30033 # 1504
30033 # 1504
30033 # 1504
30033 # 1504
30033 # 1504
30033 # 1504
30033 # 1504
30033 # 1504
30033 # 1504
30033 # 1504
30033 # 1504
30033 # 1504
30033 # 1504
30033 # 1504
30033 # 1504
30033 # 1504
30033 # 1504
30033 # 1504
30033 # 1504
30033 # 1504
30033 # 1504
30033 # 1504
30033 # 1504
30033 # 1504
30033 # 1504
30033 # 1504
30033 # 1504
30033 # 1504
30033 # 1504
30033 # 1504
30033 # 1504
30033 # 1504
30033 # 1504
30033 # 1504
30033 # 1504
30033 # 1504
30033 # 1504
30033 # 1504
30033 # 1504
30033 # 1504
30033 # 1504
30033 # 1504
30033 # 1504
30033 # 1504
30033 # 1504
30033 # 1504
30033 # 1504
31533 # 1504
31533 # 1504
31533 # 1504
31533 # 1504
31533 # 1504
31533 # 1504
31533 # 1504
31533 # 1504
31533 # 1504
31533 # 1504
31533 # 1504
31533 # 1504
31533 # 1504
31533 # 1504
31533 # 1504
31533 # 1504
31533 # 1504
31533 # 1504
31533 # 1504
31533 # 1504
31533 # 1504
31533 # 1504
31533 # 1504
31533 # 1504
31533 # 1504
31533 # 1504
31533 # 1504
31533 # 1504
31533 # 1504
31533 # 1504
31533 # 1504
31533 # 1504
31533 # 1504
31533 # 1504
31533 # 1504
31533 # 1504
31533 # 1504
31533 # 1504
31533 # 1504
31533 # 1504
31533 # 1504
31533 # 1504
31533 # 1504
31533 # 1504
31533 # 1504
31533 # 1504
31533 # 1504
31533 # 1504
31533 # 1504
31533 # 1504
31533 # 1504
31533 # 1504
31533 # 1504
31533 # 1504
31533 # 1504
31533 # 1504
31533 # 1504
31533 # 1504
31533 # 1504
31533 # 1504
31533 # 1504
31533 # 1504
31533 # 1504
31533 # 1504
31533 # 1504
31533 # 1504
31533 # 1504
31533 # 1504
31533 # 1504
31533 # 1504
31533 # 1504
31533 # 1504
31533 # 1504
31533 # 1504
31533 # 1504
31533 # 1504
31533 # 1504
31533 # 1504
31533 # 1504
31533 # 1504
31533 # 1504
31533 # 1504
31533 # 1504
33033 # 1504
33033 # 1504
33033 # 1504
33033 # 1504
33033 # 1504
33033 # 1504
33033 # 1504
33033 # 1504
33033 # 1504
33033 # 1504
33033 # 1504
33033 # 1504
33033 # 1504
33033 # 1504
33033 # 1504
33033 # 1504
33033 # 1504
33033 # 1504
33033 # 1504
33033 # 1504
33033 # 1504
33033 # 1504
33033 # 1504
33033 # 1504
33033 # 1504
33033 # 1504
33033 # 1504
33033 # 1504
33033 # 1504
33033 # 1504
33033 # 1504
33033 # 1504
33033 # 1504
33033 # 1504
33033 # 1504
33033 # 1504
33033 # 1504
33033 # 1504
33033 # 1504
33033 # 1504
33033 # 1504
33033 # 1504
33033 # 1504
33033 # 1504
33033 # 1504
33033 # 1504
33033 # 1504
33033 # 1504
33033 # 1504
33033 # 1504
33033 # 1504
33033 # 1504
33033 # 1504
33033 # 1504
33033 # 1504
33033 # 1504
33033 # 1504
33033 # 1504
33033 # 1504
33033 # 1504
33033 # 1504
33033 # 1504
33033 # 1504
33033 # 1504
33033 # 1504
33033 # 1504
33033 # 1504
33033 # 1504
33033 # 1504
33033 # 1504
33033 # 1504
33033 # 1504
33033 # 1504
33033 # 1504
33033 # 1504
33033 # 1504
33033 # 1504
33033 # 1504
33033 # 1504
33033 # 1504
33033 # 1504
33033 # 1504
33033 # 1504
34533 # 1504
34533 # 1504
34533 # 1504
34533 # 1504
34533 # 1504
34533 # 1504
34533 # 1504
34533 # 1504
34533 # 1504
34533 # 1504
34533 # 1504
34533 # 1504
34533 # 1504
34533 # 1504
34533 # 1504
34533 # 1504
34533 # 1504
34533 # 1504
34533 # 1504
34533 # 1504
34533 # 1504
34533 # 1504
34533 # 1504
34533 # 1504
34533 # 1504
34533 # 1504
34533 # 1504
34533 # 1504
34533 # 1504
34533 # 1504
34533 # 1504
34533 # 1504
34533 # 1504
34533 # 1504
34533 # 1504
34533 # 1504
34533 # 1504
34533 # 1504
34533 # 1504
34533 # 1504
34533 # 1504
34533 # 1504
34533 # 1504
34533 # 1504
34533 # 1504
34533 # 1504
34533 # 1504
34533 # 1504
34533 # 1504
34533 # 1504
34533 # 1504
34533 # 1504
34533 # 1504
34533 # 1504
34533 # 1504
34533 # 1504
34533 # 1504
34533 # 1504
34533 # 1504
34533 # 1504
34533 # 1504
34533 # 1504
34533 # 1504
34533 # 1504
34533 # 1504
34533 # 1504
34533 # 1504
34533 # 1504
34533 # 1504
34533 # 1504
34533 # 1504
34533 # 1504
34533 # 1504
34533 # 1504
34533 # 1504
34533 # 1504
34533 # 1504
34533 # 1504
34533 # 1504
34533 # 1504
34533 # 1504
34533 # 1504
34533 # 1504
36033 # 1504
36033 # 1504
36033 # 1504
36033 # 1504
36033 # 1504
36033 # 1504
36033 # 1504
36033 # 1504
36033 # 1504
36033 # 1504
36033 # 1504
36033 # 1504
36033 # 1504
36033 # 1504
36033 # 1504
36033 # 1504
36033 # 1504
36033 # 1504
36033 # 1504
36033 # 1504
36033 # 1504
36033 # 1504
36033 # 1504
36033 # 1504
36033 # 1504
36033 # 1504
36033 # 1504
36033 # 1504
36033 # 1504
36033 # 1504
36033 # 1504
36033 # 1504
36033 # 1504
36033 # 1504
36033 # 1504
36033 # 1504
36033 # 1504
36033 # 1504
36033 # 1504
36033 # 1504
36033 # 1504
36033 # 1504
36033 # 1504
36033 # 1504
36033 # 1504
36033 # 1504
36033 # 1504
36033 # 1504
36033 # 1504
36033 # 1504
36033 # 1504
36033 # 1504
36033 # 1504
36033 # 1504
36033 # 1504
36033 # 1504
36033 # 1504
36033 # 1504
36033 # 1504
36033 # 1504
36033 # 1504
36033 # 1504
36033 # 1504
36033 # 1504
36033 # 1504
36033 # 1504
36033 # 1504
36033 # 1504
36033 # 1504
36033 # 1504
36033 # 1504
36033 # 1504
36033 # 1504
36033 # 1504
36033 # 1504
36033 # 1504
36033 # 1504
36033 # 1504
36033 # 1504
36033 # 1504
36033 # 1504
36033 # 1504
36033 # 1504
37533 # 1504
37533 # 1504
37533 # 1504
37533 # 1504
37533 # 1504
37533 # 1504
37533 # 1504
37533 # 1504
37533 # 1504
37533 # 1504
37533 # 1504
37533 # 1504
37533 # 1504
37533 # 1504
37533 # 1504
37533 # 1504
37533 # 1504
37533 # 1504
37533 # 1504
37533 # 1504
37533 # 1504
37533 # 1504
37533 # 1504
37533 # 1504
37533 # 1504
37533 # 1504
37533 # 1504
37533 # 1504
37533 # 1504
37533 # 1504
37533 # 1504
37533 # 1504
37533 # 1504
37533 # 1504
37533 # 1504
37533 # 1504
37533 # 1504
37533 # 1504
37533 # 1504
37533 # 1504
37533 # 1504
37533 # 1504
37533 # 1504
37533 # 1504
37533 # 1504
37533 # 1504
37533 # 1504
37533 # 1504
37533 # 1504
37533 # 1504
37533 # 1504
37533 # 1504
37533 # 1504
37533 # 1504
37533 # 1504
37533 # 1504
37533 # 1504
37533 # 1504
37533 # 1504
37533 # 1504
37533 # 1504
37533 # 1504
37533 # 1504
37533 # 1504
37533 # 1504
37533 # 1504
37533 # 1504
37533 # 1504
37533 # 1504
37533 # 1504
37533 # 1504
37533 # 1504
37533 # 1504
37533 # 1504
37533 # 1504
37533 # 1504
37533 # 1504
37533 # 1504
37533 # 1504
37533 # 1504
37533 # 1504
37533 # 1504
37533 # 1504
39033 # 1504
39033 # 1504
39033 # 1504
39033 # 1504
39033 # 1504
39033 # 1504
39033 # 1504
39033 # 1504
39033 # 1504
39033 # 1504
39033 # 1504
39033 # 1504
39033 # 1504
39033 # 1504
39033 # 1504
39033 # 1504
39033 # 1504
39033 # 1504
39033 # 1504
39033 # 1504
39033 # 1504
39033 # 1504
39033 # 1504
39033 # 1504
39033 # 1504
39033 # 1504
39033 # 1504
39033 # 1504
39033 # 1504
39033 # 1504
39033 # 1504
39033 # 1504
39033 # 1504
39033 # 1504
39033 # 1504
39033 # 1504
39033 # 1504
39033 # 1504
39033 # 1504
39033 # 1504
39033 # 1504
39033 # 1504
39033 # 1504
39033 # 1504
39033 # 1504
39033 # 1504
39033 # 1504
39033 # 1504
39033 # 1504
39033 # 1504
39033 # 1504
39033 # 1504
39033 # 1504
39033 # 1504
39033 # 1504
39033 # 1504
39033 # 1504
39033 # 1504
39033 # 1504
39033 # 1504
39033 # 1504
39033 # 1504
39033 # 1504
39033 # 1504
39033 # 1504
39033 # 1504
39033 # 1504
39033 # 1504
39033 # 1504
39033 # 1504
39033 # 1504
39033 # 1504
39033 # 1504
39033 # 1504
39033 # 1504
39033 # 1504
39033 # 1504
39033 # 1504
39033 # 1504
39033 # 1504
39033 # 1504
39033 # 1504
39033 # 1504
40533 # 1504
40533 # 1504
40533 # 1504
40533 # 1504
40533 # 1504
40533 # 1504
40533 # 1504
40533 # 1504
40533 # 1504
40533 # 1504
40533 # 1504
40533 # 1504
40533 # 1504
40533 # 1504
40533 # 1504
40533 # 1504
40533 # 1504
40533 # 1504
40533 # 1504
40533 # 1504
40533 # 1504
40533 # 1504
40533 # 1504
40533 # 1504
40533 # 1504
40533 # 1504
40533 # 1504
40533 # 1504
40533 # 1504
40533 # 1504
40533 # 1504
40533 # 1504
40533 # 1504
40533 # 1504
40533 # 1504
40533 # 1504
40533 # 1504
40533 # 1504
40533 # 1504
40533 # 1504
40533 # 1504
40533 # 1504
40533 # 1504
40533 # 1504
40533 # 1504
40533 # 1504
40533 # 1504
40533 # 1504
40533 # 1504
40533 # 1504
40533 # 1504
40533 # 1504
40533 # 1504
40533 # 1504
40533 # 1504
40533 # 1504
40533 # 1504
40533 # 1504
40533 # 1504
40533 # 1504
40533 # 1504
40533 # 1504
40533 # 1504
40533 # 1504
40533 # 1504
40533 # 1504
40533 # 1504
40533 # 1504
40533 # 1504
40533 # 1504
40533 # 1504
40533 # 1504
40533 # 1504
40533 # 1504
40533 # 1504
40533 # 1504
40533 # 1504
40533 # 1504
40533 # 1504
40533 # 1504
40533 # 1504
40533 # 1504
40533 # 1504
42033 # 1504
42033 # 1504
42033 # 1504
42033 # 1504
42033 # 1504
42033 # 1504
42033 # 1504
42033 # 1504
42033 # 1504
42033 # 1504
42033 # 1504
42033 # 1504
42033 # 1504
42033 # 1504
42033 # 1504
42033 # 1504
42033 # 1504
42033 # 1504
42033 # 1504
42033 # 1504
42033 # 1504
42033 # 1504
42033 # 1504
42033 # 1504
42033 # 1504
42033 # 1504
42033 # 1504
42033 # 1504
42033 # 1504
42033 # 1504
42033 # 1504
42033 # 1504
42033 # 1504
42033 # 1504
42033 # 1504
42033 # 1504
42033 # 1504
42033 # 1504
42033 # 1504
42033 # 1504
42033 # 1504
42033 # 1504
42033 # 1504
42033 # 1504
42033 # 1504
42033 # 1504
42033 # 1504
42033 # 1504
42033 # 1504
42033 # 1504
42033 # 1504
42033 # 1504
42033 # 1504
42033 # 1504
42033 # 1504
42033 # 1504
42033 # 1504
42033 # 1504
42033 # 1504
42033 # 1504
42033 # 1504
42033 # 1504
42033 # 1504
42033 # 1504
42033 # 1504
42033 # 1504
42033 # 1504
42033 # 1504
42033 # 1504
42033 # 1504
42033 # 1504
42033 # 1504
42033 # 1504
42033 # 1504
42033 # 1504
42033 # 1504
42033 # 1504
42033 # 1504
42033 # 1504
42033 # 1504
42033 # 1504
42033 # 1504
42033 # 1504
43533 # 1504
43533 # 1504
43533 # 1504
43533 # 1504
43533 # 1504
43533 # 1504
43533 # 1504
43533 # 1504
43533 # 1504
43533 # 1504
43533 # 1504
43533 # 1504
43533 # 1504
43533 # 1504
43533 # 1504
43533 # 1504
43533 # 1504
43533 # 1504
43533 # 1504
43533 # 1504
43533 # 1504
43533 # 1504
43533 # 1504
43533 # 1504
43533 # 1504
43533 # 1504
43533 # 1504
43533 # 1504
43533 # 1504
43533 # 1504
43533 # 1504
43533 # 1504
43533 # 1504
43533 # 1504
43533 # 1504
43533 # 1504
43533 # 1504
43533 # 1504
43533 # 1504
43533 # 1504
43533 # 1504
43533 # 1504
43533 # 1504
43533 # 1504
43533 # 1504
43533 # 1504
43533 # 1504
43533 # 1504
43533 # 1504
43533 # 1504
43533 # 1504
43533 # 1504
43533 # 1504
43533 # 1504
43533 # 1504
43533 # 1504
43533 # 1504
43533 # 1504
43533 # 1504
43533 # 1504
43533 # 1504
43533 # 1504
43533 # 1504
43533 # 1504
43533 # 1504
43533 # 1504
43533 # 1504
43533 # 1504
43533 # 1504
43533 # 1504
43533 # 1504
43533 # 1504
43533 # 1504
43533 # 1504
43533 # 1504
43533 # 1504
43533 # 1504
43533 # 1504
43533 # 1504
43533 # 1504
43533 # 1504
43533 # 1504
43533 # 1504
45033 # 1504
45033 # 1504
45033 # 1504
45033 # 1504
45033 # 1504
45033 # 1504
45033 # 1504
45033 # 1504
45033 # 1504
45033 # 1504
45033 # 1504
45033 # 1504
45033 # 1504
45033 # 1504
45033 # 1504
45033 # 1504
45033 # 1504
45033 # 1504
45033 # 1504
45033 # 1504
45033 # 1504
45033 # 1504
45033 # 1504
45033 # 1504
45033 # 1504
45033 # 1504
45033 # 1504
45033 # 1504
45033 # 1504
45033 # 1504
45033 # 1504
45033 # 1504
45033 # 1504
45033 # 1504
45033 # 1504
45033 # 1504
45033 # 1504
45033 # 1504
45033 # 1504
45033 # 1504
45033 # 1504
45033 # 1504
45033 # 1504
45033 # 1504
45033 # 1504
45033 # 1504
45033 # 1504
45033 # 1504
45033 # 1504
45033 # 1504
45033 # 1504
45033 # 1504
45033 # 1504
45033 # 1504
45033 # 1504
45033 # 1504
45033 # 1504
45033 # 1504
45033 # 1504
45033 # 1504
45033 # 1504
45033 # 1504
45033 # 1504
45033 # 1504
45033 # 1504
45033 # 1504
45033 # 1504
45033 # 1504
45033 # 1504
45033 # 1504
45033 # 1504
45033 # 1504
45033 # 1504
45033 # 1504
45033 # 1504
45033 # 1504
45033 # 1504
45033 # 1504
45033 # 1504
45033 # 1504
45033 # 1504
45033 # 1504
45033 # 1504
46533 # 1504
46533 # 1504
46533 # 1504
46533 # 1504
46533 # 1504
46533 # 1504
46533 # 1504
46533 # 1504
46533 # 1504
46533 # 1504
46533 # 1504
46533 # 1504
46533 # 1504
46533 # 1504
46533 # 1504
46533 # 1504
46533 # 1504
46533 # 1504
46533 # 1504
46533 # 1504
46533 # 1504
46533 # 1504
46533 # 1504
46533 # 1504
46533 # 1504
46533 # 1504
46533 # 1504
46533 # 1504
46533 # 1504
46533 # 1504
46533 # 1504
46533 # 1504
46533 # 1504
46533 # 1504
46533 # 1504
46533 # 1504
46533 # 1504
46533 # 1504
46533 # 1504
46533 # 1504
46533 # 1504
46533 # 1504
46533 # 1504
46533 # 1504
46533 # 1504
46533 # 1504
46533 # 1504
46533 # 1504
46533 # 1504
46533 # 1504
46533 # 1504
46533 # 1504
46533 # 1504
46533 # 1504
46533 # 1504
46533 # 1504
46533 # 1504
46533 # 1504
46533 # 1504
46533 # 1504
46533 # 1504
46533 # 1504
46533 # 1504
46533 # 1504
46533 # 1504
46533 # 1504
46533 # 1504
46533 # 1504
46533 # 1504
46533 # 1504
46533 # 1504
46533 # 1504
46533 # 1504
46533 # 1504
46533 # 1504
46533 # 1504
46533 # 1504
46533 # 1504
46533 # 1504
46533 # 1504
46533 # 1504
46533 # 1504
46533 # 1504
48033 # 1504
48033 # 1504
48033 # 1504
48033 # 1504
48033 # 1504
48033 # 1504
48033 # 1504
48033 # 1504
48033 # 1504
48033 # 1504
48033 # 1504
48033 # 1504
48033 # 1504
48033 # 1504
48033 # 1504
48033 # 1504
48033 # 1504
48033 # 1504
48033 # 1504
48033 # 1504
48033 # 1504
48033 # 1504
48033 # 1504
48033 # 1504
48033 # 1504
48033 # 1504
48033 # 1504
48033 # 1504
48033 # 1504
48033 # 1504
48033 # 1504
48033 # 1504
48033 # 1504
48033 # 1504
48033 # 1504
48033 # 1504
48033 # 1504
48033 # 1504
48033 # 1504
48033 # 1504
48033 # 1504
48033 # 1504
48033 # 1504
48033 # 1504
48033 # 1504
48033 # 1504
48033 # 1504
48033 # 1504
48033 # 1504
48033 # 1504
48033 # 1504
48033 # 1504
48033 # 1504
48033 # 1504
48033 # 1504
48033 # 1504
48033 # 1504
48033 # 1504
48033 # 1504
48033 # 1504
48033 # 1504
48033 # 1504
48033 # 1504
48033 # 1504
48033 # 1504
48033 # 1504
48033 # 1504
48033 # 1504
48033 # 1504
48033 # 1504
48033 # 1504
48033 # 1504
48033 # 1504
48033 # 1504
48033 # 1504
48033 # 1504
48033 # 1504
48033 # 1504
48033 # 1504
48033 # 1504
48033 # 1504
48033 # 1504
48033 # 1504
49533 # 1504
49533 # 1504
49533 # 1504
49533 # 1504
49533 # 1504
49533 # 1504
49533 # 1504
49533 # 1504
49533 # 1504
49533 # 1504
49533 # 1504
49533 # 1504
49533 # 1504
49533 # 1504
49533 # 1504
49533 # 1504
49533 # 1504
49533 # 1504
49533 # 1504
49533 # 1504
49533 # 1504
49533 # 1504
49533 # 1504
49533 # 1504
49533 # 1504
49533 # 1504
49533 # 1504
49533 # 1504
49533 # 1504
49533 # 1504
49533 # 1504
49533 # 1504
49533 # 1504
49533 # 1504
49533 # 1504
49533 # 1504
49533 # 1504
49533 # 1504
49533 # 1504
49533 # 1504
49533 # 1504
49533 # 1504
49533 # 1504
49533 # 1504
49533 # 1504
49533 # 1504
49533 # 1504
49533 # 1504
49533 # 1504
49533 # 1504
49533 # 1504
49533 # 1504
49533 # 1504
49533 # 1504
49533 # 1504
49533 # 1504
49533 # 1504
49533 # 1504
49533 # 1504
49533 # 1504
49533 # 1504
49533 # 1504
49533 # 1504
49533 # 1504
49533 # 1504
49533 # 1504
49533 # 1504
49533 # 1504
49533 # 1504
49533 # 1504
49533 # 1504
49533 # 1504
49533 # 1504
49533 # 1504
49533 # 1504
49533 # 1504
49533 # 1504
49533 # 1504
49533 # 1504
49533 # 1504
49533 # 1504
49533 # 1504
49533 # 1504
51033 # 1504
51033 # 1504
51033 # 1504
51033 # 1504
51033 # 1504
51033 # 1504
51033 # 1504
51033 # 1504
51033 # 1504
51033 # 1504
51033 # 1504
51033 # 1504
51033 # 1504
51033 # 1504
51033 # 1504
51033 # 1504
51033 # 1504
51033 # 1504
51033 # 1504
51033 # 1504
51033 # 1504
51033 # 1504
51033 # 1504
51033 # 1504
51033 # 1504
51033 # 1504
51033 # 1504
51033 # 1504
51033 # 1504
51033 # 1504
51033 # 1504
51033 # 1504
51033 # 1504
51033 # 1504
51033 # 1504
51033 # 1504
51033 # 1504
51033 # 1504
51033 # 1504
51033 # 1504
51033 # 1504
51033 # 1504
51033 # 1504
51033 # 1504
51033 # 1504
51033 # 1504
51033 # 1504
51033 # 1504
51033 # 1504
51033 # 1504
51033 # 1504
51033 # 1504
51033 # 1504
51033 # 1504
51033 # 1504
51033 # 1504
51033 # 1504
51033 # 1504
51033 # 1504
51033 # 1504
51033 # 1504
51033 # 1504
51033 # 1504
51033 # 1504
51033 # 1504
51033 # 1504
51033 # 1504
51033 # 1504
51033 # 1504
51033 # 1504
51033 # 1504
51033 # 1504
51033 # 1504
51033 # 1504
51033 # 1504
51033 # 1504
51033 # 1504
51033 # 1504
51033 # 1504
51033 # 1504
51033 # 1504
51033 # 1504
51033 # 1504
