# mahimahi mm-link (Uplink) [custom-traces/1mbps.trace] > /home/saivivek/pantheon/results/network-profile-1/vegas_mm_datalink_run1.log
# command line: 'mm-link' 'custom-traces/1mbps.trace' 'custom-traces/1mbps.trace' '--uplink-log=/home/saivivek/pantheon/results/network-profile-1/vegas_mm_datalink_run1.log' '--downlink-log=/home/saivivek/pantheon/results/network-profile-1/vegas_mm_acklink_run1.log' '--uplink-queue=droptail' '--downlink-queue=droptail' '--uplink-queue-args=packets=500' '--downlink-queue-args=packets=500' 'python' '/home/saivivek/pantheon/src/experiments/tunnel_manager.py'
# queue: droptail [packets=500]
# init timestamp: 1745091126011
# base timestamp: 37
# mahimahi config: [delay 5 ms] 
63 + 40
168 + 80
168 + 52
170 + 80
800 + 80
1057 + 80
1064 + 40
1537 # 1504
1537 - 40 1474
1537 - 80 1369
1537 - 52 1369
1537 - 80 1367
1537 - 80 737
1537 - 80 480
1537 - 40 473
1537 # 1504
1537 # 1504
1537 # 1504
1537 # 1504
1537 # 1504
1537 # 1504
1537 # 1504
1537 # 1504
1537 # 1504
1537 # 1504
1537 # 1504
1537 # 1504
1537 # 1504
1537 # 1504
1537 # 1504
1537 # 1504
1537 # 1504
1537 # 1504
1537 # 1504
1537 # 1504
1537 # 1504
1537 # 1504
1537 # 1504
1537 # 1504
1537 # 1504
1537 # 1504
1537 # 1504
1537 # 1504
1537 # 1504
1537 # 1504
1537 # 1504
1537 # 1504
1537 # 1504
1537 # 1504
1537 # 1504
1537 # 1504
1537 # 1504
1537 # 1504
1537 # 1504
1537 # 1504
1537 # 1504
1537 # 1504
1537 # 1504
1537 # 1504
1537 # 1504
1537 # 1504
1537 # 1504
1537 # 1504
1537 # 1504
1537 # 1504
1537 # 1504
1537 # 1504
1537 # 1504
1537 # 1504
1537 # 1504
1537 # 1504
1537 # 1504
1537 # 1504
1537 # 1504
1537 # 1504
1537 # 1504
1537 # 1504
1537 # 1504
1537 # 1504
1537 # 1504
1537 # 1504
1537 # 1504
1537 # 1504
1537 # 1504
1537 # 1504
1537 # 1504
1537 # 1504
1537 # 1504
1537 # 1504
1537 # 1504
1537 # 1504
1537 # 1504
1537 # 1504
1537 # 1504
1537 # 1504
1537 # 1504
1537 # 1504
2066 + 40
3037 # 1504
3037 - 40 971
3037 # 1504
3037 # 1504
3037 # 1504
3037 # 1504
3037 # 1504
3037 # 1504
3037 # 1504
3037 # 1504
3037 # 1504
3037 # 1504
3037 # 1504
3037 # 1504
3037 # 1504
3037 # 1504
3037 # 1504
3037 # 1504
3037 # 1504
3037 # 1504
3037 # 1504
3037 # 1504
3037 # 1504
3037 # 1504
3037 # 1504
3037 # 1504
3037 # 1504
3037 # 1504
3037 # 1504
3037 # 1504
3037 # 1504
3037 # 1504
3037 # 1504
3037 # 1504
3037 # 1504
3037 # 1504
3037 # 1504
3037 # 1504
3037 # 1504
3037 # 1504
3037 # 1504
3037 # 1504
3037 # 1504
3037 # 1504
3037 # 1504
3037 # 1504
3037 # 1504
3037 # 1504
3037 # 1504
3037 # 1504
3037 # 1504
3037 # 1504
3037 # 1504
3037 # 1504
3037 # 1504
3037 # 1504
3037 # 1504
3037 # 1504
3037 # 1504
3037 # 1504
3037 # 1504
3037 # 1504
3037 # 1504
3037 # 1504
3037 # 1504
3037 # 1504
3037 # 1504
3037 # 1504
3037 # 1504
3037 # 1504
3037 # 1504
3037 # 1504
3037 # 1504
3037 # 1504
3037 # 1504
3037 # 1504
3037 # 1504
3037 # 1504
3037 # 1504
3037 # 1504
3037 # 1504
3037 # 1504
3037 # 1504
3037 # 1504
4537 # 1504
4537 # 1504
4537 # 1504
4537 # 1504
4537 # 1504
4537 # 1504
4537 # 1504
4537 # 1504
4537 # 1504
4537 # 1504
4537 # 1504
4537 # 1504
4537 # 1504
4537 # 1504
4537 # 1504
4537 # 1504
4537 # 1504
4537 # 1504
4537 # 1504
4537 # 1504
4537 # 1504
4537 # 1504
4537 # 1504
4537 # 1504
4537 # 1504
4537 # 1504
4537 # 1504
4537 # 1504
4537 # 1504
4537 # 1504
4537 # 1504
4537 # 1504
4537 # 1504
4537 # 1504
4537 # 1504
4537 # 1504
4537 # 1504
4537 # 1504
4537 # 1504
4537 # 1504
4537 # 1504
4537 # 1504
4537 # 1504
4537 # 1504
4537 # 1504
4537 # 1504
4537 # 1504
4537 # 1504
4537 # 1504
4537 # 1504
4537 # 1504
4537 # 1504
4537 # 1504
4537 # 1504
4537 # 1504
4537 # 1504
4537 # 1504
4537 # 1504
4537 # 1504
4537 # 1504
4537 # 1504
4537 # 1504
4537 # 1504
4537 # 1504
4537 # 1504
4537 # 1504
4537 # 1504
4537 # 1504
4537 # 1504
4537 # 1504
4537 # 1504
4537 # 1504
4537 # 1504
4537 # 1504
4537 # 1504
4537 # 1504
4537 # 1504
4537 # 1504
4537 # 1504
4537 # 1504
4537 # 1504
4537 # 1504
4537 # 1504
4770 + 52
6037 # 1504
6037 - 52 1267
6037 # 1504
6037 # 1504
6037 # 1504
6037 # 1504
6037 # 1504
6037 # 1504
6037 # 1504
6037 # 1504
6037 # 1504
6037 # 1504
6037 # 1504
6037 # 1504
6037 # 1504
6037 # 1504
6037 # 1504
6037 # 1504
6037 # 1504
6037 # 1504
6037 # 1504
6037 # 1504
6037 # 1504
6037 # 1504
6037 # 1504
6037 # 1504
6037 # 1504
6037 # 1504
6037 # 1504
6037 # 1504
6037 # 1504
6037 # 1504
6037 # 1504
6037 # 1504
6037 # 1504
6037 # 1504
6037 # 1504
6037 # 1504
6037 # 1504
6037 # 1504
6037 # 1504
6037 # 1504
6037 # 1504
6037 # 1504
6037 # 1504
6037 # 1504
6037 # 1504
6037 # 1504
6037 # 1504
6037 # 1504
6037 # 1504
6037 # 1504
6037 # 1504
6037 # 1504
6037 # 1504
6037 # 1504
6037 # 1504
6037 # 1504
6037 # 1504
6037 # 1504
6037 # 1504
6037 # 1504
6037 # 1504
6037 # 1504
6037 # 1504
6037 # 1504
6037 # 1504
6037 # 1504
6037 # 1504
6037 # 1504
6037 # 1504
6037 # 1504
6037 # 1504
6037 # 1504
6037 # 1504
6037 # 1504
6037 # 1504
6037 # 1504
6037 # 1504
6037 # 1504
6037 # 1504
6037 # 1504
6037 # 1504
6037 # 1504
6089 + 100
7137 + 100
7537 # 1504
7537 - 100 1448
7537 - 100 400
7537 # 1504
7537 # 1504
7537 # 1504
7537 # 1504
7537 # 1504
7537 # 1504
7537 # 1504
7537 # 1504
7537 # 1504
7537 # 1504
7537 # 1504
7537 # 1504
7537 # 1504
7537 # 1504
7537 # 1504
7537 # 1504
7537 # 1504
7537 # 1504
7537 # 1504
7537 # 1504
7537 # 1504
7537 # 1504
7537 # 1504
7537 # 1504
7537 # 1504
7537 # 1504
7537 # 1504
7537 # 1504
7537 # 1504
7537 # 1504
7537 # 1504
7537 # 1504
7537 # 1504
7537 # 1504
7537 # 1504
7537 # 1504
7537 # 1504
7537 # 1504
7537 # 1504
7537 # 1504
7537 # 1504
7537 # 1504
7537 # 1504
7537 # 1504
7537 # 1504
7537 # 1504
7537 # 1504
7537 # 1504
7537 # 1504
7537 # 1504
7537 # 1504
7537 # 1504
7537 # 1504
7537 # 1504
7537 # 1504
7537 # 1504
7537 # 1504
7537 # 1504
7537 # 1504
7537 # 1504
7537 # 1504
7537 # 1504
7537 # 1504
7537 # 1504
7537 # 1504
7537 # 1504
7537 # 1504
7537 # 1504
7537 # 1504
7537 # 1504
7537 # 1504
7537 # 1504
7537 # 1504
7537 # 1504
7537 # 1504
7537 # 1504
7537 # 1504
7537 # 1504
7537 # 1504
7537 # 1504
7537 # 1504
7537 # 1504
8160 + 100
9037 # 1504
9037 - 100 877
9037 # 1504
9037 # 1504
9037 # 1504
9037 # 1504
9037 # 1504
9037 # 1504
9037 # 1504
9037 # 1504
9037 # 1504
9037 # 1504
9037 # 1504
9037 # 1504
9037 # 1504
9037 # 1504
9037 # 1504
9037 # 1504
9037 # 1504
9037 # 1504
9037 # 1504
9037 # 1504
9037 # 1504
9037 # 1504
9037 # 1504
9037 # 1504
9037 # 1504
9037 # 1504
9037 # 1504
9037 # 1504
9037 # 1504
9037 # 1504
9037 # 1504
9037 # 1504
9037 # 1504
9037 # 1504
9037 # 1504
9037 # 1504
9037 # 1504
9037 # 1504
9037 # 1504
9037 # 1504
9037 # 1504
9037 # 1504
9037 # 1504
9037 # 1504
9037 # 1504
9037 # 1504
9037 # 1504
9037 # 1504
9037 # 1504
9037 # 1504
9037 # 1504
9037 # 1504
9037 # 1504
9037 # 1504
9037 # 1504
9037 # 1504
9037 # 1504
9037 # 1504
9037 # 1504
9037 # 1504
9037 # 1504
9037 # 1504
9037 # 1504
9037 # 1504
9037 # 1504
9037 # 1504
9037 # 1504
9037 # 1504
9037 # 1504
9037 # 1504
9037 # 1504
9037 # 1504
9037 # 1504
9037 # 1504
9037 # 1504
9037 # 1504
9037 # 1504
9037 # 1504
9037 # 1504
9037 # 1504
9037 # 1504
9037 # 1504
9039 + 92
9039 + 92
9040 + 152
9040 + 1504
9040 + 1504
9040 + 1504
9040 + 1504
9040 + 1504
9040 + 1504
9040 + 1504
9040 + 1504
9040 + 1504
10537 # 1504
10537 - 92 1498
10537 - 92 1498
10537 - 152 1497
10537 # 1504
10537 - 1504 1497
10537 # 1504
10537 - 1504 1497
10537 # 1504
10537 - 1504 1497
10537 # 1504
10537 - 1504 1497
10537 # 1504
10537 - 1504 1497
10537 # 1504
10537 - 1504 1497
10537 # 1504
10537 - 1504 1497
10537 # 1504
10537 - 1504 1497
10537 # 1504
10537 - 1504 1497
10537 # 1504
10537 # 1504
10537 # 1504
10537 # 1504
10537 # 1504
10537 # 1504
10537 # 1504
10537 # 1504
10537 # 1504
10537 # 1504
10537 # 1504
10537 # 1504
10537 # 1504
10537 # 1504
10537 # 1504
10537 # 1504
10537 # 1504
10537 # 1504
10537 # 1504
10537 # 1504
10537 # 1504
10537 # 1504
10537 # 1504
10537 # 1504
10537 # 1504
10537 # 1504
10537 # 1504
10537 # 1504
10537 # 1504
10537 # 1504
10537 # 1504
10537 # 1504
10537 # 1504
10537 # 1504
10537 # 1504
10537 # 1504
10537 # 1504
10537 # 1504
10537 # 1504
10537 # 1504
10537 # 1504
10537 # 1504
10537 # 1504
10537 # 1504
10537 # 1504
10537 # 1504
10537 # 1504
10537 # 1504
10537 # 1504
10537 # 1504
10537 # 1504
10537 # 1504
10537 # 1504
10537 # 1504
10537 # 1504
10537 # 1504
10537 # 1504
10537 # 1504
10537 # 1504
10537 # 1504
10537 # 1504
10537 # 1504
10537 # 1504
10537 # 1504
10537 # 1504
10537 # 1504
10537 # 1504
10537 # 1504
10537 # 1504
10537 # 1504
10537 # 1504
10537 # 1504
10537 # 1504
10539 + 92
12037 # 1504
12037 - 92 1498
12037 # 1504
12037 # 1504
12037 # 1504
12037 # 1504
12037 # 1504
12037 # 1504
12037 # 1504
12037 # 1504
12037 # 1504
12037 # 1504
12037 # 1504
12037 # 1504
12037 # 1504
12037 # 1504
12037 # 1504
12037 # 1504
12037 # 1504
12037 # 1504
12037 # 1504
12037 # 1504
12037 # 1504
12037 # 1504
12037 # 1504
12037 # 1504
12037 # 1504
12037 # 1504
12037 # 1504
12037 # 1504
12037 # 1504
12037 # 1504
12037 # 1504
12037 # 1504
12037 # 1504
12037 # 1504
12037 # 1504
12037 # 1504
12037 # 1504
12037 # 1504
12037 # 1504
12037 # 1504
12037 # 1504
12037 # 1504
12037 # 1504
12037 # 1504
12037 # 1504
12037 # 1504
12037 # 1504
12037 # 1504
12037 # 1504
12037 # 1504
12037 # 1504
12037 # 1504
12037 # 1504
12037 # 1504
12037 # 1504
12037 # 1504
12037 # 1504
12037 # 1504
12037 # 1504
12037 # 1504
12037 # 1504
12037 # 1504
12037 # 1504
12037 # 1504
12037 # 1504
12037 # 1504
12037 # 1504
12037 # 1504
12037 # 1504
12037 # 1504
12037 # 1504
12037 # 1504
12037 # 1504
12037 # 1504
12037 # 1504
12037 # 1504
12037 # 1504
12037 # 1504
12037 # 1504
12037 # 1504
12037 # 1504
12037 # 1504
12039 + 1504
12040 + 1504
12177 + 1504
12177 + 1504
12425 + 1504
12425 + 1504
12649 + 92
12649 + 1504
12649 + 1504
12800 + 1504
12800 + 1504
12949 + 1504
12949 + 1504
13098 + 1504
13099 + 1504
13249 + 1504
13249 + 1504
13398 + 1504
13398 + 1504
13537 # 1504
13537 - 1504 1498
13537 # 1504
13537 - 1504 1497
13537 # 1504
13537 - 1504 1360
13537 # 1504
13537 - 1504 1360
13537 # 1504
13537 - 1504 1112
13537 # 1504
13537 - 1504 1112
13537 # 1504
13537 - 92 888
13537 # 1504
13537 - 1504 888
13537 # 1504
13537 - 1504 888
13537 # 1504
13537 - 1504 737
13537 # 1504
13537 - 1504 737
13537 # 1504
13537 - 1504 588
13537 # 1504
13537 - 1504 588
13537 # 1504
13537 - 1504 439
13537 # 1504
13537 - 1504 438
13537 # 1504
13537 - 1504 288
13537 # 1504
13537 - 1504 288
13537 # 1504
13537 - 1504 139
13537 # 1504
13537 - 1504 139
13537 # 1504
13537 # 1504
13537 # 1504
13537 # 1504
13537 # 1504
13537 # 1504
13537 # 1504
13537 # 1504
13537 # 1504
13537 # 1504
13537 # 1504
13537 # 1504
13537 # 1504
13537 # 1504
13537 # 1504
13537 # 1504
13537 # 1504
13537 # 1504
13537 # 1504
13537 # 1504
13537 # 1504
13537 # 1504
13537 # 1504
13537 # 1504
13537 # 1504
13537 # 1504
13537 # 1504
13537 # 1504
13537 # 1504
13537 # 1504
13537 # 1504
13537 # 1504
13537 # 1504
13537 # 1504
13537 # 1504
13537 # 1504
13537 # 1504
13537 # 1504
13537 # 1504
13537 # 1504
13537 # 1504
13537 # 1504
13537 # 1504
13537 # 1504
13537 # 1504
13537 # 1504
13537 # 1504
13537 # 1504
13537 # 1504
13537 # 1504
13537 # 1504
13537 # 1504
13537 # 1504
13537 # 1504
13537 # 1504
13537 # 1504
13537 # 1504
13537 # 1504
13537 # 1504
13537 # 1504
13537 # 1504
13537 # 1504
13537 # 1504
13537 # 1504
13545 + 1504
13545 + 1504
13985 + 52
15037 # 1504
15037 - 1504 1492
15037 # 1504
15037 - 1504 1492
15037 # 1504
15037 - 52 1052
15037 # 1504
15037 # 1504
15037 # 1504
15037 # 1504
15037 # 1504
15037 # 1504
15037 # 1504
15037 # 1504
15037 # 1504
15037 # 1504
15037 # 1504
15037 # 1504
15037 # 1504
15037 # 1504
15037 # 1504
15037 # 1504
15037 # 1504
15037 # 1504
15037 # 1504
15037 # 1504
15037 # 1504
15037 # 1504
15037 # 1504
15037 # 1504
15037 # 1504
15037 # 1504
15037 # 1504
15037 # 1504
15037 # 1504
15037 # 1504
15037 # 1504
15037 # 1504
15037 # 1504
15037 # 1504
15037 # 1504
15037 # 1504
15037 # 1504
15037 # 1504
15037 # 1504
15037 # 1504
15037 # 1504
15037 # 1504
15037 # 1504
15037 # 1504
15037 # 1504
15037 # 1504
15037 # 1504
15037 # 1504
15037 # 1504
15037 # 1504
15037 # 1504
15037 # 1504
15037 # 1504
15037 # 1504
15037 # 1504
15037 # 1504
15037 # 1504
15037 # 1504
15037 # 1504
15037 # 1504
15037 # 1504
15037 # 1504
15037 # 1504
15037 # 1504
15037 # 1504
15037 # 1504
15037 # 1504
15037 # 1504
15037 # 1504
15037 # 1504
15037 # 1504
15037 # 1504
15037 # 1504
15037 # 1504
15037 # 1504
15037 # 1504
15037 # 1504
15037 # 1504
15037 # 1504
15037 # 1504
15041 + 1504
15041 + 1504
15112 + 1504
15179 + 1504
15179 + 1504
15294 + 1504
15294 + 1504
15408 + 1504
15408 + 1504
15470 + 1504
15470 + 1504
15535 + 1504
15535 + 1504
15597 + 1504
15597 + 1504
15663 + 1504
15663 + 1504
15725 + 1504
15725 + 1504
15792 + 1504
15792 + 1504
15853 + 1504
15853 + 1504
15918 + 1504
15918 + 1504
15979 + 1504
16011 + 1504
16011 + 1504
16075 + 1504
16075 + 1504
16138 + 1504
16138 + 1504
16203 + 1504
16203 + 1504
16266 + 1504
16266 + 1504
16537 # 1504
16537 - 1504 1496
16537 # 1504
16537 - 1504 1496
16537 # 1504
16537 - 1504 1425
16537 # 1504
16537 - 1504 1358
16537 # 1504
16537 - 1504 1358
16537 # 1504
16537 - 1504 1243
16537 # 1504
16537 - 1504 1243
16537 # 1504
16537 - 1504 1129
16537 # 1504
16537 - 1504 1129
16537 # 1504
16537 - 1504 1067
16537 # 1504
16537 - 1504 1067
16537 # 1504
16537 - 1504 1002
16537 # 1504
16537 - 1504 1002
16537 # 1504
16537 - 1504 940
16537 # 1504
16537 - 1504 940
16537 # 1504
16537 - 1504 874
16537 # 1504
16537 - 1504 874
16537 # 1504
16537 - 1504 812
16537 # 1504
16537 - 1504 812
16537 # 1504
16537 - 1504 745
16537 # 1504
16537 - 1504 745
16537 # 1504
16537 - 1504 684
16537 # 1504
16537 - 1504 684
16537 # 1504
16537 - 1504 619
16537 # 1504
16537 - 1504 619
16537 # 1504
16537 - 1504 558
16537 # 1504
16537 - 1504 526
16537 # 1504
16537 - 1504 526
16537 # 1504
16537 - 1504 462
16537 # 1504
16537 - 1504 462
16537 # 1504
16537 - 1504 399
16537 # 1504
16537 - 1504 399
16537 # 1504
16537 - 1504 334
16537 # 1504
16537 - 1504 334
16537 # 1504
16537 - 1504 271
16537 # 1504
16537 - 1504 271
16537 # 1504
16537 # 1504
16537 # 1504
16537 # 1504
16537 # 1504
16537 # 1504
16537 # 1504
16537 # 1504
16537 # 1504
16537 # 1504
16537 # 1504
16537 # 1504
16537 # 1504
16537 # 1504
16537 # 1504
16537 # 1504
16537 # 1504
16537 # 1504
16537 # 1504
16537 # 1504
16537 # 1504
16537 # 1504
16537 # 1504
16537 # 1504
16537 # 1504
16537 # 1504
16537 # 1504
16537 # 1504
16537 # 1504
16537 # 1504
16537 # 1504
16537 # 1504
16537 # 1504
16537 # 1504
16537 # 1504
16537 # 1504
16537 # 1504
16537 # 1504
16537 # 1504
16537 # 1504
16537 # 1504
16537 # 1504
16537 # 1504
16537 # 1504
16537 # 1504
16537 # 1504
16537 # 1504
16539 + 1504
16539 + 1504
16570 + 1504
16570 + 1504
18037 # 1504
18037 - 1504 1498
18037 # 1504
18037 - 1504 1498
18037 # 1504
18037 - 1504 1467
18037 # 1504
18037 - 1504 1467
18037 # 1504
18037 # 1504
18037 # 1504
18037 # 1504
18037 # 1504
18037 # 1504
18037 # 1504
18037 # 1504
18037 # 1504
18037 # 1504
18037 # 1504
18037 # 1504
18037 # 1504
18037 # 1504
18037 # 1504
18037 # 1504
18037 # 1504
18037 # 1504
18037 # 1504
18037 # 1504
18037 # 1504
18037 # 1504
18037 # 1504
18037 # 1504
18037 # 1504
18037 # 1504
18037 # 1504
18037 # 1504
18037 # 1504
18037 # 1504
18037 # 1504
18037 # 1504
18037 # 1504
18037 # 1504
18037 # 1504
18037 # 1504
18037 # 1504
18037 # 1504
18037 # 1504
18037 # 1504
18037 # 1504
18037 # 1504
18037 # 1504
18037 # 1504
18037 # 1504
18037 # 1504
18037 # 1504
18037 # 1504
18037 # 1504
18037 # 1504
18037 # 1504
18037 # 1504
18037 # 1504
18037 # 1504
18037 # 1504
18037 # 1504
18037 # 1504
18037 # 1504
18037 # 1504
18037 # 1504
18037 # 1504
18037 # 1504
18037 # 1504
18037 # 1504
18037 # 1504
18037 # 1504
18037 # 1504
18037 # 1504
18037 # 1504
18037 # 1504
18037 # 1504
18037 # 1504
18037 # 1504
18037 # 1504
18037 # 1504
18037 # 1504
18037 # 1504
18037 # 1504
18037 # 1504
18041 + 1504
18041 + 1504
18074 + 1504
18074 + 1504
18133 + 1504
18133 + 1504
18192 + 1504
18192 + 1504
18220 + 1504
18220 + 1504
18250 + 1504
18250 + 1504
18277 + 1504
18277 + 1504
18309 + 1504
18309 + 1504
18335 + 1504
18335 + 1504
18367 + 1504
18367 + 1504
18393 + 1504
18393 + 1504
18423 + 1504
18423 + 1504
18451 + 1504
18451 + 1504
18478 + 1504
18478 + 1504
18509 + 1504
18509 + 1504
18536 + 1504
18536 + 1504
18564 + 1504
18564 + 1504
18594 + 1504
18594 + 1504
18621 + 1504
18621 + 1504
18652 + 1504
18652 + 1504
18679 + 1504
18679 + 1504
18709 + 1504
18709 + 1504
18736 + 1504
18736 + 1504
18764 + 1504
18764 + 1504
18796 + 1504
18796 + 1504
18822 + 1504
18822 + 1504
18850 + 1504
18850 + 1504
18880 + 1504
18880 + 1504
18907 + 1504
18907 + 1504
18938 + 1504
18938 + 1504
18965 + 1504
18965 + 1504
18996 + 1504
18996 + 1504
19022 + 1504
19023 + 1504
19051 + 1504
19051 + 1504
19080 + 1504
19080 + 1504
19107 + 1504
19107 + 1504
19537 # 1504
19537 - 1504 1496
19537 # 1504
19537 - 1504 1496
19537 # 1504
19537 - 1504 1463
19537 # 1504
19537 - 1504 1463
19537 # 1504
19537 - 1504 1404
19537 # 1504
19537 - 1504 1404
19537 # 1504
19537 - 1504 1345
19537 # 1504
19537 - 1504 1345
19537 # 1504
19537 - 1504 1317
19537 # 1504
19537 - 1504 1317
19537 # 1504
19537 - 1504 1287
19537 # 1504
19537 - 1504 1287
19537 # 1504
19537 - 1504 1260
19537 # 1504
19537 - 1504 1260
19537 # 1504
19537 - 1504 1228
19537 # 1504
19537 - 1504 1228
19537 # 1504
19537 - 1504 1202
19537 # 1504
19537 - 1504 1202
19537 # 1504
19537 - 1504 1170
19537 # 1504
19537 - 1504 1170
19537 # 1504
19537 - 1504 1144
19537 # 1504
19537 - 1504 1144
19537 # 1504
19537 - 1504 1114
19537 # 1504
19537 - 1504 1114
19537 # 1504
19537 - 1504 1086
19537 # 1504
19537 - 1504 1086
19537 # 1504
19537 - 1504 1059
19537 # 1504
19537 - 1504 1059
19537 # 1504
19537 - 1504 1028
19537 # 1504
19537 - 1504 1028
19537 # 1504
19537 - 1504 1001
19537 # 1504
19537 - 1504 1001
19537 # 1504
19537 - 1504 973
19537 # 1504
19537 - 1504 973
19537 # 1504
19537 - 1504 943
19537 # 1504
19537 - 1504 943
19537 # 1504
19537 - 1504 916
19537 # 1504
19537 - 1504 916
19537 # 1504
19537 - 1504 885
19537 # 1504
19537 - 1504 885
19537 # 1504
19537 - 1504 858
19537 # 1504
19537 - 1504 858
19537 # 1504
19537 - 1504 828
19537 # 1504
19537 - 1504 828
19537 # 1504
19537 - 1504 801
19537 # 1504
19537 - 1504 801
19537 # 1504
19537 - 1504 773
19537 # 1504
19537 - 1504 773
19537 # 1504
19537 - 1504 741
19537 # 1504
19537 - 1504 741
19537 # 1504
19537 - 1504 715
19537 # 1504
19537 - 1504 715
19537 # 1504
19537 - 1504 687
19537 # 1504
19537 - 1504 687
19537 # 1504
19537 - 1504 657
19537 # 1504
19537 - 1504 657
19537 # 1504
19537 - 1504 630
19537 # 1504
19537 - 1504 630
19537 # 1504
19537 - 1504 599
19537 # 1504
19537 - 1504 599
19537 # 1504
19537 - 1504 572
19537 # 1504
19537 - 1504 572
19537 # 1504
19537 - 1504 541
19537 # 1504
19537 - 1504 541
19537 # 1504
19537 - 1504 515
19537 # 1504
19537 - 1504 514
19537 # 1504
19537 - 1504 486
19537 # 1504
19537 - 1504 486
19537 # 1504
19537 - 1504 457
19537 # 1504
19537 - 1504 457
19537 # 1504
19537 - 1504 430
19537 # 1504
19537 - 1504 430
19537 # 1504
19537 # 1504
19537 # 1504
19537 # 1504
19537 # 1504
19537 # 1504
19537 # 1504
19537 # 1504
19537 # 1504
19537 # 1504
19537 # 1504
19547 + 1504
19551 + 1504
19551 + 1504
19574 + 1504
19574 + 1504
19603 + 1504
19603 + 1504
21037 # 1504
21037 - 1504 1490
21037 # 1504
21037 - 1504 1486
21037 # 1504
21037 - 1504 1486
21037 # 1504
21037 - 1504 1463
21037 # 1504
21037 - 1504 1463
21037 # 1504
21037 - 1504 1434
21037 # 1504
21037 - 1504 1434
21037 # 1504
21037 # 1504
21037 # 1504
21037 # 1504
21037 # 1504
21037 # 1504
21037 # 1504
21037 # 1504
21037 # 1504
21037 # 1504
21037 # 1504
21037 # 1504
21037 # 1504
21037 # 1504
21037 # 1504
21037 # 1504
21037 # 1504
21037 # 1504
21037 # 1504
21037 # 1504
21037 # 1504
21037 # 1504
21037 # 1504
21037 # 1504
21037 # 1504
21037 # 1504
21037 # 1504
21037 # 1504
21037 # 1504
21037 # 1504
21037 # 1504
21037 # 1504
21037 # 1504
21037 # 1504
21037 # 1504
21037 # 1504
21037 # 1504
21037 # 1504
21037 # 1504
21037 # 1504
21037 # 1504
21037 # 1504
21037 # 1504
21037 # 1504
21037 # 1504
21037 # 1504
21037 # 1504
21037 # 1504
21037 # 1504
21037 # 1504
21037 # 1504
21037 # 1504
21037 # 1504
21037 # 1504
21037 # 1504
21037 # 1504
21037 # 1504
21037 # 1504
21037 # 1504
21037 # 1504
21037 # 1504
21037 # 1504
21037 # 1504
21037 # 1504
21037 # 1504
21037 # 1504
21037 # 1504
21037 # 1504
21037 # 1504
21037 # 1504
21037 # 1504
21037 # 1504
21037 # 1504
21037 # 1504
21037 # 1504
21037 # 1504
21041 + 1504
21041 + 1504
21070 + 1504
21070 + 1504
21123 + 1504
21123 + 1504
21173 + 1504
21173 + 1504
21220 + 1504
21220 + 1504
21270 + 1504
21270 + 1504
21315 + 1504
21315 + 1504
21364 + 1504
21364 + 1504
21409 + 1504
21409 + 1504
21456 + 1504
21456 + 1504
21505 + 1504
21505 + 1504
21550 + 1504
21550 + 1504
21598 + 1504
21598 + 1504
21644 + 1504
21644 + 1504
21691 + 1504
21716 + 1504
21716 + 1504
21761 + 1504
21761 + 1504
21812 + 1504
21812 + 1504
21858 + 1504
21858 + 1504
21903 + 1504
21903 + 1504
21953 + 1504
21953 + 1504
21999 + 1504
21999 + 1504
22044 + 1504
22044 + 1504
22093 + 1504
22093 + 1504
22140 + 1504
22140 + 1504
22186 + 1504
22186 + 1504
22233 + 1504
22233 + 1504
22282 + 1504
22282 + 1504
22328 + 1504
22328 + 1504
22376 + 1504
22376 + 1504
22423 + 1504
22423 + 1504
22470 + 1504
22470 + 1504
22518 + 1504
22518 + 1504
22537 # 1504
22537 - 1504 1496
22537 # 1504
22537 - 1504 1496
22537 # 1504
22537 - 1504 1467
22537 # 1504
22537 - 1504 1467
22537 # 1504
22537 - 1504 1414
22537 # 1504
22537 - 1504 1414
22537 # 1504
22537 - 1504 1364
22537 # 1504
22537 - 1504 1364
22537 # 1504
22537 - 1504 1317
22537 # 1504
22537 - 1504 1317
22537 # 1504
22537 - 1504 1267
22537 # 1504
22537 - 1504 1267
22537 # 1504
22537 - 1504 1222
22537 # 1504
22537 - 1504 1222
22537 # 1504
22537 - 1504 1173
22537 # 1504
22537 - 1504 1173
22537 # 1504
22537 - 1504 1128
22537 # 1504
22537 - 1504 1128
22537 # 1504
22537 - 1504 1081
22537 # 1504
22537 - 1504 1081
22537 # 1504
22537 - 1504 1032
22537 # 1504
22537 - 1504 1032
22537 # 1504
22537 - 1504 987
22537 # 1504
22537 - 1504 987
22537 # 1504
22537 - 1504 939
22537 # 1504
22537 - 1504 939
22537 # 1504
22537 - 1504 893
22537 # 1504
22537 - 1504 893
22537 # 1504
22537 - 1504 846
22537 # 1504
22537 - 1504 821
22537 # 1504
22537 - 1504 821
22537 # 1504
22537 - 1504 776
22537 # 1504
22537 - 1504 776
22537 # 1504
22537 - 1504 725
22537 # 1504
22537 - 1504 725
22537 # 1504
22537 - 1504 679
22537 # 1504
22537 - 1504 679
22537 # 1504
22537 - 1504 634
22537 # 1504
22537 - 1504 634
22537 # 1504
22537 - 1504 584
22537 # 1504
22537 - 1504 584
22537 # 1504
22537 - 1504 538
22537 # 1504
22537 - 1504 538
22537 # 1504
22537 - 1504 493
22537 # 1504
22537 - 1504 493
22537 # 1504
22537 - 1504 444
22537 # 1504
22537 - 1504 444
22537 # 1504
22537 - 1504 397
22537 # 1504
22537 - 1504 397
22537 # 1504
22537 - 1504 351
22537 # 1504
22537 - 1504 351
22537 # 1504
22537 - 1504 304
22537 # 1504
22537 - 1504 304
22537 # 1504
22537 - 1504 255
22537 # 1504
22537 - 1504 255
22537 # 1504
22537 - 1504 209
22537 # 1504
22537 - 1504 209
22537 # 1504
22537 - 1504 161
22537 # 1504
22537 - 1504 161
22537 # 1504
22537 - 1504 114
22537 # 1504
22537 - 1504 114
22537 # 1504
22537 - 1504 67
22537 # 1504
22537 - 1504 67
22537 # 1504
22537 - 1504 19
22537 # 1504
22537 - 1504 19
22537 # 1504
22537 # 1504
22537 # 1504
22537 # 1504
22537 # 1504
22537 # 1504
22537 # 1504
22537 # 1504
22537 # 1504
22537 # 1504
22537 # 1504
22537 # 1504
22537 # 1504
22537 # 1504
22537 # 1504
22537 # 1504
22537 # 1504
22537 # 1504
22563 + 1504
22563 + 1504
22611 + 1504
22611 + 1504
22662 + 1504
22663 + 1504
22722 + 1504
22722 + 1504
22776 + 1504
22777 + 1504
24037 # 1504
24037 - 1504 1474
24037 # 1504
24037 - 1504 1474
24037 # 1504
24037 - 1504 1426
24037 # 1504
24037 - 1504 1426
24037 # 1504
24037 - 1504 1375
24037 # 1504
24037 - 1504 1374
24037 # 1504
24037 - 1504 1315
24037 # 1504
24037 - 1504 1315
24037 # 1504
24037 - 1504 1261
24037 # 1504
24037 - 1504 1260
24037 # 1504
24037 # 1504
24037 # 1504
24037 # 1504
24037 # 1504
24037 # 1504
24037 # 1504
24037 # 1504
24037 # 1504
24037 # 1504
24037 # 1504
24037 # 1504
24037 # 1504
24037 # 1504
24037 # 1504
24037 # 1504
24037 # 1504
24037 # 1504
24037 # 1504
24037 # 1504
24037 # 1504
24037 # 1504
24037 # 1504
24037 # 1504
24037 # 1504
24037 # 1504
24037 # 1504
24037 # 1504
24037 # 1504
24037 # 1504
24037 # 1504
24037 # 1504
24037 # 1504
24037 # 1504
24037 # 1504
24037 # 1504
24037 # 1504
24037 # 1504
24037 # 1504
24037 # 1504
24037 # 1504
24037 # 1504
24037 # 1504
24037 # 1504
24037 # 1504
24037 # 1504
24037 # 1504
24037 # 1504
24037 # 1504
24037 # 1504
24037 # 1504
24037 # 1504
24037 # 1504
24037 # 1504
24037 # 1504
24037 # 1504
24037 # 1504
24037 # 1504
24037 # 1504
24037 # 1504
24037 # 1504
24037 # 1504
24037 # 1504
24037 # 1504
24037 # 1504
24037 # 1504
24037 # 1504
24037 # 1504
24037 # 1504
24037 # 1504
24037 # 1504
24037 # 1504
24037 # 1504
24042 + 1504
24057 + 1504
24057 + 1504
24121 + 1504
24121 + 1504
24186 + 1504
24186 + 1504
24221 + 1504
24221 + 1504
24260 + 1504
24260 + 1504
24298 + 1504
24298 + 1504
24336 + 1504
24336 + 1504
24374 + 1504
24374 + 1504
24412 + 1504
24412 + 1504
24451 + 1504
24451 + 1504
24489 + 1504
24489 + 1504
24527 + 1504
24527 + 1504
24565 + 1504
24565 + 1504
24600 + 1504
24600 + 1504
24638 + 1504
24638 + 1504
24677 + 1504
24677 + 1504
24713 + 1504
24713 + 1504
24752 + 1504
24752 + 1504
24790 + 1504
24790 + 1504
24827 + 1504
24827 + 1504
24866 + 1504
24866 + 1504
24904 + 1504
24904 + 1504
24943 + 1504
24963 + 1504
24963 + 1504
25001 + 1504
25001 + 1504
25037 + 1504
25037 + 1504
25073 + 1504
25073 + 1504
25111 + 1504
25111 + 1504
25149 + 1504
25149 + 1504
25188 + 1504
25188 + 1504
25226 + 1504
25226 + 1504
25265 + 1504
25265 + 1504
25537 # 1504
25537 - 1504 1495
25537 # 1504
25537 - 1504 1480
25537 # 1504
25537 - 1504 1480
25537 # 1504
25537 - 1504 1416
25537 # 1504
25537 - 1504 1416
25537 # 1504
25537 - 1504 1351
25537 # 1504
25537 - 1504 1351
25537 # 1504
25537 - 1504 1316
25537 # 1504
25537 - 1504 1316
25537 # 1504
25537 - 1504 1277
25537 # 1504
25537 - 1504 1277
25537 # 1504
25537 - 1504 1239
25537 # 1504
25537 - 1504 1239
25537 # 1504
25537 - 1504 1201
25537 # 1504
25537 - 1504 1201
25537 # 1504
25537 - 1504 1163
25537 # 1504
25537 - 1504 1163
25537 # 1504
25537 - 1504 1125
25537 # 1504
25537 - 1504 1125
25537 # 1504
25537 - 1504 1086
25537 # 1504
25537 - 1504 1086
25537 # 1504
25537 - 1504 1048
25537 # 1504
25537 - 1504 1048
25537 # 1504
25537 - 1504 1010
25537 # 1504
25537 - 1504 1010
25537 # 1504
25537 - 1504 972
25537 # 1504
25537 - 1504 972
25537 # 1504
25537 - 1504 937
25537 # 1504
25537 - 1504 937
25537 # 1504
25537 - 1504 899
25537 # 1504
25537 - 1504 899
25537 # 1504
25537 - 1504 860
25537 # 1504
25537 - 1504 860
25537 # 1504
25537 - 1504 824
25537 # 1504
25537 - 1504 824
25537 # 1504
25537 - 1504 785
25537 # 1504
25537 - 1504 785
25537 # 1504
25537 - 1504 747
25537 # 1504
25537 - 1504 747
25537 # 1504
25537 - 1504 710
25537 # 1504
25537 - 1504 710
25537 # 1504
25537 - 1504 671
25537 # 1504
25537 - 1504 671
25537 # 1504
25537 - 1504 633
25537 # 1504
25537 - 1504 633
25537 # 1504
25537 - 1504 594
25537 # 1504
25537 - 1504 574
25537 # 1504
25537 - 1504 574
25537 # 1504
25537 - 1504 536
25537 # 1504
25537 - 1504 536
25537 # 1504
25537 - 1504 500
25537 # 1504
25537 - 1504 500
25537 # 1504
25537 - 1504 464
25537 # 1504
25537 - 1504 464
25537 # 1504
25537 - 1504 426
25537 # 1504
25537 - 1504 426
25537 # 1504
25537 - 1504 388
25537 # 1504
25537 - 1504 388
25537 # 1504
25537 - 1504 349
25537 # 1504
25537 - 1504 349
25537 # 1504
25537 - 1504 311
25537 # 1504
25537 - 1504 311
25537 # 1504
25537 - 1504 272
25537 # 1504
25537 - 1504 272
25537 # 1504
25537 # 1504
25537 # 1504
25537 # 1504
25537 # 1504
25537 # 1504
25537 # 1504
25537 # 1504
25537 # 1504
25537 # 1504
25537 # 1504
25537 # 1504
25537 # 1504
25537 # 1504
25537 # 1504
25537 # 1504
25537 # 1504
25537 # 1504
25537 # 1504
25540 + 1504
25550 + 1504
25550 + 1504
25599 + 1504
25599 + 1504
25650 + 1504
25650 + 1504
25708 + 1504
25708 + 1504
27037 # 1504
27037 - 1504 1497
27037 # 1504
27037 - 1504 1487
27037 # 1504
27037 - 1504 1487
27037 # 1504
27037 - 1504 1438
27037 # 1504
27037 - 1504 1438
27037 # 1504
27037 - 1504 1387
27037 # 1504
27037 - 1504 1387
27037 # 1504
27037 - 1504 1329
27037 # 1504
27037 - 1504 1329
27037 # 1504
27037 # 1504
27037 # 1504
27037 # 1504
27037 # 1504
27037 # 1504
27037 # 1504
27037 # 1504
27037 # 1504
27037 # 1504
27037 # 1504
27037 # 1504
27037 # 1504
27037 # 1504
27037 # 1504
27037 # 1504
27037 # 1504
27037 # 1504
27037 # 1504
27037 # 1504
27037 # 1504
27037 # 1504
27037 # 1504
27037 # 1504
27037 # 1504
27037 # 1504
27037 # 1504
27037 # 1504
27037 # 1504
27037 # 1504
27037 # 1504
27037 # 1504
27037 # 1504
27037 # 1504
27037 # 1504
27037 # 1504
27037 # 1504
27037 # 1504
27037 # 1504
27037 # 1504
27037 # 1504
27037 # 1504
27037 # 1504
27037 # 1504
27037 # 1504
27037 # 1504
27037 # 1504
27037 # 1504
27037 # 1504
27037 # 1504
27037 # 1504
27037 # 1504
27037 # 1504
27037 # 1504
27037 # 1504
27037 # 1504
27037 # 1504
27037 # 1504
27037 # 1504
27037 # 1504
27037 # 1504
27037 # 1504
27037 # 1504
27037 # 1504
27037 # 1504
27037 # 1504
27037 # 1504
27037 # 1504
27037 # 1504
27037 # 1504
27037 # 1504
27037 # 1504
27037 # 1504
27037 # 1504
27043 + 1504
27043 + 1504
27074 + 1504
27074 + 1504
27132 + 1504
27132 + 1504
27194 + 1504
27194 + 1504
27237 + 1504
27237 + 1504
27284 + 1504
27284 + 1504
27326 + 1504
27327 + 1504
27371 + 1504
27371 + 1504
27417 + 1504
27417 + 1504
27464 + 1504
27484 + 1504
27484 + 1504
27530 + 1504
27530 + 1504
27573 + 1504
27573 + 1504
27618 + 1504
27618 + 1504
27664 + 1504
27664 + 1504
27708 + 1504
27708 + 1504
27756 + 1504
27756 + 1504
27799 + 1504
27799 + 1504
27846 + 1504
27846 + 1504
27887 + 1504
27887 + 1504
27935 + 1504
27935 + 1504
27979 + 1504
27979 + 1504
28026 + 1504
28026 + 1504
28069 + 1504
28069 + 1504
28112 + 1504
28112 + 1504
28159 + 1504
28159 + 1504
28202 + 1504
28202 + 1504
28249 + 1504
28249 + 1504
28292 + 1504
28292 + 1504
28338 + 1504
28338 + 1504
28383 + 1504
28383 + 1504
28428 + 1504
28429 + 1504
28472 + 1504
28472 + 1504
28537 # 1504
28537 - 1504 1494
28537 # 1504
28537 - 1504 1494
28537 # 1504
28537 - 1504 1463
28537 # 1504
28537 - 1504 1463
28537 # 1504
28537 - 1504 1405
28537 # 1504
28537 - 1504 1405
28537 # 1504
28537 - 1504 1343
28537 # 1504
28537 - 1504 1343
28537 # 1504
28537 - 1504 1300
28537 # 1504
28537 - 1504 1300
28537 # 1504
28537 - 1504 1253
28537 # 1504
28537 - 1504 1253
28537 # 1504
28537 - 1504 1211
28537 # 1504
28537 - 1504 1210
28537 # 1504
28537 - 1504 1166
28537 # 1504
28537 - 1504 1166
28537 # 1504
28537 - 1504 1120
28537 # 1504
28537 - 1504 1120
28537 # 1504
28537 - 1504 1073
28537 # 1504
28537 - 1504 1053
28537 # 1504
28537 - 1504 1053
28537 # 1504
28537 - 1504 1007
28537 # 1504
28537 - 1504 1007
28537 # 1504
28537 - 1504 964
28537 # 1504
28537 - 1504 964
28537 # 1504
28537 - 1504 919
28537 # 1504
28537 - 1504 919
28537 # 1504
28537 - 1504 873
28537 # 1504
28537 - 1504 873
28537 # 1504
28537 - 1504 829
28537 # 1504
28537 - 1504 829
28537 # 1504
28537 - 1504 781
28537 # 1504
28537 - 1504 781
28537 # 1504
28537 - 1504 738
28537 # 1504
28537 - 1504 738
28537 # 1504
28537 - 1504 691
28537 # 1504
28537 - 1504 691
28537 # 1504
28537 - 1504 650
28537 # 1504
28537 - 1504 650
28537 # 1504
28537 - 1504 602
28537 # 1504
28537 - 1504 602
28537 # 1504
28537 - 1504 558
28537 # 1504
28537 - 1504 558
28537 # 1504
28537 - 1504 511
28537 # 1504
28537 - 1504 511
28537 # 1504
28537 - 1504 468
28537 # 1504
28537 - 1504 468
28537 # 1504
28537 - 1504 425
28537 # 1504
28537 - 1504 425
28537 # 1504
28537 - 1504 378
28537 # 1504
28537 - 1504 378
28537 # 1504
28537 - 1504 335
28537 # 1504
28537 - 1504 335
28537 # 1504
28537 - 1504 288
28537 # 1504
28537 - 1504 288
28537 # 1504
28537 - 1504 245
28537 # 1504
28537 - 1504 245
28537 # 1504
28537 - 1504 199
28537 # 1504
28537 - 1504 199
28537 # 1504
28537 - 1504 154
28537 # 1504
28537 - 1504 154
28537 # 1504
28537 - 1504 109
28537 # 1504
28537 - 1504 108
28537 # 1504
28537 - 1504 65
28537 # 1504
28537 - 1504 65
28537 # 1504
28537 # 1504
28537 # 1504
28537 # 1504
28537 # 1504
28537 # 1504
28537 # 1504
28537 # 1504
28537 # 1504
28537 # 1504
28537 # 1504
28537 # 1504
28537 # 1504
28537 # 1504
28537 # 1504
28537 # 1504
28537 # 1504
28537 # 1504
28539 + 1504
28539 + 1504
28567 + 1504
28567 + 1504
28618 + 1504
28618 + 1504
28671 + 1504
28671 + 1504
28726 + 1504
28726 + 1504
30037 # 1504
30037 - 1504 1498
30037 # 1504
30037 - 1504 1498
30037 # 1504
30037 - 1504 1470
30037 # 1504
30037 - 1504 1470
30037 # 1504
30037 - 1504 1419
30037 # 1504
30037 - 1504 1419
30037 # 1504
30037 - 1504 1366
30037 # 1504
30037 - 1504 1366
30037 # 1504
30037 - 1504 1311
30037 # 1504
30037 - 1504 1311
30037 # 1504
30037 # 1504
30037 # 1504
30037 # 1504
30037 # 1504
30037 # 1504
30037 # 1504
30037 # 1504
30037 # 1504
30037 # 1504
30037 # 1504
30037 # 1504
30037 # 1504
30037 # 1504
30037 # 1504
30037 # 1504
30037 # 1504
30037 # 1504
30037 # 1504
30037 # 1504
30037 # 1504
30037 # 1504
30037 # 1504
30037 # 1504
30037 # 1504
30037 # 1504
30037 # 1504
30037 # 1504
30037 # 1504
30037 # 1504
30037 # 1504
30037 # 1504
30037 # 1504
30037 # 1504
30037 # 1504
30037 # 1504
30037 # 1504
30037 # 1504
30037 # 1504
30037 # 1504
30037 # 1504
30037 # 1504
30037 # 1504
30037 # 1504
30037 # 1504
30037 # 1504
30037 # 1504
30037 # 1504
30037 # 1504
30037 # 1504
30037 # 1504
30037 # 1504
30037 # 1504
30037 # 1504
30037 # 1504
30037 # 1504
30037 # 1504
30037 # 1504
30037 # 1504
30037 # 1504
30037 # 1504
30037 # 1504
30037 # 1504
30037 # 1504
30037 # 1504
30037 # 1504
30037 # 1504
30037 # 1504
30037 # 1504
30037 # 1504
30037 # 1504
30037 # 1504
30037 # 1504
30039 + 1504
30039 + 1504
30070 + 1504
30070 + 1504
30128 + 1504
30128 + 1504
30187 + 1504
30187 + 1504
30232 + 1504
30232 + 1504
30273 + 1504
30273 + 1504
30320 + 1504
30320 + 1504
30362 + 1504
30362 + 1504
30404 + 1504
30405 + 1504
30448 + 1504
30448 + 1504
30494 + 1504
30494 + 1504
30537 + 1504
30537 + 1504
30580 + 1504
30581 + 1504
30626 + 1504
30626 + 1504
30668 + 1504
30668 + 1504
30713 + 1504
30713 + 1504
30755 + 1504
30755 + 1504
30800 + 1504
30800 + 1504
30843 + 1504
30843 + 1504
30887 + 1504
30887 + 1504
30934 + 1504
30934 + 1504
30975 + 1504
30975 + 1504
31021 + 1504
31021 + 1504
31062 + 1504
31062 + 1504
31108 + 1504
31108 + 1504
31151 + 1504
31151 + 1504
31197 + 1504
31197 + 1504
31239 + 1504
31239 + 1504
31284 + 1504
31284 + 1504
31329 + 1504
31330 + 1504
31370 + 1504
31370 + 1504
31416 + 1504
31416 + 1504
31537 # 1504
31537 - 1504 1498
31537 # 1504
31537 - 1504 1498
31537 # 1504
31537 - 1504 1467
31537 # 1504
31537 - 1504 1467
31537 # 1504
31537 - 1504 1409
31537 # 1504
31537 - 1504 1409
31537 # 1504
31537 - 1504 1350
31537 # 1504
31537 - 1504 1350
31537 # 1504
31537 - 1504 1305
31537 # 1504
31537 - 1504 1305
31537 # 1504
31537 - 1504 1264
31537 # 1504
31537 - 1504 1264
31537 # 1504
31537 - 1504 1217
31537 # 1504
31537 - 1504 1217
31537 # 1504
31537 - 1504 1175
31537 # 1504
31537 - 1504 1175
31537 # 1504
31537 - 1504 1133
31537 # 1504
31537 - 1504 1132
31537 # 1504
31537 - 1504 1089
31537 # 1504
31537 - 1504 1089
31537 # 1504
31537 - 1504 1043
31537 # 1504
31537 - 1504 1043
31537 # 1504
31537 - 1504 1000
31537 # 1504
31537 - 1504 1000
31537 # 1504
31537 - 1504 957
31537 # 1504
31537 - 1504 956
31537 # 1504
31537 - 1504 911
31537 # 1504
31537 - 1504 911
31537 # 1504
31537 - 1504 869
31537 # 1504
31537 - 1504 869
31537 # 1504
31537 - 1504 824
31537 # 1504
31537 - 1504 824
31537 # 1504
31537 - 1504 782
31537 # 1504
31537 - 1504 782
31537 # 1504
31537 - 1504 737
31537 # 1504
31537 - 1504 737
31537 # 1504
31537 - 1504 694
31537 # 1504
31537 - 1504 694
31537 # 1504
31537 - 1504 650
31537 # 1504
31537 - 1504 650
31537 # 1504
31537 - 1504 603
31537 # 1504
31537 - 1504 603
31537 # 1504
31537 - 1504 562
31537 # 1504
31537 - 1504 562
31537 # 1504
31537 - 1504 516
31537 # 1504
31537 - 1504 516
31537 # 1504
31537 - 1504 475
31537 # 1504
31537 - 1504 475
31537 # 1504
31537 - 1504 429
31537 # 1504
31537 - 1504 429
31537 # 1504
31537 - 1504 386
31537 # 1504
31537 - 1504 386
31537 # 1504
31537 - 1504 340
31537 # 1504
31537 - 1504 340
31537 # 1504
31537 - 1504 298
31537 # 1504
31537 - 1504 298
31537 # 1504
31537 - 1504 253
31537 # 1504
31537 - 1504 253
31537 # 1504
31537 - 1504 208
31537 # 1504
31537 - 1504 207
31537 # 1504
31537 - 1504 167
31537 # 1504
31537 - 1504 167
31537 # 1504
31537 - 1504 121
31537 # 1504
31537 - 1504 121
31537 # 1504
31537 # 1504
31537 # 1504
31537 # 1504
31537 # 1504
31537 # 1504
31537 # 1504
31537 # 1504
31537 # 1504
31537 # 1504
31537 # 1504
31537 # 1504
31537 # 1504
31537 # 1504
31537 # 1504
31537 # 1504
31537 # 1504
31537 # 1504
31537 # 1504
31542 + 1504
31542 + 1504
31565 + 1504
31565 + 1504
31612 + 1504
31612 + 1504
31663 + 1504
31663 + 1504
31712 + 1504
31712 + 1504
31904 + 52
33037 # 1504
33037 - 1504 1495
33037 # 1504
33037 - 1504 1495
33037 # 1504
33037 - 1504 1472
33037 # 1504
33037 - 1504 1472
33037 # 1504
33037 - 1504 1425
33037 # 1504
33037 - 1504 1425
33037 # 1504
33037 - 1504 1374
33037 # 1504
33037 - 1504 1374
33037 # 1504
33037 - 1504 1325
33037 # 1504
33037 - 1504 1325
33037 # 1504
33037 - 52 1133
33037 # 1504
33037 # 1504
33037 # 1504
33037 # 1504
33037 # 1504
33037 # 1504
33037 # 1504
33037 # 1504
33037 # 1504
33037 # 1504
33037 # 1504
33037 # 1504
33037 # 1504
33037 # 1504
33037 # 1504
33037 # 1504
33037 # 1504
33037 # 1504
33037 # 1504
33037 # 1504
33037 # 1504
33037 # 1504
33037 # 1504
33037 # 1504
33037 # 1504
33037 # 1504
33037 # 1504
33037 # 1504
33037 # 1504
33037 # 1504
33037 # 1504
33037 # 1504
33037 # 1504
33037 # 1504
33037 # 1504
33037 # 1504
33037 # 1504
33037 # 1504
33037 # 1504
33037 # 1504
33037 # 1504
33037 # 1504
33037 # 1504
33037 # 1504
33037 # 1504
33037 # 1504
33037 # 1504
33037 # 1504
33037 # 1504
33037 # 1504
33037 # 1504
33037 # 1504
33037 # 1504
33037 # 1504
33037 # 1504
33037 # 1504
33037 # 1504
33037 # 1504
33037 # 1504
33037 # 1504
33037 # 1504
33037 # 1504
33037 # 1504
33037 # 1504
33037 # 1504
33037 # 1504
33037 # 1504
33037 # 1504
33037 # 1504
33037 # 1504
33037 # 1504
33037 # 1504
33041 + 1504
33041 + 1504
33068 + 1504
33068 + 1504
33122 + 1504
33122 + 1504
33178 + 1504
33178 + 1504
33221 + 1504
33221 + 1504
33265 + 1504
33266 + 1504
33306 + 1504
33306 + 1504
33350 + 1504
33350 + 1504
33394 + 1504
33394 + 1504
33434 + 1504
33434 + 1504
33479 + 1504
33479 + 1504
33523 + 1504
33523 + 1504
33563 + 1504
33563 + 1504
33607 + 1504
33607 + 1504
33650 + 1504
33650 + 1504
33691 + 1504
33691 + 1504
33736 + 1504
33736 + 1504
33779 + 1504
33779 + 1504
33820 + 1504
33820 + 1504
33864 + 1504
33864 + 1504
33907 + 1504
33907 + 1504
33948 + 1504
33948 + 1504
33992 + 1504
33992 + 1504
34037 + 1504
34037 + 1504
34077 + 1504
34077 + 1504
34121 + 1504
34121 + 1504
34162 + 1504
34162 + 1504
34206 + 1504
34206 + 1504
34249 + 1504
34249 + 1504
34294 + 1504
34294 + 1504
34333 + 1504
34333 + 1504
34377 + 1504
34377 + 1504
34537 # 1504
34537 - 1504 1496
34537 # 1504
34537 - 1504 1496
34537 # 1504
34537 - 1504 1469
34537 # 1504
34537 - 1504 1469
34537 # 1504
34537 - 1504 1415
34537 # 1504
34537 - 1504 1415
34537 # 1504
34537 - 1504 1359
34537 # 1504
34537 - 1504 1359
34537 # 1504
34537 - 1504 1316
34537 # 1504
34537 - 1504 1316
34537 # 1504
34537 - 1504 1272
34537 # 1504
34537 - 1504 1271
34537 # 1504
34537 - 1504 1231
34537 # 1504
34537 - 1504 1231
34537 # 1504
34537 - 1504 1187
34537 # 1504
34537 - 1504 1187
34537 # 1504
34537 - 1504 1143
34537 # 1504
34537 - 1504 1143
34537 # 1504
34537 - 1504 1103
34537 # 1504
34537 - 1504 1103
34537 # 1504
34537 - 1504 1058
34537 # 1504
34537 - 1504 1058
34537 # 1504
34537 - 1504 1014
34537 # 1504
34537 - 1504 1014
34537 # 1504
34537 - 1504 974
34537 # 1504
34537 - 1504 974
34537 # 1504
34537 - 1504 930
34537 # 1504
34537 - 1504 930
34537 # 1504
34537 - 1504 887
34537 # 1504
34537 - 1504 887
34537 # 1504
34537 - 1504 846
34537 # 1504
34537 - 1504 846
34537 # 1504
34537 - 1504 801
34537 # 1504
34537 - 1504 801
34537 # 1504
34537 - 1504 758
34537 # 1504
34537 - 1504 758
34537 # 1504
34537 - 1504 717
34537 # 1504
34537 - 1504 717
34537 # 1504
34537 - 1504 673
34537 # 1504
34537 - 1504 673
34537 # 1504
34537 - 1504 630
34537 # 1504
34537 - 1504 630
34537 # 1504
34537 - 1504 589
34537 # 1504
34537 - 1504 589
34537 # 1504
34537 - 1504 545
34537 # 1504
34537 - 1504 545
34537 # 1504
34537 - 1504 500
34537 # 1504
34537 - 1504 500
34537 # 1504
34537 - 1504 460
34537 # 1504
34537 - 1504 460
34537 # 1504
34537 - 1504 416
34537 # 1504
34537 - 1504 416
34537 # 1504
34537 - 1504 375
34537 # 1504
34537 - 1504 375
34537 # 1504
34537 - 1504 331
34537 # 1504
34537 - 1504 331
34537 # 1504
34537 - 1504 288
34537 # 1504
34537 - 1504 288
34537 # 1504
34537 - 1504 243
34537 # 1504
34537 - 1504 243
34537 # 1504
34537 - 1504 204
34537 # 1504
34537 - 1504 204
34537 # 1504
34537 - 1504 160
34537 # 1504
34537 - 1504 160
34537 # 1504
34537 # 1504
34537 # 1504
34537 # 1504
34537 # 1504
34537 # 1504
34537 # 1504
34537 # 1504
34537 # 1504
34537 # 1504
34537 # 1504
34537 # 1504
34537 # 1504
34537 # 1504
34537 # 1504
34537 # 1504
34537 # 1504
34537 # 1504
34537 # 1504
34541 + 1504
34541 + 1504
34565 + 1504
34565 + 1504
34612 + 1504
34612 + 1504
34660 + 1504
34660 + 1504
34710 + 1504
34710 + 1504
36037 # 1504
36037 - 1504 1496
36037 # 1504
36037 - 1504 1496
36037 # 1504
36037 - 1504 1472
36037 # 1504
36037 - 1504 1472
36037 # 1504
36037 - 1504 1425
36037 # 1504
36037 - 1504 1425
36037 # 1504
36037 - 1504 1377
36037 # 1504
36037 - 1504 1377
36037 # 1504
36037 - 1504 1327
36037 # 1504
36037 - 1504 1327
36037 # 1504
36037 # 1504
36037 # 1504
36037 # 1504
36037 # 1504
36037 # 1504
36037 # 1504
36037 # 1504
36037 # 1504
36037 # 1504
36037 # 1504
36037 # 1504
36037 # 1504
36037 # 1504
36037 # 1504
36037 # 1504
36037 # 1504
36037 # 1504
36037 # 1504
36037 # 1504
36037 # 1504
36037 # 1504
36037 # 1504
36037 # 1504
36037 # 1504
36037 # 1504
36037 # 1504
36037 # 1504
36037 # 1504
36037 # 1504
36037 # 1504
36037 # 1504
36037 # 1504
36037 # 1504
36037 # 1504
36037 # 1504
36037 # 1504
36037 # 1504
36037 # 1504
36037 # 1504
36037 # 1504
36037 # 1504
36037 # 1504
36037 # 1504
36037 # 1504
36037 # 1504
36037 # 1504
36037 # 1504
36037 # 1504
36037 # 1504
36037 # 1504
36037 # 1504
36037 # 1504
36037 # 1504
36037 # 1504
36037 # 1504
36037 # 1504
36037 # 1504
36037 # 1504
36037 # 1504
36037 # 1504
36037 # 1504
36037 # 1504
36037 # 1504
36037 # 1504
36037 # 1504
36037 # 1504
36037 # 1504
36037 # 1504
36037 # 1504
36037 # 1504
36037 # 1504
36037 # 1504
36042 + 1504
36043 + 1504
36069 + 1504
36069 + 1504
36125 + 1504
36125 + 1504
36177 + 1504
36177 + 1504
36233 + 1504
36233 + 1504
36287 + 1504
36287 + 1504
36340 + 1504
36340 + 1504
36396 + 1504
36396 + 1504
36450 + 1504
36450 + 1504
36503 + 1504
36503 + 1504
36559 + 1504
36559 + 1504
36613 + 1504
36613 + 1504
36667 + 1504
36667 + 1504
36722 + 1504
36722 + 1504
36776 + 1504
36776 + 1504
36830 + 1504
36830 + 1504
36886 + 1504
36886 + 1504
36940 + 1504
36940 + 1504
36995 + 1504
36995 + 1504
37049 + 1504
37049 + 1504
37104 + 1504
37104 + 1504
37159 + 1504
37159 + 1504
37213 + 1504
37213 + 1504
37268 + 1504
37268 + 1504
37322 + 1504
37322 + 1504
37377 + 1504
37377 + 1504
37430 + 1504
37430 + 1504
37485 + 1504
37486 + 1504
37537 # 1504
37537 - 1504 1495
37537 # 1504
37537 - 1504 1494
37537 # 1504
37537 - 1504 1468
37537 # 1504
37537 - 1504 1468
37537 # 1504
37537 - 1504 1412
37537 # 1504
37537 - 1504 1412
37537 # 1504
37537 - 1504 1360
37537 # 1504
37537 - 1504 1360
37537 # 1504
37537 - 1504 1304
37537 # 1504
37537 - 1504 1304
37537 # 1504
37537 - 1504 1250
37537 # 1504
37537 - 1504 1250
37537 # 1504
37537 - 1504 1197
37537 # 1504
37537 - 1504 1197
37537 # 1504
37537 - 1504 1141
37537 # 1504
37537 - 1504 1141
37537 # 1504
37537 - 1504 1087
37537 # 1504
37537 - 1504 1087
37537 # 1504
37537 - 1504 1034
37537 # 1504
37537 - 1504 1034
37537 # 1504
37537 - 1504 978
37537 # 1504
37537 - 1504 978
37537 # 1504
37537 - 1504 924
37537 # 1504
37537 - 1504 924
37537 # 1504
37537 - 1504 870
37537 # 1504
37537 - 1504 870
37537 # 1504
37537 - 1504 815
37537 # 1504
37537 - 1504 815
37537 # 1504
37537 - 1504 761
37537 # 1504
37537 - 1504 761
37537 # 1504
37537 - 1504 707
37537 # 1504
37537 - 1504 707
37537 # 1504
37537 - 1504 651
37537 # 1504
37537 - 1504 651
37537 # 1504
37537 - 1504 597
37537 # 1504
37537 - 1504 597
37537 # 1504
37537 - 1504 542
37537 # 1504
37537 - 1504 542
37537 # 1504
37537 - 1504 488
37537 # 1504
37537 - 1504 488
37537 # 1504
37537 - 1504 433
37537 # 1504
37537 - 1504 433
37537 # 1504
37537 - 1504 378
37537 # 1504
37537 - 1504 378
37537 # 1504
37537 - 1504 324
37537 # 1504
37537 - 1504 324
37537 # 1504
37537 - 1504 269
37537 # 1504
37537 - 1504 269
37537 # 1504
37537 - 1504 215
37537 # 1504
37537 - 1504 215
37537 # 1504
37537 - 1504 160
37537 # 1504
37537 - 1504 160
37537 # 1504
37537 - 1504 107
37537 # 1504
37537 - 1504 107
37537 # 1504
37537 - 1504 52
37537 # 1504
37537 - 1504 51
37537 # 1504
37537 # 1504
37537 # 1504
37537 # 1504
37537 # 1504
37537 # 1504
37537 # 1504
37537 # 1504
37537 # 1504
37537 # 1504
37537 # 1504
37537 # 1504
37537 # 1504
37537 # 1504
37537 # 1504
37537 # 1504
37537 # 1504
37537 # 1504
37537 # 1504
37537 # 1504
37537 # 1504
37537 # 1504
37537 # 1504
37537 # 1504
37537 # 1504
37537 # 1504
37537 # 1504
37539 + 1504
37539 + 1504
37596 + 1504
37596 + 1504
37650 + 1504
37650 + 1504
37703 + 1504
37704 + 1504
37764 + 1504
37764 + 1504
37820 + 1504
37820 + 1504
37877 + 1504
37877 + 1504
37937 + 1504
37937 + 1504
37996 + 1504
37996 + 1504
39037 # 1504
39037 - 1504 1498
39037 # 1504
39037 - 1504 1498
39037 # 1504
39037 - 1504 1441
39037 # 1504
39037 - 1504 1441
39037 # 1504
39037 - 1504 1387
39037 # 1504
39037 - 1504 1387
39037 # 1504
39037 - 1504 1334
39037 # 1504
39037 - 1504 1333
39037 # 1504
39037 - 1504 1273
39037 # 1504
39037 - 1504 1273
39037 # 1504
39037 - 1504 1217
39037 # 1504
39037 - 1504 1217
39037 # 1504
39037 - 1504 1160
39037 # 1504
39037 - 1504 1160
39037 # 1504
39037 - 1504 1100
39037 # 1504
39037 - 1504 1100
39037 # 1504
39037 - 1504 1041
39037 # 1504
39037 - 1504 1041
39037 # 1504
39037 # 1504
39037 # 1504
39037 # 1504
39037 # 1504
39037 # 1504
39037 # 1504
39037 # 1504
39037 # 1504
39037 # 1504
39037 # 1504
39037 # 1504
39037 # 1504
39037 # 1504
39037 # 1504
39037 # 1504
39037 # 1504
39037 # 1504
39037 # 1504
39037 # 1504
39037 # 1504
39037 # 1504
39037 # 1504
39037 # 1504
39037 # 1504
39037 # 1504
39037 # 1504
39037 # 1504
39037 # 1504
39037 # 1504
39037 # 1504
39037 # 1504
39037 # 1504
39037 # 1504
39037 # 1504
39037 # 1504
39037 # 1504
39037 # 1504
39037 # 1504
39037 # 1504
39037 # 1504
39037 # 1504
39037 # 1504
39037 # 1504
39037 # 1504
39037 # 1504
39037 # 1504
39037 # 1504
39037 # 1504
39037 # 1504
39037 # 1504
39037 # 1504
39037 # 1504
39037 # 1504
39037 # 1504
39037 # 1504
39037 # 1504
39037 # 1504
39037 # 1504
39037 # 1504
39037 # 1504
39037 # 1504
39037 # 1504
39037 # 1504
39037 # 1504
39042 + 1504
39057 + 1504
39058 + 1504
39120 + 1504
39120 + 1504
39183 + 1504
39183 + 1504
39241 + 1504
39241 + 1504
39304 + 1504
39304 + 1504
39365 + 1504
39365 + 1504
39428 + 1504
39428 + 1504
39487 + 1504
39487 + 1504
39549 + 1504
39549 + 1504
39611 + 1504
39611 + 1504
39672 + 1504
39672 + 1504
39731 + 1504
39731 + 1504
39793 + 1504
39793 + 1504
39854 + 1504
39854 + 1504
39916 + 1504
39916 + 1504
39977 + 1504
39977 + 1504
40038 + 1504
40038 + 1504
40099 + 1504
40099 + 1504
40162 + 1504
40162 + 1504
40222 + 1504
40222 + 1504
40285 + 1504
40285 + 1504
40347 + 1504
40376 + 1504
40376 + 1504
40438 + 1504
40438 + 1504
40498 + 1504
40498 + 1504
40537 # 1504
40537 - 1504 1495
40537 # 1504
40537 - 1504 1480
40537 # 1504
40537 - 1504 1479
40537 # 1504
40537 - 1504 1417
40537 # 1504
40537 - 1504 1417
40537 # 1504
40537 - 1504 1354
40537 # 1504
40537 - 1504 1354
40537 # 1504
40537 - 1504 1296
40537 # 1504
40537 - 1504 1296
40537 # 1504
40537 - 1504 1233
40537 # 1504
40537 - 1504 1233
40537 # 1504
40537 - 1504 1172
40537 # 1504
40537 - 1504 1172
40537 # 1504
40537 - 1504 1109
40537 # 1504
40537 - 1504 1109
40537 # 1504
40537 - 1504 1050
40537 # 1504
40537 - 1504 1050
40537 # 1504
40537 - 1504 988
40537 # 1504
40537 - 1504 988
40537 # 1504
40537 - 1504 926
40537 # 1504
40537 - 1504 926
40537 # 1504
40537 - 1504 865
40537 # 1504
40537 - 1504 865
40537 # 1504
40537 - 1504 806
40537 # 1504
40537 - 1504 806
40537 # 1504
40537 - 1504 744
40537 # 1504
40537 - 1504 744
40537 # 1504
40537 - 1504 683
40537 # 1504
40537 - 1504 683
40537 # 1504
40537 - 1504 621
40537 # 1504
40537 - 1504 621
40537 # 1504
40537 - 1504 560
40537 # 1504
40537 - 1504 560
40537 # 1504
40537 - 1504 499
40537 # 1504
40537 - 1504 499
40537 # 1504
40537 - 1504 438
40537 # 1504
40537 - 1504 438
40537 # 1504
40537 - 1504 375
40537 # 1504
40537 - 1504 375
40537 # 1504
40537 - 1504 315
40537 # 1504
40537 - 1504 315
40537 # 1504
40537 - 1504 252
40537 # 1504
40537 - 1504 252
40537 # 1504
40537 - 1504 190
40537 # 1504
40537 - 1504 161
40537 # 1504
40537 - 1504 161
40537 # 1504
40537 - 1504 99
40537 # 1504
40537 - 1504 99
40537 # 1504
40537 - 1504 39
40537 # 1504
40537 - 1504 39
40537 # 1504
40537 # 1504
40537 # 1504
40537 # 1504
40537 # 1504
40537 # 1504
40537 # 1504
40537 # 1504
40537 # 1504
40537 # 1504
40537 # 1504
40537 # 1504
40537 # 1504
40537 # 1504
40537 # 1504
40537 # 1504
40537 # 1504
40537 # 1504
40537 # 1504
40537 # 1504
40537 # 1504
40537 # 1504
40537 # 1504
40537 # 1504
40537 # 1504
40537 # 1504
40537 # 1504
40537 # 1504
40537 # 1504
40537 # 1504
40537 # 1504
40537 # 1504
40537 # 1504
40559 + 1504
40559 + 1504
40621 + 1504
40621 + 1504
40682 + 1504
40682 + 1504
40743 + 1504
40743 + 1504
40803 + 1504
40803 + 1504
40866 + 1504
40866 + 1504
40928 + 1504
40928 + 1504
40986 + 1504
40986 + 1504
41048 + 1504
41048 + 1504
41110 + 1504
41110 + 1504
41168 + 1504
41168 + 1504
42037 # 1504
42037 - 1504 1478
42037 # 1504
42037 - 1504 1478
42037 # 1504
42037 - 1504 1416
42037 # 1504
42037 - 1504 1416
42037 # 1504
42037 - 1504 1355
42037 # 1504
42037 - 1504 1355
42037 # 1504
42037 - 1504 1294
42037 # 1504
42037 - 1504 1294
42037 # 1504
42037 - 1504 1234
42037 # 1504
42037 - 1504 1234
42037 # 1504
42037 - 1504 1171
42037 # 1504
42037 - 1504 1171
42037 # 1504
42037 - 1504 1109
42037 # 1504
42037 - 1504 1109
42037 # 1504
42037 - 1504 1051
42037 # 1504
42037 - 1504 1051
42037 # 1504
42037 - 1504 989
42037 # 1504
42037 - 1504 989
42037 # 1504
42037 - 1504 927
42037 # 1504
42037 - 1504 927
42037 # 1504
42037 - 1504 869
42037 # 1504
42037 - 1504 869
42037 # 1504
42037 # 1504
42037 # 1504
42037 # 1504
42037 # 1504
42037 # 1504
42037 # 1504
42037 # 1504
42037 # 1504
42037 # 1504
42037 # 1504
42037 # 1504
42037 # 1504
42037 # 1504
42037 # 1504
42037 # 1504
42037 # 1504
42037 # 1504
42037 # 1504
42037 # 1504
42037 # 1504
42037 # 1504
42037 # 1504
42037 # 1504
42037 # 1504
42037 # 1504
42037 # 1504
42037 # 1504
42037 # 1504
42037 # 1504
42037 # 1504
42037 # 1504
42037 # 1504
42037 # 1504
42037 # 1504
42037 # 1504
42037 # 1504
42037 # 1504
42037 # 1504
42037 # 1504
42037 # 1504
42037 # 1504
42037 # 1504
42037 # 1504
42037 # 1504
42037 # 1504
42037 # 1504
42037 # 1504
42037 # 1504
42037 # 1504
42037 # 1504
42037 # 1504
42037 # 1504
42037 # 1504
42037 # 1504
42037 # 1504
42037 # 1504
42037 # 1504
42037 # 1504
42037 # 1504
42037 # 1504
42039 + 1504
42039 + 1504
42070 + 1504
42071 + 1504
42132 + 1504
42132 + 1504
42197 + 1504
42197 + 1504
42235 + 1504
42235 + 1504
42277 + 1504
42277 + 1504
42319 + 1504
42319 + 1504
42356 + 1504
42356 + 1504
42397 + 1504
42397 + 1504
42437 + 1504
42437 + 1504
42481 + 1504
42481 + 1504
42520 + 1504
42520 + 1504
42559 + 1504
42559 + 1504
42599 + 1504
42599 + 1504
42639 + 1504
42639 + 1504
42680 + 1504
42680 + 1504
42721 + 1504
42721 + 1504
42761 + 1504
42761 + 1504
42801 + 1504
42801 + 1504
42843 + 1504
42843 + 1504
42885 + 1504
42885 + 1504
42923 + 1504
42923 + 1504
42963 + 1504
42963 + 1504
43004 + 1504
43004 + 1504
43044 + 1504
43044 + 1504
43087 + 1504
43087 + 1504
43537 # 1504
43537 - 1504 1498
43537 # 1504
43537 - 1504 1498
43537 # 1504
43537 - 1504 1467
43537 # 1504
43537 - 1504 1466
43537 # 1504
43537 - 1504 1405
43537 # 1504
43537 - 1504 1405
43537 # 1504
43537 - 1504 1340
43537 # 1504
43537 - 1504 1340
43537 # 1504
43537 - 1504 1302
43537 # 1504
43537 - 1504 1302
43537 # 1504
43537 - 1504 1260
43537 # 1504
43537 - 1504 1260
43537 # 1504
43537 - 1504 1218
43537 # 1504
43537 - 1504 1218
43537 # 1504
43537 - 1504 1181
43537 # 1504
43537 - 1504 1181
43537 # 1504
43537 - 1504 1140
43537 # 1504
43537 - 1504 1140
43537 # 1504
43537 - 1504 1100
43537 # 1504
43537 - 1504 1100
43537 # 1504
43537 - 1504 1056
43537 # 1504
43537 - 1504 1056
43537 # 1504
43537 - 1504 1017
43537 # 1504
43537 - 1504 1017
43537 # 1504
43537 - 1504 978
43537 # 1504
43537 - 1504 978
43537 # 1504
43537 - 1504 938
43537 # 1504
43537 - 1504 938
43537 # 1504
43537 - 1504 898
43537 # 1504
43537 - 1504 898
43537 # 1504
43537 - 1504 857
43537 # 1504
43537 - 1504 857
43537 # 1504
43537 - 1504 816
43537 # 1504
43537 - 1504 816
43537 # 1504
43537 - 1504 776
43537 # 1504
43537 - 1504 776
43537 # 1504
43537 - 1504 736
43537 # 1504
43537 - 1504 736
43537 # 1504
43537 - 1504 694
43537 # 1504
43537 - 1504 694
43537 # 1504
43537 - 1504 652
43537 # 1504
43537 - 1504 652
43537 # 1504
43537 - 1504 614
43537 # 1504
43537 - 1504 614
43537 # 1504
43537 - 1504 574
43537 # 1504
43537 - 1504 574
43537 # 1504
43537 - 1504 533
43537 # 1504
43537 - 1504 533
43537 # 1504
43537 - 1504 493
43537 # 1504
43537 - 1504 493
43537 # 1504
43537 - 1504 450
43537 # 1504
43537 - 1504 450
43537 # 1504
43537 # 1504
43537 # 1504
43537 # 1504
43537 # 1504
43537 # 1504
43537 # 1504
43537 # 1504
43537 # 1504
43537 # 1504
43537 # 1504
43537 # 1504
43537 # 1504
43537 # 1504
43537 # 1504
43537 # 1504
43537 # 1504
43537 # 1504
43537 # 1504
43537 # 1504
43537 # 1504
43537 # 1504
43537 # 1504
43537 # 1504
43537 # 1504
43537 # 1504
43537 # 1504
43537 # 1504
43537 # 1504
43537 # 1504
43537 # 1504
43538 + 1504
43538 + 1504
43562 + 1504
43562 + 1504
43607 + 1504
43607 + 1504
43649 + 1504
43649 + 1504
43698 + 1504
43698 + 1504
43752 + 1504
43752 + 1504
43801 + 1504
43801 + 1504
43850 + 1504
43851 + 1504
43899 + 1504
43899 + 1504
43953 + 1504
43953 + 1504
44002 + 1504
44002 + 1504
45037 # 1504
45037 - 1504 1499
45037 # 1504
45037 - 1504 1499
45037 # 1504
45037 - 1504 1475
45037 # 1504
45037 - 1504 1475
45037 # 1504
45037 - 1504 1430
45037 # 1504
45037 - 1504 1430
45037 # 1504
45037 - 1504 1388
45037 # 1504
45037 - 1504 1388
45037 # 1504
45037 - 1504 1339
45037 # 1504
45037 - 1504 1339
45037 # 1504
45037 - 1504 1285
45037 # 1504
45037 - 1504 1285
45037 # 1504
45037 - 1504 1236
45037 # 1504
45037 - 1504 1236
45037 # 1504
45037 - 1504 1187
45037 # 1504
45037 - 1504 1186
45037 # 1504
45037 - 1504 1138
45037 # 1504
45037 - 1504 1138
45037 # 1504
45037 - 1504 1084
45037 # 1504
45037 - 1504 1084
45037 # 1504
45037 - 1504 1035
45037 # 1504
45037 - 1504 1035
45037 # 1504
45037 # 1504
45037 # 1504
45037 # 1504
45037 # 1504
45037 # 1504
45037 # 1504
45037 # 1504
45037 # 1504
45037 # 1504
45037 # 1504
45037 # 1504
45037 # 1504
45037 # 1504
45037 # 1504
45037 # 1504
45037 # 1504
45037 # 1504
45037 # 1504
45037 # 1504
45037 # 1504
45037 # 1504
45037 # 1504
45037 # 1504
45037 # 1504
45037 # 1504
45037 # 1504
45037 # 1504
45037 # 1504
45037 # 1504
45037 # 1504
45037 # 1504
45037 # 1504
45037 # 1504
45037 # 1504
45037 # 1504
45037 # 1504
45037 # 1504
45037 # 1504
45037 # 1504
45037 # 1504
45037 # 1504
45037 # 1504
45037 # 1504
45037 # 1504
45037 # 1504
45037 # 1504
45037 # 1504
45037 # 1504
45037 # 1504
45037 # 1504
45037 # 1504
45037 # 1504
45037 # 1504
45037 # 1504
45037 # 1504
45037 # 1504
45037 # 1504
45037 # 1504
45037 # 1504
45037 # 1504
45041 + 1504
45041 + 1504
45068 + 1504
45068 + 1504
45119 + 1504
45119 + 1504
45170 + 1504
45170 + 1504
45220 + 1504
45220 + 1504
45269 + 1504
45269 + 1504
45319 + 1504
45319 + 1504
45366 + 1504
45366 + 1504
45414 + 1504
45414 + 1504
45466 + 1504
45466 + 1504
45513 + 1504
45513 + 1504
45560 + 1504
45560 + 1504
45610 + 1504
45610 + 1504
45658 + 1504
45658 + 1504
45707 + 1504
45707 + 1504
45756 + 1504
45756 + 1504
45804 + 1504
45804 + 1504
45854 + 1504
45854 + 1504
45902 + 1504
45902 + 1504
45949 + 1504
45950 + 1504
45999 + 1504
45999 + 1504
46047 + 1504
46047 + 1504
46098 + 1504
46098 + 1504
46143 + 1504
46143 + 1504
46193 + 1504
46193 + 1504
46241 + 1504
46241 + 1504
46537 # 1504
46537 - 1504 1496
46537 # 1504
46537 - 1504 1496
46537 # 1504
46537 - 1504 1469
46537 # 1504
46537 - 1504 1469
46537 # 1504
46537 - 1504 1418
46537 # 1504
46537 - 1504 1418
46537 # 1504
46537 - 1504 1367
46537 # 1504
46537 - 1504 1367
46537 # 1504
46537 - 1504 1317
46537 # 1504
46537 - 1504 1317
46537 # 1504
46537 - 1504 1268
46537 # 1504
46537 - 1504 1268
46537 # 1504
46537 - 1504 1218
46537 # 1504
46537 - 1504 1218
46537 # 1504
46537 - 1504 1171
46537 # 1504
46537 - 1504 1171
46537 # 1504
46537 - 1504 1123
46537 # 1504
46537 - 1504 1123
46537 # 1504
46537 - 1504 1071
46537 # 1504
46537 - 1504 1071
46537 # 1504
46537 - 1504 1024
46537 # 1504
46537 - 1504 1024
46537 # 1504
46537 - 1504 977
46537 # 1504
46537 - 1504 977
46537 # 1504
46537 - 1504 927
46537 # 1504
46537 - 1504 927
46537 # 1504
46537 - 1504 879
46537 # 1504
46537 - 1504 879
46537 # 1504
46537 - 1504 830
46537 # 1504
46537 - 1504 830
46537 # 1504
46537 - 1504 781
46537 # 1504
46537 - 1504 781
46537 # 1504
46537 - 1504 733
46537 # 1504
46537 - 1504 733
46537 # 1504
46537 - 1504 683
46537 # 1504
46537 - 1504 683
46537 # 1504
46537 - 1504 635
46537 # 1504
46537 - 1504 635
46537 # 1504
46537 - 1504 588
46537 # 1504
46537 - 1504 587
46537 # 1504
46537 - 1504 538
46537 # 1504
46537 - 1504 538
46537 # 1504
46537 - 1504 490
46537 # 1504
46537 - 1504 490
46537 # 1504
46537 - 1504 439
46537 # 1504
46537 - 1504 439
46537 # 1504
46537 - 1504 394
46537 # 1504
46537 - 1504 394
46537 # 1504
46537 - 1504 344
46537 # 1504
46537 - 1504 344
46537 # 1504
46537 - 1504 296
46537 # 1504
46537 - 1504 296
46537 # 1504
46537 # 1504
46537 # 1504
46537 # 1504
46537 # 1504
46537 # 1504
46537 # 1504
46537 # 1504
46537 # 1504
46537 # 1504
46537 # 1504
46537 # 1504
46537 # 1504
46537 # 1504
46537 # 1504
46537 # 1504
46537 # 1504
46537 # 1504
46537 # 1504
46537 # 1504
46537 # 1504
46537 # 1504
46537 # 1504
46537 # 1504
46537 # 1504
46537 # 1504
46537 # 1504
46537 # 1504
46537 # 1504
46537 # 1504
46537 # 1504
46540 + 1504
46540 + 1504
46567 + 1504
46567 + 1504
46618 + 1504
46618 + 1504
46668 + 1504
46668 + 1504
46723 + 1504
46723 + 1504
46778 + 1504
46778 + 1504
46836 + 1504
46836 + 1504
46892 + 1504
46892 + 1504
46948 + 1504
46948 + 1504
47002 + 1504
47002 + 1504
47057 + 1504
47057 + 1504
48037 # 1504
48037 - 1504 1497
48037 # 1504
48037 - 1504 1497
48037 # 1504
48037 - 1504 1470
48037 # 1504
48037 - 1504 1470
48037 # 1504
48037 - 1504 1419
48037 # 1504
48037 - 1504 1419
48037 # 1504
48037 - 1504 1369
48037 # 1504
48037 - 1504 1369
48037 # 1504
48037 - 1504 1314
48037 # 1504
48037 - 1504 1314
48037 # 1504
48037 - 1504 1259
48037 # 1504
48037 - 1504 1259
48037 # 1504
48037 - 1504 1201
48037 # 1504
48037 - 1504 1201
48037 # 1504
48037 - 1504 1145
48037 # 1504
48037 - 1504 1145
48037 # 1504
48037 - 1504 1089
48037 # 1504
48037 - 1504 1089
48037 # 1504
48037 - 1504 1035
48037 # 1504
48037 - 1504 1035
48037 # 1504
48037 - 1504 980
48037 # 1504
48037 - 1504 980
48037 # 1504
48037 # 1504
48037 # 1504
48037 # 1504
48037 # 1504
48037 # 1504
48037 # 1504
48037 # 1504
48037 # 1504
48037 # 1504
48037 # 1504
48037 # 1504
48037 # 1504
48037 # 1504
48037 # 1504
48037 # 1504
48037 # 1504
48037 # 1504
48037 # 1504
48037 # 1504
48037 # 1504
48037 # 1504
48037 # 1504
48037 # 1504
48037 # 1504
48037 # 1504
48037 # 1504
48037 # 1504
48037 # 1504
48037 # 1504
48037 # 1504
48037 # 1504
48037 # 1504
48037 # 1504
48037 # 1504
48037 # 1504
48037 # 1504
48037 # 1504
48037 # 1504
48037 # 1504
48037 # 1504
48037 # 1504
48037 # 1504
48037 # 1504
48037 # 1504
48037 # 1504
48037 # 1504
48037 # 1504
48037 # 1504
48037 # 1504
48037 # 1504
48037 # 1504
48037 # 1504
48037 # 1504
48037 # 1504
48037 # 1504
48037 # 1504
48037 # 1504
48037 # 1504
48037 # 1504
48037 # 1504
48040 + 1504
48040 + 1504
48072 + 1504
48072 + 1504
48127 + 1504
48127 + 1504
48186 + 1504
48186 + 1504
48236 + 1504
48236 + 1504
48282 + 1504
48282 + 1504
48332 + 1504
48332 + 1504
48377 + 1504
48378 + 1504
48428 + 1504
48428 + 1504
48473 + 1504
48473 + 1504
48523 + 1504
48523 + 1504
48570 + 1504
48570 + 1504
48616 + 1504
48616 + 1504
48663 + 1504
48664 + 1504
48713 + 1504
48713 + 1504
48760 + 1504
48760 + 1504
48808 + 1504
48808 + 1504
48857 + 1504
48857 + 1504
48903 + 1504
48903 + 1504
48953 + 1504
48953 + 1504
49000 + 1504
49000 + 1504
49050 + 1504
49050 + 1504
49096 + 1504
49096 + 1504
49142 + 1504
49142 + 1504
49191 + 1504
49191 + 1504
49238 + 1504
49238 + 1504
49537 # 1504
49537 - 1504 1497
49537 # 1504
49537 - 1504 1497
49537 # 1504
49537 - 1504 1465
49537 # 1504
49537 - 1504 1465
49537 # 1504
49537 - 1504 1410
49537 # 1504
49537 - 1504 1410
49537 # 1504
49537 - 1504 1351
49537 # 1504
49537 - 1504 1351
49537 # 1504
49537 - 1504 1301
49537 # 1504
49537 - 1504 1301
49537 # 1504
49537 - 1504 1255
49537 # 1504
49537 - 1504 1255
49537 # 1504
49537 - 1504 1205
49537 # 1504
49537 - 1504 1205
49537 # 1504
49537 - 1504 1160
49537 # 1504
49537 - 1504 1159
49537 # 1504
49537 - 1504 1109
49537 # 1504
49537 - 1504 1109
49537 # 1504
49537 - 1504 1064
49537 # 1504
49537 - 1504 1064
49537 # 1504
49537 - 1504 1014
49537 # 1504
49537 - 1504 1014
49537 # 1504
49537 - 1504 967
49537 # 1504
49537 - 1504 967
49537 # 1504
49537 - 1504 921
49537 # 1504
49537 - 1504 921
49537 # 1504
49537 - 1504 874
49537 # 1504
49537 - 1504 873
49537 # 1504
49537 - 1504 824
49537 # 1504
49537 - 1504 824
49537 # 1504
49537 - 1504 777
49537 # 1504
49537 - 1504 777
49537 # 1504
49537 - 1504 729
49537 # 1504
49537 - 1504 729
49537 # 1504
49537 - 1504 680
49537 # 1504
49537 - 1504 680
49537 # 1504
49537 - 1504 634
49537 # 1504
49537 - 1504 634
49537 # 1504
49537 - 1504 584
49537 # 1504
49537 - 1504 584
49537 # 1504
49537 - 1504 537
49537 # 1504
49537 - 1504 537
49537 # 1504
49537 - 1504 487
49537 # 1504
49537 - 1504 487
49537 # 1504
49537 - 1504 441
49537 # 1504
49537 - 1504 441
49537 # 1504
49537 - 1504 395
49537 # 1504
49537 - 1504 395
49537 # 1504
49537 - 1504 346
49537 # 1504
49537 - 1504 346
49537 # 1504
49537 - 1504 299
49537 # 1504
49537 - 1504 299
49537 # 1504
49537 # 1504
49537 # 1504
49537 # 1504
49537 # 1504
49537 # 1504
49537 # 1504
49537 # 1504
49537 # 1504
49537 # 1504
49537 # 1504
49537 # 1504
49537 # 1504
49537 # 1504
49537 # 1504
49537 # 1504
49537 # 1504
49537 # 1504
49537 # 1504
49537 # 1504
49537 # 1504
49537 # 1504
49537 # 1504
49537 # 1504
49537 # 1504
49537 # 1504
49537 # 1504
49537 # 1504
49537 # 1504
49537 # 1504
49537 # 1504
49539 + 1504
49539 + 1504
49565 + 1504
49565 + 1504
49616 + 1504
49616 + 1504
49664 + 1504
49664 + 1504
49719 + 1504
49719 + 1504
49775 + 1504
49775 + 1504
49830 + 1504
49830 + 1504
49884 + 1504
49884 + 1504
49938 + 1504
49938 + 1504
49994 + 1504
49994 + 1504
50052 + 1504
50052 + 1504
51037 # 1504
51037 - 1504 1498
51037 # 1504
51037 - 1504 1498
51037 # 1504
51037 - 1504 1472
51037 # 1504
51037 - 1504 1472
51037 # 1504
51037 - 1504 1421
51037 # 1504
51037 - 1504 1421
51037 # 1504
51037 - 1504 1373
51037 # 1504
51037 - 1504 1373
51037 # 1504
51037 - 1504 1318
51037 # 1504
51037 - 1504 1318
51037 # 1504
51037 - 1504 1262
51037 # 1504
51037 - 1504 1262
51037 # 1504
51037 - 1504 1207
51037 # 1504
51037 - 1504 1207
51037 # 1504
51037 - 1504 1153
51037 # 1504
51037 - 1504 1153
51037 # 1504
51037 - 1504 1099
51037 # 1504
51037 - 1504 1099
51037 # 1504
51037 - 1504 1043
51037 # 1504
51037 - 1504 1043
51037 # 1504
51037 - 1504 985
51037 # 1504
51037 - 1504 985
51037 # 1504
51037 # 1504
51037 # 1504
51037 # 1504
51037 # 1504
51037 # 1504
51037 # 1504
51037 # 1504
51037 # 1504
51037 # 1504
51037 # 1504
51037 # 1504
51037 # 1504
51037 # 1504
51037 # 1504
51037 # 1504
51037 # 1504
51037 # 1504
51037 # 1504
51037 # 1504
51037 # 1504
51037 # 1504
51037 # 1504
51037 # 1504
51037 # 1504
51037 # 1504
51037 # 1504
51037 # 1504
51037 # 1504
51037 # 1504
51037 # 1504
51037 # 1504
51037 # 1504
51037 # 1504
51037 # 1504
51037 # 1504
51037 # 1504
51037 # 1504
51037 # 1504
51037 # 1504
51037 # 1504
51037 # 1504
51037 # 1504
51037 # 1504
51037 # 1504
51037 # 1504
51037 # 1504
51037 # 1504
51037 # 1504
51037 # 1504
51037 # 1504
51037 # 1504
51037 # 1504
51037 # 1504
51037 # 1504
51037 # 1504
51037 # 1504
51037 # 1504
51037 # 1504
51037 # 1504
51037 # 1504
51042 + 1504
51042 + 1504
51073 + 1504
51073 + 1504
51128 + 1504
51128 + 1504
51186 + 1504
51186 + 1504
51237 + 1504
51237 + 1504
51289 + 1504
51289 + 1504
51343 + 1504
51343 + 1504
51395 + 1504
51395 + 1504
51445 + 1504
51445 + 1504
51497 + 1504
51497 + 1504
51547 + 1504
51547 + 1504
51602 + 1504
51602 + 1504
51654 + 1504
51654 + 1504
51705 + 1504
51705 + 1504
51755 + 1504
51755 + 1504
51807 + 1504
51807 + 1504
51861 + 1504
51861 + 1504
51912 + 1504
51913 + 1504
51964 + 1504
51964 + 1504
52015 + 1504
52015 + 1504
52065 + 1504
52065 + 1504
52116 + 1504
52117 + 1504
52168 + 1504
52168 + 1504
52222 + 1504
52222 + 1504
52272 + 1504
52272 + 1504
52537 # 1504
52537 - 1504 1495
52537 # 1504
52537 - 1504 1495
52537 # 1504
52537 - 1504 1464
52537 # 1504
52537 - 1504 1464
52537 # 1504
52537 - 1504 1409
52537 # 1504
52537 - 1504 1409
52537 # 1504
52537 - 1504 1351
52537 # 1504
52537 - 1504 1351
52537 # 1504
52537 - 1504 1300
52537 # 1504
52537 - 1504 1300
52537 # 1504
52537 - 1504 1248
52537 # 1504
52537 - 1504 1248
52537 # 1504
52537 - 1504 1194
52537 # 1504
52537 - 1504 1194
52537 # 1504
52537 - 1504 1142
52537 # 1504
52537 - 1504 1142
52537 # 1504
52537 - 1504 1092
52537 # 1504
52537 - 1504 1092
52537 # 1504
52537 - 1504 1040
52537 # 1504
52537 - 1504 1040
52537 # 1504
52537 - 1504 990
52537 # 1504
52537 - 1504 990
52537 # 1504
52537 - 1504 935
52537 # 1504
52537 - 1504 935
52537 # 1504
52537 - 1504 883
52537 # 1504
52537 - 1504 883
52537 # 1504
52537 - 1504 832
52537 # 1504
52537 - 1504 832
52537 # 1504
52537 - 1504 782
52537 # 1504
52537 - 1504 782
52537 # 1504
52537 - 1504 730
52537 # 1504
52537 - 1504 730
52537 # 1504
52537 - 1504 676
52537 # 1504
52537 - 1504 676
52537 # 1504
52537 - 1504 625
52537 # 1504
52537 - 1504 624
52537 # 1504
52537 - 1504 573
52537 # 1504
52537 - 1504 573
52537 # 1504
52537 - 1504 522
52537 # 1504
52537 - 1504 522
52537 # 1504
52537 - 1504 472
52537 # 1504
52537 - 1504 472
52537 # 1504
52537 - 1504 421
52537 # 1504
52537 - 1504 420
52537 # 1504
52537 - 1504 369
52537 # 1504
52537 - 1504 369
52537 # 1504
52537 - 1504 315
52537 # 1504
52537 - 1504 315
52537 # 1504
52537 - 1504 265
52537 # 1504
52537 - 1504 265
52537 # 1504
52537 # 1504
52537 # 1504
52537 # 1504
52537 # 1504
52537 # 1504
52537 # 1504
52537 # 1504
52537 # 1504
52537 # 1504
52537 # 1504
52537 # 1504
52537 # 1504
52537 # 1504
52537 # 1504
52537 # 1504
52537 # 1504
52537 # 1504
52537 # 1504
52537 # 1504
52537 # 1504
52537 # 1504
52537 # 1504
52537 # 1504
52537 # 1504
52537 # 1504
52537 # 1504
52537 # 1504
52537 # 1504
52537 # 1504
52537 # 1504
52537 # 1504
52537 # 1504
52542 + 1504
52542 + 1504
52569 + 1504
52569 + 1504
52625 + 1504
52625 + 1504
52681 + 1504
52681 + 1504
52738 + 1504
52738 + 1504
52796 + 1504
52796 + 1504
52854 + 1504
52854 + 1504
52913 + 1504
52913 + 1504
52972 + 1504
52972 + 1504
53027 + 1504
53027 + 1504
53085 + 1504
53085 + 1504
54037 # 1504
54037 - 1504 1495
54037 # 1504
54037 - 1504 1495
54037 # 1504
54037 - 1504 1468
54037 # 1504
54037 - 1504 1468
54037 # 1504
54037 - 1504 1412
54037 # 1504
54037 - 1504 1412
54037 # 1504
54037 - 1504 1356
54037 # 1504
54037 - 1504 1356
54037 # 1504
54037 - 1504 1299
54037 # 1504
54037 - 1504 1299
54037 # 1504
54037 - 1504 1241
54037 # 1504
54037 - 1504 1241
54037 # 1504
54037 - 1504 1183
54037 # 1504
54037 - 1504 1183
54037 # 1504
54037 - 1504 1124
54037 # 1504
54037 - 1504 1124
54037 # 1504
54037 - 1504 1065
54037 # 1504
54037 - 1504 1065
54037 # 1504
54037 - 1504 1010
54037 # 1504
54037 - 1504 1010
54037 # 1504
54037 - 1504 952
54037 # 1504
54037 - 1504 952
54037 # 1504
54037 # 1504
54037 # 1504
54037 # 1504
54037 # 1504
54037 # 1504
54037 # 1504
54037 # 1504
54037 # 1504
54037 # 1504
54037 # 1504
54037 # 1504
54037 # 1504
54037 # 1504
54037 # 1504
54037 # 1504
54037 # 1504
54037 # 1504
54037 # 1504
54037 # 1504
54037 # 1504
54037 # 1504
54037 # 1504
54037 # 1504
54037 # 1504
54037 # 1504
54037 # 1504
54037 # 1504
54037 # 1504
54037 # 1504
54037 # 1504
54037 # 1504
54037 # 1504
54037 # 1504
54037 # 1504
54037 # 1504
54037 # 1504
54037 # 1504
54037 # 1504
54037 # 1504
54037 # 1504
54037 # 1504
54037 # 1504
54037 # 1504
54037 # 1504
54037 # 1504
54037 # 1504
54037 # 1504
54037 # 1504
54037 # 1504
54037 # 1504
54037 # 1504
54037 # 1504
54037 # 1504
54037 # 1504
54037 # 1504
54037 # 1504
54037 # 1504
54037 # 1504
54037 # 1504
54037 # 1504
54040 + 1504
54040 + 1504
54070 + 1504
54070 + 1504
54131 + 1504
54131 + 1504
54194 + 1504
54194 + 1504
54241 + 1504
54241 + 1504
54292 + 1504
54292 + 1504
54338 + 1504
54338 + 1504
54389 + 1504
54389 + 1504
54434 + 1504
54434 + 1504
54484 + 1504
54484 + 1504
54533 + 1504
54533 + 1504
54582 + 1504
54582 + 1504
54630 + 1504
54630 + 1504
54680 + 1504
54681 + 1504
54728 + 1504
54728 + 1504
54776 + 1504
54776 + 1504
54825 + 1504
54825 + 1504
54874 + 1504
54874 + 1504
54920 + 1504
54920 + 1504
54973 + 1504
54973 + 1504
55020 + 1504
55020 + 1504
55067 + 1504
55067 + 1504
55118 + 1504
55118 + 1504
55166 + 1504
55166 + 1504
55215 + 1504
55215 + 1504
55537 # 1504
55537 - 1504 1497
55537 # 1504
55537 - 1504 1497
55537 # 1504
55537 - 1504 1467
55537 # 1504
55537 - 1504 1467
55537 # 1504
55537 - 1504 1406
55537 # 1504
55537 - 1504 1406
55537 # 1504
55537 - 1504 1343
55537 # 1504
55537 - 1504 1343
55537 # 1504
55537 - 1504 1296
55537 # 1504
55537 - 1504 1296
55537 # 1504
55537 - 1504 1245
55537 # 1504
55537 - 1504 1245
55537 # 1504
55537 - 1504 1199
55537 # 1504
55537 - 1504 1199
55537 # 1504
55537 - 1504 1148
55537 # 1504
55537 - 1504 1148
55537 # 1504
55537 - 1504 1103
55537 # 1504
55537 - 1504 1103
55537 # 1504
55537 - 1504 1053
55537 # 1504
55537 - 1504 1053
55537 # 1504
55537 - 1504 1004
55537 # 1504
55537 - 1504 1004
55537 # 1504
55537 - 1504 955
55537 # 1504
55537 - 1504 955
55537 # 1504
55537 - 1504 907
55537 # 1504
55537 - 1504 907
55537 # 1504
55537 - 1504 857
55537 # 1504
55537 - 1504 856
55537 # 1504
55537 - 1504 809
55537 # 1504
55537 - 1504 809
55537 # 1504
55537 - 1504 761
55537 # 1504
55537 - 1504 761
55537 # 1504
55537 - 1504 712
55537 # 1504
55537 - 1504 712
55537 # 1504
55537 - 1504 663
55537 # 1504
55537 - 1504 663
55537 # 1504
55537 - 1504 617
55537 # 1504
55537 - 1504 617
55537 # 1504
55537 - 1504 564
55537 # 1504
55537 - 1504 564
55537 # 1504
55537 - 1504 517
55537 # 1504
55537 - 1504 517
55537 # 1504
55537 - 1504 470
55537 # 1504
55537 - 1504 470
55537 # 1504
55537 - 1504 419
55537 # 1504
55537 - 1504 419
55537 # 1504
55537 - 1504 371
55537 # 1504
55537 - 1504 371
55537 # 1504
55537 - 1504 322
55537 # 1504
55537 - 1504 322
55537 # 1504
55537 # 1504
55537 # 1504
55537 # 1504
55537 # 1504
55537 # 1504
55537 # 1504
55537 # 1504
55537 # 1504
55537 # 1504
55537 # 1504
55537 # 1504
55537 # 1504
55537 # 1504
55537 # 1504
55537 # 1504
55537 # 1504
55537 # 1504
55537 # 1504
55537 # 1504
55537 # 1504
55537 # 1504
55537 # 1504
55537 # 1504
55537 # 1504
55537 # 1504
55537 # 1504
55537 # 1504
55537 # 1504
55537 # 1504
55537 # 1504
55537 # 1504
55537 # 1504
55538 + 1504
55539 + 1504
55566 + 1504
55566 + 1504
55619 + 1504
55620 + 1504
55673 + 1504
55673 + 1504
55726 + 1504
55727 + 1504
55780 + 1504
55780 + 1504
55833 + 1504
55833 + 1504
55886 + 1504
55886 + 1504
55939 + 1504
55939 + 1504
55991 + 1504
55991 + 1504
56046 + 1504
56046 + 1504
57037 # 1504
57037 - 1504 1499
57037 # 1504
57037 - 1504 1498
57037 # 1504
57037 - 1504 1471
57037 # 1504
57037 - 1504 1471
57037 # 1504
57037 - 1504 1418
57037 # 1504
57037 - 1504 1417
57037 # 1504
57037 - 1504 1364
57037 # 1504
57037 - 1504 1364
57037 # 1504
57037 - 1504 1311
57037 # 1504
57037 - 1504 1310
57037 # 1504
57037 - 1504 1257
57037 # 1504
57037 - 1504 1257
57037 # 1504
57037 - 1504 1204
57037 # 1504
57037 - 1504 1204
57037 # 1504
57037 - 1504 1151
57037 # 1504
57037 - 1504 1151
57037 # 1504
57037 - 1504 1098
57037 # 1504
57037 - 1504 1098
57037 # 1504
57037 - 1504 1046
57037 # 1504
57037 - 1504 1046
57037 # 1504
57037 - 1504 991
57037 # 1504
57037 - 1504 991
57037 # 1504
57037 # 1504
57037 # 1504
57037 # 1504
57037 # 1504
57037 # 1504
57037 # 1504
57037 # 1504
57037 # 1504
57037 # 1504
57037 # 1504
57037 # 1504
57037 # 1504
57037 # 1504
57037 # 1504
57037 # 1504
57037 # 1504
57037 # 1504
57037 # 1504
57037 # 1504
57037 # 1504
57037 # 1504
57037 # 1504
57037 # 1504
57037 # 1504
57037 # 1504
57037 # 1504
57037 # 1504
57037 # 1504
57037 # 1504
57037 # 1504
57037 # 1504
57037 # 1504
57037 # 1504
57037 # 1504
57037 # 1504
57037 # 1504
57037 # 1504
57037 # 1504
57037 # 1504
57037 # 1504
57037 # 1504
57037 # 1504
57037 # 1504
57037 # 1504
57037 # 1504
57037 # 1504
57037 # 1504
57037 # 1504
57037 # 1504
57037 # 1504
57037 # 1504
57037 # 1504
57037 # 1504
57037 # 1504
57037 # 1504
57037 # 1504
57037 # 1504
57037 # 1504
57037 # 1504
57037 # 1504
57042 + 1504
57056 + 1504
57056 + 1504
57114 + 1504
57114 + 1504
57175 + 1504
57175 + 1504
57234 + 1504
57234 + 1504
57293 + 1504
57293 + 1504
57354 + 1504
57354 + 1504
57416 + 1504
57416 + 1504
57474 + 1504
57474 + 1504
57536 + 1504
57536 + 1504
57597 + 1504
57626 + 1504
57626 + 1504
57687 + 1504
57687 + 1504
57746 + 1504
57746 + 1504
57808 + 1504
57808 + 1504
57865 + 1504
57865 + 1504
57926 + 1504
57926 + 1504
57988 + 1504
57988 + 1504
58046 + 1504
58046 + 1504
58107 + 1504
58107 + 1504
58168 + 1504
58168 + 1504
58230 + 1504
58230 + 1504
58286 + 1504
58286 + 1504
58347 + 1504
58347 + 1504
58409 + 1504
58409 + 1504
58537 # 1504
58537 - 1504 1495
58537 # 1504
58537 - 1504 1481
58537 # 1504
58537 - 1504 1481
58537 # 1504
58537 - 1504 1423
58537 # 1504
58537 - 1504 1423
58537 # 1504
58537 - 1504 1362
58537 # 1504
58537 - 1504 1362
58537 # 1504
58537 - 1504 1303
58537 # 1504
58537 - 1504 1303
58537 # 1504
58537 - 1504 1244
58537 # 1504
58537 - 1504 1244
58537 # 1504
58537 - 1504 1183
58537 # 1504
58537 - 1504 1183
58537 # 1504
58537 - 1504 1121
58537 # 1504
58537 - 1504 1121
58537 # 1504
58537 - 1504 1063
58537 # 1504
58537 - 1504 1063
58537 # 1504
58537 - 1504 1001
58537 # 1504
58537 - 1504 1001
58537 # 1504
58537 - 1504 940
58537 # 1504
58537 - 1504 911
58537 # 1504
58537 - 1504 911
58537 # 1504
58537 - 1504 850
58537 # 1504
58537 - 1504 850
58537 # 1504
58537 - 1504 791
58537 # 1504
58537 - 1504 791
58537 # 1504
58537 - 1504 729
58537 # 1504
58537 - 1504 729
58537 # 1504
58537 - 1504 672
58537 # 1504
58537 - 1504 672
58537 # 1504
58537 - 1504 611
58537 # 1504
58537 - 1504 611
58537 # 1504
58537 - 1504 549
58537 # 1504
58537 - 1504 549
58537 # 1504
58537 - 1504 491
58537 # 1504
58537 - 1504 491
58537 # 1504
58537 - 1504 430
58537 # 1504
58537 - 1504 430
58537 # 1504
58537 - 1504 369
58537 # 1504
58537 - 1504 369
58537 # 1504
58537 - 1504 307
58537 # 1504
58537 - 1504 307
58537 # 1504
58537 - 1504 251
58537 # 1504
58537 - 1504 251
58537 # 1504
58537 - 1504 190
58537 # 1504
58537 - 1504 190
58537 # 1504
58537 - 1504 128
58537 # 1504
58537 - 1504 128
58537 # 1504
58537 # 1504
58537 # 1504
58537 # 1504
58537 # 1504
58537 # 1504
58537 # 1504
58537 # 1504
58537 # 1504
58537 # 1504
58537 # 1504
58537 # 1504
58537 # 1504
58537 # 1504
58537 # 1504
58537 # 1504
58537 # 1504
58537 # 1504
58537 # 1504
58537 # 1504
58537 # 1504
58537 # 1504
58537 # 1504
58537 # 1504
58537 # 1504
58537 # 1504
58537 # 1504
58537 # 1504
58537 # 1504
58537 # 1504
58537 # 1504
58537 # 1504
58537 # 1504
58537 # 1504
58537 # 1504
58540 + 1504
58540 + 1504
58571 + 1504
58571 + 1504
58633 + 1504
58633 + 1504
58695 + 1504
58695 + 1504
58758 + 1504
58759 + 1504
58822 + 1504
58823 + 1504
58883 + 1504
58883 + 1504
58947 + 1504
58947 + 1504
59006 + 1504
59006 + 1504
59070 + 1504
59070 + 1504
59133 + 1504
59133 + 1504
60037 # 1504
60037 - 1504 1497
60037 # 1504
60037 - 1504 1497
60037 # 1504
60037 - 1504 1466
60037 # 1504
60037 - 1504 1466
60037 # 1504
60037 - 1504 1404
60037 # 1504
60037 - 1504 1404
60037 # 1504
60037 - 1504 1342
60037 # 1504
60037 - 1504 1342
60037 # 1504
60037 - 1504 1279
60037 # 1504
60037 - 1504 1278
60037 # 1504
60037 - 1504 1215
60037 # 1504
60037 - 1504 1214
60037 # 1504
60037 - 1504 1154
60037 # 1504
60037 - 1504 1154
60037 # 1504
60037 - 1504 1090
60037 # 1504
60037 - 1504 1090
60037 # 1504
60037 - 1504 1031
60037 # 1504
60037 - 1504 1031
60037 # 1504
60037 - 1504 967
60037 # 1504
60037 - 1504 967
60037 # 1504
60037 - 1504 904
60037 # 1504
60037 - 1504 904
60037 # 1504
60037 # 1504
60037 # 1504
60037 # 1504
60037 # 1504
60037 # 1504
60037 # 1504
60037 # 1504
60037 # 1504
60037 # 1504
60037 # 1504
60037 # 1504
60037 # 1504
60037 # 1504
60037 # 1504
60037 # 1504
60037 # 1504
60037 # 1504
60037 # 1504
60037 # 1504
60037 # 1504
60037 # 1504
60037 # 1504
60037 # 1504
60037 # 1504
60037 # 1504
60037 # 1504
60037 # 1504
60037 # 1504
60037 # 1504
60037 # 1504
60037 # 1504
60037 # 1504
60037 # 1504
60037 # 1504
60037 # 1504
60037 # 1504
60037 # 1504
60037 # 1504
60037 # 1504
60037 # 1504
60037 # 1504
60037 # 1504
60037 # 1504
60037 # 1504
60037 # 1504
60037 # 1504
60037 # 1504
60037 # 1504
60037 # 1504
60037 # 1504
60037 # 1504
60037 # 1504
60037 # 1504
60037 # 1504
60037 # 1504
60037 # 1504
60037 # 1504
60037 # 1504
60037 # 1504
60037 # 1504
60040 + 1504
60040 + 1504
60074 + 1504
60074 + 1504
60138 + 1504
60138 + 1504
60202 + 1504
60202 + 1504
60249 + 1504
60249 + 1504
60301 + 1504
60301 + 1504
60347 + 1504
60347 + 1504
60395 + 1504
60395 + 1504
60447 + 1504
60447 + 1504
60495 + 1504
60495 + 1504
60542 + 1504
60542 + 1504
60594 + 1504
60594 + 1504
60641 + 1504
60641 + 1504
60689 + 1504
60689 + 1504
60737 + 1504
60737 + 1504
60788 + 1504
60788 + 1504
60835 + 1504
60835 + 1504
60883 + 1504
60883 + 1504
60934 + 1504
60934 + 1504
60980 + 1504
60980 + 1504
61029 + 1504
61029 + 1504
61080 + 1504
61081 + 1504
61128 + 1504
61128 + 1504
61177 + 1504
61177 + 1504
61537 # 1504
61537 - 1504 1497
61537 # 1504
61537 - 1504 1497
61537 # 1504
61537 - 1504 1463
61537 # 1504
61537 - 1504 1463
61537 # 1504
61537 - 1504 1399
61537 # 1504
61537 - 1504 1399
61537 # 1504
61537 - 1504 1335
61537 # 1504
61537 - 1504 1335
61537 # 1504
61537 - 1504 1288
61537 # 1504
61537 - 1504 1288
61537 # 1504
61537 - 1504 1236
61537 # 1504
61537 - 1504 1236
61537 # 1504
61537 - 1504 1190
61537 # 1504
61537 - 1504 1190
61537 # 1504
61537 - 1504 1142
61537 # 1504
61537 - 1504 1142
61537 # 1504
61537 - 1504 1090
61537 # 1504
61537 - 1504 1090
61537 # 1504
61537 - 1504 1042
61537 # 1504
61537 - 1504 1042
61537 # 1504
61537 - 1504 995
61537 # 1504
61537 - 1504 995
61537 # 1504
61537 - 1504 943
61537 # 1504
61537 - 1504 943
61537 # 1504
61537 - 1504 896
61537 # 1504
61537 - 1504 896
61537 # 1504
61537 - 1504 848
61537 # 1504
61537 - 1504 848
61537 # 1504
61537 - 1504 800
61537 # 1504
61537 - 1504 800
61537 # 1504
61537 - 1504 749
61537 # 1504
61537 - 1504 749
61537 # 1504
61537 - 1504 702
61537 # 1504
61537 - 1504 702
61537 # 1504
61537 - 1504 654
61537 # 1504
61537 - 1504 654
61537 # 1504
61537 - 1504 603
61537 # 1504
61537 - 1504 603
61537 # 1504
61537 - 1504 557
61537 # 1504
61537 - 1504 557
61537 # 1504
61537 - 1504 508
61537 # 1504
61537 - 1504 508
61537 # 1504
61537 - 1504 457
61537 # 1504
61537 - 1504 456
61537 # 1504
61537 - 1504 409
61537 # 1504
61537 - 1504 409
61537 # 1504
61537 - 1504 360
61537 # 1504
61537 - 1504 360
61537 # 1504
61537 # 1504
61537 # 1504
61537 # 1504
61537 # 1504
61537 # 1504
61537 # 1504
61537 # 1504
61537 # 1504
61537 # 1504
61537 # 1504
61537 # 1504
61537 # 1504
61537 # 1504
61537 # 1504
61537 # 1504
61537 # 1504
61537 # 1504
61537 # 1504
61537 # 1504
61537 # 1504
61537 # 1504
61537 # 1504
61537 # 1504
61537 # 1504
61537 # 1504
61537 # 1504
61537 # 1504
61537 # 1504
61537 # 1504
61537 # 1504
61537 # 1504
61537 # 1504
61537 # 1504
61537 # 1504
61541 + 1504
61541 + 1504
61570 + 1504
61570 + 1504
61621 + 1504
61621 + 1504
61672 + 1504
61672 + 1504
61725 + 1504
61725 + 1504
61778 + 1504
61778 + 1504
61831 + 1504
61831 + 1504
61885 + 1504
61885 + 1504
61942 + 1504
61942 + 1504
61993 + 1504
61993 + 1504
62048 + 1504
62048 + 1504
63037 # 1504
63037 - 1504 1496
63037 # 1504
63037 - 1504 1496
63037 # 1504
63037 - 1504 1467
63037 # 1504
63037 - 1504 1467
63037 # 1504
63037 - 1504 1416
63037 # 1504
63037 - 1504 1416
63037 # 1504
63037 - 1504 1365
63037 # 1504
63037 - 1504 1365
63037 # 1504
63037 - 1504 1312
63037 # 1504
63037 - 1504 1312
63037 # 1504
63037 - 1504 1259
63037 # 1504
63037 - 1504 1259
63037 # 1504
63037 - 1504 1206
63037 # 1504
63037 - 1504 1206
63037 # 1504
63037 - 1504 1152
63037 # 1504
63037 - 1504 1152
63037 # 1504
63037 - 1504 1095
63037 # 1504
63037 - 1504 1095
63037 # 1504
63037 - 1504 1044
63037 # 1504
63037 - 1504 1044
63037 # 1504
63037 - 1504 989
63037 # 1504
63037 - 1504 989
63037 # 1504
63037 # 1504
63037 # 1504
63037 # 1504
63037 # 1504
63037 # 1504
63037 # 1504
63037 # 1504
63037 # 1504
63037 # 1504
63037 # 1504
63037 # 1504
63037 # 1504
63037 # 1504
63037 # 1504
63037 # 1504
63037 # 1504
63037 # 1504
63037 # 1504
63037 # 1504
63037 # 1504
63037 # 1504
63037 # 1504
63037 # 1504
63037 # 1504
63037 # 1504
63037 # 1504
63037 # 1504
63037 # 1504
63037 # 1504
63037 # 1504
63037 # 1504
63037 # 1504
63037 # 1504
63037 # 1504
63037 # 1504
63037 # 1504
63037 # 1504
63037 # 1504
63037 # 1504
63037 # 1504
63037 # 1504
63037 # 1504
63037 # 1504
63037 # 1504
63037 # 1504
63037 # 1504
63037 # 1504
63037 # 1504
63037 # 1504
63037 # 1504
63037 # 1504
63037 # 1504
63037 # 1504
63037 # 1504
63037 # 1504
63037 # 1504
63037 # 1504
63037 # 1504
63037 # 1504
63037 # 1504
63039 + 1504
63039 + 1504
63071 + 1504
63071 + 1504
63127 + 1504
63127 + 1504
63183 + 1504
63183 + 1504
63242 + 1504
63242 + 1504
63298 + 1504
63298 + 1504
63355 + 1504
63355 + 1504
63413 + 1504
63413 + 1504
63470 + 1504
63471 + 1504
63528 + 1504
63529 + 1504
63587 + 1504
63587 + 1504
63645 + 1504
63645 + 1504
63701 + 1504
63701 + 1504
63759 + 1504
63759 + 1504
63816 + 1504
63816 + 1504
63873 + 1504
63873 + 1504
63930 + 1504
63930 + 1504
63987 + 1504
63987 + 1504
64046 + 1504
64046 + 1504
64101 + 1504
64101 + 1504
64160 + 1504
64160 + 1504
64217 + 1504
64217 + 1504
64275 + 1504
64275 + 1504
64334 + 1504
64334 + 1504
64537 # 1504
64537 - 1504 1498
64537 # 1504
64537 - 1504 1498
64537 # 1504
64537 - 1504 1466
64537 # 1504
64537 - 1504 1466
64537 # 1504
64537 - 1504 1410
64537 # 1504
64537 - 1504 1410
64537 # 1504
64537 - 1504 1354
64537 # 1504
64537 - 1504 1354
64537 # 1504
64537 - 1504 1295
64537 # 1504
64537 - 1504 1295
64537 # 1504
64537 - 1504 1239
64537 # 1504
64537 - 1504 1239
64537 # 1504
64537 - 1504 1182
64537 # 1504
64537 - 1504 1182
64537 # 1504
64537 - 1504 1124
64537 # 1504
64537 - 1504 1124
64537 # 1504
64537 - 1504 1067
64537 # 1504
64537 - 1504 1066
64537 # 1504
64537 - 1504 1009
64537 # 1504
64537 - 1504 1008
64537 # 1504
64537 - 1504 950
64537 # 1504
64537 - 1504 950
64537 # 1504
64537 - 1504 892
64537 # 1504
64537 - 1504 892
64537 # 1504
64537 - 1504 836
64537 # 1504
64537 - 1504 836
64537 # 1504
64537 - 1504 778
64537 # 1504
64537 - 1504 778
64537 # 1504
64537 - 1504 721
64537 # 1504
64537 - 1504 721
64537 # 1504
64537 - 1504 664
64537 # 1504
64537 - 1504 664
64537 # 1504
64537 - 1504 607
64537 # 1504
64537 - 1504 607
64537 # 1504
64537 - 1504 550
64537 # 1504
64537 - 1504 550
64537 # 1504
64537 - 1504 491
64537 # 1504
64537 - 1504 491
64537 # 1504
64537 - 1504 436
64537 # 1504
64537 - 1504 436
64537 # 1504
64537 - 1504 377
64537 # 1504
64537 - 1504 377
64537 # 1504
64537 - 1504 320
64537 # 1504
64537 - 1504 320
64537 # 1504
64537 - 1504 262
64537 # 1504
64537 - 1504 262
64537 # 1504
64537 - 1504 203
64537 # 1504
64537 - 1504 203
64537 # 1504
64537 # 1504
64537 # 1504
64537 # 1504
64537 # 1504
64537 # 1504
64537 # 1504
64537 # 1504
64537 # 1504
64537 # 1504
64537 # 1504
64537 # 1504
64537 # 1504
64537 # 1504
64537 # 1504
64537 # 1504
64537 # 1504
64537 # 1504
64537 # 1504
64537 # 1504
64537 # 1504
64537 # 1504
64537 # 1504
64537 # 1504
64537 # 1504
64537 # 1504
64537 # 1504
64537 # 1504
64537 # 1504
64537 # 1504
64537 # 1504
64537 # 1504
64537 # 1504
64537 # 1504
64537 # 1504
64540 + 1504
64540 + 1504
64571 + 1504
64571 + 1504
64630 + 1504
64630 + 1504
64690 + 1504
64690 + 1504
64754 + 1504
64754 + 1504
64814 + 1504
64814 + 1504
64875 + 1504
64875 + 1504
64940 + 1504
64941 + 1504
65000 + 1504
65000 + 1504
65062 + 1504
65062 + 1504
65125 + 1504
65125 + 1504
66037 # 1504
66037 - 1504 1497
66037 # 1504
66037 - 1504 1497
66037 # 1504
66037 - 1504 1466
66037 # 1504
66037 - 1504 1466
66037 # 1504
66037 - 1504 1407
66037 # 1504
66037 - 1504 1407
66037 # 1504
66037 - 1504 1347
66037 # 1504
66037 - 1504 1347
66037 # 1504
66037 - 1504 1283
66037 # 1504
66037 - 1504 1283
66037 # 1504
66037 - 1504 1223
66037 # 1504
66037 - 1504 1223
66037 # 1504
66037 - 1504 1162
66037 # 1504
66037 - 1504 1162
66037 # 1504
66037 - 1504 1097
66037 # 1504
66037 - 1504 1096
66037 # 1504
66037 - 1504 1037
66037 # 1504
66037 - 1504 1037
66037 # 1504
66037 - 1504 975
66037 # 1504
66037 - 1504 975
66037 # 1504
66037 - 1504 912
66037 # 1504
66037 - 1504 912
66037 # 1504
66037 # 1504
66037 # 1504
66037 # 1504
66037 # 1504
66037 # 1504
66037 # 1504
66037 # 1504
66037 # 1504
66037 # 1504
66037 # 1504
66037 # 1504
66037 # 1504
66037 # 1504
66037 # 1504
66037 # 1504
66037 # 1504
66037 # 1504
66037 # 1504
66037 # 1504
66037 # 1504
66037 # 1504
66037 # 1504
66037 # 1504
66037 # 1504
66037 # 1504
66037 # 1504
66037 # 1504
66037 # 1504
66037 # 1504
66037 # 1504
66037 # 1504
66037 # 1504
66037 # 1504
66037 # 1504
66037 # 1504
66037 # 1504
66037 # 1504
66037 # 1504
66037 # 1504
66037 # 1504
66037 # 1504
66037 # 1504
66037 # 1504
66037 # 1504
66037 # 1504
66037 # 1504
66037 # 1504
66037 # 1504
66037 # 1504
66037 # 1504
66037 # 1504
66037 # 1504
66037 # 1504
66037 # 1504
66037 # 1504
66037 # 1504
66037 # 1504
66037 # 1504
66037 # 1504
66037 # 1504
66039 + 1504
66055 + 1504
66055 + 1504
66132 + 1504
