# mahimahi mm-link (Downlink) [custom-traces/1mbps.trace] > /home/saivivek/pantheon/results/network-profile-1/vegas_mm_acklink_run1.log
# command line: 'mm-link' 'custom-traces/1mbps.trace' 'custom-traces/1mbps.trace' '--uplink-log=/home/saivivek/pantheon/results/network-profile-1/vegas_mm_datalink_run1.log' '--downlink-log=/home/saivivek/pantheon/results/network-profile-1/vegas_mm_acklink_run1.log' '--uplink-queue=droptail' '--downlink-queue=droptail' '--uplink-queue-args=packets=500' '--downlink-queue-args=packets=500' 'python' '/home/saivivek/pantheon/src/experiments/tunnel_manager.py'
# queue: droptail [packets=500]
# init timestamp: 1745091126011
# base timestamp: 37
# mahimahi config: [delay 5 ms] 
37 + 80
37 + 52
37 + 80
735 + 80
864 + 80
1537 # 1504
1537 - 80 1500
1537 - 52 1500
1537 - 80 1500
1537 - 80 802
1537 - 80 673
1537 # 1504
1537 # 1504
1537 # 1504
1537 # 1504
1537 # 1504
1537 # 1504
1537 # 1504
1537 # 1504
1537 # 1504
1537 # 1504
1537 # 1504
1537 # 1504
1537 # 1504
1537 # 1504
1537 # 1504
1537 # 1504
1537 # 1504
1537 # 1504
1537 # 1504
1537 # 1504
1537 # 1504
1537 # 1504
1537 # 1504
1537 # 1504
1537 # 1504
1537 # 1504
1537 # 1504
1537 # 1504
1537 # 1504
1537 # 1504
1537 # 1504
1537 # 1504
1537 # 1504
1537 # 1504
1537 # 1504
1537 # 1504
1537 # 1504
1537 # 1504
1537 # 1504
1537 # 1504
1537 # 1504
1537 # 1504
1537 # 1504
1537 # 1504
1537 # 1504
1537 # 1504
1537 # 1504
1537 # 1504
1537 # 1504
1537 # 1504
1537 # 1504
1537 # 1504
1537 # 1504
1537 # 1504
1537 # 1504
1537 # 1504
1537 # 1504
1537 # 1504
1537 # 1504
1537 # 1504
1537 # 1504
1537 # 1504
1537 # 1504
1537 # 1504
1537 # 1504
1537 # 1504
1537 # 1504
1537 # 1504
1537 # 1504
1537 # 1504
1537 # 1504
1537 # 1504
1537 # 1504
1537 # 1504
1537 # 1504
1537 # 1504
1537 # 1504
1537 # 1504
1537 # 1504
1537 # 1504
1537 # 1504
1537 # 1504
1550 + 40
1551 + 40
3037 # 1504
3037 - 40 1487
3037 - 40 1486
3037 # 1504
3037 # 1504
3037 # 1504
3037 # 1504
3037 # 1504
3037 # 1504
3037 # 1504
3037 # 1504
3037 # 1504
3037 # 1504
3037 # 1504
3037 # 1504
3037 # 1504
3037 # 1504
3037 # 1504
3037 # 1504
3037 # 1504
3037 # 1504
3037 # 1504
3037 # 1504
3037 # 1504
3037 # 1504
3037 # 1504
3037 # 1504
3037 # 1504
3037 # 1504
3037 # 1504
3037 # 1504
3037 # 1504
3037 # 1504
3037 # 1504
3037 # 1504
3037 # 1504
3037 # 1504
3037 # 1504
3037 # 1504
3037 # 1504
3037 # 1504
3037 # 1504
3037 # 1504
3037 # 1504
3037 # 1504
3037 # 1504
3037 # 1504
3037 # 1504
3037 # 1504
3037 # 1504
3037 # 1504
3037 # 1504
3037 # 1504
3037 # 1504
3037 # 1504
3037 # 1504
3037 # 1504
3037 # 1504
3037 # 1504
3037 # 1504
3037 # 1504
3037 # 1504
3037 # 1504
3037 # 1504
3037 # 1504
3037 # 1504
3037 # 1504
3037 # 1504
3037 # 1504
3037 # 1504
3037 # 1504
3037 # 1504
3037 # 1504
3037 # 1504
3037 # 1504
3037 # 1504
3037 # 1504
3037 # 1504
3037 # 1504
3037 # 1504
3037 # 1504
3037 # 1504
3037 # 1504
3037 # 1504
3037 # 1504
3049 + 40
4537 # 1504
4537 - 40 1488
4537 # 1504
4537 # 1504
4537 # 1504
4537 # 1504
4537 # 1504
4537 # 1504
4537 # 1504
4537 # 1504
4537 # 1504
4537 # 1504
4537 # 1504
4537 # 1504
4537 # 1504
4537 # 1504
4537 # 1504
4537 # 1504
4537 # 1504
4537 # 1504
4537 # 1504
4537 # 1504
4537 # 1504
4537 # 1504
4537 # 1504
4537 # 1504
4537 # 1504
4537 # 1504
4537 # 1504
4537 # 1504
4537 # 1504
4537 # 1504
4537 # 1504
4537 # 1504
4537 # 1504
4537 # 1504
4537 # 1504
4537 # 1504
4537 # 1504
4537 # 1504
4537 # 1504
4537 # 1504
4537 # 1504
4537 # 1504
4537 # 1504
4537 # 1504
4537 # 1504
4537 # 1504
4537 # 1504
4537 # 1504
4537 # 1504
4537 # 1504
4537 # 1504
4537 # 1504
4537 # 1504
4537 # 1504
4537 # 1504
4537 # 1504
4537 # 1504
4537 # 1504
4537 # 1504
4537 # 1504
4537 # 1504
4537 # 1504
4537 # 1504
4537 # 1504
4537 # 1504
4537 # 1504
4537 # 1504
4537 # 1504
4537 # 1504
4537 # 1504
4537 # 1504
4537 # 1504
4537 # 1504
4537 # 1504
4537 # 1504
4537 # 1504
4537 # 1504
4537 # 1504
4537 # 1504
4537 # 1504
4537 # 1504
4537 # 1504
4770 + 52
6037 # 1504
6037 - 52 1267
6037 # 1504
6037 # 1504
6037 # 1504
6037 # 1504
6037 # 1504
6037 # 1504
6037 # 1504
6037 # 1504
6037 # 1504
6037 # 1504
6037 # 1504
6037 # 1504
6037 # 1504
6037 # 1504
6037 # 1504
6037 # 1504
6037 # 1504
6037 # 1504
6037 # 1504
6037 # 1504
6037 # 1504
6037 # 1504
6037 # 1504
6037 # 1504
6037 # 1504
6037 # 1504
6037 # 1504
6037 # 1504
6037 # 1504
6037 # 1504
6037 # 1504
6037 # 1504
6037 # 1504
6037 # 1504
6037 # 1504
6037 # 1504
6037 # 1504
6037 # 1504
6037 # 1504
6037 # 1504
6037 # 1504
6037 # 1504
6037 # 1504
6037 # 1504
6037 # 1504
6037 # 1504
6037 # 1504
6037 # 1504
6037 # 1504
6037 # 1504
6037 # 1504
6037 # 1504
6037 # 1504
6037 # 1504
6037 # 1504
6037 # 1504
6037 # 1504
6037 # 1504
6037 # 1504
6037 # 1504
6037 # 1504
6037 # 1504
6037 # 1504
6037 # 1504
6037 # 1504
6037 # 1504
6037 # 1504
6037 # 1504
6037 # 1504
6037 # 1504
6037 # 1504
6037 # 1504
6037 # 1504
6037 # 1504
6037 # 1504
6037 # 1504
6037 # 1504
6037 # 1504
6037 # 1504
6037 # 1504
6037 # 1504
6037 # 1504
7537 # 1504
7537 # 1504
7537 # 1504
7537 # 1504
7537 # 1504
7537 # 1504
7537 # 1504
7537 # 1504
7537 # 1504
7537 # 1504
7537 # 1504
7537 # 1504
7537 # 1504
7537 # 1504
7537 # 1504
7537 # 1504
7537 # 1504
7537 # 1504
7537 # 1504
7537 # 1504
7537 # 1504
7537 # 1504
7537 # 1504
7537 # 1504
7537 # 1504
7537 # 1504
7537 # 1504
7537 # 1504
7537 # 1504
7537 # 1504
7537 # 1504
7537 # 1504
7537 # 1504
7537 # 1504
7537 # 1504
7537 # 1504
7537 # 1504
7537 # 1504
7537 # 1504
7537 # 1504
7537 # 1504
7537 # 1504
7537 # 1504
7537 # 1504
7537 # 1504
7537 # 1504
7537 # 1504
7537 # 1504
7537 # 1504
7537 # 1504
7537 # 1504
7537 # 1504
7537 # 1504
7537 # 1504
7537 # 1504
7537 # 1504
7537 # 1504
7537 # 1504
7537 # 1504
7537 # 1504
7537 # 1504
7537 # 1504
7537 # 1504
7537 # 1504
7537 # 1504
7537 # 1504
7537 # 1504
7537 # 1504
7537 # 1504
7537 # 1504
7537 # 1504
7537 # 1504
7537 # 1504
7537 # 1504
7537 # 1504
7537 # 1504
7537 # 1504
7537 # 1504
7537 # 1504
7537 # 1504
7537 # 1504
7537 # 1504
7537 # 1504
7553 + 100
7553 + 100
8615 + 100
9037 # 1504
9037 - 100 1484
9037 - 100 1484
9037 - 100 422
9037 # 1504
9037 # 1504
9037 # 1504
9037 # 1504
9037 # 1504
9037 # 1504
9037 # 1504
9037 # 1504
9037 # 1504
9037 # 1504
9037 # 1504
9037 # 1504
9037 # 1504
9037 # 1504
9037 # 1504
9037 # 1504
9037 # 1504
9037 # 1504
9037 # 1504
9037 # 1504
9037 # 1504
9037 # 1504
9037 # 1504
9037 # 1504
9037 # 1504
9037 # 1504
9037 # 1504
9037 # 1504
9037 # 1504
9037 # 1504
9037 # 1504
9037 # 1504
9037 # 1504
9037 # 1504
9037 # 1504
9037 # 1504
9037 # 1504
9037 # 1504
9037 # 1504
9037 # 1504
9037 # 1504
9037 # 1504
9037 # 1504
9037 # 1504
9037 # 1504
9037 # 1504
9037 # 1504
9037 # 1504
9037 # 1504
9037 # 1504
9037 # 1504
9037 # 1504
9037 # 1504
9037 # 1504
9037 # 1504
9037 # 1504
9037 # 1504
9037 # 1504
9037 # 1504
9037 # 1504
9037 # 1504
9037 # 1504
9037 # 1504
9037 # 1504
9037 # 1504
9037 # 1504
9037 # 1504
9037 # 1504
9037 # 1504
9037 # 1504
9037 # 1504
9037 # 1504
9037 # 1504
9037 # 1504
9037 # 1504
9037 # 1504
9037 # 1504
9037 # 1504
9037 # 1504
9037 # 1504
9037 # 1504
9037 # 1504
9050 + 100
10537 # 1504
10537 - 100 1487
10537 # 1504
10537 # 1504
10537 # 1504
10537 # 1504
10537 # 1504
10537 # 1504
10537 # 1504
10537 # 1504
10537 # 1504
10537 # 1504
10537 # 1504
10537 # 1504
10537 # 1504
10537 # 1504
10537 # 1504
10537 # 1504
10537 # 1504
10537 # 1504
10537 # 1504
10537 # 1504
10537 # 1504
10537 # 1504
10537 # 1504
10537 # 1504
10537 # 1504
10537 # 1504
10537 # 1504
10537 # 1504
10537 # 1504
10537 # 1504
10537 # 1504
10537 # 1504
10537 # 1504
10537 # 1504
10537 # 1504
10537 # 1504
10537 # 1504
10537 # 1504
10537 # 1504
10537 # 1504
10537 # 1504
10537 # 1504
10537 # 1504
10537 # 1504
10537 # 1504
10537 # 1504
10537 # 1504
10537 # 1504
10537 # 1504
10537 # 1504
10537 # 1504
10537 # 1504
10537 # 1504
10537 # 1504
10537 # 1504
10537 # 1504
10537 # 1504
10537 # 1504
10537 # 1504
10537 # 1504
10537 # 1504
10537 # 1504
10537 # 1504
10537 # 1504
10537 # 1504
10537 # 1504
10537 # 1504
10537 # 1504
10537 # 1504
10537 # 1504
10537 # 1504
10537 # 1504
10537 # 1504
10537 # 1504
10537 # 1504
10537 # 1504
10537 # 1504
10537 # 1504
10537 # 1504
10537 # 1504
10537 # 1504
10537 # 1504
10550 + 92
10550 + 92
10550 + 92
10550 + 92
10550 + 92
10550 + 92
10550 + 92
10550 + 92
10550 + 92
10550 + 92
10550 + 120
12037 # 1504
12037 - 92 1487
12037 - 92 1487
12037 - 92 1487
12037 - 92 1487
12037 - 92 1487
12037 - 92 1487
12037 - 92 1487
12037 - 92 1487
12037 - 92 1487
12037 - 92 1487
12037 - 120 1487
12037 # 1504
12037 # 1504
12037 # 1504
12037 # 1504
12037 # 1504
12037 # 1504
12037 # 1504
12037 # 1504
12037 # 1504
12037 # 1504
12037 # 1504
12037 # 1504
12037 # 1504
12037 # 1504
12037 # 1504
12037 # 1504
12037 # 1504
12037 # 1504
12037 # 1504
12037 # 1504
12037 # 1504
12037 # 1504
12037 # 1504
12037 # 1504
12037 # 1504
12037 # 1504
12037 # 1504
12037 # 1504
12037 # 1504
12037 # 1504
12037 # 1504
12037 # 1504
12037 # 1504
12037 # 1504
12037 # 1504
12037 # 1504
12037 # 1504
12037 # 1504
12037 # 1504
12037 # 1504
12037 # 1504
12037 # 1504
12037 # 1504
12037 # 1504
12037 # 1504
12037 # 1504
12037 # 1504
12037 # 1504
12037 # 1504
12037 # 1504
12037 # 1504
12037 # 1504
12037 # 1504
12037 # 1504
12037 # 1504
12037 # 1504
12037 # 1504
12037 # 1504
12037 # 1504
12037 # 1504
12037 # 1504
12037 # 1504
12037 # 1504
12037 # 1504
12037 # 1504
12037 # 1504
12037 # 1504
12037 # 1504
12037 # 1504
12037 # 1504
12037 # 1504
12037 # 1504
12037 # 1504
12037 # 1504
12037 # 1504
12037 # 1504
12037 # 1504
12037 # 1504
12037 # 1504
12037 # 1504
12037 # 1504
12037 # 1504
13537 # 1504
13537 # 1504
13537 # 1504
13537 # 1504
13537 # 1504
13537 # 1504
13537 # 1504
13537 # 1504
13537 # 1504
13537 # 1504
13537 # 1504
13537 # 1504
13537 # 1504
13537 # 1504
13537 # 1504
13537 # 1504
13537 # 1504
13537 # 1504
13537 # 1504
13537 # 1504
13537 # 1504
13537 # 1504
13537 # 1504
13537 # 1504
13537 # 1504
13537 # 1504
13537 # 1504
13537 # 1504
13537 # 1504
13537 # 1504
13537 # 1504
13537 # 1504
13537 # 1504
13537 # 1504
13537 # 1504
13537 # 1504
13537 # 1504
13537 # 1504
13537 # 1504
13537 # 1504
13537 # 1504
13537 # 1504
13537 # 1504
13537 # 1504
13537 # 1504
13537 # 1504
13537 # 1504
13537 # 1504
13537 # 1504
13537 # 1504
13537 # 1504
13537 # 1504
13537 # 1504
13537 # 1504
13537 # 1504
13537 # 1504
13537 # 1504
13537 # 1504
13537 # 1504
13537 # 1504
13537 # 1504
13537 # 1504
13537 # 1504
13537 # 1504
13537 # 1504
13537 # 1504
13537 # 1504
13537 # 1504
13537 # 1504
13537 # 1504
13537 # 1504
13537 # 1504
13537 # 1504
13537 # 1504
13537 # 1504
13537 # 1504
13537 # 1504
13537 # 1504
13537 # 1504
13537 # 1504
13537 # 1504
13537 # 1504
13537 # 1504
13550 + 92
13550 + 92
13550 + 92
13550 + 92
13550 + 92
13550 + 92
13550 + 92
13550 + 92
13992 + 52
15037 # 1504
15037 - 92 1487
15037 - 92 1487
15037 - 92 1487
15037 - 92 1487
15037 - 92 1487
15037 - 92 1487
15037 - 92 1487
15037 - 92 1487
15037 - 52 1045
15037 # 1504
15037 # 1504
15037 # 1504
15037 # 1504
15037 # 1504
15037 # 1504
15037 # 1504
15037 # 1504
15037 # 1504
15037 # 1504
15037 # 1504
15037 # 1504
15037 # 1504
15037 # 1504
15037 # 1504
15037 # 1504
15037 # 1504
15037 # 1504
15037 # 1504
15037 # 1504
15037 # 1504
15037 # 1504
15037 # 1504
15037 # 1504
15037 # 1504
15037 # 1504
15037 # 1504
15037 # 1504
15037 # 1504
15037 # 1504
15037 # 1504
15037 # 1504
15037 # 1504
15037 # 1504
15037 # 1504
15037 # 1504
15037 # 1504
15037 # 1504
15037 # 1504
15037 # 1504
15037 # 1504
15037 # 1504
15037 # 1504
15037 # 1504
15037 # 1504
15037 # 1504
15037 # 1504
15037 # 1504
15037 # 1504
15037 # 1504
15037 # 1504
15037 # 1504
15037 # 1504
15037 # 1504
15037 # 1504
15037 # 1504
15037 # 1504
15037 # 1504
15037 # 1504
15037 # 1504
15037 # 1504
15037 # 1504
15037 # 1504
15037 # 1504
15037 # 1504
15037 # 1504
15037 # 1504
15037 # 1504
15037 # 1504
15037 # 1504
15037 # 1504
15037 # 1504
15037 # 1504
15037 # 1504
15037 # 1504
15037 # 1504
15037 # 1504
15037 # 1504
15037 # 1504
15037 # 1504
15037 # 1504
15037 # 1504
15054 + 92
16537 # 1504
16537 - 92 1483
16537 # 1504
16537 # 1504
16537 # 1504
16537 # 1504
16537 # 1504
16537 # 1504
16537 # 1504
16537 # 1504
16537 # 1504
16537 # 1504
16537 # 1504
16537 # 1504
16537 # 1504
16537 # 1504
16537 # 1504
16537 # 1504
16537 # 1504
16537 # 1504
16537 # 1504
16537 # 1504
16537 # 1504
16537 # 1504
16537 # 1504
16537 # 1504
16537 # 1504
16537 # 1504
16537 # 1504
16537 # 1504
16537 # 1504
16537 # 1504
16537 # 1504
16537 # 1504
16537 # 1504
16537 # 1504
16537 # 1504
16537 # 1504
16537 # 1504
16537 # 1504
16537 # 1504
16537 # 1504
16537 # 1504
16537 # 1504
16537 # 1504
16537 # 1504
16537 # 1504
16537 # 1504
16537 # 1504
16537 # 1504
16537 # 1504
16537 # 1504
16537 # 1504
16537 # 1504
16537 # 1504
16537 # 1504
16537 # 1504
16537 # 1504
16537 # 1504
16537 # 1504
16537 # 1504
16537 # 1504
16537 # 1504
16537 # 1504
16537 # 1504
16537 # 1504
16537 # 1504
16537 # 1504
16537 # 1504
16537 # 1504
16537 # 1504
16537 # 1504
16537 # 1504
16537 # 1504
16537 # 1504
16537 # 1504
16537 # 1504
16537 # 1504
16537 # 1504
16537 # 1504
16537 # 1504
16537 # 1504
16537 # 1504
16537 # 1504
16549 + 92
16549 + 92
16549 + 92
16549 + 92
16549 + 92
16549 + 92
16549 + 92
16549 + 92
16549 + 92
16549 + 92
16549 + 92
16550 + 92
16550 + 92
16550 + 92
16550 + 92
16550 + 92
16550 + 92
18037 # 1504
18037 - 92 1488
18037 - 92 1488
18037 - 92 1488
18037 - 92 1488
18037 - 92 1488
18037 - 92 1488
18037 - 92 1488
18037 - 92 1488
18037 - 92 1488
18037 - 92 1488
18037 - 92 1488
18037 - 92 1487
18037 - 92 1487
18037 - 92 1487
18037 - 92 1487
18037 - 92 1487
18037 # 1504
18037 - 92 1487
18037 # 1504
18037 # 1504
18037 # 1504
18037 # 1504
18037 # 1504
18037 # 1504
18037 # 1504
18037 # 1504
18037 # 1504
18037 # 1504
18037 # 1504
18037 # 1504
18037 # 1504
18037 # 1504
18037 # 1504
18037 # 1504
18037 # 1504
18037 # 1504
18037 # 1504
18037 # 1504
18037 # 1504
18037 # 1504
18037 # 1504
18037 # 1504
18037 # 1504
18037 # 1504
18037 # 1504
18037 # 1504
18037 # 1504
18037 # 1504
18037 # 1504
18037 # 1504
18037 # 1504
18037 # 1504
18037 # 1504
18037 # 1504
18037 # 1504
18037 # 1504
18037 # 1504
18037 # 1504
18037 # 1504
18037 # 1504
18037 # 1504
18037 # 1504
18037 # 1504
18037 # 1504
18037 # 1504
18037 # 1504
18037 # 1504
18037 # 1504
18037 # 1504
18037 # 1504
18037 # 1504
18037 # 1504
18037 # 1504
18037 # 1504
18037 # 1504
18037 # 1504
18037 # 1504
18037 # 1504
18037 # 1504
18037 # 1504
18037 # 1504
18037 # 1504
18037 # 1504
18037 # 1504
18037 # 1504
18037 # 1504
18037 # 1504
18037 # 1504
18037 # 1504
18037 # 1504
18037 # 1504
18037 # 1504
18037 # 1504
18037 # 1504
18037 # 1504
18037 # 1504
18037 # 1504
18037 # 1504
18037 # 1504
18052 + 92
19537 # 1504
19537 - 92 1485
19537 # 1504
19537 # 1504
19537 # 1504
19537 # 1504
19537 # 1504
19537 # 1504
19537 # 1504
19537 # 1504
19537 # 1504
19537 # 1504
19537 # 1504
19537 # 1504
19537 # 1504
19537 # 1504
19537 # 1504
19537 # 1504
19537 # 1504
19537 # 1504
19537 # 1504
19537 # 1504
19537 # 1504
19537 # 1504
19537 # 1504
19537 # 1504
19537 # 1504
19537 # 1504
19537 # 1504
19537 # 1504
19537 # 1504
19537 # 1504
19537 # 1504
19537 # 1504
19537 # 1504
19537 # 1504
19537 # 1504
19537 # 1504
19537 # 1504
19537 # 1504
19537 # 1504
19537 # 1504
19537 # 1504
19537 # 1504
19537 # 1504
19537 # 1504
19537 # 1504
19537 # 1504
19537 # 1504
19537 # 1504
19537 # 1504
19537 # 1504
19537 # 1504
19537 # 1504
19537 # 1504
19537 # 1504
19537 # 1504
19537 # 1504
19537 # 1504
19537 # 1504
19537 # 1504
19537 # 1504
19537 # 1504
19537 # 1504
19537 # 1504
19537 # 1504
19537 # 1504
19537 # 1504
19537 # 1504
19537 # 1504
19537 # 1504
19537 # 1504
19537 # 1504
19537 # 1504
19537 # 1504
19537 # 1504
19537 # 1504
19537 # 1504
19537 # 1504
19537 # 1504
19537 # 1504
19537 # 1504
19537 # 1504
19537 # 1504
19551 + 92
19556 + 92
19556 + 92
19556 + 92
19556 + 92
19556 + 92
19556 + 92
19556 + 92
19556 + 92
19556 + 92
19556 + 92
19556 + 92
19556 + 92
19556 + 92
19556 + 92
19556 + 92
19556 + 92
19556 + 92
19556 + 92
19556 + 92
19556 + 92
19558 + 92
19561 + 92
19561 + 92
19561 + 92
19561 + 92
19561 + 92
19561 + 92
19603 + 92
21037 # 1504
21037 - 92 1486
21037 - 92 1481
21037 - 92 1481
21037 - 92 1481
21037 - 92 1481
21037 - 92 1481
21037 - 92 1481
21037 - 92 1481
21037 - 92 1481
21037 - 92 1481
21037 - 92 1481
21037 - 92 1481
21037 - 92 1481
21037 - 92 1481
21037 - 92 1481
21037 - 92 1481
21037 # 1504
21037 - 92 1481
21037 - 92 1481
21037 - 92 1481
21037 - 92 1481
21037 - 92 1481
21037 - 92 1479
21037 - 92 1476
21037 - 92 1476
21037 - 92 1476
21037 - 92 1476
21037 - 92 1476
21037 - 92 1476
21037 - 92 1434
21037 # 1504
21037 # 1504
21037 # 1504
21037 # 1504
21037 # 1504
21037 # 1504
21037 # 1504
21037 # 1504
21037 # 1504
21037 # 1504
21037 # 1504
21037 # 1504
21037 # 1504
21037 # 1504
21037 # 1504
21037 # 1504
21037 # 1504
21037 # 1504
21037 # 1504
21037 # 1504
21037 # 1504
21037 # 1504
21037 # 1504
21037 # 1504
21037 # 1504
21037 # 1504
21037 # 1504
21037 # 1504
21037 # 1504
21037 # 1504
21037 # 1504
21037 # 1504
21037 # 1504
21037 # 1504
21037 # 1504
21037 # 1504
21037 # 1504
21037 # 1504
21037 # 1504
21037 # 1504
21037 # 1504
21037 # 1504
21037 # 1504
21037 # 1504
21037 # 1504
21037 # 1504
21037 # 1504
21037 # 1504
21037 # 1504
21037 # 1504
21037 # 1504
21037 # 1504
21037 # 1504
21037 # 1504
21037 # 1504
21037 # 1504
21037 # 1504
21037 # 1504
21037 # 1504
21037 # 1504
21037 # 1504
21037 # 1504
21037 # 1504
21037 # 1504
21037 # 1504
21037 # 1504
21037 # 1504
21037 # 1504
21037 # 1504
21037 # 1504
21037 # 1504
21037 # 1504
21037 # 1504
21037 # 1504
21037 # 1504
21037 # 1504
21037 # 1504
21037 # 1504
21037 # 1504
21037 # 1504
21037 # 1504
21053 + 92
21053 + 92
21053 + 92
21053 + 92
21053 + 92
21053 + 92
21053 + 92
22537 # 1504
22537 - 92 1484
22537 - 92 1484
22537 - 92 1484
22537 - 92 1484
22537 - 92 1484
22537 - 92 1484
22537 - 92 1484
22537 # 1504
22537 # 1504
22537 # 1504
22537 # 1504
22537 # 1504
22537 # 1504
22537 # 1504
22537 # 1504
22537 # 1504
22537 # 1504
22537 # 1504
22537 # 1504
22537 # 1504
22537 # 1504
22537 # 1504
22537 # 1504
22537 # 1504
22537 # 1504
22537 # 1504
22537 # 1504
22537 # 1504
22537 # 1504
22537 # 1504
22537 # 1504
22537 # 1504
22537 # 1504
22537 # 1504
22537 # 1504
22537 # 1504
22537 # 1504
22537 # 1504
22537 # 1504
22537 # 1504
22537 # 1504
22537 # 1504
22537 # 1504
22537 # 1504
22537 # 1504
22537 # 1504
22537 # 1504
22537 # 1504
22537 # 1504
22537 # 1504
22537 # 1504
22537 # 1504
22537 # 1504
22537 # 1504
22537 # 1504
22537 # 1504
22537 # 1504
22537 # 1504
22537 # 1504
22537 # 1504
22537 # 1504
22537 # 1504
22537 # 1504
22537 # 1504
22537 # 1504
22537 # 1504
22537 # 1504
22537 # 1504
22537 # 1504
22537 # 1504
22537 # 1504
22537 # 1504
22537 # 1504
22537 # 1504
22537 # 1504
22537 # 1504
22537 # 1504
22537 # 1504
22537 # 1504
22537 # 1504
22537 # 1504
22537 # 1504
22537 # 1504
22537 # 1504
22537 # 1504
22537 # 1504
22537 # 1504
22537 # 1504
22537 # 1504
22554 + 92
22554 + 92
22554 + 92
22554 + 92
22554 + 92
22554 + 92
22554 + 92
22554 + 92
22554 + 92
22554 + 92
22554 + 92
22554 + 92
22554 + 92
22554 + 92
22554 + 92
22554 + 92
22554 + 92
22554 + 92
22554 + 92
22554 + 92
22554 + 92
22554 + 92
22554 + 92
22554 + 92
22554 + 92
22554 + 92
22554 + 92
22554 + 92
22554 + 92
22554 + 92
22554 + 92
22554 + 92
22554 + 92
22554 + 92
22554 + 92
22554 + 92
22554 + 92
22554 + 92
22554 + 92
22554 + 92
22554 + 92
22554 + 92
22554 + 92
22555 + 92
22556 + 92
22556 + 92
22556 + 92
22556 + 92
22556 + 92
22556 + 92
22556 + 92
22556 + 92
22556 + 92
22556 + 92
22556 + 92
22556 + 92
22556 + 92
22556 + 92
22556 + 92
22556 + 92
22556 + 92
22556 + 92
22556 + 92
24037 # 1504
24037 - 92 1483
24037 - 92 1483
24037 - 92 1483
24037 - 92 1483
24037 - 92 1483
24037 - 92 1483
24037 - 92 1483
24037 - 92 1483
24037 - 92 1483
24037 - 92 1483
24037 - 92 1483
24037 - 92 1483
24037 - 92 1483
24037 - 92 1483
24037 - 92 1483
24037 - 92 1483
24037 # 1504
24037 - 92 1483
24037 - 92 1483
24037 - 92 1483
24037 - 92 1483
24037 - 92 1483
24037 - 92 1483
24037 - 92 1483
24037 - 92 1483
24037 - 92 1483
24037 - 92 1483
24037 - 92 1483
24037 - 92 1483
24037 - 92 1483
24037 - 92 1483
24037 - 92 1483
24037 - 92 1483
24037 # 1504
24037 - 92 1483
24037 - 92 1483
24037 - 92 1483
24037 - 92 1483
24037 - 92 1483
24037 - 92 1483
24037 - 92 1483
24037 - 92 1483
24037 - 92 1483
24037 - 92 1483
24037 - 92 1483
24037 - 92 1482
24037 - 92 1481
24037 - 92 1481
24037 - 92 1481
24037 - 92 1481
24037 - 92 1481
24037 # 1504
24037 - 92 1481
24037 - 92 1481
24037 - 92 1481
24037 - 92 1481
24037 - 92 1481
24037 - 92 1481
24037 - 92 1481
24037 - 92 1481
24037 - 92 1481
24037 - 92 1481
24037 - 92 1481
24037 - 92 1481
24037 - 92 1481
24037 - 92 1481
24037 # 1504
24037 # 1504
24037 # 1504
24037 # 1504
24037 # 1504
24037 # 1504
24037 # 1504
24037 # 1504
24037 # 1504
24037 # 1504
24037 # 1504
24037 # 1504
24037 # 1504
24037 # 1504
24037 # 1504
24037 # 1504
24037 # 1504
24037 # 1504
24037 # 1504
24037 # 1504
24037 # 1504
24037 # 1504
24037 # 1504
24037 # 1504
24037 # 1504
24037 # 1504
24037 # 1504
24037 # 1504
24037 # 1504
24037 # 1504
24037 # 1504
24037 # 1504
24037 # 1504
24037 # 1504
24037 # 1504
24037 # 1504
24037 # 1504
24037 # 1504
24037 # 1504
24037 # 1504
24037 # 1504
24037 # 1504
24037 # 1504
24037 # 1504
24037 # 1504
24037 # 1504
24037 # 1504
24037 # 1504
24037 # 1504
24037 # 1504
24037 # 1504
24037 # 1504
24037 # 1504
24037 # 1504
24037 # 1504
24037 # 1504
24037 # 1504
24037 # 1504
24037 # 1504
24037 # 1504
24037 # 1504
24037 # 1504
24037 # 1504
24037 # 1504
24037 # 1504
24037 # 1504
24037 # 1504
24037 # 1504
24037 # 1504
24037 # 1504
24037 # 1504
24037 # 1504
24037 # 1504
24037 # 1504
24037 # 1504
24037 # 1504
24037 # 1504
24037 # 1504
24037 # 1504
24051 + 92
24052 + 92
24052 + 92
24052 + 92
24052 + 92
24052 + 92
24052 + 92
24052 + 92
24052 + 92
24052 + 92
25537 # 1504
25537 - 92 1486
25537 - 92 1485
25537 - 92 1485
25537 - 92 1485
25537 - 92 1485
25537 - 92 1485
25537 - 92 1485
25537 - 92 1485
25537 - 92 1485
25537 - 92 1485
25537 # 1504
25537 # 1504
25537 # 1504
25537 # 1504
25537 # 1504
25537 # 1504
25537 # 1504
25537 # 1504
25537 # 1504
25537 # 1504
25537 # 1504
25537 # 1504
25537 # 1504
25537 # 1504
25537 # 1504
25537 # 1504
25537 # 1504
25537 # 1504
25537 # 1504
25537 # 1504
25537 # 1504
25537 # 1504
25537 # 1504
25537 # 1504
25537 # 1504
25537 # 1504
25537 # 1504
25537 # 1504
25537 # 1504
25537 # 1504
25537 # 1504
25537 # 1504
25537 # 1504
25537 # 1504
25537 # 1504
25537 # 1504
25537 # 1504
25537 # 1504
25537 # 1504
25537 # 1504
25537 # 1504
25537 # 1504
25537 # 1504
25537 # 1504
25537 # 1504
25537 # 1504
25537 # 1504
25537 # 1504
25537 # 1504
25537 # 1504
25537 # 1504
25537 # 1504
25537 # 1504
25537 # 1504
25537 # 1504
25537 # 1504
25537 # 1504
25537 # 1504
25537 # 1504
25537 # 1504
25537 # 1504
25537 # 1504
25537 # 1504
25537 # 1504
25537 # 1504
25537 # 1504
25537 # 1504
25537 # 1504
25537 # 1504
25537 # 1504
25537 # 1504
25537 # 1504
25537 # 1504
25537 # 1504
25537 # 1504
25537 # 1504
25537 # 1504
25537 # 1504
25537 # 1504
25537 # 1504
25537 # 1504
25537 # 1504
25552 + 92
25552 + 92
25552 + 92
25552 + 92
25552 + 92
25552 + 92
25552 + 92
25552 + 92
25552 + 92
25552 + 92
25552 + 92
25552 + 92
25552 + 92
25552 + 92
25552 + 92
25552 + 92
25552 + 92
25552 + 92
25552 + 92
25552 + 92
25552 + 92
25552 + 92
25552 + 92
25552 + 92
25552 + 92
25552 + 92
25552 + 92
25552 + 92
25552 + 92
25552 + 92
25553 + 92
25553 + 92
25553 + 92
25553 + 92
25553 + 92
25553 + 92
25553 + 92
25553 + 92
25553 + 92
25553 + 92
25553 + 92
25553 + 92
25553 + 92
25553 + 92
25553 + 92
25553 + 92
25553 + 92
25553 + 92
25553 + 92
25553 + 92
25553 + 92
25553 + 92
25553 + 92
25553 + 92
25553 + 92
25553 + 92
25553 + 92
25553 + 92
25553 + 92
25553 + 92
25553 + 92
27037 # 1504
27037 - 92 1485
27037 - 92 1485
27037 - 92 1485
27037 - 92 1485
27037 - 92 1485
27037 - 92 1485
27037 - 92 1485
27037 - 92 1485
27037 - 92 1485
27037 - 92 1485
27037 - 92 1485
27037 - 92 1485
27037 - 92 1485
27037 - 92 1485
27037 - 92 1485
27037 - 92 1485
27037 # 1504
27037 - 92 1485
27037 - 92 1485
27037 - 92 1485
27037 - 92 1485
27037 - 92 1485
27037 - 92 1485
27037 - 92 1485
27037 - 92 1485
27037 - 92 1485
27037 - 92 1485
27037 - 92 1485
27037 - 92 1485
27037 - 92 1485
27037 - 92 1485
27037 - 92 1484
27037 - 92 1484
27037 # 1504
27037 - 92 1484
27037 - 92 1484
27037 - 92 1484
27037 - 92 1484
27037 - 92 1484
27037 - 92 1484
27037 - 92 1484
27037 - 92 1484
27037 - 92 1484
27037 - 92 1484
27037 - 92 1484
27037 - 92 1484
27037 - 92 1484
27037 - 92 1484
27037 - 92 1484
27037 - 92 1484
27037 - 92 1484
27037 # 1504
27037 - 92 1484
27037 - 92 1484
27037 - 92 1484
27037 - 92 1484
27037 - 92 1484
27037 - 92 1484
27037 - 92 1484
27037 - 92 1484
27037 - 92 1484
27037 - 92 1484
27037 - 92 1484
27037 - 92 1484
27037 # 1504
27037 # 1504
27037 # 1504
27037 # 1504
27037 # 1504
27037 # 1504
27037 # 1504
27037 # 1504
27037 # 1504
27037 # 1504
27037 # 1504
27037 # 1504
27037 # 1504
27037 # 1504
27037 # 1504
27037 # 1504
27037 # 1504
27037 # 1504
27037 # 1504
27037 # 1504
27037 # 1504
27037 # 1504
27037 # 1504
27037 # 1504
27037 # 1504
27037 # 1504
27037 # 1504
27037 # 1504
27037 # 1504
27037 # 1504
27037 # 1504
27037 # 1504
27037 # 1504
27037 # 1504
27037 # 1504
27037 # 1504
27037 # 1504
27037 # 1504
27037 # 1504
27037 # 1504
27037 # 1504
27037 # 1504
27037 # 1504
27037 # 1504
27037 # 1504
27037 # 1504
27037 # 1504
27037 # 1504
27037 # 1504
27037 # 1504
27037 # 1504
27037 # 1504
27037 # 1504
27037 # 1504
27037 # 1504
27037 # 1504
27037 # 1504
27037 # 1504
27037 # 1504
27037 # 1504
27037 # 1504
27037 # 1504
27037 # 1504
27037 # 1504
27037 # 1504
27037 # 1504
27037 # 1504
27037 # 1504
27037 # 1504
27037 # 1504
27037 # 1504
27037 # 1504
27037 # 1504
27037 # 1504
27037 # 1504
27037 # 1504
27037 # 1504
27037 # 1504
27037 # 1504
27054 + 92
27054 + 92
27054 + 92
27054 + 92
27054 + 92
28537 # 1504
28537 - 92 1483
28537 - 92 1483
28537 - 92 1483
28537 - 92 1483
28537 - 92 1483
28537 # 1504
28537 # 1504
28537 # 1504
28537 # 1504
28537 # 1504
28537 # 1504
28537 # 1504
28537 # 1504
28537 # 1504
28537 # 1504
28537 # 1504
28537 # 1504
28537 # 1504
28537 # 1504
28537 # 1504
28537 # 1504
28537 # 1504
28537 # 1504
28537 # 1504
28537 # 1504
28537 # 1504
28537 # 1504
28537 # 1504
28537 # 1504
28537 # 1504
28537 # 1504
28537 # 1504
28537 # 1504
28537 # 1504
28537 # 1504
28537 # 1504
28537 # 1504
28537 # 1504
28537 # 1504
28537 # 1504
28537 # 1504
28537 # 1504
28537 # 1504
28537 # 1504
28537 # 1504
28537 # 1504
28537 # 1504
28537 # 1504
28537 # 1504
28537 # 1504
28537 # 1504
28537 # 1504
28537 # 1504
28537 # 1504
28537 # 1504
28537 # 1504
28537 # 1504
28537 # 1504
28537 # 1504
28537 # 1504
28537 # 1504
28537 # 1504
28537 # 1504
28537 # 1504
28537 # 1504
28537 # 1504
28537 # 1504
28537 # 1504
28537 # 1504
28537 # 1504
28537 # 1504
28537 # 1504
28537 # 1504
28537 # 1504
28537 # 1504
28537 # 1504
28537 # 1504
28537 # 1504
28537 # 1504
28537 # 1504
28537 # 1504
28537 # 1504
28537 # 1504
28537 # 1504
28537 # 1504
28537 # 1504
28537 # 1504
28551 + 92
28551 + 92
28551 + 92
28551 + 92
28551 + 92
28551 + 92
28551 + 92
28551 + 92
28551 + 92
28551 + 92
28551 + 92
28551 + 92
28551 + 92
28551 + 92
28551 + 92
28551 + 92
28551 + 92
28551 + 92
28551 + 92
28552 + 92
28552 + 92
30037 # 1504
30037 - 92 1486
30037 - 92 1486
30037 - 92 1486
30037 - 92 1486
30037 - 92 1486
30037 - 92 1486
30037 - 92 1486
30037 - 92 1486
30037 - 92 1486
30037 - 92 1486
30037 - 92 1486
30037 - 92 1486
30037 - 92 1486
30037 - 92 1486
30037 - 92 1486
30037 - 92 1486
30037 # 1504
30037 - 92 1486
30037 - 92 1486
30037 - 92 1486
30037 - 92 1485
30037 - 92 1485
30037 # 1504
30037 # 1504
30037 # 1504
30037 # 1504
30037 # 1504
30037 # 1504
30037 # 1504
30037 # 1504
30037 # 1504
30037 # 1504
30037 # 1504
30037 # 1504
30037 # 1504
30037 # 1504
30037 # 1504
30037 # 1504
30037 # 1504
30037 # 1504
30037 # 1504
30037 # 1504
30037 # 1504
30037 # 1504
30037 # 1504
30037 # 1504
30037 # 1504
30037 # 1504
30037 # 1504
30037 # 1504
30037 # 1504
30037 # 1504
30037 # 1504
30037 # 1504
30037 # 1504
30037 # 1504
30037 # 1504
30037 # 1504
30037 # 1504
30037 # 1504
30037 # 1504
30037 # 1504
30037 # 1504
30037 # 1504
30037 # 1504
30037 # 1504
30037 # 1504
30037 # 1504
30037 # 1504
30037 # 1504
30037 # 1504
30037 # 1504
30037 # 1504
30037 # 1504
30037 # 1504
30037 # 1504
30037 # 1504
30037 # 1504
30037 # 1504
30037 # 1504
30037 # 1504
30037 # 1504
30037 # 1504
30037 # 1504
30037 # 1504
30037 # 1504
30037 # 1504
30037 # 1504
30037 # 1504
30037 # 1504
30037 # 1504
30037 # 1504
30037 # 1504
30037 # 1504
30037 # 1504
30037 # 1504
30037 # 1504
30037 # 1504
30037 # 1504
30037 # 1504
30037 # 1504
30037 # 1504
30037 # 1504
30052 + 92
30052 + 92
30052 + 92
31537 # 1504
31537 - 92 1485
31537 - 92 1485
31537 - 92 1485
31537 # 1504
31537 # 1504
31537 # 1504
31537 # 1504
31537 # 1504
31537 # 1504
31537 # 1504
31537 # 1504
31537 # 1504
31537 # 1504
31537 # 1504
31537 # 1504
31537 # 1504
31537 # 1504
31537 # 1504
31537 # 1504
31537 # 1504
31537 # 1504
31537 # 1504
31537 # 1504
31537 # 1504
31537 # 1504
31537 # 1504
31537 # 1504
31537 # 1504
31537 # 1504
31537 # 1504
31537 # 1504
31537 # 1504
31537 # 1504
31537 # 1504
31537 # 1504
31537 # 1504
31537 # 1504
31537 # 1504
31537 # 1504
31537 # 1504
31537 # 1504
31537 # 1504
31537 # 1504
31537 # 1504
31537 # 1504
31537 # 1504
31537 # 1504
31537 # 1504
31537 # 1504
31537 # 1504
31537 # 1504
31537 # 1504
31537 # 1504
31537 # 1504
31537 # 1504
31537 # 1504
31537 # 1504
31537 # 1504
31537 # 1504
31537 # 1504
31537 # 1504
31537 # 1504
31537 # 1504
31537 # 1504
31537 # 1504
31537 # 1504
31537 # 1504
31537 # 1504
31537 # 1504
31537 # 1504
31537 # 1504
31537 # 1504
31537 # 1504
31537 # 1504
31537 # 1504
31537 # 1504
31537 # 1504
31537 # 1504
31537 # 1504
31537 # 1504
31537 # 1504
31537 # 1504
31537 # 1504
31537 # 1504
31537 # 1504
31553 + 92
31553 + 92
31553 + 92
31553 + 92
31553 + 92
31553 + 92
31553 + 92
31553 + 92
31553 + 92
31553 + 92
31553 + 92
31553 + 92
31553 + 92
31553 + 92
31553 + 92
31553 + 92
31553 + 92
31553 + 92
31553 + 92
31553 + 92
31554 + 92
31554 + 92
31554 + 92
31554 + 92
31554 + 92
31554 + 92
31554 + 92
31554 + 92
31554 + 92
32415 + 52
33037 # 1504
33037 - 92 1484
33037 - 92 1484
33037 - 92 1484
33037 - 92 1484
33037 - 92 1484
33037 - 92 1484
33037 - 92 1484
33037 - 92 1484
33037 - 92 1484
33037 - 92 1484
33037 - 92 1484
33037 - 92 1484
33037 - 92 1484
33037 - 92 1484
33037 - 92 1484
33037 - 92 1484
33037 # 1504
33037 - 92 1484
33037 - 92 1484
33037 - 92 1484
33037 - 92 1484
33037 - 92 1483
33037 - 92 1483
33037 - 92 1483
33037 - 92 1483
33037 - 92 1483
33037 - 92 1483
33037 - 92 1483
33037 - 92 1483
33037 - 92 1483
33037 - 52 622
33037 # 1504
33037 # 1504
33037 # 1504
33037 # 1504
33037 # 1504
33037 # 1504
33037 # 1504
33037 # 1504
33037 # 1504
33037 # 1504
33037 # 1504
33037 # 1504
33037 # 1504
33037 # 1504
33037 # 1504
33037 # 1504
33037 # 1504
33037 # 1504
33037 # 1504
33037 # 1504
33037 # 1504
33037 # 1504
33037 # 1504
33037 # 1504
33037 # 1504
33037 # 1504
33037 # 1504
33037 # 1504
33037 # 1504
33037 # 1504
33037 # 1504
33037 # 1504
33037 # 1504
33037 # 1504
33037 # 1504
33037 # 1504
33037 # 1504
33037 # 1504
33037 # 1504
33037 # 1504
33037 # 1504
33037 # 1504
33037 # 1504
33037 # 1504
33037 # 1504
33037 # 1504
33037 # 1504
33037 # 1504
33037 # 1504
33037 # 1504
33037 # 1504
33037 # 1504
33037 # 1504
33037 # 1504
33037 # 1504
33037 # 1504
33037 # 1504
33037 # 1504
33037 # 1504
33037 # 1504
33037 # 1504
33037 # 1504
33037 # 1504
33037 # 1504
33037 # 1504
33037 # 1504
33037 # 1504
33037 # 1504
33037 # 1504
33037 # 1504
33037 # 1504
33037 # 1504
33037 # 1504
33037 # 1504
33037 # 1504
33037 # 1504
33037 # 1504
33037 # 1504
33037 # 1504
33037 # 1504
33037 # 1504
33054 + 92
33054 + 92
33054 + 92
34537 # 1504
34537 - 92 1483
34537 - 92 1483
34537 - 92 1483
34537 # 1504
34537 # 1504
34537 # 1504
34537 # 1504
34537 # 1504
34537 # 1504
34537 # 1504
34537 # 1504
34537 # 1504
34537 # 1504
34537 # 1504
34537 # 1504
34537 # 1504
34537 # 1504
34537 # 1504
34537 # 1504
34537 # 1504
34537 # 1504
34537 # 1504
34537 # 1504
34537 # 1504
34537 # 1504
34537 # 1504
34537 # 1504
34537 # 1504
34537 # 1504
34537 # 1504
34537 # 1504
34537 # 1504
34537 # 1504
34537 # 1504
34537 # 1504
34537 # 1504
34537 # 1504
34537 # 1504
34537 # 1504
34537 # 1504
34537 # 1504
34537 # 1504
34537 # 1504
34537 # 1504
34537 # 1504
34537 # 1504
34537 # 1504
34537 # 1504
34537 # 1504
34537 # 1504
34537 # 1504
34537 # 1504
34537 # 1504
34537 # 1504
34537 # 1504
34537 # 1504
34537 # 1504
34537 # 1504
34537 # 1504
34537 # 1504
34537 # 1504
34537 # 1504
34537 # 1504
34537 # 1504
34537 # 1504
34537 # 1504
34537 # 1504
34537 # 1504
34537 # 1504
34537 # 1504
34537 # 1504
34537 # 1504
34537 # 1504
34537 # 1504
34537 # 1504
34537 # 1504
34537 # 1504
34537 # 1504
34537 # 1504
34537 # 1504
34537 # 1504
34537 # 1504
34537 # 1504
34537 # 1504
34537 # 1504
34554 + 92
34554 + 92
34554 + 92
34554 + 92
34554 + 92
34554 + 92
34554 + 92
34554 + 92
34554 + 92
34554 + 92
34554 + 92
34554 + 92
34555 + 92
36037 # 1504
36037 - 92 1483
36037 - 92 1483
36037 - 92 1483
36037 - 92 1483
36037 - 92 1483
36037 - 92 1483
36037 - 92 1483
36037 - 92 1483
36037 - 92 1483
36037 - 92 1483
36037 - 92 1483
36037 - 92 1483
36037 - 92 1482
36037 # 1504
36037 # 1504
36037 # 1504
36037 # 1504
36037 # 1504
36037 # 1504
36037 # 1504
36037 # 1504
36037 # 1504
36037 # 1504
36037 # 1504
36037 # 1504
36037 # 1504
36037 # 1504
36037 # 1504
36037 # 1504
36037 # 1504
36037 # 1504
36037 # 1504
36037 # 1504
36037 # 1504
36037 # 1504
36037 # 1504
36037 # 1504
36037 # 1504
36037 # 1504
36037 # 1504
36037 # 1504
36037 # 1504
36037 # 1504
36037 # 1504
36037 # 1504
36037 # 1504
36037 # 1504
36037 # 1504
36037 # 1504
36037 # 1504
36037 # 1504
36037 # 1504
36037 # 1504
36037 # 1504
36037 # 1504
36037 # 1504
36037 # 1504
36037 # 1504
36037 # 1504
36037 # 1504
36037 # 1504
36037 # 1504
36037 # 1504
36037 # 1504
36037 # 1504
36037 # 1504
36037 # 1504
36037 # 1504
36037 # 1504
36037 # 1504
36037 # 1504
36037 # 1504
36037 # 1504
36037 # 1504
36037 # 1504
36037 # 1504
36037 # 1504
36037 # 1504
36037 # 1504
36037 # 1504
36037 # 1504
36037 # 1504
36037 # 1504
36037 # 1504
36037 # 1504
36037 # 1504
36037 # 1504
36037 # 1504
36037 # 1504
36037 # 1504
36037 # 1504
36037 # 1504
36037 # 1504
36037 # 1504
36037 # 1504
36056 + 92
36056 + 92
36056 + 92
37537 # 1504
37537 - 92 1481
37537 - 92 1481
37537 - 92 1481
37537 # 1504
37537 # 1504
37537 # 1504
37537 # 1504
37537 # 1504
37537 # 1504
37537 # 1504
37537 # 1504
37537 # 1504
37537 # 1504
37537 # 1504
37537 # 1504
37537 # 1504
37537 # 1504
37537 # 1504
37537 # 1504
37537 # 1504
37537 # 1504
37537 # 1504
37537 # 1504
37537 # 1504
37537 # 1504
37537 # 1504
37537 # 1504
37537 # 1504
37537 # 1504
37537 # 1504
37537 # 1504
37537 # 1504
37537 # 1504
37537 # 1504
37537 # 1504
37537 # 1504
37537 # 1504
37537 # 1504
37537 # 1504
37537 # 1504
37537 # 1504
37537 # 1504
37537 # 1504
37537 # 1504
37537 # 1504
37537 # 1504
37537 # 1504
37537 # 1504
37537 # 1504
37537 # 1504
37537 # 1504
37537 # 1504
37537 # 1504
37537 # 1504
37537 # 1504
37537 # 1504
37537 # 1504
37537 # 1504
37537 # 1504
37537 # 1504
37537 # 1504
37537 # 1504
37537 # 1504
37537 # 1504
37537 # 1504
37537 # 1504
37537 # 1504
37537 # 1504
37537 # 1504
37537 # 1504
37537 # 1504
37537 # 1504
37537 # 1504
37537 # 1504
37537 # 1504
37537 # 1504
37537 # 1504
37537 # 1504
37537 # 1504
37537 # 1504
37537 # 1504
37537 # 1504
37537 # 1504
37537 # 1504
37537 # 1504
37549 + 92
37552 + 92
39037 # 1504
39037 - 92 1488
39037 - 92 1485
39037 # 1504
39037 # 1504
39037 # 1504
39037 # 1504
39037 # 1504
39037 # 1504
39037 # 1504
39037 # 1504
39037 # 1504
39037 # 1504
39037 # 1504
39037 # 1504
39037 # 1504
39037 # 1504
39037 # 1504
39037 # 1504
39037 # 1504
39037 # 1504
39037 # 1504
39037 # 1504
39037 # 1504
39037 # 1504
39037 # 1504
39037 # 1504
39037 # 1504
39037 # 1504
39037 # 1504
39037 # 1504
39037 # 1504
39037 # 1504
39037 # 1504
39037 # 1504
39037 # 1504
39037 # 1504
39037 # 1504
39037 # 1504
39037 # 1504
39037 # 1504
39037 # 1504
39037 # 1504
39037 # 1504
39037 # 1504
39037 # 1504
39037 # 1504
39037 # 1504
39037 # 1504
39037 # 1504
39037 # 1504
39037 # 1504
39037 # 1504
39037 # 1504
39037 # 1504
39037 # 1504
39037 # 1504
39037 # 1504
39037 # 1504
39037 # 1504
39037 # 1504
39037 # 1504
39037 # 1504
39037 # 1504
39037 # 1504
39037 # 1504
39037 # 1504
39037 # 1504
39037 # 1504
39037 # 1504
39037 # 1504
39037 # 1504
39037 # 1504
39037 # 1504
39037 # 1504
39037 # 1504
39037 # 1504
39037 # 1504
39037 # 1504
39037 # 1504
39037 # 1504
39037 # 1504
39037 # 1504
39037 # 1504
39037 # 1504
39055 + 92
39055 + 92
39055 + 92
39055 + 92
39055 + 92
39055 + 92
39055 + 92
39055 + 92
39055 + 92
39055 + 92
39055 + 92
39055 + 92
39055 + 92
39055 + 92
40537 # 1504
40537 - 92 1482
40537 - 92 1482
40537 - 92 1482
40537 - 92 1482
40537 - 92 1482
40537 - 92 1482
40537 - 92 1482
40537 - 92 1482
40537 - 92 1482
40537 - 92 1482
40537 - 92 1482
40537 - 92 1482
40537 - 92 1482
40537 - 92 1482
40537 # 1504
40537 # 1504
40537 # 1504
40537 # 1504
40537 # 1504
40537 # 1504
40537 # 1504
40537 # 1504
40537 # 1504
40537 # 1504
40537 # 1504
40537 # 1504
40537 # 1504
40537 # 1504
40537 # 1504
40537 # 1504
40537 # 1504
40537 # 1504
40537 # 1504
40537 # 1504
40537 # 1504
40537 # 1504
40537 # 1504
40537 # 1504
40537 # 1504
40537 # 1504
40537 # 1504
40537 # 1504
40537 # 1504
40537 # 1504
40537 # 1504
40537 # 1504
40537 # 1504
40537 # 1504
40537 # 1504
40537 # 1504
40537 # 1504
40537 # 1504
40537 # 1504
40537 # 1504
40537 # 1504
40537 # 1504
40537 # 1504
40537 # 1504
40537 # 1504
40537 # 1504
40537 # 1504
40537 # 1504
40537 # 1504
40537 # 1504
40537 # 1504
40537 # 1504
40537 # 1504
40537 # 1504
40537 # 1504
40537 # 1504
40537 # 1504
40537 # 1504
40537 # 1504
40537 # 1504
40537 # 1504
40537 # 1504
40537 # 1504
40537 # 1504
40537 # 1504
40537 # 1504
40537 # 1504
40537 # 1504
40537 # 1504
40537 # 1504
40537 # 1504
40537 # 1504
40537 # 1504
40537 # 1504
40537 # 1504
40537 # 1504
40537 # 1504
40537 # 1504
40537 # 1504
40537 # 1504
40537 # 1504
40537 # 1504
40552 + 92
40552 + 92
40552 + 92
40552 + 92
40552 + 92
40552 + 92
40552 + 92
40552 + 92
40552 + 92
40552 + 92
40552 + 92
40552 + 92
40552 + 92
40552 + 92
40552 + 92
40552 + 92
40552 + 92
40552 + 92
40552 + 92
40552 + 92
40552 + 92
40554 + 92
40554 + 92
40554 + 92
40554 + 92
40554 + 92
40554 + 92
40554 + 92
40554 + 92
40554 + 92
40554 + 92
40554 + 92
40554 + 92
40554 + 92
40554 + 92
40554 + 92
40554 + 92
40554 + 92
40554 + 92
40554 + 92
40554 + 92
40554 + 92
40554 + 92
40554 + 92
40554 + 92
40554 + 92
40554 + 92
42037 # 1504
42037 - 92 1485
42037 - 92 1485
42037 - 92 1485
42037 - 92 1485
42037 - 92 1485
42037 - 92 1485
42037 - 92 1485
42037 - 92 1485
42037 - 92 1485
42037 - 92 1485
42037 - 92 1485
42037 - 92 1485
42037 - 92 1485
42037 - 92 1485
42037 - 92 1485
42037 - 92 1485
42037 # 1504
42037 - 92 1485
42037 - 92 1485
42037 - 92 1485
42037 - 92 1485
42037 - 92 1485
42037 - 92 1483
42037 - 92 1483
42037 - 92 1483
42037 - 92 1483
42037 - 92 1483
42037 - 92 1483
42037 - 92 1483
42037 - 92 1483
42037 - 92 1483
42037 - 92 1483
42037 - 92 1483
42037 # 1504
42037 - 92 1483
42037 - 92 1483
42037 - 92 1483
42037 - 92 1483
42037 - 92 1483
42037 - 92 1483
42037 - 92 1483
42037 - 92 1483
42037 - 92 1483
42037 - 92 1483
42037 - 92 1483
42037 - 92 1483
42037 - 92 1483
42037 - 92 1483
42037 - 92 1483
42037 # 1504
42037 # 1504
42037 # 1504
42037 # 1504
42037 # 1504
42037 # 1504
42037 # 1504
42037 # 1504
42037 # 1504
42037 # 1504
42037 # 1504
42037 # 1504
42037 # 1504
42037 # 1504
42037 # 1504
42037 # 1504
42037 # 1504
42037 # 1504
42037 # 1504
42037 # 1504
42037 # 1504
42037 # 1504
42037 # 1504
42037 # 1504
42037 # 1504
42037 # 1504
42037 # 1504
42037 # 1504
42037 # 1504
42037 # 1504
42037 # 1504
42037 # 1504
42037 # 1504
42037 # 1504
42037 # 1504
42037 # 1504
42037 # 1504
42037 # 1504
42037 # 1504
42037 # 1504
42037 # 1504
42037 # 1504
42037 # 1504
42037 # 1504
42037 # 1504
42037 # 1504
42037 # 1504
42037 # 1504
42037 # 1504
42037 # 1504
42037 # 1504
42037 # 1504
42037 # 1504
42037 # 1504
42037 # 1504
42037 # 1504
42037 # 1504
42037 # 1504
42037 # 1504
42037 # 1504
42037 # 1504
42037 # 1504
42037 # 1504
42037 # 1504
42037 # 1504
42037 # 1504
42037 # 1504
42037 # 1504
42037 # 1504
42037 # 1504
42037 # 1504
42037 # 1504
42037 # 1504
42037 # 1504
42037 # 1504
42037 # 1504
42037 # 1504
42037 # 1504
42037 # 1504
42037 # 1504
42051 + 92
42051 + 92
42051 + 92
42051 + 92
42051 + 92
42051 + 92
43537 # 1504
43537 - 92 1486
43537 - 92 1486
43537 - 92 1486
43537 - 92 1486
43537 - 92 1486
43537 - 92 1486
43537 # 1504
43537 # 1504
43537 # 1504
43537 # 1504
43537 # 1504
43537 # 1504
43537 # 1504
43537 # 1504
43537 # 1504
43537 # 1504
43537 # 1504
43537 # 1504
43537 # 1504
43537 # 1504
43537 # 1504
43537 # 1504
43537 # 1504
43537 # 1504
43537 # 1504
43537 # 1504
43537 # 1504
43537 # 1504
43537 # 1504
43537 # 1504
43537 # 1504
43537 # 1504
43537 # 1504
43537 # 1504
43537 # 1504
43537 # 1504
43537 # 1504
43537 # 1504
43537 # 1504
43537 # 1504
43537 # 1504
43537 # 1504
43537 # 1504
43537 # 1504
43537 # 1504
43537 # 1504
43537 # 1504
43537 # 1504
43537 # 1504
43537 # 1504
43537 # 1504
43537 # 1504
43537 # 1504
43537 # 1504
43537 # 1504
43537 # 1504
43537 # 1504
43537 # 1504
43537 # 1504
43537 # 1504
43537 # 1504
43537 # 1504
43537 # 1504
43537 # 1504
43537 # 1504
43537 # 1504
43537 # 1504
43537 # 1504
43537 # 1504
43537 # 1504
43537 # 1504
43537 # 1504
43537 # 1504
43537 # 1504
43537 # 1504
43537 # 1504
43537 # 1504
43537 # 1504
43537 # 1504
43537 # 1504
43537 # 1504
43537 # 1504
43537 # 1504
43537 # 1504
43537 # 1504
43537 # 1504
43537 # 1504
43537 # 1504
43550 + 92
43550 + 92
43550 + 92
43550 + 92
43550 + 92
43550 + 92
43550 + 92
43550 + 92
43550 + 92
43550 + 92
43550 + 92
43550 + 92
43550 + 92
43550 + 92
43550 + 92
43550 + 92
45037 # 1504
45037 - 92 1487
45037 - 92 1487
45037 - 92 1487
45037 - 92 1487
45037 - 92 1487
45037 - 92 1487
45037 - 92 1487
45037 - 92 1487
45037 - 92 1487
45037 - 92 1487
45037 - 92 1487
45037 - 92 1487
45037 - 92 1487
45037 - 92 1487
45037 - 92 1487
45037 - 92 1487
45037 # 1504
45037 # 1504
45037 # 1504
45037 # 1504
45037 # 1504
45037 # 1504
45037 # 1504
45037 # 1504
45037 # 1504
45037 # 1504
45037 # 1504
45037 # 1504
45037 # 1504
45037 # 1504
45037 # 1504
45037 # 1504
45037 # 1504
45037 # 1504
45037 # 1504
45037 # 1504
45037 # 1504
45037 # 1504
45037 # 1504
45037 # 1504
45037 # 1504
45037 # 1504
45037 # 1504
45037 # 1504
45037 # 1504
45037 # 1504
45037 # 1504
45037 # 1504
45037 # 1504
45037 # 1504
45037 # 1504
45037 # 1504
45037 # 1504
45037 # 1504
45037 # 1504
45037 # 1504
45037 # 1504
45037 # 1504
45037 # 1504
45037 # 1504
45037 # 1504
45037 # 1504
45037 # 1504
45037 # 1504
45037 # 1504
45037 # 1504
45037 # 1504
45037 # 1504
45037 # 1504
45037 # 1504
45037 # 1504
45037 # 1504
45037 # 1504
45037 # 1504
45037 # 1504
45037 # 1504
45037 # 1504
45037 # 1504
45037 # 1504
45037 # 1504
45037 # 1504
45037 # 1504
45037 # 1504
45037 # 1504
45037 # 1504
45037 # 1504
45037 # 1504
45037 # 1504
45037 # 1504
45037 # 1504
45037 # 1504
45037 # 1504
45037 # 1504
45037 # 1504
45037 # 1504
45037 # 1504
45037 # 1504
45037 # 1504
45053 + 92
45053 + 92
45053 + 92
45053 + 92
45053 + 92
45053 + 92
45053 + 92
46537 # 1504
46537 - 92 1484
46537 - 92 1484
46537 - 92 1484
46537 - 92 1484
46537 - 92 1484
46537 - 92 1484
46537 - 92 1484
46537 # 1504
46537 # 1504
46537 # 1504
46537 # 1504
46537 # 1504
46537 # 1504
46537 # 1504
46537 # 1504
46537 # 1504
46537 # 1504
46537 # 1504
46537 # 1504
46537 # 1504
46537 # 1504
46537 # 1504
46537 # 1504
46537 # 1504
46537 # 1504
46537 # 1504
46537 # 1504
46537 # 1504
46537 # 1504
46537 # 1504
46537 # 1504
46537 # 1504
46537 # 1504
46537 # 1504
46537 # 1504
46537 # 1504
46537 # 1504
46537 # 1504
46537 # 1504
46537 # 1504
46537 # 1504
46537 # 1504
46537 # 1504
46537 # 1504
46537 # 1504
46537 # 1504
46537 # 1504
46537 # 1504
46537 # 1504
46537 # 1504
46537 # 1504
46537 # 1504
46537 # 1504
46537 # 1504
46537 # 1504
46537 # 1504
46537 # 1504
46537 # 1504
46537 # 1504
46537 # 1504
46537 # 1504
46537 # 1504
46537 # 1504
46537 # 1504
46537 # 1504
46537 # 1504
46537 # 1504
46537 # 1504
46537 # 1504
46537 # 1504
46537 # 1504
46537 # 1504
46537 # 1504
46537 # 1504
46537 # 1504
46537 # 1504
46537 # 1504
46537 # 1504
46537 # 1504
46537 # 1504
46537 # 1504
46537 # 1504
46537 # 1504
46537 # 1504
46537 # 1504
46537 # 1504
46537 # 1504
46537 # 1504
46537 # 1504
46552 + 92
46552 + 92
46552 + 92
46552 + 92
46552 + 92
46552 + 92
46553 + 92
46553 + 92
46553 + 92
46553 + 92
46553 + 92
46553 + 92
46553 + 92
46553 + 92
46553 + 92
46553 + 92
46553 + 92
46553 + 92
46554 + 92
46554 + 92
48037 # 1504
48037 - 92 1485
48037 - 92 1485
48037 - 92 1485
48037 - 92 1485
48037 - 92 1485
48037 - 92 1485
48037 - 92 1484
48037 - 92 1484
48037 - 92 1484
48037 - 92 1484
48037 - 92 1484
48037 - 92 1484
48037 - 92 1484
48037 - 92 1484
48037 - 92 1484
48037 - 92 1484
48037 # 1504
48037 - 92 1484
48037 - 92 1484
48037 - 92 1483
48037 - 92 1483
48037 # 1504
48037 # 1504
48037 # 1504
48037 # 1504
48037 # 1504
48037 # 1504
48037 # 1504
48037 # 1504
48037 # 1504
48037 # 1504
48037 # 1504
48037 # 1504
48037 # 1504
48037 # 1504
48037 # 1504
48037 # 1504
48037 # 1504
48037 # 1504
48037 # 1504
48037 # 1504
48037 # 1504
48037 # 1504
48037 # 1504
48037 # 1504
48037 # 1504
48037 # 1504
48037 # 1504
48037 # 1504
48037 # 1504
48037 # 1504
48037 # 1504
48037 # 1504
48037 # 1504
48037 # 1504
48037 # 1504
48037 # 1504
48037 # 1504
48037 # 1504
48037 # 1504
48037 # 1504
48037 # 1504
48037 # 1504
48037 # 1504
48037 # 1504
48037 # 1504
48037 # 1504
48037 # 1504
48037 # 1504
48037 # 1504
48037 # 1504
48037 # 1504
48037 # 1504
48037 # 1504
48037 # 1504
48037 # 1504
48037 # 1504
48037 # 1504
48037 # 1504
48037 # 1504
48037 # 1504
48037 # 1504
48037 # 1504
48037 # 1504
48037 # 1504
48037 # 1504
48037 # 1504
48037 # 1504
48037 # 1504
48037 # 1504
48037 # 1504
48037 # 1504
48037 # 1504
48037 # 1504
48037 # 1504
48037 # 1504
48037 # 1504
48037 # 1504
48037 # 1504
48037 # 1504
48037 # 1504
48037 # 1504
48054 + 92
48054 + 92
48054 + 92
48054 + 92
48054 + 92
49537 # 1504
49537 - 92 1483
49537 - 92 1483
49537 - 92 1483
49537 - 92 1483
49537 - 92 1483
49537 # 1504
49537 # 1504
49537 # 1504
49537 # 1504
49537 # 1504
49537 # 1504
49537 # 1504
49537 # 1504
49537 # 1504
49537 # 1504
49537 # 1504
49537 # 1504
49537 # 1504
49537 # 1504
49537 # 1504
49537 # 1504
49537 # 1504
49537 # 1504
49537 # 1504
49537 # 1504
49537 # 1504
49537 # 1504
49537 # 1504
49537 # 1504
49537 # 1504
49537 # 1504
49537 # 1504
49537 # 1504
49537 # 1504
49537 # 1504
49537 # 1504
49537 # 1504
49537 # 1504
49537 # 1504
49537 # 1504
49537 # 1504
49537 # 1504
49537 # 1504
49537 # 1504
49537 # 1504
49537 # 1504
49537 # 1504
49537 # 1504
49537 # 1504
49537 # 1504
49537 # 1504
49537 # 1504
49537 # 1504
49537 # 1504
49537 # 1504
49537 # 1504
49537 # 1504
49537 # 1504
49537 # 1504
49537 # 1504
49537 # 1504
49537 # 1504
49537 # 1504
49537 # 1504
49537 # 1504
49537 # 1504
49537 # 1504
49537 # 1504
49537 # 1504
49537 # 1504
49537 # 1504
49537 # 1504
49537 # 1504
49537 # 1504
49537 # 1504
49537 # 1504
49537 # 1504
49537 # 1504
49537 # 1504
49537 # 1504
49537 # 1504
49537 # 1504
49537 # 1504
49537 # 1504
49537 # 1504
49537 # 1504
49537 # 1504
49551 + 92
49551 + 92
49551 + 92
49551 + 92
49551 + 92
49551 + 92
49551 + 92
49551 + 92
49551 + 92
49551 + 92
49551 + 92
51037 # 1504
51037 - 92 1486
51037 - 92 1486
51037 - 92 1486
51037 - 92 1486
51037 - 92 1486
51037 - 92 1486
51037 - 92 1486
51037 - 92 1486
51037 - 92 1486
51037 - 92 1486
51037 - 92 1486
51037 # 1504
51037 # 1504
51037 # 1504
51037 # 1504
51037 # 1504
51037 # 1504
51037 # 1504
51037 # 1504
51037 # 1504
51037 # 1504
51037 # 1504
51037 # 1504
51037 # 1504
51037 # 1504
51037 # 1504
51037 # 1504
51037 # 1504
51037 # 1504
51037 # 1504
51037 # 1504
51037 # 1504
51037 # 1504
51037 # 1504
51037 # 1504
51037 # 1504
51037 # 1504
51037 # 1504
51037 # 1504
51037 # 1504
51037 # 1504
51037 # 1504
51037 # 1504
51037 # 1504
51037 # 1504
51037 # 1504
51037 # 1504
51037 # 1504
51037 # 1504
51037 # 1504
51037 # 1504
51037 # 1504
51037 # 1504
51037 # 1504
51037 # 1504
51037 # 1504
51037 # 1504
51037 # 1504
51037 # 1504
51037 # 1504
51037 # 1504
51037 # 1504
51037 # 1504
51037 # 1504
51037 # 1504
51037 # 1504
51037 # 1504
51037 # 1504
51037 # 1504
51037 # 1504
51037 # 1504
51037 # 1504
51037 # 1504
51037 # 1504
51037 # 1504
51037 # 1504
51037 # 1504
51037 # 1504
51037 # 1504
51037 # 1504
51037 # 1504
51037 # 1504
51037 # 1504
51037 # 1504
51037 # 1504
51037 # 1504
51037 # 1504
51037 # 1504
51037 # 1504
51037 # 1504
51037 # 1504
51037 # 1504
51037 # 1504
51055 + 92
51055 + 92
51055 + 92
51055 + 92
51055 + 92
51055 + 92
51055 + 92
51055 + 92
52537 # 1504
52537 - 92 1482
52537 - 92 1482
52537 - 92 1482
52537 - 92 1482
52537 - 92 1482
52537 - 92 1482
52537 - 92 1482
52537 - 92 1482
52537 # 1504
52537 # 1504
52537 # 1504
52537 # 1504
52537 # 1504
52537 # 1504
52537 # 1504
52537 # 1504
52537 # 1504
52537 # 1504
52537 # 1504
52537 # 1504
52537 # 1504
52537 # 1504
52537 # 1504
52537 # 1504
52537 # 1504
52537 # 1504
52537 # 1504
52537 # 1504
52537 # 1504
52537 # 1504
52537 # 1504
52537 # 1504
52537 # 1504
52537 # 1504
52537 # 1504
52537 # 1504
52537 # 1504
52537 # 1504
52537 # 1504
52537 # 1504
52537 # 1504
52537 # 1504
52537 # 1504
52537 # 1504
52537 # 1504
52537 # 1504
52537 # 1504
52537 # 1504
52537 # 1504
52537 # 1504
52537 # 1504
52537 # 1504
52537 # 1504
52537 # 1504
52537 # 1504
52537 # 1504
52537 # 1504
52537 # 1504
52537 # 1504
52537 # 1504
52537 # 1504
52537 # 1504
52537 # 1504
52537 # 1504
52537 # 1504
52537 # 1504
52537 # 1504
52537 # 1504
52537 # 1504
52537 # 1504
52537 # 1504
52537 # 1504
52537 # 1504
52537 # 1504
52537 # 1504
52537 # 1504
52537 # 1504
52537 # 1504
52537 # 1504
52537 # 1504
52537 # 1504
52537 # 1504
52537 # 1504
52537 # 1504
52537 # 1504
52537 # 1504
52537 # 1504
52537 # 1504
52537 # 1504
52537 # 1504
52555 + 92
52555 + 92
52555 + 92
52555 + 92
52555 + 92
52555 + 92
52555 + 92
52555 + 92
52555 + 92
52555 + 92
52555 + 92
52555 + 92
52555 + 92
52555 + 92
52555 + 92
52555 + 92
52555 + 92
52555 + 92
52555 + 92
52555 + 92
52555 + 92
54037 # 1504
54037 - 92 1482
54037 - 92 1482
54037 - 92 1482
54037 - 92 1482
54037 - 92 1482
54037 - 92 1482
54037 - 92 1482
54037 - 92 1482
54037 - 92 1482
54037 - 92 1482
54037 - 92 1482
54037 - 92 1482
54037 - 92 1482
54037 - 92 1482
54037 - 92 1482
54037 - 92 1482
54037 # 1504
54037 - 92 1482
54037 - 92 1482
54037 - 92 1482
54037 - 92 1482
54037 - 92 1482
54037 # 1504
54037 # 1504
54037 # 1504
54037 # 1504
54037 # 1504
54037 # 1504
54037 # 1504
54037 # 1504
54037 # 1504
54037 # 1504
54037 # 1504
54037 # 1504
54037 # 1504
54037 # 1504
54037 # 1504
54037 # 1504
54037 # 1504
54037 # 1504
54037 # 1504
54037 # 1504
54037 # 1504
54037 # 1504
54037 # 1504
54037 # 1504
54037 # 1504
54037 # 1504
54037 # 1504
54037 # 1504
54037 # 1504
54037 # 1504
54037 # 1504
54037 # 1504
54037 # 1504
54037 # 1504
54037 # 1504
54037 # 1504
54037 # 1504
54037 # 1504
54037 # 1504
54037 # 1504
54037 # 1504
54037 # 1504
54037 # 1504
54037 # 1504
54037 # 1504
54037 # 1504
54037 # 1504
54037 # 1504
54037 # 1504
54037 # 1504
54037 # 1504
54037 # 1504
54037 # 1504
54037 # 1504
54037 # 1504
54037 # 1504
54037 # 1504
54037 # 1504
54037 # 1504
54037 # 1504
54037 # 1504
54037 # 1504
54037 # 1504
54037 # 1504
54037 # 1504
54037 # 1504
54037 # 1504
54037 # 1504
54037 # 1504
54037 # 1504
54037 # 1504
54037 # 1504
54037 # 1504
54037 # 1504
54037 # 1504
54037 # 1504
54037 # 1504
54037 # 1504
54037 # 1504
54037 # 1504
54037 # 1504
54050 + 92
54051 + 92
55537 # 1504
55537 - 92 1487
55537 - 92 1486
55537 # 1504
55537 # 1504
55537 # 1504
55537 # 1504
55537 # 1504
55537 # 1504
55537 # 1504
55537 # 1504
55537 # 1504
55537 # 1504
55537 # 1504
55537 # 1504
55537 # 1504
55537 # 1504
55537 # 1504
55537 # 1504
55537 # 1504
55537 # 1504
55537 # 1504
55537 # 1504
55537 # 1504
55537 # 1504
55537 # 1504
55537 # 1504
55537 # 1504
55537 # 1504
55537 # 1504
55537 # 1504
55537 # 1504
55537 # 1504
55537 # 1504
55537 # 1504
55537 # 1504
55537 # 1504
55537 # 1504
55537 # 1504
55537 # 1504
55537 # 1504
55537 # 1504
55537 # 1504
55537 # 1504
55537 # 1504
55537 # 1504
55537 # 1504
55537 # 1504
55537 # 1504
55537 # 1504
55537 # 1504
55537 # 1504
55537 # 1504
55537 # 1504
55537 # 1504
55537 # 1504
55537 # 1504
55537 # 1504
55537 # 1504
55537 # 1504
55537 # 1504
55537 # 1504
55537 # 1504
55537 # 1504
55537 # 1504
55537 # 1504
55537 # 1504
55537 # 1504
55537 # 1504
55537 # 1504
55537 # 1504
55537 # 1504
55537 # 1504
55537 # 1504
55537 # 1504
55537 # 1504
55537 # 1504
55537 # 1504
55537 # 1504
55537 # 1504
55537 # 1504
55537 # 1504
55537 # 1504
55537 # 1504
55537 # 1504
55550 + 92
55550 + 92
55550 + 92
55551 + 92
57037 # 1504
57037 - 92 1487
57037 - 92 1487
57037 - 92 1487
57037 - 92 1486
57037 # 1504
57037 # 1504
57037 # 1504
57037 # 1504
57037 # 1504
57037 # 1504
57037 # 1504
57037 # 1504
57037 # 1504
57037 # 1504
57037 # 1504
57037 # 1504
57037 # 1504
57037 # 1504
57037 # 1504
57037 # 1504
57037 # 1504
57037 # 1504
57037 # 1504
57037 # 1504
57037 # 1504
57037 # 1504
57037 # 1504
57037 # 1504
57037 # 1504
57037 # 1504
57037 # 1504
57037 # 1504
57037 # 1504
57037 # 1504
57037 # 1504
57037 # 1504
57037 # 1504
57037 # 1504
57037 # 1504
57037 # 1504
57037 # 1504
57037 # 1504
57037 # 1504
57037 # 1504
57037 # 1504
57037 # 1504
57037 # 1504
57037 # 1504
57037 # 1504
57037 # 1504
57037 # 1504
57037 # 1504
57037 # 1504
57037 # 1504
57037 # 1504
57037 # 1504
57037 # 1504
57037 # 1504
57037 # 1504
57037 # 1504
57037 # 1504
57037 # 1504
57037 # 1504
57037 # 1504
57037 # 1504
57037 # 1504
57037 # 1504
57037 # 1504
57037 # 1504
57037 # 1504
57037 # 1504
57037 # 1504
57037 # 1504
57037 # 1504
57037 # 1504
57037 # 1504
57037 # 1504
57037 # 1504
57037 # 1504
57037 # 1504
57037 # 1504
57037 # 1504
57037 # 1504
57037 # 1504
57037 # 1504
57037 # 1504
57051 + 92
57051 + 92
57051 + 92
57051 + 92
57054 + 92
57054 + 92
58537 # 1504
58537 - 92 1486
58537 - 92 1486
58537 - 92 1486
58537 - 92 1486
58537 - 92 1483
58537 - 92 1483
58537 # 1504
58537 # 1504
58537 # 1504
58537 # 1504
58537 # 1504
58537 # 1504
58537 # 1504
58537 # 1504
58537 # 1504
58537 # 1504
58537 # 1504
58537 # 1504
58537 # 1504
58537 # 1504
58537 # 1504
58537 # 1504
58537 # 1504
58537 # 1504
58537 # 1504
58537 # 1504
58537 # 1504
58537 # 1504
58537 # 1504
58537 # 1504
58537 # 1504
58537 # 1504
58537 # 1504
58537 # 1504
58537 # 1504
58537 # 1504
58537 # 1504
58537 # 1504
58537 # 1504
58537 # 1504
58537 # 1504
58537 # 1504
58537 # 1504
58537 # 1504
58537 # 1504
58537 # 1504
58537 # 1504
58537 # 1504
58537 # 1504
58537 # 1504
58537 # 1504
58537 # 1504
58537 # 1504
58537 # 1504
58537 # 1504
58537 # 1504
58537 # 1504
58537 # 1504
58537 # 1504
58537 # 1504
58537 # 1504
58537 # 1504
58537 # 1504
58537 # 1504
58537 # 1504
58537 # 1504
58537 # 1504
58537 # 1504
58537 # 1504
58537 # 1504
58537 # 1504
58537 # 1504
58537 # 1504
58537 # 1504
58537 # 1504
58537 # 1504
58537 # 1504
58537 # 1504
58537 # 1504
58537 # 1504
58537 # 1504
58537 # 1504
58537 # 1504
58537 # 1504
58537 # 1504
58537 # 1504
58537 # 1504
58537 # 1504
58552 + 92
58552 + 92
58552 + 92
58552 + 92
58552 + 92
58552 + 92
58552 + 92
58552 + 92
58552 + 92
58552 + 92
58552 + 92
58552 + 92
58552 + 92
58552 + 92
58552 + 92
58552 + 92
58552 + 92
60037 # 1504
60037 - 92 1485
60037 - 92 1485
60037 - 92 1485
60037 - 92 1485
60037 - 92 1485
60037 - 92 1485
60037 - 92 1485
60037 - 92 1485
60037 - 92 1485
60037 - 92 1485
60037 - 92 1485
60037 - 92 1485
60037 - 92 1485
60037 - 92 1485
60037 - 92 1485
60037 - 92 1485
60037 # 1504
60037 - 92 1485
60037 # 1504
60037 # 1504
60037 # 1504
60037 # 1504
60037 # 1504
60037 # 1504
60037 # 1504
60037 # 1504
60037 # 1504
60037 # 1504
60037 # 1504
60037 # 1504
60037 # 1504
60037 # 1504
60037 # 1504
60037 # 1504
60037 # 1504
60037 # 1504
60037 # 1504
60037 # 1504
60037 # 1504
60037 # 1504
60037 # 1504
60037 # 1504
60037 # 1504
60037 # 1504
60037 # 1504
60037 # 1504
60037 # 1504
60037 # 1504
60037 # 1504
60037 # 1504
60037 # 1504
60037 # 1504
60037 # 1504
60037 # 1504
60037 # 1504
60037 # 1504
60037 # 1504
60037 # 1504
60037 # 1504
60037 # 1504
60037 # 1504
60037 # 1504
60037 # 1504
60037 # 1504
60037 # 1504
60037 # 1504
60037 # 1504
60037 # 1504
60037 # 1504
60037 # 1504
60037 # 1504
60037 # 1504
60037 # 1504
60037 # 1504
60037 # 1504
60037 # 1504
60037 # 1504
60037 # 1504
60037 # 1504
60037 # 1504
60037 # 1504
60037 # 1504
60037 # 1504
60037 # 1504
60037 # 1504
60037 # 1504
60037 # 1504
60037 # 1504
60037 # 1504
60037 # 1504
60037 # 1504
60037 # 1504
60037 # 1504
60037 # 1504
60037 # 1504
60037 # 1504
60037 # 1504
60037 # 1504
60037 # 1504
60053 + 92
60053 + 92
60053 + 92
61537 # 1504
61537 - 92 1484
61537 - 92 1484
61537 - 92 1484
61537 # 1504
61537 # 1504
61537 # 1504
61537 # 1504
61537 # 1504
61537 # 1504
61537 # 1504
61537 # 1504
61537 # 1504
61537 # 1504
61537 # 1504
61537 # 1504
61537 # 1504
61537 # 1504
61537 # 1504
61537 # 1504
61537 # 1504
61537 # 1504
61537 # 1504
61537 # 1504
61537 # 1504
61537 # 1504
61537 # 1504
61537 # 1504
61537 # 1504
61537 # 1504
61537 # 1504
61537 # 1504
61537 # 1504
61537 # 1504
61537 # 1504
61537 # 1504
61537 # 1504
61537 # 1504
61537 # 1504
61537 # 1504
61537 # 1504
61537 # 1504
61537 # 1504
61537 # 1504
61537 # 1504
61537 # 1504
61537 # 1504
61537 # 1504
61537 # 1504
61537 # 1504
61537 # 1504
61537 # 1504
61537 # 1504
61537 # 1504
61537 # 1504
61537 # 1504
61537 # 1504
61537 # 1504
61537 # 1504
61537 # 1504
61537 # 1504
61537 # 1504
61537 # 1504
61537 # 1504
61537 # 1504
61537 # 1504
61537 # 1504
61537 # 1504
61537 # 1504
61537 # 1504
61537 # 1504
61537 # 1504
61537 # 1504
61537 # 1504
61537 # 1504
61537 # 1504
61537 # 1504
61537 # 1504
61537 # 1504
61537 # 1504
61537 # 1504
61537 # 1504
61537 # 1504
61537 # 1504
61537 # 1504
61537 # 1504
61551 + 92
61551 + 92
61551 + 92
61551 + 92
61551 + 92
61551 + 92
61551 + 92
61551 + 92
61551 + 92
61551 + 92
61551 + 92
61551 + 92
61551 + 92
63037 # 1504
63037 - 92 1486
63037 - 92 1486
63037 - 92 1486
63037 - 92 1486
63037 - 92 1486
63037 - 92 1486
63037 - 92 1486
63037 - 92 1486
63037 - 92 1486
63037 - 92 1486
63037 - 92 1486
63037 - 92 1486
63037 - 92 1486
63037 # 1504
63037 # 1504
63037 # 1504
63037 # 1504
63037 # 1504
63037 # 1504
63037 # 1504
63037 # 1504
63037 # 1504
63037 # 1504
63037 # 1504
63037 # 1504
63037 # 1504
63037 # 1504
63037 # 1504
63037 # 1504
63037 # 1504
63037 # 1504
63037 # 1504
63037 # 1504
63037 # 1504
63037 # 1504
63037 # 1504
63037 # 1504
63037 # 1504
63037 # 1504
63037 # 1504
63037 # 1504
63037 # 1504
63037 # 1504
63037 # 1504
63037 # 1504
63037 # 1504
63037 # 1504
63037 # 1504
63037 # 1504
63037 # 1504
63037 # 1504
63037 # 1504
63037 # 1504
63037 # 1504
63037 # 1504
63037 # 1504
63037 # 1504
63037 # 1504
63037 # 1504
63037 # 1504
63037 # 1504
63037 # 1504
63037 # 1504
63037 # 1504
63037 # 1504
63037 # 1504
63037 # 1504
63037 # 1504
63037 # 1504
63037 # 1504
63037 # 1504
63037 # 1504
63037 # 1504
63037 # 1504
63037 # 1504
63037 # 1504
63037 # 1504
63037 # 1504
63037 # 1504
63037 # 1504
63037 # 1504
63037 # 1504
63037 # 1504
63037 # 1504
63037 # 1504
63037 # 1504
63037 # 1504
63037 # 1504
63037 # 1504
63037 # 1504
63037 # 1504
63037 # 1504
63037 # 1504
63037 # 1504
63037 # 1504
63051 + 92
63051 + 92
63051 + 92
63051 + 92
63051 + 92
63051 + 92
63051 + 92
64537 # 1504
64537 - 92 1486
64537 - 92 1486
64537 - 92 1486
64537 - 92 1486
64537 - 92 1486
64537 - 92 1486
64537 - 92 1486
64537 # 1504
64537 # 1504
64537 # 1504
64537 # 1504
64537 # 1504
64537 # 1504
64537 # 1504
64537 # 1504
64537 # 1504
64537 # 1504
64537 # 1504
64537 # 1504
64537 # 1504
64537 # 1504
64537 # 1504
64537 # 1504
64537 # 1504
64537 # 1504
64537 # 1504
64537 # 1504
64537 # 1504
64537 # 1504
64537 # 1504
64537 # 1504
64537 # 1504
64537 # 1504
64537 # 1504
64537 # 1504
64537 # 1504
64537 # 1504
64537 # 1504
64537 # 1504
64537 # 1504
64537 # 1504
64537 # 1504
64537 # 1504
64537 # 1504
64537 # 1504
64537 # 1504
64537 # 1504
64537 # 1504
64537 # 1504
64537 # 1504
64537 # 1504
64537 # 1504
64537 # 1504
64537 # 1504
64537 # 1504
64537 # 1504
64537 # 1504
64537 # 1504
64537 # 1504
64537 # 1504
64537 # 1504
64537 # 1504
64537 # 1504
64537 # 1504
64537 # 1504
64537 # 1504
64537 # 1504
64537 # 1504
64537 # 1504
64537 # 1504
64537 # 1504
64537 # 1504
64537 # 1504
64537 # 1504
64537 # 1504
64537 # 1504
64537 # 1504
64537 # 1504
64537 # 1504
64537 # 1504
64537 # 1504
64537 # 1504
64537 # 1504
64537 # 1504
64537 # 1504
64537 # 1504
64537 # 1504
64537 # 1504
64537 # 1504
64553 + 92
64553 + 92
66037 # 1504
66037 - 92 1484
66037 - 92 1484
66037 # 1504
66037 # 1504
66037 # 1504
66037 # 1504
66037 # 1504
66037 # 1504
66037 # 1504
66037 # 1504
66037 # 1504
66037 # 1504
66037 # 1504
66037 # 1504
66037 # 1504
66037 # 1504
66037 # 1504
66037 # 1504
66037 # 1504
66037 # 1504
66037 # 1504
66037 # 1504
66037 # 1504
66037 # 1504
66037 # 1504
66037 # 1504
66037 # 1504
66037 # 1504
66037 # 1504
66037 # 1504
66037 # 1504
66037 # 1504
66037 # 1504
66037 # 1504
66037 # 1504
66037 # 1504
66037 # 1504
66037 # 1504
66037 # 1504
66037 # 1504
66037 # 1504
66037 # 1504
66037 # 1504
66037 # 1504
66037 # 1504
66037 # 1504
66037 # 1504
66037 # 1504
66037 # 1504
66037 # 1504
66037 # 1504
66037 # 1504
66037 # 1504
66037 # 1504
66037 # 1504
66037 # 1504
66037 # 1504
66037 # 1504
66037 # 1504
66037 # 1504
66037 # 1504
66037 # 1504
66037 # 1504
66037 # 1504
66037 # 1504
66037 # 1504
66037 # 1504
66037 # 1504
66037 # 1504
66037 # 1504
66037 # 1504
66037 # 1504
66037 # 1504
66037 # 1504
66037 # 1504
66037 # 1504
66037 # 1504
66037 # 1504
66037 # 1504
66037 # 1504
66037 # 1504
66037 # 1504
66037 # 1504
66037 # 1504
66052 + 92
66052 + 92
66052 + 92
66052 + 92
66052 + 92
66052 + 92
66052 + 92
66052 + 92
66052 + 92
66052 + 92
