# init timestamp: 1745091126011.000
1537.000 # 1500
1537.000 # 1500
1537.000 # 1500
1537.000 # 1500
1537.000 # 1500
1537.000 # 1500
1537.000 # 1500
1537.000 # 1500
1537.000 # 1500
1537.000 # 1500
1537.000 # 1500
1537.000 # 1500
1537.000 # 1500
1537.000 # 1500
1537.000 # 1500
1537.000 # 1500
1537.000 # 1500
1537.000 # 1500
1537.000 # 1500
1537.000 # 1500
1537.000 # 1500
1537.000 # 1500
1537.000 # 1500
1537.000 # 1500
1537.000 # 1500
1537.000 # 1500
1537.000 # 1500
1537.000 # 1500
1537.000 # 1500
1537.000 # 1500
1537.000 # 1500
1537.000 # 1500
1537.000 # 1500
1537.000 # 1500
1537.000 # 1500
1537.000 # 1500
1537.000 # 1500
1537.000 # 1500
1537.000 # 1500
1537.000 # 1500
1537.000 # 1500
1537.000 # 1500
1537.000 # 1500
1537.000 # 1500
1537.000 # 1500
1537.000 # 1500
1537.000 # 1500
1537.000 # 1500
1537.000 # 1500
1537.000 # 1500
1537.000 # 1500
1537.000 # 1500
1537.000 # 1500
1537.000 # 1500
1537.000 # 1500
1537.000 # 1500
1537.000 # 1500
1537.000 # 1500
1537.000 # 1500
1537.000 # 1500
1537.000 # 1500
1537.000 # 1500
1537.000 # 1500
1537.000 # 1500
1537.000 # 1500
1537.000 # 1500
1537.000 # 1500
1537.000 # 1500
1537.000 # 1500
1537.000 # 1500
1537.000 # 1500
1537.000 # 1500
1537.000 # 1500
1537.000 # 1500
1537.000 # 1500
1537.000 # 1500
1537.000 # 1500
1537.000 # 1500
1537.000 # 1500
1537.000 # 1500
1537.000 # 1500
1537.000 # 1500
1537.000 # 1500
3037.000 # 1500
3037.000 # 1500
3037.000 # 1500
3037.000 # 1500
3037.000 # 1500
3037.000 # 1500
3037.000 # 1500
3037.000 # 1500
3037.000 # 1500
3037.000 # 1500
3037.000 # 1500
3037.000 # 1500
3037.000 # 1500
3037.000 # 1500
3037.000 # 1500
3037.000 # 1500
3037.000 # 1500
3037.000 # 1500
3037.000 # 1500
3037.000 # 1500
3037.000 # 1500
3037.000 # 1500
3037.000 # 1500
3037.000 # 1500
3037.000 # 1500
3037.000 # 1500
3037.000 # 1500
3037.000 # 1500
3037.000 # 1500
3037.000 # 1500
3037.000 # 1500
3037.000 # 1500
3037.000 # 1500
3037.000 # 1500
3037.000 # 1500
3037.000 # 1500
3037.000 # 1500
3037.000 # 1500
3037.000 # 1500
3037.000 # 1500
3037.000 # 1500
3037.000 # 1500
3037.000 # 1500
3037.000 # 1500
3037.000 # 1500
3037.000 # 1500
3037.000 # 1500
3037.000 # 1500
3037.000 # 1500
3037.000 # 1500
3037.000 # 1500
3037.000 # 1500
3037.000 # 1500
3037.000 # 1500
3037.000 # 1500
3037.000 # 1500
3037.000 # 1500
3037.000 # 1500
3037.000 # 1500
3037.000 # 1500
3037.000 # 1500
3037.000 # 1500
3037.000 # 1500
3037.000 # 1500
3037.000 # 1500
3037.000 # 1500
3037.000 # 1500
3037.000 # 1500
3037.000 # 1500
3037.000 # 1500
3037.000 # 1500
3037.000 # 1500
3037.000 # 1500
3037.000 # 1500
3037.000 # 1500
3037.000 # 1500
3037.000 # 1500
3037.000 # 1500
3037.000 # 1500
3037.000 # 1500
3037.000 # 1500
3037.000 # 1500
3037.000 # 1500
4537.000 # 1500
4537.000 # 1500
4537.000 # 1500
4537.000 # 1500
4537.000 # 1500
4537.000 # 1500
4537.000 # 1500
4537.000 # 1500
4537.000 # 1500
4537.000 # 1500
4537.000 # 1500
4537.000 # 1500
4537.000 # 1500
4537.000 # 1500
4537.000 # 1500
4537.000 # 1500
4537.000 # 1500
4537.000 # 1500
4537.000 # 1500
4537.000 # 1500
4537.000 # 1500
4537.000 # 1500
4537.000 # 1500
4537.000 # 1500
4537.000 # 1500
4537.000 # 1500
4537.000 # 1500
4537.000 # 1500
4537.000 # 1500
4537.000 # 1500
4537.000 # 1500
4537.000 # 1500
4537.000 # 1500
4537.000 # 1500
4537.000 # 1500
4537.000 # 1500
4537.000 # 1500
4537.000 # 1500
4537.000 # 1500
4537.000 # 1500
4537.000 # 1500
4537.000 # 1500
4537.000 # 1500
4537.000 # 1500
4537.000 # 1500
4537.000 # 1500
4537.000 # 1500
4537.000 # 1500
4537.000 # 1500
4537.000 # 1500
4537.000 # 1500
4537.000 # 1500
4537.000 # 1500
4537.000 # 1500
4537.000 # 1500
4537.000 # 1500
4537.000 # 1500
4537.000 # 1500
4537.000 # 1500
4537.000 # 1500
4537.000 # 1500
4537.000 # 1500
4537.000 # 1500
4537.000 # 1500
4537.000 # 1500
4537.000 # 1500
4537.000 # 1500
4537.000 # 1500
4537.000 # 1500
4537.000 # 1500
4537.000 # 1500
4537.000 # 1500
4537.000 # 1500
4537.000 # 1500
4537.000 # 1500
4537.000 # 1500
4537.000 # 1500
4537.000 # 1500
4537.000 # 1500
4537.000 # 1500
4537.000 # 1500
4537.000 # 1500
4537.000 # 1500
6037.000 # 1500
6037.000 # 1500
6037.000 # 1500
6037.000 # 1500
6037.000 # 1500
6037.000 # 1500
6037.000 # 1500
6037.000 # 1500
6037.000 # 1500
6037.000 # 1500
6037.000 # 1500
6037.000 # 1500
6037.000 # 1500
6037.000 # 1500
6037.000 # 1500
6037.000 # 1500
6037.000 # 1500
6037.000 # 1500
6037.000 # 1500
6037.000 # 1500
6037.000 # 1500
6037.000 # 1500
6037.000 # 1500
6037.000 # 1500
6037.000 # 1500
6037.000 # 1500
6037.000 # 1500
6037.000 # 1500
6037.000 # 1500
6037.000 # 1500
6037.000 # 1500
6037.000 # 1500
6037.000 # 1500
6037.000 # 1500
6037.000 # 1500
6037.000 # 1500
6037.000 # 1500
6037.000 # 1500
6037.000 # 1500
6037.000 # 1500
6037.000 # 1500
6037.000 # 1500
6037.000 # 1500
6037.000 # 1500
6037.000 # 1500
6037.000 # 1500
6037.000 # 1500
6037.000 # 1500
6037.000 # 1500
6037.000 # 1500
6037.000 # 1500
6037.000 # 1500
6037.000 # 1500
6037.000 # 1500
6037.000 # 1500
6037.000 # 1500
6037.000 # 1500
6037.000 # 1500
6037.000 # 1500
6037.000 # 1500
6037.000 # 1500
6037.000 # 1500
6037.000 # 1500
6037.000 # 1500
6037.000 # 1500
6037.000 # 1500
6037.000 # 1500
6037.000 # 1500
6037.000 # 1500
6037.000 # 1500
6037.000 # 1500
6037.000 # 1500
6037.000 # 1500
6037.000 # 1500
6037.000 # 1500
6037.000 # 1500
6037.000 # 1500
6037.000 # 1500
6037.000 # 1500
6037.000 # 1500
6037.000 # 1500
6037.000 # 1500
6037.000 # 1500
7537.000 # 1500
7537.000 # 1500
7537.000 # 1500
7537.000 # 1500
7537.000 # 1500
7537.000 # 1500
7537.000 # 1500
7537.000 # 1500
7537.000 # 1500
7537.000 # 1500
7537.000 # 1500
7537.000 # 1500
7537.000 # 1500
7537.000 # 1500
7537.000 # 1500
7537.000 # 1500
7537.000 # 1500
7537.000 # 1500
7537.000 # 1500
7537.000 # 1500
7537.000 # 1500
7537.000 # 1500
7537.000 # 1500
7537.000 # 1500
7537.000 # 1500
7537.000 # 1500
7537.000 # 1500
7537.000 # 1500
7537.000 # 1500
7537.000 # 1500
7537.000 # 1500
7537.000 # 1500
7537.000 # 1500
7537.000 # 1500
7537.000 # 1500
7537.000 # 1500
7537.000 # 1500
7537.000 # 1500
7537.000 # 1500
7537.000 # 1500
7537.000 # 1500
7537.000 # 1500
7537.000 # 1500
7537.000 # 1500
7537.000 # 1500
7537.000 # 1500
7537.000 # 1500
7537.000 # 1500
7537.000 # 1500
7537.000 # 1500
7537.000 # 1500
7537.000 # 1500
7537.000 # 1500
7537.000 # 1500
7537.000 # 1500
7537.000 # 1500
7537.000 # 1500
7537.000 # 1500
7537.000 # 1500
7537.000 # 1500
7537.000 # 1500
7537.000 # 1500
7537.000 # 1500
7537.000 # 1500
7537.000 # 1500
7537.000 # 1500
7537.000 # 1500
7537.000 # 1500
7537.000 # 1500
7537.000 # 1500
7537.000 # 1500
7537.000 # 1500
7537.000 # 1500
7537.000 # 1500
7537.000 # 1500
7537.000 # 1500
7537.000 # 1500
7537.000 # 1500
7537.000 # 1500
7537.000 # 1500
7537.000 # 1500
7537.000 # 1500
7537.000 # 1500
7548.381 + 96 1
7548.430 + 96 1
8608.081 + 96 1
9037.000 # 1500
9037.000 # 1500
9037.000 # 1500
9037.000 # 1500
9037.000 # 1500
9037.000 # 1500
9037.000 # 1500
9037.000 # 1500
9037.000 # 1500
9037.000 # 1500
9037.000 # 1500
9037.000 # 1500
9037.000 # 1500
9037.000 # 1500
9037.000 # 1500
9037.000 # 1500
9037.000 # 1500
9037.000 # 1500
9037.000 # 1500
9037.000 # 1500
9037.000 # 1500
9037.000 # 1500
9037.000 # 1500
9037.000 # 1500
9037.000 # 1500
9037.000 # 1500
9037.000 # 1500
9037.000 # 1500
9037.000 # 1500
9037.000 # 1500
9037.000 # 1500
9037.000 # 1500
9037.000 # 1500
9037.000 # 1500
9037.000 # 1500
9037.000 # 1500
9037.000 # 1500
9037.000 # 1500
9037.000 # 1500
9037.000 # 1500
9037.000 # 1500
9037.000 # 1500
9037.000 # 1500
9037.000 # 1500
9037.000 # 1500
9037.000 # 1500
9037.000 # 1500
9037.000 # 1500
9037.000 # 1500
9037.000 # 1500
9037.000 # 1500
9037.000 # 1500
9037.000 # 1500
9037.000 # 1500
9037.000 # 1500
9037.000 # 1500
9037.000 # 1500
9037.000 # 1500
9037.000 # 1500
9037.000 # 1500
9037.000 # 1500
9037.000 # 1500
9037.000 # 1500
9037.000 # 1500
9037.000 # 1500
9037.000 # 1500
9037.000 # 1500
9037.000 # 1500
9037.000 # 1500
9037.000 # 1500
9037.000 # 1500
9037.000 # 1500
9037.000 # 1500
9037.000 # 1500
9037.000 # 1500
9037.000 # 1500
9037.000 # 1500
9037.000 # 1500
9037.000 # 1500
9037.000 # 1500
9037.000 # 1500
9037.000 # 1500
9037.000 # 1500
9038.642 - 96 1490.261 1
9039.062 - 96 1490.632 1
9039.115 - 96 431.034 1
9044.046 + 96 1
10537.000 # 1500
10537.000 # 1500
10537.000 # 1500
10537.000 # 1500
10537.000 # 1500
10537.000 # 1500
10537.000 # 1500
10537.000 # 1500
10537.000 # 1500
10537.000 # 1500
10537.000 # 1500
10537.000 # 1500
10537.000 # 1500
10537.000 # 1500
10537.000 # 1500
10537.000 # 1500
10537.000 # 1500
10537.000 # 1500
10537.000 # 1500
10537.000 # 1500
10537.000 # 1500
10537.000 # 1500
10537.000 # 1500
10537.000 # 1500
10537.000 # 1500
10537.000 # 1500
10537.000 # 1500
10537.000 # 1500
10537.000 # 1500
10537.000 # 1500
10537.000 # 1500
10537.000 # 1500
10537.000 # 1500
10537.000 # 1500
10537.000 # 1500
10537.000 # 1500
10537.000 # 1500
10537.000 # 1500
10537.000 # 1500
10537.000 # 1500
10537.000 # 1500
10537.000 # 1500
10537.000 # 1500
10537.000 # 1500
10537.000 # 1500
10537.000 # 1500
10537.000 # 1500
10537.000 # 1500
10537.000 # 1500
10537.000 # 1500
10537.000 # 1500
10537.000 # 1500
10537.000 # 1500
10537.000 # 1500
10537.000 # 1500
10537.000 # 1500
10537.000 # 1500
10537.000 # 1500
10537.000 # 1500
10537.000 # 1500
10537.000 # 1500
10537.000 # 1500
10537.000 # 1500
10537.000 # 1500
10537.000 # 1500
10537.000 # 1500
10537.000 # 1500
10537.000 # 1500
10537.000 # 1500
10537.000 # 1500
10537.000 # 1500
10537.000 # 1500
10537.000 # 1500
10537.000 # 1500
10537.000 # 1500
10537.000 # 1500
10537.000 # 1500
10537.000 # 1500
10537.000 # 1500
10537.000 # 1500
10537.000 # 1500
10537.000 # 1500
10537.000 # 1500
10539.216 - 96 1495.170 1
10545.301 + 88 1
10545.357 + 88 1
10545.375 + 88 1
10545.388 + 88 1
10545.422 + 88 1
10545.491 + 88 1
10545.515 + 88 1
10545.530 + 88 1
10545.542 + 88 1
10545.591 + 88 1
10545.725 + 116 1
12037.000 # 1500
12037.000 # 1500
12037.000 # 1500
12037.000 # 1500
12037.000 # 1500
12037.000 # 1500
12037.000 # 1500
12037.000 # 1500
12037.000 # 1500
12037.000 # 1500
12037.000 # 1500
12037.000 # 1500
12037.000 # 1500
12037.000 # 1500
12037.000 # 1500
12037.000 # 1500
12037.000 # 1500
12037.000 # 1500
12037.000 # 1500
12037.000 # 1500
12037.000 # 1500
12037.000 # 1500
12037.000 # 1500
12037.000 # 1500
12037.000 # 1500
12037.000 # 1500
12037.000 # 1500
12037.000 # 1500
12037.000 # 1500
12037.000 # 1500
12037.000 # 1500
12037.000 # 1500
12037.000 # 1500
12037.000 # 1500
12037.000 # 1500
12037.000 # 1500
12037.000 # 1500
12037.000 # 1500
12037.000 # 1500
12037.000 # 1500
12037.000 # 1500
12037.000 # 1500
12037.000 # 1500
12037.000 # 1500
12037.000 # 1500
12037.000 # 1500
12037.000 # 1500
12037.000 # 1500
12037.000 # 1500
12037.000 # 1500
12037.000 # 1500
12037.000 # 1500
12037.000 # 1500
12037.000 # 1500
12037.000 # 1500
12037.000 # 1500
12037.000 # 1500
12037.000 # 1500
12037.000 # 1500
12037.000 # 1500
12037.000 # 1500
12037.000 # 1500
12037.000 # 1500
12037.000 # 1500
12037.000 # 1500
12037.000 # 1500
12037.000 # 1500
12037.000 # 1500
12037.000 # 1500
12037.000 # 1500
12037.000 # 1500
12037.000 # 1500
12037.000 # 1500
12037.000 # 1500
12037.000 # 1500
12037.000 # 1500
12037.000 # 1500
12037.000 # 1500
12037.000 # 1500
12037.000 # 1500
12037.000 # 1500
12037.000 # 1500
12037.000 # 1500
12039.328 - 88 1494.027 1
12040.139 - 88 1494.782 1
12040.256 - 88 1494.881 1
12040.290 - 88 1494.902 1
12040.309 - 88 1494.887 1
12040.329 - 88 1494.838 1
12040.344 - 88 1494.829 1
12040.359 - 88 1494.829 1
12040.373 - 88 1494.831 1
12040.416 - 88 1494.825 1
12040.436 - 116 1494.711 1
13537.000 # 1500
13537.000 # 1500
13537.000 # 1500
13537.000 # 1500
13537.000 # 1500
13537.000 # 1500
13537.000 # 1500
13537.000 # 1500
13537.000 # 1500
13537.000 # 1500
13537.000 # 1500
13537.000 # 1500
13537.000 # 1500
13537.000 # 1500
13537.000 # 1500
13537.000 # 1500
13537.000 # 1500
13537.000 # 1500
13537.000 # 1500
13537.000 # 1500
13537.000 # 1500
13537.000 # 1500
13537.000 # 1500
13537.000 # 1500
13537.000 # 1500
13537.000 # 1500
13537.000 # 1500
13537.000 # 1500
13537.000 # 1500
13537.000 # 1500
13537.000 # 1500
13537.000 # 1500
13537.000 # 1500
13537.000 # 1500
13537.000 # 1500
13537.000 # 1500
13537.000 # 1500
13537.000 # 1500
13537.000 # 1500
13537.000 # 1500
13537.000 # 1500
13537.000 # 1500
13537.000 # 1500
13537.000 # 1500
13537.000 # 1500
13537.000 # 1500
13537.000 # 1500
13537.000 # 1500
13537.000 # 1500
13537.000 # 1500
13537.000 # 1500
13537.000 # 1500
13537.000 # 1500
13537.000 # 1500
13537.000 # 1500
13537.000 # 1500
13537.000 # 1500
13537.000 # 1500
13537.000 # 1500
13537.000 # 1500
13537.000 # 1500
13537.000 # 1500
13537.000 # 1500
13537.000 # 1500
13537.000 # 1500
13537.000 # 1500
13537.000 # 1500
13537.000 # 1500
13537.000 # 1500
13537.000 # 1500
13537.000 # 1500
13537.000 # 1500
13537.000 # 1500
13537.000 # 1500
13537.000 # 1500
13537.000 # 1500
13537.000 # 1500
13537.000 # 1500
13537.000 # 1500
13537.000 # 1500
13537.000 # 1500
13537.000 # 1500
13537.000 # 1500
13544.115 + 88 1
13544.254 + 88 1
13544.290 + 88 1
13544.308 + 88 1
13544.418 + 88 1
13544.476 + 88 1
13544.520 + 88 1
13544.571 + 88 1
15037.000 # 1500
15037.000 # 1500
15037.000 # 1500
15037.000 # 1500
15037.000 # 1500
15037.000 # 1500
15037.000 # 1500
15037.000 # 1500
15037.000 # 1500
15037.000 # 1500
15037.000 # 1500
15037.000 # 1500
15037.000 # 1500
15037.000 # 1500
15037.000 # 1500
15037.000 # 1500
15037.000 # 1500
15037.000 # 1500
15037.000 # 1500
15037.000 # 1500
15037.000 # 1500
15037.000 # 1500
15037.000 # 1500
15037.000 # 1500
15037.000 # 1500
15037.000 # 1500
15037.000 # 1500
15037.000 # 1500
15037.000 # 1500
15037.000 # 1500
15037.000 # 1500
15037.000 # 1500
15037.000 # 1500
15037.000 # 1500
15037.000 # 1500
15037.000 # 1500
15037.000 # 1500
15037.000 # 1500
15037.000 # 1500
15037.000 # 1500
15037.000 # 1500
15037.000 # 1500
15037.000 # 1500
15037.000 # 1500
15037.000 # 1500
15037.000 # 1500
15037.000 # 1500
15037.000 # 1500
15037.000 # 1500
15037.000 # 1500
15037.000 # 1500
15037.000 # 1500
15037.000 # 1500
15037.000 # 1500
15037.000 # 1500
15037.000 # 1500
15037.000 # 1500
15037.000 # 1500
15037.000 # 1500
15037.000 # 1500
15037.000 # 1500
15037.000 # 1500
15037.000 # 1500
15037.000 # 1500
15037.000 # 1500
15037.000 # 1500
15037.000 # 1500
15037.000 # 1500
15037.000 # 1500
15037.000 # 1500
15037.000 # 1500
15037.000 # 1500
15037.000 # 1500
15037.000 # 1500
15037.000 # 1500
15037.000 # 1500
15037.000 # 1500
15037.000 # 1500
15037.000 # 1500
15037.000 # 1500
15037.000 # 1500
15037.000 # 1500
15037.000 # 1500
15041.482 - 88 1497.367 1
15041.813 - 88 1497.559 1
15041.881 - 88 1497.591 1
15041.914 - 88 1497.606 1
15042.010 - 88 1497.592 1
15042.037 - 88 1497.561 1
15042.053 - 88 1497.533 1
15042.077 - 88 1497.506 1
15048.204 + 88 1
16537.000 # 1500
16537.000 # 1500
16537.000 # 1500
16537.000 # 1500
16537.000 # 1500
16537.000 # 1500
16537.000 # 1500
16537.000 # 1500
16537.000 # 1500
16537.000 # 1500
16537.000 # 1500
16537.000 # 1500
16537.000 # 1500
16537.000 # 1500
16537.000 # 1500
16537.000 # 1500
16537.000 # 1500
16537.000 # 1500
16537.000 # 1500
16537.000 # 1500
16537.000 # 1500
16537.000 # 1500
16537.000 # 1500
16537.000 # 1500
16537.000 # 1500
16537.000 # 1500
16537.000 # 1500
16537.000 # 1500
16537.000 # 1500
16537.000 # 1500
16537.000 # 1500
16537.000 # 1500
16537.000 # 1500
16537.000 # 1500
16537.000 # 1500
16537.000 # 1500
16537.000 # 1500
16537.000 # 1500
16537.000 # 1500
16537.000 # 1500
16537.000 # 1500
16537.000 # 1500
16537.000 # 1500
16537.000 # 1500
16537.000 # 1500
16537.000 # 1500
16537.000 # 1500
16537.000 # 1500
16537.000 # 1500
16537.000 # 1500
16537.000 # 1500
16537.000 # 1500
16537.000 # 1500
16537.000 # 1500
16537.000 # 1500
16537.000 # 1500
16537.000 # 1500
16537.000 # 1500
16537.000 # 1500
16537.000 # 1500
16537.000 # 1500
16537.000 # 1500
16537.000 # 1500
16537.000 # 1500
16537.000 # 1500
16537.000 # 1500
16537.000 # 1500
16537.000 # 1500
16537.000 # 1500
16537.000 # 1500
16537.000 # 1500
16537.000 # 1500
16537.000 # 1500
16537.000 # 1500
16537.000 # 1500
16537.000 # 1500
16537.000 # 1500
16537.000 # 1500
16537.000 # 1500
16537.000 # 1500
16537.000 # 1500
16537.000 # 1500
16537.000 # 1500
16539.171 - 88 1490.967 1
16543.514 + 88 1
16543.590 + 88 1
16543.658 + 88 1
16543.691 + 88 1
16543.743 + 88 1
16543.779 + 88 1
16543.850 + 88 1
16543.907 + 88 1
16543.935 + 88 1
16544.033 + 88 1
16544.175 + 88 1
16544.566 + 88 1
16544.632 + 88 1
16544.689 + 88 1
16544.758 + 88 1
16544.888 + 88 1
16545.036 + 88 1
18037.000 # 1500
18037.000 # 1500
18037.000 # 1500
18037.000 # 1500
18037.000 # 1500
18037.000 # 1500
18037.000 # 1500
18037.000 # 1500
18037.000 # 1500
18037.000 # 1500
18037.000 # 1500
18037.000 # 1500
18037.000 # 1500
18037.000 # 1500
18037.000 # 1500
18037.000 # 1500
18037.000 # 1500
18037.000 # 1500
18037.000 # 1500
18037.000 # 1500
18037.000 # 1500
18037.000 # 1500
18037.000 # 1500
18037.000 # 1500
18037.000 # 1500
18037.000 # 1500
18037.000 # 1500
18037.000 # 1500
18037.000 # 1500
18037.000 # 1500
18037.000 # 1500
18037.000 # 1500
18037.000 # 1500
18037.000 # 1500
18037.000 # 1500
18037.000 # 1500
18037.000 # 1500
18037.000 # 1500
18037.000 # 1500
18037.000 # 1500
18037.000 # 1500
18037.000 # 1500
18037.000 # 1500
18037.000 # 1500
18037.000 # 1500
18037.000 # 1500
18037.000 # 1500
18037.000 # 1500
18037.000 # 1500
18037.000 # 1500
18037.000 # 1500
18037.000 # 1500
18037.000 # 1500
18037.000 # 1500
18037.000 # 1500
18037.000 # 1500
18037.000 # 1500
18037.000 # 1500
18037.000 # 1500
18037.000 # 1500
18037.000 # 1500
18037.000 # 1500
18037.000 # 1500
18037.000 # 1500
18037.000 # 1500
18037.000 # 1500
18037.000 # 1500
18037.000 # 1500
18037.000 # 1500
18037.000 # 1500
18037.000 # 1500
18037.000 # 1500
18037.000 # 1500
18037.000 # 1500
18037.000 # 1500
18037.000 # 1500
18037.000 # 1500
18037.000 # 1500
18037.000 # 1500
18037.000 # 1500
18037.000 # 1500
18037.000 # 1500
18037.000 # 1500
18040.369 - 88 1496.855 1
18041.289 - 88 1497.699 1
18041.355 - 88 1497.697 1
18041.376 - 88 1497.685 1
18041.408 - 88 1497.665 1
18041.425 - 88 1497.646 1
18041.441 - 88 1497.591 1
18041.453 - 88 1497.546 1
18041.465 - 88 1497.530 1
18041.476 - 88 1497.443 1
18041.488 - 88 1497.313 1
18041.501 - 88 1496.935 1
18041.512 - 88 1496.880 1
18041.525 - 88 1496.836 1
18041.535 - 88 1496.777 1
18041.546 - 88 1496.658 1
18041.558 - 88 1496.522 1
18045.603 + 88 1
19537.000 # 1500
19537.000 # 1500
19537.000 # 1500
19537.000 # 1500
19537.000 # 1500
19537.000 # 1500
19537.000 # 1500
19537.000 # 1500
19537.000 # 1500
19537.000 # 1500
19537.000 # 1500
19537.000 # 1500
19537.000 # 1500
19537.000 # 1500
19537.000 # 1500
19537.000 # 1500
19537.000 # 1500
19537.000 # 1500
19537.000 # 1500
19537.000 # 1500
19537.000 # 1500
19537.000 # 1500
19537.000 # 1500
19537.000 # 1500
19537.000 # 1500
19537.000 # 1500
19537.000 # 1500
19537.000 # 1500
19537.000 # 1500
19537.000 # 1500
19537.000 # 1500
19537.000 # 1500
19537.000 # 1500
19537.000 # 1500
19537.000 # 1500
19537.000 # 1500
19537.000 # 1500
19537.000 # 1500
19537.000 # 1500
19537.000 # 1500
19537.000 # 1500
19537.000 # 1500
19537.000 # 1500
19537.000 # 1500
19537.000 # 1500
19537.000 # 1500
19537.000 # 1500
19537.000 # 1500
19537.000 # 1500
19537.000 # 1500
19537.000 # 1500
19537.000 # 1500
19537.000 # 1500
19537.000 # 1500
19537.000 # 1500
19537.000 # 1500
19537.000 # 1500
19537.000 # 1500
19537.000 # 1500
19537.000 # 1500
19537.000 # 1500
19537.000 # 1500
19537.000 # 1500
19537.000 # 1500
19537.000 # 1500
19537.000 # 1500
19537.000 # 1500
19537.000 # 1500
19537.000 # 1500
19537.000 # 1500
19537.000 # 1500
19537.000 # 1500
19537.000 # 1500
19537.000 # 1500
19537.000 # 1500
19537.000 # 1500
19537.000 # 1500
19537.000 # 1500
19537.000 # 1500
19537.000 # 1500
19537.000 # 1500
19537.000 # 1500
19537.000 # 1500
19538.246 - 88 1492.643 1
19544.910 + 88 1
19550.703 + 88 1
19550.748 + 88 1
19550.772 + 88 1
19550.793 + 88 1
19550.815 + 88 1
19550.861 + 88 1
19550.887 + 88 1
19550.908 + 88 1
19550.996 + 88 1
19551.023 + 88 1
19551.046 + 88 1
19551.068 + 88 1
19551.169 + 88 1
19551.199 + 88 1
19551.219 + 88 1
19551.240 + 88 1
19551.260 + 88 1
19551.278 + 88 1
19551.296 + 88 1
19551.336 + 88 1
19553.801 + 88 1
19555.844 + 88 1
19555.886 + 88 1
19555.920 + 88 1
19555.977 + 88 1
19556.028 + 88 1
19556.049 + 88 1
19598.343 + 88 1
21037.000 # 1500
21037.000 # 1500
21037.000 # 1500
21037.000 # 1500
21037.000 # 1500
21037.000 # 1500
21037.000 # 1500
21037.000 # 1500
21037.000 # 1500
21037.000 # 1500
21037.000 # 1500
21037.000 # 1500
21037.000 # 1500
21037.000 # 1500
21037.000 # 1500
21037.000 # 1500
21037.000 # 1500
21037.000 # 1500
21037.000 # 1500
21037.000 # 1500
21037.000 # 1500
21037.000 # 1500
21037.000 # 1500
21037.000 # 1500
21037.000 # 1500
21037.000 # 1500
21037.000 # 1500
21037.000 # 1500
21037.000 # 1500
21037.000 # 1500
21037.000 # 1500
21037.000 # 1500
21037.000 # 1500
21037.000 # 1500
21037.000 # 1500
21037.000 # 1500
21037.000 # 1500
21037.000 # 1500
21037.000 # 1500
21037.000 # 1500
21037.000 # 1500
21037.000 # 1500
21037.000 # 1500
21037.000 # 1500
21037.000 # 1500
21037.000 # 1500
21037.000 # 1500
21037.000 # 1500
21037.000 # 1500
21037.000 # 1500
21037.000 # 1500
21037.000 # 1500
21037.000 # 1500
21037.000 # 1500
21037.000 # 1500
21037.000 # 1500
21037.000 # 1500
21037.000 # 1500
21037.000 # 1500
21037.000 # 1500
21037.000 # 1500
21037.000 # 1500
21037.000 # 1500
21037.000 # 1500
21037.000 # 1500
21037.000 # 1500
21037.000 # 1500
21037.000 # 1500
21037.000 # 1500
21037.000 # 1500
21037.000 # 1500
21037.000 # 1500
21037.000 # 1500
21037.000 # 1500
21037.000 # 1500
21037.000 # 1500
21037.000 # 1500
21037.000 # 1500
21037.000 # 1500
21037.000 # 1500
21037.000 # 1500
21037.000 # 1500
21037.000 # 1500
21040.674 - 88 1495.764 1
21041.059 - 88 1490.356 1
21041.117 - 88 1490.369 1
21041.136 - 88 1490.364 1
21041.152 - 88 1490.359 1
21041.172 - 88 1490.357 1
21041.189 - 88 1490.328 1
21041.203 - 88 1490.316 1
21041.218 - 88 1490.310 1
21041.236 - 88 1490.240 1
21041.251 - 88 1490.228 1
21041.266 - 88 1490.220 1
21041.281 - 88 1490.213 1
21041.296 - 88 1490.127 1
21041.312 - 88 1490.113 1
21041.327 - 88 1490.108 1
21041.346 - 88 1490.106 1
21041.363 - 88 1490.103 1
21041.378 - 88 1490.100 1
21041.395 - 88 1490.099 1
21041.411 - 88 1490.075 1
21041.426 - 88 1487.625 1
21041.443 - 88 1485.599 1
21041.459 - 88 1485.573 1
21041.473 - 88 1485.553 1
21041.488 - 88 1485.511 1
21041.505 - 88 1485.477 1
21041.521 - 88 1485.472 1
21041.537 - 88 1443.194 1
21047.242 + 88 1
21047.350 + 88 1
21047.389 + 88 1
21047.578 + 88 1
21047.627 + 88 1
21047.668 + 88 1
21047.717 + 88 1
22537.000 # 1500
22537.000 # 1500
22537.000 # 1500
22537.000 # 1500
22537.000 # 1500
22537.000 # 1500
22537.000 # 1500
22537.000 # 1500
22537.000 # 1500
22537.000 # 1500
22537.000 # 1500
22537.000 # 1500
22537.000 # 1500
22537.000 # 1500
22537.000 # 1500
22537.000 # 1500
22537.000 # 1500
22537.000 # 1500
22537.000 # 1500
22537.000 # 1500
22537.000 # 1500
22537.000 # 1500
22537.000 # 1500
22537.000 # 1500
22537.000 # 1500
22537.000 # 1500
22537.000 # 1500
22537.000 # 1500
22537.000 # 1500
22537.000 # 1500
22537.000 # 1500
22537.000 # 1500
22537.000 # 1500
22537.000 # 1500
22537.000 # 1500
22537.000 # 1500
22537.000 # 1500
22537.000 # 1500
22537.000 # 1500
22537.000 # 1500
22537.000 # 1500
22537.000 # 1500
22537.000 # 1500
22537.000 # 1500
22537.000 # 1500
22537.000 # 1500
22537.000 # 1500
22537.000 # 1500
22537.000 # 1500
22537.000 # 1500
22537.000 # 1500
22537.000 # 1500
22537.000 # 1500
22537.000 # 1500
22537.000 # 1500
22537.000 # 1500
22537.000 # 1500
22537.000 # 1500
22537.000 # 1500
22537.000 # 1500
22537.000 # 1500
22537.000 # 1500
22537.000 # 1500
22537.000 # 1500
22537.000 # 1500
22537.000 # 1500
22537.000 # 1500
22537.000 # 1500
22537.000 # 1500
22537.000 # 1500
22537.000 # 1500
22537.000 # 1500
22537.000 # 1500
22537.000 # 1500
22537.000 # 1500
22537.000 # 1500
22537.000 # 1500
22537.000 # 1500
22537.000 # 1500
22537.000 # 1500
22537.000 # 1500
22537.000 # 1500
22537.000 # 1500
22540.885 - 88 1493.643 1
22541.102 - 88 1493.752 1
22541.141 - 88 1493.752 1
22541.163 - 88 1493.585 1
22541.179 - 88 1493.552 1
22541.194 - 88 1493.526 1
22541.214 - 88 1493.497 1
22547.611 + 88 1
22547.695 + 88 1
22547.732 + 88 1
22547.764 + 88 1
22547.794 + 88 1
22547.824 + 88 1
22547.890 + 88 1
22547.927 + 88 1
22548.097 + 88 1
22548.158 + 88 1
22548.189 + 88 1
22548.219 + 88 1
22548.375 + 88 1
22548.414 + 88 1
22548.460 + 88 1
22548.506 + 88 1
22548.538 + 88 1
22548.568 + 88 1
22548.649 + 88 1
22548.683 + 88 1
22548.729 + 88 1
22548.760 + 88 1
22548.789 + 88 1
22548.848 + 88 1
22548.880 + 88 1
22548.940 + 88 1
22549.108 + 88 1
22549.142 + 88 1
22549.171 + 88 1
22549.289 + 88 1
22549.328 + 88 1
22549.372 + 88 1
22549.418 + 88 1
22549.450 + 88 1
22549.480 + 88 1
22549.538 + 88 1
22549.569 + 88 1
22549.629 + 88 1
22549.663 + 88 1
22549.700 + 88 1
22549.742 + 88 1
22549.791 + 88 1
22549.823 + 88 1
22549.866 + 88 1
22549.925 + 88 1
22550.016 + 88 1
22550.062 + 88 1
22550.099 + 88 1
22550.165 + 88 1
22550.222 + 88 1
22550.261 + 88 1
22550.320 + 88 1
22550.353 + 88 1
22550.390 + 88 1
22550.434 + 88 1
22550.494 + 88 1
22550.529 + 88 1
22550.561 + 88 1
22550.602 + 88 1
22550.633 + 88 1
22550.652 + 88 1
22550.675 + 88 1
22550.683 + 88 1
24037.000 # 1500
24037.000 # 1500
24037.000 # 1500
24037.000 # 1500
24037.000 # 1500
24037.000 # 1500
24037.000 # 1500
24037.000 # 1500
24037.000 # 1500
24037.000 # 1500
24037.000 # 1500
24037.000 # 1500
24037.000 # 1500
24037.000 # 1500
24037.000 # 1500
24037.000 # 1500
24037.000 # 1500
24037.000 # 1500
24037.000 # 1500
24037.000 # 1500
24037.000 # 1500
24037.000 # 1500
24037.000 # 1500
24037.000 # 1500
24037.000 # 1500
24037.000 # 1500
24037.000 # 1500
24037.000 # 1500
24037.000 # 1500
24037.000 # 1500
24037.000 # 1500
24037.000 # 1500
24037.000 # 1500
24037.000 # 1500
24037.000 # 1500
24037.000 # 1500
24037.000 # 1500
24037.000 # 1500
24037.000 # 1500
24037.000 # 1500
24037.000 # 1500
24037.000 # 1500
24037.000 # 1500
24037.000 # 1500
24037.000 # 1500
24037.000 # 1500
24037.000 # 1500
24037.000 # 1500
24037.000 # 1500
24037.000 # 1500
24037.000 # 1500
24037.000 # 1500
24037.000 # 1500
24037.000 # 1500
24037.000 # 1500
24037.000 # 1500
24037.000 # 1500
24037.000 # 1500
24037.000 # 1500
24037.000 # 1500
24037.000 # 1500
24037.000 # 1500
24037.000 # 1500
24037.000 # 1500
24037.000 # 1500
24037.000 # 1500
24037.000 # 1500
24037.000 # 1500
24037.000 # 1500
24037.000 # 1500
24037.000 # 1500
24037.000 # 1500
24037.000 # 1500
24037.000 # 1500
24037.000 # 1500
24037.000 # 1500
24037.000 # 1500
24037.000 # 1500
24037.000 # 1500
24037.000 # 1500
24037.000 # 1500
24037.000 # 1500
24037.000 # 1500
24040.599 - 88 1492.988 1
24042.089 - 88 1494.394 1
24042.217 - 88 1494.485 1
24042.233 - 88 1494.469 1
24042.255 - 88 1494.461 1
24042.265 - 88 1494.441 1
24042.277 - 88 1494.387 1
24042.290 - 88 1494.363 1
24042.323 - 88 1494.226 1
24042.337 - 88 1494.179 1
24042.348 - 88 1494.159 1
24042.356 - 88 1494.137 1
24042.364 - 88 1493.989 1
24042.378 - 88 1493.964 1
24042.387 - 88 1493.927 1
24042.396 - 88 1493.890 1
24042.405 - 88 1493.867 1
24042.414 - 88 1493.846 1
24042.422 - 88 1493.773 1
24042.430 - 88 1493.747 1
24042.439 - 88 1493.710 1
24042.447 - 88 1493.687 1
24042.456 - 88 1493.667 1
24042.463 - 88 1493.615 1
24042.472 - 88 1493.592 1
24042.479 - 88 1493.539 1
24042.487 - 88 1493.379 1
24042.496 - 88 1493.354 1
24042.504 - 88 1493.333 1
24042.513 - 88 1493.224 1
24042.520 - 88 1493.192 1
24042.528 - 88 1493.156 1
24042.536 - 88 1493.118 1
24042.544 - 88 1493.094 1
24042.552 - 88 1493.072 1
24042.561 - 88 1493.023 1
24042.571 - 88 1493.002 1
24042.580 - 88 1492.951 1
24042.588 - 88 1492.925 1
24042.597 - 88 1492.897 1
24042.606 - 88 1492.864 1
24042.614 - 88 1492.823 1
24042.623 - 88 1492.800 1
24042.632 - 88 1492.766 1
24042.640 - 88 1492.715 1
24042.648 - 88 1492.632 1
24042.656 - 88 1492.594 1
24042.665 - 88 1492.566 1
24042.673 - 88 1492.508 1
24042.682 - 88 1492.460 1
24042.690 - 88 1492.429 1
24042.698 - 88 1492.378 1
24042.707 - 88 1492.354 1
24042.717 - 88 1492.327 1
24042.725 - 88 1492.291 1
24042.735 - 88 1492.241 1
24042.742 - 88 1492.213 1
24042.751 - 88 1492.190 1
24042.761 - 88 1492.159 1
24042.772 - 88 1492.139 1
24042.780 - 88 1492.128 1
24042.787 - 88 1492.112 1
24042.795 - 88 1492.112 1
24046.470 + 88 1
24046.529 + 88 1
24046.551 + 88 1
24046.577 + 88 1
24046.599 + 88 1
24046.617 + 88 1
24046.635 + 88 1
24046.651 + 88 1
24046.681 + 88 1
24046.699 + 88 1
25537.000 # 1500
25537.000 # 1500
25537.000 # 1500
25537.000 # 1500
25537.000 # 1500
25537.000 # 1500
25537.000 # 1500
25537.000 # 1500
25537.000 # 1500
25537.000 # 1500
25537.000 # 1500
25537.000 # 1500
25537.000 # 1500
25537.000 # 1500
25537.000 # 1500
25537.000 # 1500
25537.000 # 1500
25537.000 # 1500
25537.000 # 1500
25537.000 # 1500
25537.000 # 1500
25537.000 # 1500
25537.000 # 1500
25537.000 # 1500
25537.000 # 1500
25537.000 # 1500
25537.000 # 1500
25537.000 # 1500
25537.000 # 1500
25537.000 # 1500
25537.000 # 1500
25537.000 # 1500
25537.000 # 1500
25537.000 # 1500
25537.000 # 1500
25537.000 # 1500
25537.000 # 1500
25537.000 # 1500
25537.000 # 1500
25537.000 # 1500
25537.000 # 1500
25537.000 # 1500
25537.000 # 1500
25537.000 # 1500
25537.000 # 1500
25537.000 # 1500
25537.000 # 1500
25537.000 # 1500
25537.000 # 1500
25537.000 # 1500
25537.000 # 1500
25537.000 # 1500
25537.000 # 1500
25537.000 # 1500
25537.000 # 1500
25537.000 # 1500
25537.000 # 1500
25537.000 # 1500
25537.000 # 1500
25537.000 # 1500
25537.000 # 1500
25537.000 # 1500
25537.000 # 1500
25537.000 # 1500
25537.000 # 1500
25537.000 # 1500
25537.000 # 1500
25537.000 # 1500
25537.000 # 1500
25537.000 # 1500
25537.000 # 1500
25537.000 # 1500
25537.000 # 1500
25537.000 # 1500
25537.000 # 1500
25537.000 # 1500
25537.000 # 1500
25537.000 # 1500
25537.000 # 1500
25537.000 # 1500
25537.000 # 1500
25537.000 # 1500
25537.000 # 1500
25539.440 - 88 1492.970 1
25539.686 - 88 1493.157 1
25539.709 - 88 1493.158 1
25539.742 - 88 1493.165 1
25539.761 - 88 1493.162 1
25539.779 - 88 1493.162 1
25539.796 - 88 1493.161 1
25539.811 - 88 1493.160 1
25539.826 - 88 1493.145 1
25539.842 - 88 1493.143 1
25546.334 + 88 1
25546.424 + 88 1
25546.461 + 88 1
25546.496 + 88 1
25546.527 + 88 1
25546.558 + 88 1
25546.587 + 88 1
25546.618 + 88 1
25546.727 + 88 1
25546.759 + 88 1
25546.797 + 88 1
25546.845 + 88 1
25546.904 + 88 1
25546.933 + 88 1
25547.166 + 88 1
25547.224 + 88 1
25547.267 + 88 1
25547.347 + 88 1
25547.384 + 88 1
25547.528 + 88 1
25547.563 + 88 1
25547.611 + 88 1
25547.651 + 88 1
25547.713 + 88 1
25547.748 + 88 1
25547.779 + 88 1
25547.812 + 88 1
25547.844 + 88 1
25547.883 + 88 1
25547.916 + 88 1
25548.091 + 88 1
25548.115 + 88 1
25548.136 + 88 1
25548.167 + 88 1
25548.199 + 88 1
25548.217 + 88 1
25548.342 + 88 1
25548.360 + 88 1
25548.388 + 88 1
25548.406 + 88 1
25548.437 + 88 1
25548.454 + 88 1
25548.485 + 88 1
25548.503 + 88 1
25548.534 + 88 1
25548.551 + 88 1
25548.567 + 88 1
25548.589 + 88 1
25548.619 + 88 1
25548.637 + 88 1
25548.657 + 88 1
25548.689 + 88 1
25548.706 + 88 1
25548.741 + 88 1
25548.760 + 88 1
25548.776 + 88 1
25548.794 + 88 1
25548.814 + 88 1
25548.831 + 88 1
25548.855 + 88 1
25548.872 + 88 1
27037.000 # 1500
27037.000 # 1500
27037.000 # 1500
27037.000 # 1500
27037.000 # 1500
27037.000 # 1500
27037.000 # 1500
27037.000 # 1500
27037.000 # 1500
27037.000 # 1500
27037.000 # 1500
27037.000 # 1500
27037.000 # 1500
27037.000 # 1500
27037.000 # 1500
27037.000 # 1500
27037.000 # 1500
27037.000 # 1500
27037.000 # 1500
27037.000 # 1500
27037.000 # 1500
27037.000 # 1500
27037.000 # 1500
27037.000 # 1500
27037.000 # 1500
27037.000 # 1500
27037.000 # 1500
27037.000 # 1500
27037.000 # 1500
27037.000 # 1500
27037.000 # 1500
27037.000 # 1500
27037.000 # 1500
27037.000 # 1500
27037.000 # 1500
27037.000 # 1500
27037.000 # 1500
27037.000 # 1500
27037.000 # 1500
27037.000 # 1500
27037.000 # 1500
27037.000 # 1500
27037.000 # 1500
27037.000 # 1500
27037.000 # 1500
27037.000 # 1500
27037.000 # 1500
27037.000 # 1500
27037.000 # 1500
27037.000 # 1500
27037.000 # 1500
27037.000 # 1500
27037.000 # 1500
27037.000 # 1500
27037.000 # 1500
27037.000 # 1500
27037.000 # 1500
27037.000 # 1500
27037.000 # 1500
27037.000 # 1500
27037.000 # 1500
27037.000 # 1500
27037.000 # 1500
27037.000 # 1500
27037.000 # 1500
27037.000 # 1500
27037.000 # 1500
27037.000 # 1500
27037.000 # 1500
27037.000 # 1500
27037.000 # 1500
27037.000 # 1500
27037.000 # 1500
27037.000 # 1500
27037.000 # 1500
27037.000 # 1500
27037.000 # 1500
27037.000 # 1500
27037.000 # 1500
27037.000 # 1500
27037.000 # 1500
27037.000 # 1500
27037.000 # 1500
27042.595 - 88 1496.261 1
27042.919 - 88 1496.495 1
27043.031 - 88 1496.570 1
27043.057 - 88 1496.561 1
27043.082 - 88 1496.555 1
27043.098 - 88 1496.540 1
27043.115 - 88 1496.528 1
27043.132 - 88 1496.514 1
27043.147 - 88 1496.420 1
27043.175 - 88 1496.416 1
27043.190 - 88 1496.393 1
27043.203 - 88 1496.358 1
27043.217 - 88 1496.313 1
27043.233 - 88 1496.300 1
27043.247 - 88 1496.081 1
27043.283 - 88 1496.059 1
27043.302 - 88 1496.035 1
27043.315 - 88 1495.968 1
27043.329 - 88 1495.945 1
27043.341 - 88 1495.813 1
27043.347 - 88 1495.784 1
27043.354 - 88 1495.743 1
27043.361 - 88 1495.710 1
27043.367 - 88 1495.654 1
27043.373 - 88 1495.625 1
27043.379 - 88 1495.600 1
27043.385 - 88 1495.573 1
27043.391 - 88 1495.547 1
27043.397 - 88 1495.514 1
27043.405 - 88 1495.489 1
27043.413 - 88 1495.322 1
27043.419 - 88 1495.304 1
27043.426 - 88 1495.290 1
27043.432 - 88 1495.265 1
27043.491 - 88 1495.292 1
27043.498 - 88 1495.281 1
27043.504 - 88 1495.162 1
27043.511 - 88 1495.151 1
27043.517 - 88 1495.129 1
27043.522 - 88 1495.116 1
27043.527 - 88 1495.090 1
27043.533 - 88 1495.079 1
27043.538 - 88 1495.053 1
27043.544 - 88 1495.041 1
27043.549 - 88 1495.015 1
27043.555 - 88 1495.004 1
27043.561 - 88 1494.994 1
27043.568 - 88 1494.979 1
27043.574 - 88 1494.955 1
27043.580 - 88 1494.943 1
27043.585 - 88 1494.928 1
27043.591 - 88 1494.902 1
27043.596 - 88 1494.890 1
27043.602 - 88 1494.861 1
27043.608 - 88 1494.848 1
27043.613 - 88 1494.837 1
27043.620 - 88 1494.826 1
27043.626 - 88 1494.812 1
27043.632 - 88 1494.801 1
27043.639 - 88 1494.784 1
27043.644 - 88 1494.772 1
27048.740 + 88 1
27048.815 + 88 1
27048.844 + 88 1
27048.913 + 88 1
27048.992 + 88 1
28537.000 # 1500
28537.000 # 1500
28537.000 # 1500
28537.000 # 1500
28537.000 # 1500
28537.000 # 1500
28537.000 # 1500
28537.000 # 1500
28537.000 # 1500
28537.000 # 1500
28537.000 # 1500
28537.000 # 1500
28537.000 # 1500
28537.000 # 1500
28537.000 # 1500
28537.000 # 1500
28537.000 # 1500
28537.000 # 1500
28537.000 # 1500
28537.000 # 1500
28537.000 # 1500
28537.000 # 1500
28537.000 # 1500
28537.000 # 1500
28537.000 # 1500
28537.000 # 1500
28537.000 # 1500
28537.000 # 1500
28537.000 # 1500
28537.000 # 1500
28537.000 # 1500
28537.000 # 1500
28537.000 # 1500
28537.000 # 1500
28537.000 # 1500
28537.000 # 1500
28537.000 # 1500
28537.000 # 1500
28537.000 # 1500
28537.000 # 1500
28537.000 # 1500
28537.000 # 1500
28537.000 # 1500
28537.000 # 1500
28537.000 # 1500
28537.000 # 1500
28537.000 # 1500
28537.000 # 1500
28537.000 # 1500
28537.000 # 1500
28537.000 # 1500
28537.000 # 1500
28537.000 # 1500
28537.000 # 1500
28537.000 # 1500
28537.000 # 1500
28537.000 # 1500
28537.000 # 1500
28537.000 # 1500
28537.000 # 1500
28537.000 # 1500
28537.000 # 1500
28537.000 # 1500
28537.000 # 1500
28537.000 # 1500
28537.000 # 1500
28537.000 # 1500
28537.000 # 1500
28537.000 # 1500
28537.000 # 1500
28537.000 # 1500
28537.000 # 1500
28537.000 # 1500
28537.000 # 1500
28537.000 # 1500
28537.000 # 1500
28537.000 # 1500
28537.000 # 1500
28537.000 # 1500
28537.000 # 1500
28537.000 # 1500
28537.000 # 1500
28537.000 # 1500
28537.911 - 88 1489.171 1
28538.293 - 88 1489.478 1
28538.341 - 88 1489.497 1
28538.373 - 88 1489.460 1
28538.398 - 88 1489.406 1
28544.671 + 88 1
28545.160 + 88 1
28545.234 + 88 1
28545.392 + 88 1
28545.542 + 88 1
28545.626 + 88 1
28545.684 + 88 1
28545.745 + 88 1
28545.814 + 88 1
28545.899 + 88 1
28546.140 + 88 1
28546.239 + 88 1
28546.364 + 88 1
28546.428 + 88 1
28546.466 + 88 1
28546.503 + 88 1
28546.548 + 88 1
28546.611 + 88 1
28546.654 + 88 1
28546.746 + 88 1
28546.792 + 88 1
30037.000 # 1500
30037.000 # 1500
30037.000 # 1500
30037.000 # 1500
30037.000 # 1500
30037.000 # 1500
30037.000 # 1500
30037.000 # 1500
30037.000 # 1500
30037.000 # 1500
30037.000 # 1500
30037.000 # 1500
30037.000 # 1500
30037.000 # 1500
30037.000 # 1500
30037.000 # 1500
30037.000 # 1500
30037.000 # 1500
30037.000 # 1500
30037.000 # 1500
30037.000 # 1500
30037.000 # 1500
30037.000 # 1500
30037.000 # 1500
30037.000 # 1500
30037.000 # 1500
30037.000 # 1500
30037.000 # 1500
30037.000 # 1500
30037.000 # 1500
30037.000 # 1500
30037.000 # 1500
30037.000 # 1500
30037.000 # 1500
30037.000 # 1500
30037.000 # 1500
30037.000 # 1500
30037.000 # 1500
30037.000 # 1500
30037.000 # 1500
30037.000 # 1500
30037.000 # 1500
30037.000 # 1500
30037.000 # 1500
30037.000 # 1500
30037.000 # 1500
30037.000 # 1500
30037.000 # 1500
30037.000 # 1500
30037.000 # 1500
30037.000 # 1500
30037.000 # 1500
30037.000 # 1500
30037.000 # 1500
30037.000 # 1500
30037.000 # 1500
30037.000 # 1500
30037.000 # 1500
30037.000 # 1500
30037.000 # 1500
30037.000 # 1500
30037.000 # 1500
30037.000 # 1500
30037.000 # 1500
30037.000 # 1500
30037.000 # 1500
30037.000 # 1500
30037.000 # 1500
30037.000 # 1500
30037.000 # 1500
30037.000 # 1500
30037.000 # 1500
30037.000 # 1500
30037.000 # 1500
30037.000 # 1500
30037.000 # 1500
30037.000 # 1500
30037.000 # 1500
30037.000 # 1500
30037.000 # 1500
30037.000 # 1500
30037.000 # 1500
30037.000 # 1500
30039.036 - 88 1494.365 1
30039.172 - 88 1494.012 1
30039.335 - 88 1494.101 1
30039.358 - 88 1493.966 1
30039.373 - 88 1493.831 1
30039.381 - 88 1493.755 1
30039.394 - 88 1493.710 1
30039.403 - 88 1493.658 1
30039.412 - 88 1493.598 1
30039.420 - 88 1493.521 1
30039.428 - 88 1493.288 1
30039.437 - 88 1493.198 1
30039.445 - 88 1493.081 1
30039.453 - 88 1493.025 1
30039.461 - 88 1492.995 1
30039.470 - 88 1492.967 1
30039.479 - 88 1492.931 1
30039.489 - 88 1492.878 1
30039.497 - 88 1492.843 1
30039.505 - 88 1492.759 1
30039.517 - 88 1492.725 1
30045.655 + 88 1
30045.697 + 88 1
30045.759 + 88 1
31537.000 # 1500
31537.000 # 1500
31537.000 # 1500
31537.000 # 1500
31537.000 # 1500
31537.000 # 1500
31537.000 # 1500
31537.000 # 1500
31537.000 # 1500
31537.000 # 1500
31537.000 # 1500
31537.000 # 1500
31537.000 # 1500
31537.000 # 1500
31537.000 # 1500
31537.000 # 1500
31537.000 # 1500
31537.000 # 1500
31537.000 # 1500
31537.000 # 1500
31537.000 # 1500
31537.000 # 1500
31537.000 # 1500
31537.000 # 1500
31537.000 # 1500
31537.000 # 1500
31537.000 # 1500
31537.000 # 1500
31537.000 # 1500
31537.000 # 1500
31537.000 # 1500
31537.000 # 1500
31537.000 # 1500
31537.000 # 1500
31537.000 # 1500
31537.000 # 1500
31537.000 # 1500
31537.000 # 1500
31537.000 # 1500
31537.000 # 1500
31537.000 # 1500
31537.000 # 1500
31537.000 # 1500
31537.000 # 1500
31537.000 # 1500
31537.000 # 1500
31537.000 # 1500
31537.000 # 1500
31537.000 # 1500
31537.000 # 1500
31537.000 # 1500
31537.000 # 1500
31537.000 # 1500
31537.000 # 1500
31537.000 # 1500
31537.000 # 1500
31537.000 # 1500
31537.000 # 1500
31537.000 # 1500
31537.000 # 1500
31537.000 # 1500
31537.000 # 1500
31537.000 # 1500
31537.000 # 1500
31537.000 # 1500
31537.000 # 1500
31537.000 # 1500
31537.000 # 1500
31537.000 # 1500
31537.000 # 1500
31537.000 # 1500
31537.000 # 1500
31537.000 # 1500
31537.000 # 1500
31537.000 # 1500
31537.000 # 1500
31537.000 # 1500
31537.000 # 1500
31537.000 # 1500
31537.000 # 1500
31537.000 # 1500
31537.000 # 1500
31537.000 # 1500
31541.306 - 88 1495.651 1
31541.557 - 88 1495.860 1
31541.668 - 88 1495.909 1
31547.116 + 88 1
31547.221 + 88 1
31547.327 + 88 1
31547.400 + 88 1
31547.455 + 88 1
31547.526 + 88 1
31547.614 + 88 1
31547.677 + 88 1
31547.728 + 88 1
31547.864 + 88 1
31547.933 + 88 1
31548.226 + 88 1
31548.393 + 88 1
31548.436 + 88 1
31548.503 + 88 1
31548.550 + 88 1
31548.621 + 88 1
31548.769 + 88 1
31548.814 + 88 1
31548.858 + 88 1
31549.031 + 88 1
31549.112 + 88 1
31549.188 + 88 1
31549.360 + 88 1
31549.404 + 88 1
31549.476 + 88 1
31549.576 + 88 1
31549.642 + 88 1
31549.680 + 88 1
33037.000 # 1500
33037.000 # 1500
33037.000 # 1500
33037.000 # 1500
33037.000 # 1500
33037.000 # 1500
33037.000 # 1500
33037.000 # 1500
33037.000 # 1500
33037.000 # 1500
33037.000 # 1500
33037.000 # 1500
33037.000 # 1500
33037.000 # 1500
33037.000 # 1500
33037.000 # 1500
33037.000 # 1500
33037.000 # 1500
33037.000 # 1500
33037.000 # 1500
33037.000 # 1500
33037.000 # 1500
33037.000 # 1500
33037.000 # 1500
33037.000 # 1500
33037.000 # 1500
33037.000 # 1500
33037.000 # 1500
33037.000 # 1500
33037.000 # 1500
33037.000 # 1500
33037.000 # 1500
33037.000 # 1500
33037.000 # 1500
33037.000 # 1500
33037.000 # 1500
33037.000 # 1500
33037.000 # 1500
33037.000 # 1500
33037.000 # 1500
33037.000 # 1500
33037.000 # 1500
33037.000 # 1500
33037.000 # 1500
33037.000 # 1500
33037.000 # 1500
33037.000 # 1500
33037.000 # 1500
33037.000 # 1500
33037.000 # 1500
33037.000 # 1500
33037.000 # 1500
33037.000 # 1500
33037.000 # 1500
33037.000 # 1500
33037.000 # 1500
33037.000 # 1500
33037.000 # 1500
33037.000 # 1500
33037.000 # 1500
33037.000 # 1500
33037.000 # 1500
33037.000 # 1500
33037.000 # 1500
33037.000 # 1500
33037.000 # 1500
33037.000 # 1500
33037.000 # 1500
33037.000 # 1500
33037.000 # 1500
33037.000 # 1500
33037.000 # 1500
33037.000 # 1500
33037.000 # 1500
33037.000 # 1500
33037.000 # 1500
33037.000 # 1500
33037.000 # 1500
33037.000 # 1500
33037.000 # 1500
33037.000 # 1500
33037.000 # 1500
33037.000 # 1500
33041.496 - 88 1494.380 1
33041.769 - 88 1494.548 1
33041.833 - 88 1494.506 1
33041.862 - 88 1494.462 1
33041.883 - 88 1494.428 1
33041.902 - 88 1494.376 1
33041.920 - 88 1494.306 1
33041.939 - 88 1494.262 1
33042.029 - 88 1494.301 1
33042.049 - 88 1494.185 1
33042.067 - 88 1494.134 1
33042.088 - 88 1493.862 1
33042.110 - 88 1493.717 1
33042.133 - 88 1493.697 1
33042.150 - 88 1493.647 1
33042.168 - 88 1493.618 1
33042.188 - 88 1493.567 1
33042.206 - 88 1493.437 1
33042.223 - 88 1493.409 1
33042.240 - 88 1493.382 1
33042.264 - 88 1493.233 1
33042.284 - 88 1493.172 1
33042.301 - 88 1493.113 1
33042.322 - 88 1492.962 1
33042.344 - 88 1492.940 1
33042.362 - 88 1492.886 1
33042.380 - 88 1492.804 1
33042.399 - 88 1492.757 1
33042.417 - 88 1492.737 1
33047.220 + 88 1
33047.319 + 88 1
33047.533 + 88 1
34537.000 # 1500
34537.000 # 1500
34537.000 # 1500
34537.000 # 1500
34537.000 # 1500
34537.000 # 1500
34537.000 # 1500
34537.000 # 1500
34537.000 # 1500
34537.000 # 1500
34537.000 # 1500
34537.000 # 1500
34537.000 # 1500
34537.000 # 1500
34537.000 # 1500
34537.000 # 1500
34537.000 # 1500
34537.000 # 1500
34537.000 # 1500
34537.000 # 1500
34537.000 # 1500
34537.000 # 1500
34537.000 # 1500
34537.000 # 1500
34537.000 # 1500
34537.000 # 1500
34537.000 # 1500
34537.000 # 1500
34537.000 # 1500
34537.000 # 1500
34537.000 # 1500
34537.000 # 1500
34537.000 # 1500
34537.000 # 1500
34537.000 # 1500
34537.000 # 1500
34537.000 # 1500
34537.000 # 1500
34537.000 # 1500
34537.000 # 1500
34537.000 # 1500
34537.000 # 1500
34537.000 # 1500
34537.000 # 1500
34537.000 # 1500
34537.000 # 1500
34537.000 # 1500
34537.000 # 1500
34537.000 # 1500
34537.000 # 1500
34537.000 # 1500
34537.000 # 1500
34537.000 # 1500
34537.000 # 1500
34537.000 # 1500
34537.000 # 1500
34537.000 # 1500
34537.000 # 1500
34537.000 # 1500
34537.000 # 1500
34537.000 # 1500
34537.000 # 1500
34537.000 # 1500
34537.000 # 1500
34537.000 # 1500
34537.000 # 1500
34537.000 # 1500
34537.000 # 1500
34537.000 # 1500
34537.000 # 1500
34537.000 # 1500
34537.000 # 1500
34537.000 # 1500
34537.000 # 1500
34537.000 # 1500
34537.000 # 1500
34537.000 # 1500
34537.000 # 1500
34537.000 # 1500
34537.000 # 1500
34537.000 # 1500
34537.000 # 1500
34537.000 # 1500
34541.147 - 88 1493.927 1
34541.324 - 88 1494.005 1
34541.380 - 88 1493.847 1
34548.702 + 88 1
34548.852 + 88 1
34548.938 + 88 1
34549.149 + 88 1
34549.236 + 88 1
34549.286 + 88 1
34549.347 + 88 1
34549.478 + 88 1
34549.560 + 88 1
34549.700 + 88 1
34549.739 + 88 1
34549.845 + 88 1
34550.682 + 88 1
36037.000 # 1500
36037.000 # 1500
36037.000 # 1500
36037.000 # 1500
36037.000 # 1500
36037.000 # 1500
36037.000 # 1500
36037.000 # 1500
36037.000 # 1500
36037.000 # 1500
36037.000 # 1500
36037.000 # 1500
36037.000 # 1500
36037.000 # 1500
36037.000 # 1500
36037.000 # 1500
36037.000 # 1500
36037.000 # 1500
36037.000 # 1500
36037.000 # 1500
36037.000 # 1500
36037.000 # 1500
36037.000 # 1500
36037.000 # 1500
36037.000 # 1500
36037.000 # 1500
36037.000 # 1500
36037.000 # 1500
36037.000 # 1500
36037.000 # 1500
36037.000 # 1500
36037.000 # 1500
36037.000 # 1500
36037.000 # 1500
36037.000 # 1500
36037.000 # 1500
36037.000 # 1500
36037.000 # 1500
36037.000 # 1500
36037.000 # 1500
36037.000 # 1500
36037.000 # 1500
36037.000 # 1500
36037.000 # 1500
36037.000 # 1500
36037.000 # 1500
36037.000 # 1500
36037.000 # 1500
36037.000 # 1500
36037.000 # 1500
36037.000 # 1500
36037.000 # 1500
36037.000 # 1500
36037.000 # 1500
36037.000 # 1500
36037.000 # 1500
36037.000 # 1500
36037.000 # 1500
36037.000 # 1500
36037.000 # 1500
36037.000 # 1500
36037.000 # 1500
36037.000 # 1500
36037.000 # 1500
36037.000 # 1500
36037.000 # 1500
36037.000 # 1500
36037.000 # 1500
36037.000 # 1500
36037.000 # 1500
36037.000 # 1500
36037.000 # 1500
36037.000 # 1500
36037.000 # 1500
36037.000 # 1500
36037.000 # 1500
36037.000 # 1500
36037.000 # 1500
36037.000 # 1500
36037.000 # 1500
36037.000 # 1500
36037.000 # 1500
36037.000 # 1500
36042.660 - 88 1493.958 1
36042.895 - 88 1494.043 1
36042.996 - 88 1494.058 1
36043.024 - 88 1493.875 1
36043.044 - 88 1493.808 1
36043.069 - 88 1493.783 1
36043.086 - 88 1493.739 1
36043.129 - 88 1493.651 1
36043.150 - 88 1493.590 1
36043.168 - 88 1493.468 1
36043.190 - 88 1493.451 1
36043.205 - 88 1493.360 1
36043.218 - 88 1492.536 1
36049.408 + 88 1
36049.504 + 88 1
36049.598 + 88 1
37537.000 # 1500
37537.000 # 1500
37537.000 # 1500
37537.000 # 1500
37537.000 # 1500
37537.000 # 1500
37537.000 # 1500
37537.000 # 1500
37537.000 # 1500
37537.000 # 1500
37537.000 # 1500
37537.000 # 1500
37537.000 # 1500
37537.000 # 1500
37537.000 # 1500
37537.000 # 1500
37537.000 # 1500
37537.000 # 1500
37537.000 # 1500
37537.000 # 1500
37537.000 # 1500
37537.000 # 1500
37537.000 # 1500
37537.000 # 1500
37537.000 # 1500
37537.000 # 1500
37537.000 # 1500
37537.000 # 1500
37537.000 # 1500
37537.000 # 1500
37537.000 # 1500
37537.000 # 1500
37537.000 # 1500
37537.000 # 1500
37537.000 # 1500
37537.000 # 1500
37537.000 # 1500
37537.000 # 1500
37537.000 # 1500
37537.000 # 1500
37537.000 # 1500
37537.000 # 1500
37537.000 # 1500
37537.000 # 1500
37537.000 # 1500
37537.000 # 1500
37537.000 # 1500
37537.000 # 1500
37537.000 # 1500
37537.000 # 1500
37537.000 # 1500
37537.000 # 1500
37537.000 # 1500
37537.000 # 1500
37537.000 # 1500
37537.000 # 1500
37537.000 # 1500
37537.000 # 1500
37537.000 # 1500
37537.000 # 1500
37537.000 # 1500
37537.000 # 1500
37537.000 # 1500
37537.000 # 1500
37537.000 # 1500
37537.000 # 1500
37537.000 # 1500
37537.000 # 1500
37537.000 # 1500
37537.000 # 1500
37537.000 # 1500
37537.000 # 1500
37537.000 # 1500
37537.000 # 1500
37537.000 # 1500
37537.000 # 1500
37537.000 # 1500
37537.000 # 1500
37537.000 # 1500
37537.000 # 1500
37537.000 # 1500
37537.000 # 1500
37537.000 # 1500
37539.802 - 88 1490.394 1
37539.898 - 88 1490.394 1
37539.922 - 88 1490.324 1
37544.767 + 88 1
37546.182 + 88 1
39037.000 # 1500
39037.000 # 1500
39037.000 # 1500
39037.000 # 1500
39037.000 # 1500
39037.000 # 1500
39037.000 # 1500
39037.000 # 1500
39037.000 # 1500
39037.000 # 1500
39037.000 # 1500
39037.000 # 1500
39037.000 # 1500
39037.000 # 1500
39037.000 # 1500
39037.000 # 1500
39037.000 # 1500
39037.000 # 1500
39037.000 # 1500
39037.000 # 1500
39037.000 # 1500
39037.000 # 1500
39037.000 # 1500
39037.000 # 1500
39037.000 # 1500
39037.000 # 1500
39037.000 # 1500
39037.000 # 1500
39037.000 # 1500
39037.000 # 1500
39037.000 # 1500
39037.000 # 1500
39037.000 # 1500
39037.000 # 1500
39037.000 # 1500
39037.000 # 1500
39037.000 # 1500
39037.000 # 1500
39037.000 # 1500
39037.000 # 1500
39037.000 # 1500
39037.000 # 1500
39037.000 # 1500
39037.000 # 1500
39037.000 # 1500
39037.000 # 1500
39037.000 # 1500
39037.000 # 1500
39037.000 # 1500
39037.000 # 1500
39037.000 # 1500
39037.000 # 1500
39037.000 # 1500
39037.000 # 1500
39037.000 # 1500
39037.000 # 1500
39037.000 # 1500
39037.000 # 1500
39037.000 # 1500
39037.000 # 1500
39037.000 # 1500
39037.000 # 1500
39037.000 # 1500
39037.000 # 1500
39037.000 # 1500
39037.000 # 1500
39037.000 # 1500
39037.000 # 1500
39037.000 # 1500
39037.000 # 1500
39037.000 # 1500
39037.000 # 1500
39037.000 # 1500
39037.000 # 1500
39037.000 # 1500
39037.000 # 1500
39037.000 # 1500
39037.000 # 1500
39037.000 # 1500
39037.000 # 1500
39037.000 # 1500
39037.000 # 1500
39037.000 # 1500
39042.510 - 88 1497.743 1
39042.698 - 88 1496.516 1
39049.549 + 88 1
39049.631 + 88 1
39049.681 + 88 1
39049.721 + 88 1
39049.773 + 88 1
39049.834 + 88 1
39049.874 + 88 1
39049.925 + 88 1
39050.061 + 88 1
39050.114 + 88 1
39050.183 + 88 1
39050.239 + 88 1
39050.291 + 88 1
39050.308 + 88 1
40537.000 # 1500
40537.000 # 1500
40537.000 # 1500
40537.000 # 1500
40537.000 # 1500
40537.000 # 1500
40537.000 # 1500
40537.000 # 1500
40537.000 # 1500
40537.000 # 1500
40537.000 # 1500
40537.000 # 1500
40537.000 # 1500
40537.000 # 1500
40537.000 # 1500
40537.000 # 1500
40537.000 # 1500
40537.000 # 1500
40537.000 # 1500
40537.000 # 1500
40537.000 # 1500
40537.000 # 1500
40537.000 # 1500
40537.000 # 1500
40537.000 # 1500
40537.000 # 1500
40537.000 # 1500
40537.000 # 1500
40537.000 # 1500
40537.000 # 1500
40537.000 # 1500
40537.000 # 1500
40537.000 # 1500
40537.000 # 1500
40537.000 # 1500
40537.000 # 1500
40537.000 # 1500
40537.000 # 1500
40537.000 # 1500
40537.000 # 1500
40537.000 # 1500
40537.000 # 1500
40537.000 # 1500
40537.000 # 1500
40537.000 # 1500
40537.000 # 1500
40537.000 # 1500
40537.000 # 1500
40537.000 # 1500
40537.000 # 1500
40537.000 # 1500
40537.000 # 1500
40537.000 # 1500
40537.000 # 1500
40537.000 # 1500
40537.000 # 1500
40537.000 # 1500
40537.000 # 1500
40537.000 # 1500
40537.000 # 1500
40537.000 # 1500
40537.000 # 1500
40537.000 # 1500
40537.000 # 1500
40537.000 # 1500
40537.000 # 1500
40537.000 # 1500
40537.000 # 1500
40537.000 # 1500
40537.000 # 1500
40537.000 # 1500
40537.000 # 1500
40537.000 # 1500
40537.000 # 1500
40537.000 # 1500
40537.000 # 1500
40537.000 # 1500
40537.000 # 1500
40537.000 # 1500
40537.000 # 1500
40537.000 # 1500
40537.000 # 1500
40537.000 # 1500
40540.368 - 88 1490.819 1
40540.461 - 88 1490.830 1
40540.491 - 88 1490.810 1
40540.513 - 88 1490.792 1
40540.533 - 88 1490.760 1
40540.552 - 88 1490.718 1
40540.570 - 88 1490.696 1
40540.592 - 88 1490.667 1
40540.611 - 88 1490.550 1
40540.630 - 88 1490.516 1
40540.648 - 88 1490.465 1
40540.665 - 88 1490.426 1
40540.682 - 88 1490.391 1
40540.702 - 88 1490.394 1
40546.421 + 88 1
40546.527 + 88 1
40546.568 + 88 1
40546.673 + 88 1
40546.769 + 88 1
40546.812 + 88 1
40547.037 + 88 1
40547.112 + 88 1
40547.150 + 88 1
40547.192 + 88 1
40547.256 + 88 1
40547.313 + 88 1
40547.350 + 88 1
40547.386 + 88 1
40547.422 + 88 1
40547.464 + 88 1
40547.500 + 88 1
40547.563 + 88 1
40547.628 + 88 1
40547.838 + 88 1
40547.908 + 88 1
40548.082 + 88 1
40548.170 + 88 1
40548.197 + 88 1
40548.229 + 88 1
40548.249 + 88 1
40548.284 + 88 1
40548.304 + 88 1
40548.332 + 88 1
40548.352 + 88 1
40548.390 + 88 1
40548.417 + 88 1
40548.437 + 88 1
40548.470 + 88 1
40548.504 + 88 1
40548.538 + 88 1
40548.565 + 88 1
40548.602 + 88 1
40548.670 + 88 1
40548.693 + 88 1
40548.715 + 88 1
40548.742 + 88 1
40548.778 + 88 1
40548.810 + 88 1
40548.829 + 88 1
40548.873 + 88 1
40548.884 + 88 1
42037.000 # 1500
42037.000 # 1500
42037.000 # 1500
42037.000 # 1500
42037.000 # 1500
42037.000 # 1500
42037.000 # 1500
42037.000 # 1500
42037.000 # 1500
42037.000 # 1500
42037.000 # 1500
42037.000 # 1500
42037.000 # 1500
42037.000 # 1500
42037.000 # 1500
42037.000 # 1500
42037.000 # 1500
42037.000 # 1500
42037.000 # 1500
42037.000 # 1500
42037.000 # 1500
42037.000 # 1500
42037.000 # 1500
42037.000 # 1500
42037.000 # 1500
42037.000 # 1500
42037.000 # 1500
42037.000 # 1500
42037.000 # 1500
42037.000 # 1500
42037.000 # 1500
42037.000 # 1500
42037.000 # 1500
42037.000 # 1500
42037.000 # 1500
42037.000 # 1500
42037.000 # 1500
42037.000 # 1500
42037.000 # 1500
42037.000 # 1500
42037.000 # 1500
42037.000 # 1500
42037.000 # 1500
42037.000 # 1500
42037.000 # 1500
42037.000 # 1500
42037.000 # 1500
42037.000 # 1500
42037.000 # 1500
42037.000 # 1500
42037.000 # 1500
42037.000 # 1500
42037.000 # 1500
42037.000 # 1500
42037.000 # 1500
42037.000 # 1500
42037.000 # 1500
42037.000 # 1500
42037.000 # 1500
42037.000 # 1500
42037.000 # 1500
42037.000 # 1500
42037.000 # 1500
42037.000 # 1500
42037.000 # 1500
42037.000 # 1500
42037.000 # 1500
42037.000 # 1500
42037.000 # 1500
42037.000 # 1500
42037.000 # 1500
42037.000 # 1500
42037.000 # 1500
42037.000 # 1500
42037.000 # 1500
42037.000 # 1500
42037.000 # 1500
42037.000 # 1500
42037.000 # 1500
42037.000 # 1500
42037.000 # 1500
42037.000 # 1500
42037.000 # 1500
42038.766 - 88 1492.345 1
42039.058 - 88 1492.531 1
42039.095 - 88 1492.527 1
42039.108 - 88 1492.435 1
42039.122 - 88 1492.353 1
42039.134 - 88 1492.322 1
42039.145 - 88 1492.108 1
42039.155 - 88 1492.043 1
42039.164 - 88 1492.014 1
42039.174 - 88 1491.982 1
42039.187 - 88 1491.931 1
42039.203 - 88 1491.890 1
42039.212 - 88 1491.862 1
42039.225 - 88 1491.839 1
42039.235 - 88 1491.813 1
42039.244 - 88 1491.780 1
42039.254 - 88 1491.754 1
42039.263 - 88 1491.700 1
42039.273 - 88 1491.645 1
42039.282 - 88 1491.444 1
42039.293 - 88 1491.385 1
42039.302 - 88 1491.220 1
42039.312 - 88 1491.142 1
42039.321 - 88 1491.124 1
42039.330 - 88 1491.101 1
42039.343 - 88 1491.094 1
42039.355 - 88 1491.071 1
42039.368 - 88 1491.064 1
42039.378 - 88 1491.046 1
42039.388 - 88 1491.036 1
42039.398 - 88 1491.008 1
42039.414 - 88 1490.997 1
42039.426 - 88 1490.989 1
42039.438 - 88 1490.968 1
42039.448 - 88 1490.944 1
42039.457 - 88 1490.919 1
42039.467 - 88 1490.902 1
42039.477 - 88 1490.875 1
42039.486 - 88 1490.816 1
42039.498 - 88 1490.805 1
42039.550 - 88 1490.835 1
42039.561 - 88 1490.819 1
42039.570 - 88 1490.792 1
42039.580 - 88 1490.770 1
42039.590 - 88 1490.761 1
42039.601 - 88 1490.728 1
42039.611 - 88 1490.727 1
42044.394 + 88 1
42044.466 + 88 1
42044.585 + 88 1
42044.634 + 88 1
42044.659 + 88 1
42044.703 + 88 1
43537.000 # 1500
43537.000 # 1500
43537.000 # 1500
43537.000 # 1500
43537.000 # 1500
43537.000 # 1500
43537.000 # 1500
43537.000 # 1500
43537.000 # 1500
43537.000 # 1500
43537.000 # 1500
43537.000 # 1500
43537.000 # 1500
43537.000 # 1500
43537.000 # 1500
43537.000 # 1500
43537.000 # 1500
43537.000 # 1500
43537.000 # 1500
43537.000 # 1500
43537.000 # 1500
43537.000 # 1500
43537.000 # 1500
43537.000 # 1500
43537.000 # 1500
43537.000 # 1500
43537.000 # 1500
43537.000 # 1500
43537.000 # 1500
43537.000 # 1500
43537.000 # 1500
43537.000 # 1500
43537.000 # 1500
43537.000 # 1500
43537.000 # 1500
43537.000 # 1500
43537.000 # 1500
43537.000 # 1500
43537.000 # 1500
43537.000 # 1500
43537.000 # 1500
43537.000 # 1500
43537.000 # 1500
43537.000 # 1500
43537.000 # 1500
43537.000 # 1500
43537.000 # 1500
43537.000 # 1500
43537.000 # 1500
43537.000 # 1500
43537.000 # 1500
43537.000 # 1500
43537.000 # 1500
43537.000 # 1500
43537.000 # 1500
43537.000 # 1500
43537.000 # 1500
43537.000 # 1500
43537.000 # 1500
43537.000 # 1500
43537.000 # 1500
43537.000 # 1500
43537.000 # 1500
43537.000 # 1500
43537.000 # 1500
43537.000 # 1500
43537.000 # 1500
43537.000 # 1500
43537.000 # 1500
43537.000 # 1500
43537.000 # 1500
43537.000 # 1500
43537.000 # 1500
43537.000 # 1500
43537.000 # 1500
43537.000 # 1500
43537.000 # 1500
43537.000 # 1500
43537.000 # 1500
43537.000 # 1500
43537.000 # 1500
43537.000 # 1500
43537.000 # 1500
43538.337 - 88 1493.943 1
43538.550 - 88 1494.084 1
43538.605 - 88 1494.020 1
43538.635 - 88 1494.001 1
43538.654 - 88 1493.995 1
43538.673 - 88 1493.970 1
43544.458 + 88 1
43544.515 + 88 1
43544.652 + 88 1
43544.692 + 88 1
43544.713 + 88 1
43544.742 + 88 1
43544.827 + 88 1
43544.865 + 88 1
43544.922 + 88 1
43545.027 + 88 1
43545.072 + 88 1
43545.107 + 88 1
43545.159 + 88 1
43545.190 + 88 1
43545.228 + 88 1
43545.259 + 88 1
45037.000 # 1500
45037.000 # 1500
45037.000 # 1500
45037.000 # 1500
45037.000 # 1500
45037.000 # 1500
45037.000 # 1500
45037.000 # 1500
45037.000 # 1500
45037.000 # 1500
45037.000 # 1500
45037.000 # 1500
45037.000 # 1500
45037.000 # 1500
45037.000 # 1500
45037.000 # 1500
45037.000 # 1500
45037.000 # 1500
45037.000 # 1500
45037.000 # 1500
45037.000 # 1500
45037.000 # 1500
45037.000 # 1500
45037.000 # 1500
45037.000 # 1500
45037.000 # 1500
45037.000 # 1500
45037.000 # 1500
45037.000 # 1500
45037.000 # 1500
45037.000 # 1500
45037.000 # 1500
45037.000 # 1500
45037.000 # 1500
45037.000 # 1500
45037.000 # 1500
45037.000 # 1500
45037.000 # 1500
45037.000 # 1500
45037.000 # 1500
45037.000 # 1500
45037.000 # 1500
45037.000 # 1500
45037.000 # 1500
45037.000 # 1500
45037.000 # 1500
45037.000 # 1500
45037.000 # 1500
45037.000 # 1500
45037.000 # 1500
45037.000 # 1500
45037.000 # 1500
45037.000 # 1500
45037.000 # 1500
45037.000 # 1500
45037.000 # 1500
45037.000 # 1500
45037.000 # 1500
45037.000 # 1500
45037.000 # 1500
45037.000 # 1500
45037.000 # 1500
45037.000 # 1500
45037.000 # 1500
45037.000 # 1500
45037.000 # 1500
45037.000 # 1500
45037.000 # 1500
45037.000 # 1500
45037.000 # 1500
45037.000 # 1500
45037.000 # 1500
45037.000 # 1500
45037.000 # 1500
45037.000 # 1500
45037.000 # 1500
45037.000 # 1500
45037.000 # 1500
45037.000 # 1500
45037.000 # 1500
45037.000 # 1500
45037.000 # 1500
45037.000 # 1500
45041.087 - 88 1496.629 1
45041.324 - 88 1496.809 1
45041.372 - 88 1496.720 1
45041.402 - 88 1496.710 1
45041.423 - 88 1496.710 1
45041.442 - 88 1496.700 1
45041.459 - 88 1496.632 1
45041.511 - 88 1496.646 1
45041.535 - 88 1496.613 1
45041.554 - 88 1496.527 1
45041.573 - 88 1496.501 1
45041.590 - 88 1496.483 1
45041.608 - 88 1496.449 1
45041.621 - 88 1496.431 1
45041.635 - 88 1496.407 1
45041.649 - 88 1496.390 1
45047.494 + 88 1
45047.584 + 88 1
45047.717 + 88 1
45047.788 + 88 1
45047.858 + 88 1
45048.033 + 88 1
45048.098 + 88 1
46537.000 # 1500
46537.000 # 1500
46537.000 # 1500
46537.000 # 1500
46537.000 # 1500
46537.000 # 1500
46537.000 # 1500
46537.000 # 1500
46537.000 # 1500
46537.000 # 1500
46537.000 # 1500
46537.000 # 1500
46537.000 # 1500
46537.000 # 1500
46537.000 # 1500
46537.000 # 1500
46537.000 # 1500
46537.000 # 1500
46537.000 # 1500
46537.000 # 1500
46537.000 # 1500
46537.000 # 1500
46537.000 # 1500
46537.000 # 1500
46537.000 # 1500
46537.000 # 1500
46537.000 # 1500
46537.000 # 1500
46537.000 # 1500
46537.000 # 1500
46537.000 # 1500
46537.000 # 1500
46537.000 # 1500
46537.000 # 1500
46537.000 # 1500
46537.000 # 1500
46537.000 # 1500
46537.000 # 1500
46537.000 # 1500
46537.000 # 1500
46537.000 # 1500
46537.000 # 1500
46537.000 # 1500
46537.000 # 1500
46537.000 # 1500
46537.000 # 1500
46537.000 # 1500
46537.000 # 1500
46537.000 # 1500
46537.000 # 1500
46537.000 # 1500
46537.000 # 1500
46537.000 # 1500
46537.000 # 1500
46537.000 # 1500
46537.000 # 1500
46537.000 # 1500
46537.000 # 1500
46537.000 # 1500
46537.000 # 1500
46537.000 # 1500
46537.000 # 1500
46537.000 # 1500
46537.000 # 1500
46537.000 # 1500
46537.000 # 1500
46537.000 # 1500
46537.000 # 1500
46537.000 # 1500
46537.000 # 1500
46537.000 # 1500
46537.000 # 1500
46537.000 # 1500
46537.000 # 1500
46537.000 # 1500
46537.000 # 1500
46537.000 # 1500
46537.000 # 1500
46537.000 # 1500
46537.000 # 1500
46537.000 # 1500
46537.000 # 1500
46537.000 # 1500
46539.501 - 88 1492.007 1
46539.704 - 88 1492.120 1
46539.752 - 88 1492.035 1
46539.785 - 88 1491.997 1
46539.804 - 88 1491.946 1
46539.822 - 88 1491.789 1
46539.903 - 88 1491.805 1
46547.317 + 88 1
46547.515 + 88 1
46547.631 + 88 1
46547.691 + 88 1
46547.764 + 88 1
46547.800 + 88 1
46547.861 + 88 1
46547.898 + 88 1
46548.041 + 88 1
46548.127 + 88 1
46548.189 + 88 1
46548.228 + 88 1
46548.306 + 88 1
46548.441 + 88 1
46548.616 + 88 1
46548.712 + 88 1
46548.776 + 88 1
46548.858 + 88 1
46549.076 + 88 1
46549.172 + 88 1
48037.000 # 1500
48037.000 # 1500
48037.000 # 1500
48037.000 # 1500
48037.000 # 1500
48037.000 # 1500
48037.000 # 1500
48037.000 # 1500
48037.000 # 1500
48037.000 # 1500
48037.000 # 1500
48037.000 # 1500
48037.000 # 1500
48037.000 # 1500
48037.000 # 1500
48037.000 # 1500
48037.000 # 1500
48037.000 # 1500
48037.000 # 1500
48037.000 # 1500
48037.000 # 1500
48037.000 # 1500
48037.000 # 1500
48037.000 # 1500
48037.000 # 1500
48037.000 # 1500
48037.000 # 1500
48037.000 # 1500
48037.000 # 1500
48037.000 # 1500
48037.000 # 1500
48037.000 # 1500
48037.000 # 1500
48037.000 # 1500
48037.000 # 1500
48037.000 # 1500
48037.000 # 1500
48037.000 # 1500
48037.000 # 1500
48037.000 # 1500
48037.000 # 1500
48037.000 # 1500
48037.000 # 1500
48037.000 # 1500
48037.000 # 1500
48037.000 # 1500
48037.000 # 1500
48037.000 # 1500
48037.000 # 1500
48037.000 # 1500
48037.000 # 1500
48037.000 # 1500
48037.000 # 1500
48037.000 # 1500
48037.000 # 1500
48037.000 # 1500
48037.000 # 1500
48037.000 # 1500
48037.000 # 1500
48037.000 # 1500
48037.000 # 1500
48037.000 # 1500
48037.000 # 1500
48037.000 # 1500
48037.000 # 1500
48037.000 # 1500
48037.000 # 1500
48037.000 # 1500
48037.000 # 1500
48037.000 # 1500
48037.000 # 1500
48037.000 # 1500
48037.000 # 1500
48037.000 # 1500
48037.000 # 1500
48037.000 # 1500
48037.000 # 1500
48037.000 # 1500
48037.000 # 1500
48037.000 # 1500
48037.000 # 1500
48037.000 # 1500
48037.000 # 1500
48040.284 - 88 1492.967 1
48040.515 - 88 1493.000 1
48040.555 - 88 1492.924 1
48040.580 - 88 1492.889 1
48040.596 - 88 1492.832 1
48040.615 - 88 1492.815 1
48040.630 - 88 1492.769 1
48040.646 - 88 1492.748 1
48040.661 - 88 1492.620 1
48040.680 - 88 1492.553 1
48040.696 - 88 1492.507 1
48040.719 - 88 1492.491 1
48040.734 - 88 1492.428 1
48040.752 - 88 1492.311 1
48040.767 - 88 1492.151 1
48040.784 - 88 1492.072 1
48040.799 - 88 1492.023 1
48040.816 - 88 1491.958 1
48040.839 - 88 1491.763 1
48040.856 - 88 1491.684 1
48047.203 + 88 1
48047.291 + 88 1
48047.397 + 88 1
48047.543 + 88 1
48047.752 + 88 1
49537.000 # 1500
49537.000 # 1500
49537.000 # 1500
49537.000 # 1500
49537.000 # 1500
49537.000 # 1500
49537.000 # 1500
49537.000 # 1500
49537.000 # 1500
49537.000 # 1500
49537.000 # 1500
49537.000 # 1500
49537.000 # 1500
49537.000 # 1500
49537.000 # 1500
49537.000 # 1500
49537.000 # 1500
49537.000 # 1500
49537.000 # 1500
49537.000 # 1500
49537.000 # 1500
49537.000 # 1500
49537.000 # 1500
49537.000 # 1500
49537.000 # 1500
49537.000 # 1500
49537.000 # 1500
49537.000 # 1500
49537.000 # 1500
49537.000 # 1500
49537.000 # 1500
49537.000 # 1500
49537.000 # 1500
49537.000 # 1500
49537.000 # 1500
49537.000 # 1500
49537.000 # 1500
49537.000 # 1500
49537.000 # 1500
49537.000 # 1500
49537.000 # 1500
49537.000 # 1500
49537.000 # 1500
49537.000 # 1500
49537.000 # 1500
49537.000 # 1500
49537.000 # 1500
49537.000 # 1500
49537.000 # 1500
49537.000 # 1500
49537.000 # 1500
49537.000 # 1500
49537.000 # 1500
49537.000 # 1500
49537.000 # 1500
49537.000 # 1500
49537.000 # 1500
49537.000 # 1500
49537.000 # 1500
49537.000 # 1500
49537.000 # 1500
49537.000 # 1500
49537.000 # 1500
49537.000 # 1500
49537.000 # 1500
49537.000 # 1500
49537.000 # 1500
49537.000 # 1500
49537.000 # 1500
49537.000 # 1500
49537.000 # 1500
49537.000 # 1500
49537.000 # 1500
49537.000 # 1500
49537.000 # 1500
49537.000 # 1500
49537.000 # 1500
49537.000 # 1500
49537.000 # 1500
49537.000 # 1500
49537.000 # 1500
49537.000 # 1500
49537.000 # 1500
49538.670 - 88 1491.467 1
49538.872 - 88 1491.581 1
49538.895 - 88 1491.498 1
49538.908 - 88 1491.365 1
49538.916 - 88 1491.164 1
49545.545 + 88 1
49545.602 + 88 1
49545.737 + 88 1
49545.818 + 88 1
49545.850 + 88 1
49545.875 + 88 1
49545.905 + 88 1
49545.935 + 88 1
49546.021 + 88 1
49546.113 + 88 1
49546.166 + 88 1
51037.000 # 1500
51037.000 # 1500
51037.000 # 1500
51037.000 # 1500
51037.000 # 1500
51037.000 # 1500
51037.000 # 1500
51037.000 # 1500
51037.000 # 1500
51037.000 # 1500
51037.000 # 1500
51037.000 # 1500
51037.000 # 1500
51037.000 # 1500
51037.000 # 1500
51037.000 # 1500
51037.000 # 1500
51037.000 # 1500
51037.000 # 1500
51037.000 # 1500
51037.000 # 1500
51037.000 # 1500
51037.000 # 1500
51037.000 # 1500
51037.000 # 1500
51037.000 # 1500
51037.000 # 1500
51037.000 # 1500
51037.000 # 1500
51037.000 # 1500
51037.000 # 1500
51037.000 # 1500
51037.000 # 1500
51037.000 # 1500
51037.000 # 1500
51037.000 # 1500
51037.000 # 1500
51037.000 # 1500
51037.000 # 1500
51037.000 # 1500
51037.000 # 1500
51037.000 # 1500
51037.000 # 1500
51037.000 # 1500
51037.000 # 1500
51037.000 # 1500
51037.000 # 1500
51037.000 # 1500
51037.000 # 1500
51037.000 # 1500
51037.000 # 1500
51037.000 # 1500
51037.000 # 1500
51037.000 # 1500
51037.000 # 1500
51037.000 # 1500
51037.000 # 1500
51037.000 # 1500
51037.000 # 1500
51037.000 # 1500
51037.000 # 1500
51037.000 # 1500
51037.000 # 1500
51037.000 # 1500
51037.000 # 1500
51037.000 # 1500
51037.000 # 1500
51037.000 # 1500
51037.000 # 1500
51037.000 # 1500
51037.000 # 1500
51037.000 # 1500
51037.000 # 1500
51037.000 # 1500
51037.000 # 1500
51037.000 # 1500
51037.000 # 1500
51037.000 # 1500
51037.000 # 1500
51037.000 # 1500
51037.000 # 1500
51037.000 # 1500
51037.000 # 1500
51042.119 - 88 1496.574 1
51042.448 - 88 1496.846 1
51042.495 - 88 1496.758 1
51042.531 - 88 1496.713 1
51042.552 - 88 1496.702 1
51042.567 - 88 1496.692 1
51042.584 - 88 1496.679 1
51042.598 - 88 1496.663 1
51042.614 - 88 1496.593 1
51042.627 - 88 1496.514 1
51042.653 - 88 1496.487 1
51049.320 + 88 1
51049.504 + 88 1
51049.689 + 88 1
51049.762 + 88 1
51049.876 + 88 1
51050.051 + 88 1
51050.143 + 88 1
51050.297 + 88 1
52537.000 # 1500
52537.000 # 1500
52537.000 # 1500
52537.000 # 1500
52537.000 # 1500
52537.000 # 1500
52537.000 # 1500
52537.000 # 1500
52537.000 # 1500
52537.000 # 1500
52537.000 # 1500
52537.000 # 1500
52537.000 # 1500
52537.000 # 1500
52537.000 # 1500
52537.000 # 1500
52537.000 # 1500
52537.000 # 1500
52537.000 # 1500
52537.000 # 1500
52537.000 # 1500
52537.000 # 1500
52537.000 # 1500
52537.000 # 1500
52537.000 # 1500
52537.000 # 1500
52537.000 # 1500
52537.000 # 1500
52537.000 # 1500
52537.000 # 1500
52537.000 # 1500
52537.000 # 1500
52537.000 # 1500
52537.000 # 1500
52537.000 # 1500
52537.000 # 1500
52537.000 # 1500
52537.000 # 1500
52537.000 # 1500
52537.000 # 1500
52537.000 # 1500
52537.000 # 1500
52537.000 # 1500
52537.000 # 1500
52537.000 # 1500
52537.000 # 1500
52537.000 # 1500
52537.000 # 1500
52537.000 # 1500
52537.000 # 1500
52537.000 # 1500
52537.000 # 1500
52537.000 # 1500
52537.000 # 1500
52537.000 # 1500
52537.000 # 1500
52537.000 # 1500
52537.000 # 1500
52537.000 # 1500
52537.000 # 1500
52537.000 # 1500
52537.000 # 1500
52537.000 # 1500
52537.000 # 1500
52537.000 # 1500
52537.000 # 1500
52537.000 # 1500
52537.000 # 1500
52537.000 # 1500
52537.000 # 1500
52537.000 # 1500
52537.000 # 1500
52537.000 # 1500
52537.000 # 1500
52537.000 # 1500
52537.000 # 1500
52537.000 # 1500
52537.000 # 1500
52537.000 # 1500
52537.000 # 1500
52537.000 # 1500
52537.000 # 1500
52537.000 # 1500
52542.325 - 88 1493.005 1
52542.526 - 88 1493.022 1
52542.577 - 88 1492.888 1
52542.600 - 88 1492.838 1
52542.621 - 88 1492.745 1
52542.652 - 88 1492.601 1
52542.671 - 88 1492.528 1
52542.691 - 88 1492.394 1
52548.808 + 88 1
52548.908 + 88 1
52549.133 + 88 1
52549.204 + 88 1
52549.362 + 88 1
52549.401 + 88 1
52549.489 + 88 1
52549.569 + 88 1
52549.706 + 88 1
52549.751 + 88 1
52549.854 + 88 1
52549.900 + 88 1
52550.148 + 88 1
52550.247 + 88 1
52550.297 + 88 1
52550.365 + 88 1
52550.421 + 88 1
52550.472 + 88 1
52550.560 + 88 1
52550.609 + 88 1
52550.676 + 88 1
54037.000 # 1500
54037.000 # 1500
54037.000 # 1500
54037.000 # 1500
54037.000 # 1500
54037.000 # 1500
54037.000 # 1500
54037.000 # 1500
54037.000 # 1500
54037.000 # 1500
54037.000 # 1500
54037.000 # 1500
54037.000 # 1500
54037.000 # 1500
54037.000 # 1500
54037.000 # 1500
54037.000 # 1500
54037.000 # 1500
54037.000 # 1500
54037.000 # 1500
54037.000 # 1500
54037.000 # 1500
54037.000 # 1500
54037.000 # 1500
54037.000 # 1500
54037.000 # 1500
54037.000 # 1500
54037.000 # 1500
54037.000 # 1500
54037.000 # 1500
54037.000 # 1500
54037.000 # 1500
54037.000 # 1500
54037.000 # 1500
54037.000 # 1500
54037.000 # 1500
54037.000 # 1500
54037.000 # 1500
54037.000 # 1500
54037.000 # 1500
54037.000 # 1500
54037.000 # 1500
54037.000 # 1500
54037.000 # 1500
54037.000 # 1500
54037.000 # 1500
54037.000 # 1500
54037.000 # 1500
54037.000 # 1500
54037.000 # 1500
54037.000 # 1500
54037.000 # 1500
54037.000 # 1500
54037.000 # 1500
54037.000 # 1500
54037.000 # 1500
54037.000 # 1500
54037.000 # 1500
54037.000 # 1500
54037.000 # 1500
54037.000 # 1500
54037.000 # 1500
54037.000 # 1500
54037.000 # 1500
54037.000 # 1500
54037.000 # 1500
54037.000 # 1500
54037.000 # 1500
54037.000 # 1500
54037.000 # 1500
54037.000 # 1500
54037.000 # 1500
54037.000 # 1500
54037.000 # 1500
54037.000 # 1500
54037.000 # 1500
54037.000 # 1500
54037.000 # 1500
54037.000 # 1500
54037.000 # 1500
54037.000 # 1500
54037.000 # 1500
54037.000 # 1500
54040.448 - 88 1491.640 1
54040.578 - 88 1491.670 1
54040.604 - 88 1491.471 1
54040.614 - 88 1491.410 1
54040.620 - 88 1491.258 1
54040.630 - 88 1491.229 1
54040.638 - 88 1491.149 1
54040.654 - 88 1491.085 1
54040.663 - 88 1490.957 1
54040.674 - 88 1490.923 1
54040.681 - 88 1490.827 1
54040.686 - 88 1490.786 1
54040.695 - 88 1490.547 1
54040.702 - 88 1490.455 1
54040.714 - 88 1490.417 1
54040.733 - 88 1490.368 1
54040.743 - 88 1490.322 1
54040.748 - 88 1490.276 1
54040.759 - 88 1490.199 1
54040.770 - 88 1490.161 1
54040.777 - 88 1490.101 1
54045.720 + 88 1
54045.991 + 88 1
55537.000 # 1500
55537.000 # 1500
55537.000 # 1500
55537.000 # 1500
55537.000 # 1500
55537.000 # 1500
55537.000 # 1500
55537.000 # 1500
55537.000 # 1500
55537.000 # 1500
55537.000 # 1500
55537.000 # 1500
55537.000 # 1500
55537.000 # 1500
55537.000 # 1500
55537.000 # 1500
55537.000 # 1500
55537.000 # 1500
55537.000 # 1500
55537.000 # 1500
55537.000 # 1500
55537.000 # 1500
55537.000 # 1500
55537.000 # 1500
55537.000 # 1500
55537.000 # 1500
55537.000 # 1500
55537.000 # 1500
55537.000 # 1500
55537.000 # 1500
55537.000 # 1500
55537.000 # 1500
55537.000 # 1500
55537.000 # 1500
55537.000 # 1500
55537.000 # 1500
55537.000 # 1500
55537.000 # 1500
55537.000 # 1500
55537.000 # 1500
55537.000 # 1500
55537.000 # 1500
55537.000 # 1500
55537.000 # 1500
55537.000 # 1500
55537.000 # 1500
55537.000 # 1500
55537.000 # 1500
55537.000 # 1500
55537.000 # 1500
55537.000 # 1500
55537.000 # 1500
55537.000 # 1500
55537.000 # 1500
55537.000 # 1500
55537.000 # 1500
55537.000 # 1500
55537.000 # 1500
55537.000 # 1500
55537.000 # 1500
55537.000 # 1500
55537.000 # 1500
55537.000 # 1500
55537.000 # 1500
55537.000 # 1500
55537.000 # 1500
55537.000 # 1500
55537.000 # 1500
55537.000 # 1500
55537.000 # 1500
55537.000 # 1500
55537.000 # 1500
55537.000 # 1500
55537.000 # 1500
55537.000 # 1500
55537.000 # 1500
55537.000 # 1500
55537.000 # 1500
55537.000 # 1500
55537.000 # 1500
55537.000 # 1500
55537.000 # 1500
55537.000 # 1500
55538.146 - 88 1492.426 1
55538.379 - 88 1492.388 1
55544.574 + 88 1
55544.791 + 88 1
55545.098 + 88 1
55546.308 + 88 1
57037.000 # 1500
57037.000 # 1500
57037.000 # 1500
57037.000 # 1500
57037.000 # 1500
57037.000 # 1500
57037.000 # 1500
57037.000 # 1500
57037.000 # 1500
57037.000 # 1500
57037.000 # 1500
57037.000 # 1500
57037.000 # 1500
57037.000 # 1500
57037.000 # 1500
57037.000 # 1500
57037.000 # 1500
57037.000 # 1500
57037.000 # 1500
57037.000 # 1500
57037.000 # 1500
57037.000 # 1500
57037.000 # 1500
57037.000 # 1500
57037.000 # 1500
57037.000 # 1500
57037.000 # 1500
57037.000 # 1500
57037.000 # 1500
57037.000 # 1500
57037.000 # 1500
57037.000 # 1500
57037.000 # 1500
57037.000 # 1500
57037.000 # 1500
57037.000 # 1500
57037.000 # 1500
57037.000 # 1500
57037.000 # 1500
57037.000 # 1500
57037.000 # 1500
57037.000 # 1500
57037.000 # 1500
57037.000 # 1500
57037.000 # 1500
57037.000 # 1500
57037.000 # 1500
57037.000 # 1500
57037.000 # 1500
57037.000 # 1500
57037.000 # 1500
57037.000 # 1500
57037.000 # 1500
57037.000 # 1500
57037.000 # 1500
57037.000 # 1500
57037.000 # 1500
57037.000 # 1500
57037.000 # 1500
57037.000 # 1500
57037.000 # 1500
57037.000 # 1500
57037.000 # 1500
57037.000 # 1500
57037.000 # 1500
57037.000 # 1500
57037.000 # 1500
57037.000 # 1500
57037.000 # 1500
57037.000 # 1500
57037.000 # 1500
57037.000 # 1500
57037.000 # 1500
57037.000 # 1500
57037.000 # 1500
57037.000 # 1500
57037.000 # 1500
57037.000 # 1500
57037.000 # 1500
57037.000 # 1500
57037.000 # 1500
57037.000 # 1500
57037.000 # 1500
57041.911 - 88 1497.337 1
57041.975 - 88 1497.184 1
57041.984 - 88 1496.886 1
57041.989 - 88 1495.681 1
57046.855 + 88 1
57046.879 + 88 1
57046.915 + 88 1
57046.929 + 88 1
57047.985 + 88 1
57048.006 + 88 1
58537.000 # 1500
58537.000 # 1500
58537.000 # 1500
58537.000 # 1500
58537.000 # 1500
58537.000 # 1500
58537.000 # 1500
58537.000 # 1500
58537.000 # 1500
58537.000 # 1500
58537.000 # 1500
58537.000 # 1500
58537.000 # 1500
58537.000 # 1500
58537.000 # 1500
58537.000 # 1500
58537.000 # 1500
58537.000 # 1500
58537.000 # 1500
58537.000 # 1500
58537.000 # 1500
58537.000 # 1500
58537.000 # 1500
58537.000 # 1500
58537.000 # 1500
58537.000 # 1500
58537.000 # 1500
58537.000 # 1500
58537.000 # 1500
58537.000 # 1500
58537.000 # 1500
58537.000 # 1500
58537.000 # 1500
58537.000 # 1500
58537.000 # 1500
58537.000 # 1500
58537.000 # 1500
58537.000 # 1500
58537.000 # 1500
58537.000 # 1500
58537.000 # 1500
58537.000 # 1500
58537.000 # 1500
58537.000 # 1500
58537.000 # 1500
58537.000 # 1500
58537.000 # 1500
58537.000 # 1500
58537.000 # 1500
58537.000 # 1500
58537.000 # 1500
58537.000 # 1500
58537.000 # 1500
58537.000 # 1500
58537.000 # 1500
58537.000 # 1500
58537.000 # 1500
58537.000 # 1500
58537.000 # 1500
58537.000 # 1500
58537.000 # 1500
58537.000 # 1500
58537.000 # 1500
58537.000 # 1500
58537.000 # 1500
58537.000 # 1500
58537.000 # 1500
58537.000 # 1500
58537.000 # 1500
58537.000 # 1500
58537.000 # 1500
58537.000 # 1500
58537.000 # 1500
58537.000 # 1500
58537.000 # 1500
58537.000 # 1500
58537.000 # 1500
58537.000 # 1500
58537.000 # 1500
58537.000 # 1500
58537.000 # 1500
58537.000 # 1500
58537.000 # 1500
58539.463 - 88 1492.608 1
58539.642 - 88 1492.763 1
58539.702 - 88 1492.787 1
58539.730 - 88 1492.801 1
58539.758 - 88 1491.773 1
58539.783 - 88 1491.777 1
58545.935 + 88 1
58546.132 + 88 1
58546.252 + 88 1
58546.321 + 88 1
58546.488 + 88 1
58546.561 + 88 1
58546.601 + 88 1
58546.653 + 88 1
58546.922 + 88 1
58547.180 + 88 1
58547.249 + 88 1
58547.373 + 88 1
58547.455 + 88 1
58547.524 + 88 1
58547.636 + 88 1
58547.692 + 88 1
58547.830 + 88 1
60037.000 # 1500
60037.000 # 1500
60037.000 # 1500
60037.000 # 1500
60037.000 # 1500
60037.000 # 1500
60037.000 # 1500
60037.000 # 1500
60037.000 # 1500
60037.000 # 1500
60037.000 # 1500
60037.000 # 1500
60037.000 # 1500
60037.000 # 1500
60037.000 # 1500
60037.000 # 1500
60037.000 # 1500
60037.000 # 1500
60037.000 # 1500
60037.000 # 1500
60037.000 # 1500
60037.000 # 1500
60037.000 # 1500
60037.000 # 1500
60037.000 # 1500
60037.000 # 1500
60037.000 # 1500
60037.000 # 1500
60037.000 # 1500
60037.000 # 1500
60037.000 # 1500
60037.000 # 1500
60037.000 # 1500
60037.000 # 1500
60037.000 # 1500
60037.000 # 1500
60037.000 # 1500
60037.000 # 1500
60037.000 # 1500
60037.000 # 1500
60037.000 # 1500
60037.000 # 1500
60037.000 # 1500
60037.000 # 1500
60037.000 # 1500
60037.000 # 1500
60037.000 # 1500
60037.000 # 1500
60037.000 # 1500
60037.000 # 1500
60037.000 # 1500
60037.000 # 1500
60037.000 # 1500
60037.000 # 1500
60037.000 # 1500
60037.000 # 1500
60037.000 # 1500
60037.000 # 1500
60037.000 # 1500
60037.000 # 1500
60037.000 # 1500
60037.000 # 1500
60037.000 # 1500
60037.000 # 1500
60037.000 # 1500
60037.000 # 1500
60037.000 # 1500
60037.000 # 1500
60037.000 # 1500
60037.000 # 1500
60037.000 # 1500
60037.000 # 1500
60037.000 # 1500
60037.000 # 1500
60037.000 # 1500
60037.000 # 1500
60037.000 # 1500
60037.000 # 1500
60037.000 # 1500
60037.000 # 1500
60037.000 # 1500
60037.000 # 1500
60037.000 # 1500
60039.705 - 88 1493.770 1
60039.928 - 88 1493.796 1
60040.015 - 88 1493.763 1
60040.036 - 88 1493.715 1
60040.047 - 88 1493.559 1
60040.060 - 88 1493.499 1
60040.070 - 88 1493.469 1
60040.082 - 88 1493.429 1
60040.091 - 88 1493.169 1
60040.103 - 88 1492.923 1
60040.114 - 88 1492.865 1
60040.123 - 88 1492.750 1
60040.138 - 88 1492.683 1
60040.147 - 88 1492.623 1
60040.157 - 88 1492.521 1
60040.165 - 88 1492.473 1
60040.175 - 88 1492.345 1
60046.606 + 88 1
60046.663 + 88 1
60046.729 + 88 1
61537.000 # 1500
61537.000 # 1500
61537.000 # 1500
61537.000 # 1500
61537.000 # 1500
61537.000 # 1500
61537.000 # 1500
61537.000 # 1500
61537.000 # 1500
61537.000 # 1500
61537.000 # 1500
61537.000 # 1500
61537.000 # 1500
61537.000 # 1500
61537.000 # 1500
61537.000 # 1500
61537.000 # 1500
61537.000 # 1500
61537.000 # 1500
61537.000 # 1500
61537.000 # 1500
61537.000 # 1500
61537.000 # 1500
61537.000 # 1500
61537.000 # 1500
61537.000 # 1500
61537.000 # 1500
61537.000 # 1500
61537.000 # 1500
61537.000 # 1500
61537.000 # 1500
61537.000 # 1500
61537.000 # 1500
61537.000 # 1500
61537.000 # 1500
61537.000 # 1500
61537.000 # 1500
61537.000 # 1500
61537.000 # 1500
61537.000 # 1500
61537.000 # 1500
61537.000 # 1500
61537.000 # 1500
61537.000 # 1500
61537.000 # 1500
61537.000 # 1500
61537.000 # 1500
61537.000 # 1500
61537.000 # 1500
61537.000 # 1500
61537.000 # 1500
61537.000 # 1500
61537.000 # 1500
61537.000 # 1500
61537.000 # 1500
61537.000 # 1500
61537.000 # 1500
61537.000 # 1500
61537.000 # 1500
61537.000 # 1500
61537.000 # 1500
61537.000 # 1500
61537.000 # 1500
61537.000 # 1500
61537.000 # 1500
61537.000 # 1500
61537.000 # 1500
61537.000 # 1500
61537.000 # 1500
61537.000 # 1500
61537.000 # 1500
61537.000 # 1500
61537.000 # 1500
61537.000 # 1500
61537.000 # 1500
61537.000 # 1500
61537.000 # 1500
61537.000 # 1500
61537.000 # 1500
61537.000 # 1500
61537.000 # 1500
61537.000 # 1500
61537.000 # 1500
61539.618 - 88 1493.012 1
61541.525 - 88 1494.862 1
61541.671 - 88 1494.942 1
61545.084 + 88 1
61545.292 + 88 1
61545.325 + 88 1
61545.373 + 88 1
61545.402 + 88 1
61545.432 + 88 1
61545.466 + 88 1
61545.536 + 88 1
61545.574 + 88 1
61545.600 + 88 1
61545.632 + 88 1
61546.030 + 88 1
61546.235 + 88 1
63037.000 # 1500
63037.000 # 1500
63037.000 # 1500
63037.000 # 1500
63037.000 # 1500
63037.000 # 1500
63037.000 # 1500
63037.000 # 1500
63037.000 # 1500
63037.000 # 1500
63037.000 # 1500
63037.000 # 1500
63037.000 # 1500
63037.000 # 1500
63037.000 # 1500
63037.000 # 1500
63037.000 # 1500
63037.000 # 1500
63037.000 # 1500
63037.000 # 1500
63037.000 # 1500
63037.000 # 1500
63037.000 # 1500
63037.000 # 1500
63037.000 # 1500
63037.000 # 1500
63037.000 # 1500
63037.000 # 1500
63037.000 # 1500
63037.000 # 1500
63037.000 # 1500
63037.000 # 1500
63037.000 # 1500
63037.000 # 1500
63037.000 # 1500
63037.000 # 1500
63037.000 # 1500
63037.000 # 1500
63037.000 # 1500
63037.000 # 1500
63037.000 # 1500
63037.000 # 1500
63037.000 # 1500
63037.000 # 1500
63037.000 # 1500
63037.000 # 1500
63037.000 # 1500
63037.000 # 1500
63037.000 # 1500
63037.000 # 1500
63037.000 # 1500
63037.000 # 1500
63037.000 # 1500
63037.000 # 1500
63037.000 # 1500
63037.000 # 1500
63037.000 # 1500
63037.000 # 1500
63037.000 # 1500
63037.000 # 1500
63037.000 # 1500
63037.000 # 1500
63037.000 # 1500
63037.000 # 1500
63037.000 # 1500
63037.000 # 1500
63037.000 # 1500
63037.000 # 1500
63037.000 # 1500
63037.000 # 1500
63037.000 # 1500
63037.000 # 1500
63037.000 # 1500
63037.000 # 1500
63037.000 # 1500
63037.000 # 1500
63037.000 # 1500
63037.000 # 1500
63037.000 # 1500
63037.000 # 1500
63037.000 # 1500
63037.000 # 1500
63037.000 # 1500
63039.193 - 88 1494.109 1
63039.373 - 88 1494.081 1
63039.417 - 88 1494.092 1
63039.428 - 88 1494.055 1
63039.484 - 88 1494.082 1
63039.501 - 88 1494.069 1
63039.518 - 88 1494.052 1
63039.533 - 88 1493.997 1
63039.552 - 88 1493.978 1
63039.569 - 88 1493.969 1
63039.588 - 88 1493.956 1
63039.599 - 88 1493.569 1
63039.607 - 88 1493.372 1
63044.781 + 88 1
63044.884 + 88 1
63044.906 + 88 1
63045.639 + 88 1
63045.745 + 88 1
63045.865 + 88 1
63045.903 + 88 1
64537.000 # 1500
64537.000 # 1500
64537.000 # 1500
64537.000 # 1500
64537.000 # 1500
64537.000 # 1500
64537.000 # 1500
64537.000 # 1500
64537.000 # 1500
64537.000 # 1500
64537.000 # 1500
64537.000 # 1500
64537.000 # 1500
64537.000 # 1500
64537.000 # 1500
64537.000 # 1500
64537.000 # 1500
64537.000 # 1500
64537.000 # 1500
64537.000 # 1500
64537.000 # 1500
64537.000 # 1500
64537.000 # 1500
64537.000 # 1500
64537.000 # 1500
64537.000 # 1500
64537.000 # 1500
64537.000 # 1500
64537.000 # 1500
64537.000 # 1500
64537.000 # 1500
64537.000 # 1500
64537.000 # 1500
64537.000 # 1500
64537.000 # 1500
64537.000 # 1500
64537.000 # 1500
64537.000 # 1500
64537.000 # 1500
64537.000 # 1500
64537.000 # 1500
64537.000 # 1500
64537.000 # 1500
64537.000 # 1500
64537.000 # 1500
64537.000 # 1500
64537.000 # 1500
64537.000 # 1500
64537.000 # 1500
64537.000 # 1500
64537.000 # 1500
64537.000 # 1500
64537.000 # 1500
64537.000 # 1500
64537.000 # 1500
64537.000 # 1500
64537.000 # 1500
64537.000 # 1500
64537.000 # 1500
64537.000 # 1500
64537.000 # 1500
64537.000 # 1500
64537.000 # 1500
64537.000 # 1500
64537.000 # 1500
64537.000 # 1500
64537.000 # 1500
64537.000 # 1500
64537.000 # 1500
64537.000 # 1500
64537.000 # 1500
64537.000 # 1500
64537.000 # 1500
64537.000 # 1500
64537.000 # 1500
64537.000 # 1500
64537.000 # 1500
64537.000 # 1500
64537.000 # 1500
64537.000 # 1500
64537.000 # 1500
64537.000 # 1500
64537.000 # 1500
64540.210 - 88 1495.429 1
64540.450 - 88 1495.566 1
64540.671 - 88 1495.765 1
64540.706 - 88 1495.067 1
64540.760 - 88 1495.015 1
64540.809 - 88 1494.944 1
64540.859 - 88 1494.956 1
64546.808 + 88 1
64548.326 + 88 1
66037.000 # 1500
66037.000 # 1500
66037.000 # 1500
66037.000 # 1500
66037.000 # 1500
66037.000 # 1500
66037.000 # 1500
66037.000 # 1500
66037.000 # 1500
66037.000 # 1500
66037.000 # 1500
66037.000 # 1500
66037.000 # 1500
66037.000 # 1500
66037.000 # 1500
66037.000 # 1500
66037.000 # 1500
66037.000 # 1500
66037.000 # 1500
66037.000 # 1500
66037.000 # 1500
66037.000 # 1500
66037.000 # 1500
66037.000 # 1500
66037.000 # 1500
66037.000 # 1500
66037.000 # 1500
66037.000 # 1500
66037.000 # 1500
66037.000 # 1500
66037.000 # 1500
66037.000 # 1500
66037.000 # 1500
66037.000 # 1500
66037.000 # 1500
66037.000 # 1500
66037.000 # 1500
66037.000 # 1500
66037.000 # 1500
66037.000 # 1500
66037.000 # 1500
66037.000 # 1500
66037.000 # 1500
66037.000 # 1500
66037.000 # 1500
66037.000 # 1500
66037.000 # 1500
66037.000 # 1500
66037.000 # 1500
66037.000 # 1500
66037.000 # 1500
66037.000 # 1500
66037.000 # 1500
66037.000 # 1500
66037.000 # 1500
66037.000 # 1500
66037.000 # 1500
66037.000 # 1500
66037.000 # 1500
66037.000 # 1500
66037.000 # 1500
66037.000 # 1500
66037.000 # 1500
66037.000 # 1500
66037.000 # 1500
66037.000 # 1500
66037.000 # 1500
66037.000 # 1500
66037.000 # 1500
66037.000 # 1500
66037.000 # 1500
66037.000 # 1500
66037.000 # 1500
66037.000 # 1500
66037.000 # 1500
66037.000 # 1500
66037.000 # 1500
66037.000 # 1500
66037.000 # 1500
66037.000 # 1500
66037.000 # 1500
66037.000 # 1500
66037.000 # 1500
66039.275 - 88 1492.467 1
66039.534 - 88 1491.208 1
66046.431 + 88 1
66046.533 + 88 1
66046.626 + 88 1
66046.713 + 88 1
66046.783 + 88 1
66046.883 + 88 1
66046.926 + 88 1
66047.203 + 88 1
66047.294 + 88 1
66047.352 + 88 1
